S 0x1ffffdfff67,0,0,1
S 0x1ffffdfff67,0,0,1
S 0x1ffff8a65be,0,0,1
S 0x1ffffdfff85,0,0,1
S 0x1ffff8c3334,0,0,1
S 0x1ffff8c3348,0,0,1
S 0x1ffffdfff90,0,0,1
S 0x1ffff8c334b,0,0,1
S 0x1ffff6b68dc,0,0,1
S 0x1ffff88e2b5,0,0,1
S 0x1ffff88e32a,0,0,1
S 0x1ffff89dd3c,0,0,1
S 0x1ffff88e309,0,0,1
S 0x1ffff88e2d9,0,0,1
S 0x1ffff88e352,0,0,1
S 0x1ffff89dea7,0,0,1
S 0x1ffffdfff67,0,0,2
S 0x1ffffdfff67,0,0,2
S 0x1ffff8b1d8f,0,0,2
S 0x1ffff61c160,0,0,2
S 0x1ffffdfff67,0,0,2
S 0x1ffffdfff67,0,0,2
S 0x1ffff89dea7,0,0,2
S 0x1ffff6120a7,0,0,2
S 0x1ffff8b10d4,0,0,2
S 0x1ffffdfff85,0,0,2,3
S 0x1ffff8c3334,0,0,2,3
S 0x1ffff8c3348,0,0,2,3
S 0x1ffffdfff90,0,0,2,3
S 0x1ffff61209c,0,0,2
S 0x1555555fdce,0,0,1,2,3
S 0x1ffff8b129e,0,0,2
S 0x1ffff8c3323,0,0,2
S 0x1ffff8c3337,0,0,2
S 0x1ffff8c334b,0,0,2,3
S 0x1ffff8a673c,0,0,2
S 0x1ffff8a6c3e,0,0,2
S 0x1ffff88e225,0,0,2
S 0x1ffffdfff67,0,0,1
S 0x1ffffdfff67,0,0,1
S 0x1ffff8a6c1b,0,0,2
S 0x1ffff89e051,0,0,2
S 0x1ffff88e220,0,0,1
S 0x1ffff8bbe52,0,0,1
S 0x1ffff8b20a0,0,0,1
S 0x1ffff8bbe52,0,0,1
S 0x1ffff89df50,0,0,2
S 0x1ffff8b10d5,0,0,2
S 0x1ffff8a67e9,0,0,2
S 0x1ffff8a6c24,0,0,2
S 0x1ffff8b10d4,0,0,2
S 0x1ffff8b2209,0,0,1
S 0x1ffff88e825,0,0,1
S 0x1ffff8a6e19,0,0,2
S 0x1ffff8b10d1,0,0,2
S 0x1ffff8bbe49,0,0,1
S 0x1555556293e,0,0,2
S 0x155555620f6,0,0,2
S 0x155555620f9,0,0,2
S 0x1555556293d,0,0,2
S 0x1555556293d,0,0,2
S 0x155555620f6,0,0,2
S 0x1ffff89dd92,0,0,2
S 0x1ffff89dde4,0,0,2
S 0x1ffff8b129e,0,0,2
S 0x155555620f9,0,0,2
S 0x1555556293d,0,0,2
S 0x1555556293d,0,0,2
S 0x155555620f6,0,0,2
S 0x15555562103,0,0,2
S 0x155555620fa,0,0,2
S 0x15555562103,0,0,2
S 0x155555620fc,0,0,2
S 0x1ffff89dd92,0,0,2
S 0x1ffff8a6787,0,0,2
S 0x1ffff625a50,0,0,2
S 0x1ffffffff5c,0,0,2
S 0x1ffffffff5d,0,0,2
S 0x1ffffffff5c,0,0,2
S 0x1555555dbe7,0,0,2
S 0x1555555dbe7,0,0,2
S 0x1ffffdfff67,0,0,2
S 0x1ffffdfff67,0,0,2
S 0x1ffff8b129e,0,0,2
S 0x1ffff89de96,0,0,2
S 0x1ffffdffdc2,0,0,2
S 0x1ffff89dd71,0,0,2
S 0x1ffff89dd71,0,0,2
S 0x1555555dafd,0,0,2
S 0x1555555dafc,0,0,2
S 0x1555555dafd,0,0,2
S 0x1555555dafc,0,0,2
S 0x1555556211b,0,0,2
S 0x1555555db3e,0,0,2
S 0x1555555db3e,0,0,2
S 0x1555555dbd6,0,0,2
S 0x1555555dbd6,0,0,2
S 0x1555555dbe5,0,0,2
S 0x1555555dbe5,0,0,2
S 0x1555555dbe3,0,0,2
S 0x1555555dbe3,0,0,2
S 0x1555555dbe2,0,0,2
S 0x1555555dbe2,0,0,2
S 0x1555555dbe0,0,0,2
S 0x1555555dbe0,0,0,2
S 0x1555555dbdf,0,0,2
S 0x1555555dbdf,0,0,2
S 0x1555556211b,0,0,2
S 0x1555556211c,0,0,2
S 0x1555555db4d,0,0,2
S 0x1555555da71,0,0,2
S 0x1555555da73,0,0,2
S 0x1555555db3f,0,0,2
S 0x1555555dbe6,0,0,2
S 0x1555555dbe6,0,0,2
S 0x1555555dbe1,0,0,2
S 0x1555555dbe1,0,0,2
S 0x1555555db40,0,0,2
S 0x1555555db40,0,0,2
S 0x1555555db3f,0,0,2
S 0x1555555dbdb,0,0,2
S 0x1555555dbd9,0,0,2
S 0x1555555dbd9,0,0,2
S 0x1555555dbdb,0,0,2
S 0x1555555dbdc,0,0,2
S 0x1555555dbd7,0,0,2
S 0x1555555dbda,0,0,2
S 0x1555555dbda,0,0,2
S 0x1555555db3d,0,0,2
S 0x1555555db3d,0,0,2
S 0x1555555daef,0,0,2
S 0x1555555daef,0,0,2
S 0x1555555daee,0,0,2
S 0x1555555daee,0,0,2
S 0x1555555dc14,0,0,2
S 0x1555555dc14,0,0,2
S 0x1555555db67,0,0,2
S 0x1555555da74,0,0,2
S 0x1555555dc15,0,0,2
S 0x1555555daeb,0,0,2
S 0x1555555db67,0,0,2
S 0x1555555dc10,0,0,2
S 0x1555555da75,0,0,2
S 0x1555555daa5,0,0,2
S 0x1555555dc0d,0,0,2
S 0x1555555dc12,0,0,2
S 0x1555555dc12,0,0,2
S 0x1555555da4d,0,0,2
S 0x1555555da4d,0,0,2
S 0x1555556288e,0,0,2
S 0x1555556288e,0,0,2
S 0x1555555dafb,0,0,2
S 0x1555555dafb,0,0,2
S 0x1555555da4c,0,0,2
S 0x1555555dae9,0,0,2
S 0x1555555daec,0,0,2
S 0x1555556288f,0,0,2
S 0x1555555da8a,0,0,2
S 0x15555562269,0,0,2
S 0x1555556293e,0,0,2
S 0x1555555db68,0,0,2
S 0x1555555dafa,0,0,2
S 0x1555555dafa,0,0,2
S 0x1555556288a,0,0,2
S 0x1555556288a,0,0,2
S 0x15555562889,0,0,2
S 0x15555562889,0,0,2
S 0x1555555da4b,0,0,2
S 0x1555555da4b,0,0,2
S 0x1ffff625a48,0,0,2
S 0x1ffff625a42,0,0,2
S 0x1ffff625a42,0,0,2
S 0x1ffff625b0e,0,0,2
S 0x1ffff625b0f,0,0,2
S 0x1555556221d,0,0,2
S 0x15555562940,0,0,2
S 0x1ffff625b10,0,0,2
S 0x15555562944,0,0,2
S 0x15555562229,0,0,2
S 0x1ffff4004b5,0,0,2
S 0x15555562888,0,0,2
S 0x15555562888,0,0,2
S 0x1555555db6a,0,0,2
S 0x1555555db6a,0,0,2
S 0x1555555da9d,0,0,2
S 0x1555555da9d,0,0,2
S 0x1555555dae8,0,0,2
S 0x1555555dae8,0,0,2
S 0x1555555dae7,0,0,2
S 0x1555555dae7,0,0,2
S 0x1555555da88,0,0,2
S 0x1555555da88,0,0,2
S 0x1555555da83,0,0,2
S 0x1555555da83,0,0,2
S 0x1555555da76,0,0,2
S 0x1555555da76,0,0,2
S 0x1555555da99,0,0,2
S 0x1555555da99,0,0,2
S 0x1555556226e,0,0,2
S 0x1555556226e,0,0,2
S 0x15555562887,0,0,2
S 0x1555555da89,0,0,2
S 0x1ffff89dde3,0,0,2
S 0x15555562887,0,0,2
S 0x1555556226d,0,0,2
S 0x1555556226a,0,0,2
S 0x1555556226b,0,0,2
S 0x1555556226a,0,0,2
S 0x1555555da94,0,0,2
S 0x1555555da96,0,0,2
S 0x1555555da94,0,0,2
S 0x1555556226f,0,0,2
S 0x1555556226f,0,0,2
S 0x1555555da68,0,0,2
S 0x1555555da68,0,0,2
S 0x15555561bd8,0,0,2
S 0x15555561bd9,0,0,2
S 0x15555561bd8,0,0,2
S 0x15555562269,0,0,2
S 0x15555561fb1,0,0,2
S 0x15555561fb1,0,0,2
S 0x15555561fb0,0,0,2
S 0x1555555daaa,0,0,2
S 0x1555555daaa,0,0,2
S 0x1555555dc0d,0,0,2
S 0x1555555dc0c,0,0,2
S 0x1555555daa5,0,0,2
S 0x1555555da72,0,0,2
S 0x1555555da72,0,0,2
S 0x1555555da8a,0,0,2
S 0x1555555dbd8,0,0,2
S 0x1555555dbd7,0,0,2
S 0x1555556288b,0,0,2
S 0x1555556288c,0,0,2
S 0x1555556288c,0,0,2
S 0x1555556288b,0,0,2
S 0x1555555db3b,0,0,2
S 0x1555555db3c,0,0,2
S 0x1555555db3c,0,0,2
S 0x1555555db3b,0,0,2
S 0x1555555db3a,0,0,2
S 0x1555555db3a,0,0,2
S 0x1555555dc16,0,0,2
S 0x1555555dc15,0,0,2
S 0x1555555dc13,0,0,2
S 0x1555555dc13,0,0,2
S 0x1555555dc11,0,0,2
S 0x1555555dc11,0,0,2
S 0x1555556288d,0,0,2
S 0x1555555db68,0,0,2
S 0x1555555daf9,0,0,2
S 0x1555555daf9,0,0,2
S 0x1555555daed,0,0,2
S 0x1555555daed,0,0,2
S 0x1555555daec,0,0,2
S 0x1555555da4c,0,0,2
S 0x1555555da4a,0,0,2
S 0x1555555da4a,0,0,2
S 0x1555555da49,0,0,2
S 0x15555562886,0,0,2
S 0x15555562886,0,0,2
S 0x1555555db69,0,0,2
S 0x1555555da9b,0,0,2
S 0x1555555da9c,0,0,2
S 0x1555555da9c,0,0,2
S 0x1555555da9b,0,0,2
S 0x1555555da97,0,0,2
S 0x1555555da97,0,0,2
S 0x1555555da96,0,0,2
S 0x1555555dae6,0,0,2
S 0x1555555dae6,0,0,2
S 0x1555555da89,0,0,2
S 0x1555555da87,0,0,2
S 0x1555555da87,0,0,2
S 0x1555555da84,0,0,2
S 0x1555555da85,0,0,2
S 0x1555555da85,0,0,2
S 0x1555555da84,0,0,2
S 0x1555555da82,0,0,2
S 0x1555555da82,0,0,2
S 0x1555555da77,0,0,2
S 0x1555555da78,0,0,2
S 0x1555555da77,0,0,2
S 0x1555555da75,0,0,2
S 0x1555555da98,0,0,2
S 0x1555555da9a,0,0,2
S 0x1555555da9a,0,0,2
S 0x1555555dac8,0,0,2
S 0x1555555dac9,0,0,2
S 0x1555555daca,0,0,2
S 0x1555555daca,0,0,2
S 0x1555555dac9,0,0,2
S 0x1555555dac8,0,0,2
S 0x1555555dac7,0,0,2
S 0x1555555dac7,0,0,2
S 0x1555555dac6,0,0,2
S 0x1555555dac6,0,0,2
S 0x1555555dac5,0,0,2
S 0x1555555dac5,0,0,2
S 0x1555555dac4,0,0,2
S 0x1555555dac4,0,0,2
S 0x1555555dac3,0,0,2
S 0x1ffff8c3348,0,0,1
S 0x1ffffdfff85,0,0,1,2
S 0x1ffff89dde4,0,0,2
S 0x1ffff400000,0,0,2
S 0x1ffff400000,0,0,2
S 0x1ffff400022,0,0,2
S 0x1555556288d,0,0,2
S 0x1555555db69,0,0,2
S 0x155555620ee,0,0,2
S 0x1555555dbde,0,0,2
S 0x1ffff5cddf8,0,0,1
S 0x1ffff200047,0,0,2
S 0x1ffff200047,0,0,2
S 0x155555620f6,0,0,2
S 0x1ffff20004d,0,0,2
S 0x1ffff5cddf4,0,0,2
S 0x155555620f9,0,0,2
S 0x1ffff5cde27,0,0,2
S 0x155555620f6,0,0,2
S 0x15555562103,0,0,2
S 0x15555562103,0,0,2
S 0x155555620fa,0,0,2
S 0x155555620fa,0,0,2
S 0x1ffff5cddf8,0,0,1
S 0x1ffff5cddf9,0,0,1
S 0x1ffff5cddfa,0,0,1
S 0x1ffff89dd8d,0,0,2
S 0x1ffff89dd8e,0,0,2
S 0x15555562b28,0,0,2
S 0x15555562c26,0,0,2
S 0x15555562b29,0,0,2
S 0x1ffff89dd8e,0,0,2
S 0x15555562b29,0,0,2
S 0x15555562baa,0,0,2
S 0x15555562b28,0,0,2
S 0x15555562ba9,0,0,2
S 0x15555562c26,0,0,2
S 0x15555562b69,0,0,2
S 0x15555562b68,0,0,2
S 0x15555562b67,0,0,2
S 0x15555562b66,0,0,2
S 0x15555562b65,0,0,2
S 0x15555562b64,0,0,2
S 0x15555562b63,0,0,2
S 0x15555562b62,0,0,2
S 0x15555562b60,0,0,2
S 0x15555562b5f,0,0,2
S 0x15555562b5d,0,0,2
S 0x15555562b5c,0,0,2
S 0x15555562b5b,0,0,2
S 0x15555562b5a,0,0,2
S 0x15555562b59,0,0,2
S 0x15555562b58,0,0,2
S 0x15555562b57,0,0,2
S 0x15555562b55,0,0,2
S 0x15555562b53,0,0,2
S 0x15555562b52,0,0,2
S 0x15555562b51,0,0,2
S 0x15555562b50,0,0,2
S 0x15555562b4f,0,0,2
S 0x15555562b4e,0,0,2
S 0x15555562b4d,0,0,2
S 0x15555562b4c,0,0,2
S 0x15555562b4b,0,0,2
S 0x15555562b4a,0,0,2
S 0x15555562b49,0,0,2
S 0x15555562b48,0,0,2
S 0x15555562b47,0,0,2
S 0x15555562b46,0,0,2
S 0x15555562b45,0,0,2
S 0x15555562b44,0,0,2
S 0x15555562b43,0,0,2
S 0x15555562b42,0,0,2
S 0x15555562b41,0,0,2
S 0x15555562b40,0,0,2
S 0x15555562b3f,0,0,2
S 0x15555562b3e,0,0,2
S 0x15555562b3d,0,0,2
S 0x15555562b3c,0,0,2
S 0x15555562b3b,0,0,2
S 0x15555562b3a,0,0,2
S 0x15555562b39,0,0,2
S 0x15555562b38,0,0,2
S 0x15555562b37,0,0,2
S 0x15555562b36,0,0,2
S 0x15555562b35,0,0,2
S 0x15555562b34,0,0,2
S 0x15555562b33,0,0,2
S 0x15555562b32,0,0,2
S 0x15555562b31,0,0,2
S 0x15555562b30,0,0,2
S 0x15555562b2f,0,0,2
S 0x15555562b2e,0,0,2
S 0x15555562b2d,0,0,2
S 0x15555562b2c,0,0,2
S 0x15555562b2b,0,0,2
S 0x15555562b2a,0,0,2
S 0x1555556288c,0,0,2,3
S 0x1ffff8b129e,0,0,1
S 0x15555562a83,0,0,2
S 0x15555562a82,0,0,2
S 0x15555562a83,0,0,2
S 0x15555562a87,0,0,2
S 0x1555555dc21,0,0,2
S 0x1555555dc21,0,0,2
S 0x15555562a87,0,0,2
S 0x15555562c2f,0,0,2
S 0x15555562c2f,0,0,2
S 0x15555562cb0,0,0,2
S 0x15555562c30,0,0,2
S 0x15555562c31,0,0,2
S 0x15555562c32,0,0,2
S 0x15555562c33,0,0,2
S 0x15555562c34,0,0,2
S 0x15555562c35,0,0,2
S 0x15555562c36,0,0,2
S 0x15555562c37,0,0,2
S 0x15555562c38,0,0,2
S 0x15555562c39,0,0,2
S 0x15555562c3a,0,0,2
S 0x15555562c3b,0,0,2
S 0x15555562c3c,0,0,2
S 0x15555562c3d,0,0,2
S 0x15555562c3e,0,0,2
S 0x15555562c3f,0,0,2
S 0x15555562c40,0,0,2
S 0x15555562c41,0,0,2
S 0x15555562c42,0,0,2
S 0x15555562c43,0,0,2
S 0x15555562c44,0,0,2
S 0x15555562c45,0,0,2
S 0x15555562c46,0,0,2
S 0x15555562c47,0,0,2
S 0x15555562c48,0,0,2
S 0x15555562c49,0,0,2
S 0x15555562c4a,0,0,2
S 0x15555562c4b,0,0,2
S 0x15555562c4c,0,0,2
S 0x15555562c4d,0,0,2
S 0x15555562c4e,0,0,2
S 0x15555562c4f,0,0,2
S 0x15555562c50,0,0,2
S 0x15555562c53,0,0,2
S 0x15555562c54,0,0,2
S 0x15555562c56,0,0,2
S 0x15555562c57,0,0,2
S 0x15555562c58,0,0,2
S 0x15555562c59,0,0,2
S 0x15555562caf,0,0,2
S 0x15555562a82,0,0,2
S 0x1555555ee08,0,0,2,3
S 0x1ffffffff8c,0,0,2
S 0x1ffffffff8d,0,0,2
S 0x1ffffffff8d,0,0,2
S 0x1ffffffff8c,0,0,2
S 0x1ffff8b12b9,0,0,2
S 0x1555555eda4,0,0,2
S 0x1555555eda4,0,0,2
S 0x1ffff8b12b9,0,0,2
S 0x1ffff8b115c,0,0,2
S 0x1ffffffff8a,0,0,2
S 0x1ffffffff86,0,0,2,3
S 0x1ffffffff85,0,0,2,3
S 0x1555555eaa7,0,0,2
S 0x1555555eaa6,0,0,2
S 0x1555555eaa5,0,0,2
S 0x80001ffffffff5a,0,0,2
S 0x80001ffff84b069,0,0,2
S 0x80001ffff84b069,0,0,2
S 0x80001ffffffff5b,0,0,2
S 0x80001ffffffff5c,0,0,2
S 0x80001555555f18e,0,0,2
S 0x80001555555f18c,0,0,2
S 0x80001555555f18c,0,0,2
S 0x80001555555f195,0,0,2
S 0x80001ffffffff5e,0,0,2
S 0x80001ffffffff5c,0,0,2
S 0x80001555555f18f,0,0,2
S 0x80001ffffffff5b,0,0,2
S 0x80001555555dd40,0,0,2
S 0x80001555555dd46,0,0,2
S 0x80001555555dd46,0,0,2
S 0x80001555555dd40,0,0,2
S 0x80001ffffffff59,0,0,2
S 0x80001ffffffff58,0,0,2
S 0x80001ffffffff5d,0,0,2
S 0x80001ffffffff5d,0,0,2
S 0x80001555555dd41,0,0,2
S 0x80001555555ff24,0,0,2
S 0x80001555555dd41,0,0,2
S 0x80001555555ff24,0,0,2
S 0x80001555555ff25,0,0,2
S 0x80001ffffffff65,0,0,2
S 0x80001ffff6000be,0,0,2
S 0x80001ffff600000,0,0,2
S 0x80001ffff6000be,0,0,2
S 0x80001ffffffff62,0,0,2
S 0x80001ffffffff63,0,0,2
S 0x80001ffffffff63,0,0,2
S 0x80001ffffffff62,0,0,2
S 0x80001ffffffff64,0,0,2
S 0x80001ffffffff64,0,0,2
S 0x80001ffff87f7f3,0,0,2
S 0x80001ffff7fb149,0,0,2
S 0x80001555555f8a5,0,0,2
S 0x80001ffff84b05d,0,0,1,2
S 0x80001ffffffff56,0,0,2
S 0x80001ffffffff57,0,0,2
S 0x80001ffffffff55,0,0,2
S 0x80001ffffffff54,0,0,2
S 0x80001ffffffff52,0,0,2
S 0x80001ffffffff53,0,0,2
S 0x80001ffffffff51,0,0,2
S 0x80001ffff7fb177,0,0,2
S 0x80001ffff8a0339,0,0,2
S 0x80001ffff803240,0,0,2
S 0x80001ffffffff50,0,0,2
S 0x80001ffff7fb207,0,0,2
S 0x80001555555ff0a,0,0,2
S 0x80001555555ff0a,0,0,2
S 0x80001555555ff12,0,0,2
S 0x80001ffffffff3e,0,0,2
S 0x80001ffffffff40,0,0,2
S 0x80001ffffffff3b,0,0,2
S 0x80001ffffffff3c,0,0,2
S 0x80001ffffffff3d,0,0,2
S 0x80001555555ff13,0,0,2
S 0x80001ffffffff3f,0,0,2
S 0x80001ffffffff41,0,0,2
S 0x80001555555ff14,0,0,2
S 0x80001555555ff15,0,0,2
S 0x80001555555ff16,0,0,1
S 0x80001555555ff17,0,0,1
S 0x80001ffffffff5f,0,0,2
S 0x80001ffffffff60,0,0,2
S 0x80001ffff897bb1,0,0,2
S 0x80001ffff897bb1,0,0,2
S 0x80001ffff897bb2,0,0,2
S 0x80001555555ff44,0,0,2
S 0x80001ffff897bb2,0,0,2
S 0x80001555555ff44,0,0,2
S 0x80001555555f18e,0,0,2
S 0x80001555555f18f,0,0,2
S 0x80001555555f190,0,0,2
S 0x80001555555f191,0,0,2
S 0x80001555555f192,0,0,2
S 0x80001555555f193,0,0,2
S 0x80001555555f195,0,0,2
S 0x80001ffff87561e,0,0,2
S 0x80001555555fe55,0,0,2
S 0x80001555555fe60,0,0,2
S 0x80001555555fe60,0,0,2
S 0x80001555555fe5f,0,0,2
S 0x80001555555fe5f,0,0,2
S 0x80001555555fe58,0,0,2
S 0x80001555555fe56,0,0,2
S 0x80001555555fe56,0,0,2
S 0x80001ffff7f11f5,0,0,2
S 0x80001ffff7f1228,0,0,2
S 0x80001ffff7f1228,0,0,2
S 0x80001ffff7f11f6,0,0,2
S 0x80001ffff7f11f6,0,0,2
S 0x80001555555fe58,0,0,2
S 0x80001ffff7f11f4,0,0,2
S 0x80001ffff7f11f7,0,0,2
S 0x80001555555fe55,0,0,2
S 0x80001ffff7f11f7,0,0,2
S 0x80001555555fe54,0,0,2
S 0x80001ffff7f11f8,0,0,2
S 0x80001ffff7f11f1,0,0,2
S 0x80001ffff7f11f3,0,0,2
S 0x80001ffff7f11f2,0,0,2
S 0x80001ffff7f11ef,0,0,2
S 0x80001ffff7f11ee,0,0,2
S 0x80001ffff7f11f0,0,0,2
S 0x80001ffff81bb00,0,0,2
S 0x80001ffff81bb00,0,0,2
S 0x80001ffff7f11ed,0,0,2
S 0x80001ffff7f11eb,0,0,2
S 0x80001ffff7f11ec,0,0,2
S 0x80001ffff7f11e8,0,0,2
S 0x80001ffff7f11e9,0,0,2
S 0x80001555555fe6e,0,0,2
S 0x80001555555fe6e,0,0,2
S 0x80001ffff600000,0,0,2
S 0x80001ffff600002,0,0,2
S 0x80001ffff600002,0,0,2
S 0x80001ffff600029,0,0,2
S 0x80001ffff600029,0,0,2
S 0x80001ffff7f11f9,0,0,2
S 0x80001ffff7f11fa,0,0,2
S 0x80001ffff7f11fb,0,0,2
S 0x80001ffff7f11fb,0,0,2
S 0x80001ffff7f11fa,0,0,2
S 0x80001555555fe54,0,0,2
S 0x80001555555fe4f,0,0,2
S 0x80001555555fe4f,0,0,2
S 0x80001555555ff18,0,0,1
S 0x80001555555ff19,0,0,1
S 0x80001555555ff0b,0,0,1
S 0x80001555555ff0d,0,0,2
S 0x15555562e33,0,0,2
S 0x15555562db3,0,0,2
S 0x15555562db4,0,0,2
S 0x15555562db5,0,0,2
S 0x15555562db6,0,0,2
S 0x15555562db7,0,0,2
S 0x15555562db8,0,0,2
S 0x15555562db9,0,0,2
S 0x15555562dbb,0,0,2
S 0x15555562dbc,0,0,2
S 0x15555562dbe,0,0,2
S 0x15555562dc0,0,0,2
S 0x15555562dc1,0,0,2
S 0x15555562dc2,0,0,2
S 0x15555562dc3,0,0,2
S 0x15555562dc4,0,0,2
S 0x15555562dc5,0,0,2
S 0x15555562dc6,0,0,2
S 0x15555562dc7,0,0,2
S 0x15555562dc8,0,0,2
S 0x15555562dc9,0,0,2
S 0x15555562dca,0,0,2
S 0x15555562dcb,0,0,2
S 0x15555562dcc,0,0,2
S 0x15555562dcd,0,0,2
S 0x15555562dce,0,0,2
S 0x15555562dcf,0,0,2
S 0x15555562dd0,0,0,2
S 0x15555562dd1,0,0,2
S 0x15555562dd4,0,0,2
S 0x15555562dd5,0,0,2
S 0x15555562dd6,0,0,2
S 0x15555562dd7,0,0,2
S 0x15555562dd8,0,0,2
S 0x15555562dd9,0,0,2
S 0x15555562dda,0,0,2
S 0x15555562ddb,0,0,2
S 0x15555562ddc,0,0,2
S 0x15555562ddd,0,0,2
S 0x15555562dde,0,0,2
S 0x15555562ddf,0,0,2
S 0x15555562de0,0,0,2
S 0x15555562de2,0,0,2
S 0x15555562de3,0,0,2
S 0x15555562de7,0,0,2
S 0x15555562de8,0,0,2
S 0x15555562de9,0,0,2
S 0x15555562deb,0,0,2
S 0x15555562dec,0,0,2
S 0x15555562ded,0,0,2
S 0x15555562dee,0,0,2
S 0x15555562def,0,0,2
S 0x15555562df0,0,0,2
S 0x15555562df1,0,0,2
S 0x15555562df2,0,0,2
S 0x15555562e32,0,0,2
S 0x15555562e34,0,0,2
S 0x15555562e35,0,0,2
S 0x15555562e36,0,0,2
S 0x15555562e37,0,0,2
S 0x15555562e38,0,0,2
S 0x15555562e39,0,0,2
S 0x15555562e3a,0,0,2
S 0x15555562e3b,0,0,2
S 0x15555562e3c,0,0,2
S 0x15555562e3d,0,0,2
S 0x15555562e3e,0,0,2
S 0x15555562e3f,0,0,2
S 0x15555562e40,0,0,2
S 0x15555562e41,0,0,2
S 0x15555562e42,0,0,2
S 0x15555562e43,0,0,2
S 0x15555562e44,0,0,2
S 0x15555562e45,0,0,2
S 0x15555562e46,0,0,2
S 0x15555562e47,0,0,2
S 0x15555562e48,0,0,2
S 0x15555562e4a,0,0,2
S 0x15555562e4b,0,0,2
S 0x15555562e4c,0,0,2
S 0x15555562e4d,0,0,2
S 0x15555562e4e,0,0,2
S 0x15555562e4f,0,0,2
S 0x15555562e52,0,0,2
S 0x15555562e53,0,0,2
S 0x15555562e54,0,0,2
S 0x15555562e55,0,0,2
S 0x15555562e56,0,0,2
S 0x15555562e57,0,0,2
S 0x15555562e58,0,0,2
S 0x15555562e59,0,0,2
S 0x15555562e5a,0,0,2
S 0x15555562e5c,0,0,2
S 0x15555562e5d,0,0,2
S 0x15555562e5e,0,0,2
S 0x15555562e5f,0,0,2
S 0x15555562e60,0,0,2
S 0x15555562e61,0,0,2
S 0x15555562e62,0,0,2
S 0x15555562e63,0,0,2
S 0x15555562e64,0,0,2
S 0x15555562e66,0,0,2
S 0x15555562e67,0,0,2
S 0x15555562e6a,0,0,2
S 0x15555562e6b,0,0,2
S 0x15555562e6c,0,0,2
S 0x15555562e6d,0,0,2
S 0x15555562e6e,0,0,2
S 0x15555562e6f,0,0,2
S 0x15555562e70,0,0,2
S 0x15555562e71,0,0,2
S 0x15555562e72,0,0,2
S 0x15555562e73,0,0,2
S 0x15555562eb3,0,0,2
S 0x80001555555ff0f,0,0,2
S 0x1555555db7e,0,0,2
S 0x155555628fa,0,0,2
S 0x15555562887,0,0,2
S 0x15555562887,0,0,2
S 0x15555562886,0,0,2
S 0x15555562886,0,0,2
S 0x155555628fa,0,0,2
S 0x1555555dc23,0,0,2
S 0xc0001555555ff10,0,0,2
S 0xc0001555555ff11,0,0,2
S 0x100001ffff7ac93e,0,0,2
S 0x100001ffff7ac93e,0,0,2
S 0x100001ffff7ac95c,0,0,2
S 0x100001ffff7ac974,0,0,2
S 0x100001ffff7ac959,0,0,2
S 0x100001ffff7ac968,0,0,2
S 0x100001ffff7ac975,0,0,2
S 0x100001555555fee9,0,0,2
S 0x100001555555fee6,0,0,2
S 0x100001555555fef2,0,0,2
S 0x100001555555feeb,0,0,2
S 0x100001ffff875424,0,0,2
S 0x100001ffff87545b,0,0,2
S 0x100001ffff897ce7,0,0,2
S 0x100001555555fef7,0,0,2
S 0x100001ffff7ac967,0,0,2
S 0x100001555555fef7,0,0,2
S 0x100001555555feef,0,0,2
S 0x100001555555feee,0,0,2
S 0x100001555555feef,0,0,2
S 0x100001555555fef2,0,0,2
S 0x100001ffff87561e,0,0,2
S 0x100001555555fef0,0,0,2
S 0x100001555555fef1,0,0,2
S 0x100001555555ff02,0,0,2
S 0x100001ffff897cd6,0,0,2
S 0x100001555555fee8,0,0,2
S 0x100001555555fef1,0,0,2
S 0x100001ffff875368,0,0,2
S 0x100001555555fef6,0,0,2
S 0x100001ffff897b7f,0,0,2
S 0x100001ffff7ac95a,0,0,2
S 0x100001ffff897c24,0,0,2
S 0x100001ffff7ac95a,0,0,2
S 0x100001ffff897c24,0,0,2
S 0x100001ffff897bd2,0,0,2
S 0x100001ffff897bd2,0,0,2
S 0x100001ffff897c24,0,0,2
S 0x100001555555fef6,0,0,2
S 0x100001ffff87544f,0,0,2
S 0x100001555555fefe,0,0,2
S 0x100001ffff8c3d98,0,0,2
S 0x100001ffff8c3d9b,0,0,2
S 0x100001ffff7ac95c,0,0,2
S 0x100001ffffdfff67,0,0,2
S 0x100001ffffdfff67,0,0,2
S 0x100001555555550a,0,0,2
S 0x100001ffff875454,0,0,2,3
S 0x1ffffffff47,0,0,2
S 0x1ffffffff46,0,0,2
S 0x1ffff88df94,0,0,2
S 0x1ffff88df94,0,0,2
S 0x155555628fe,0,0,2
S 0x155555628fe,0,0,2
S 0x1555555ee09,0,0,2
S 0x1555555ece5,0,0,2
S 0x1555555ece5,0,0,2
S 0x15555562a76,0,0,2
S 0x15555562a7a,0,0,2
S 0x1555555ee0c,0,0,2
S 0x1555555ee0c,0,0,2
S 0x1555555dc23,0,0,2
S 0x15555562a7a,0,0,2
S 0x15555562a75,0,0,2
S 0x1555555ee05,0,0,2
S 0x1555555ee05,0,0,2
S 0x15555562a76,0,0,2
S 0x15555562a74,0,0,2
S 0x15555562a81,0,0,2
S 0x1555555ee07,0,0,2
S 0x1555555ee08,0,0,2
S 0x1ffff8b129e,0,0,2
S 0x1ffffffff88,0,0,2
S 0x1ffffffff89,0,0,2
S 0x1ffffffff89,0,0,2
S 0x1555555ee09,0,0,2
S 0x1555555ee0f,0,0,2
S 0x155555628fb,0,0,2
S 0x155555628fa,0,0,2
S 0x155555628fb,0,0,2
S 0x15555562a91,0,0,2
S 0x1555555ee0f,0,0,2
S 0x15555562a92,0,0,2
S 0x1ffffffff88,0,0,2
S 0x1555555dc21,0,0,2
S 0x1555555dc21,0,0,2
S 0x1ffffffff87,0,0,2
S 0x15555562886,0,0,2
S 0x15555562a93,0,0,2
S 0x15555562a93,0,0,2
S 0x1555556288c,0,0,2
S 0x1555555db66,0,0,2
S 0x15555562a97,0,0,2
S 0x15555562900,0,0,2
S 0x15555562900,0,0,2
S 0xc0001ffff747a86,0,0,2
S 0xc0001555555f88d,0,0,2
S 0xc0001ffff7fb149,0,0,2
S 0xc0001555555f8a5,0,0,2
S 0xc0001ffff84b05d,0,0,2,3
S 0xc0001ffff7fb176,0,0,2
S 0xc0001ffff7fb177,0,0,2
S 0x1ffffffff86,0,0,2
S 0x1ffffffff85,0,0,2
S 0x15555562a83,0,0,2
S 0x15555562a83,0,0,2
S 0x15555562a87,0,0,2
S 0x15555562a87,0,0,2
S 0x155555628ff,0,0,2
S 0x15555562a82,0,0,2
S 0x1555555ee08,0,0,2
S 0x1ffffffff8a,0,0,2
S 0x1555555eaa7,0,0,2
S 0x1555555eaa6,0,0,2
S 0x1555555eaa5,0,0,2
S 0x1ffff8b11f1,0,0,2
S 0x1ffff8b11ed,0,0,2
S 0x1ffff8b11ed,0,0,2
S 0x1ffff8b11f1,0,0,2
S 0xc0001ffff8a0316,0,0,2
S 0xc0001555555ff12,0,0,2
S 0xc0001555555ff13,0,0,2
S 0xc0001555555ff14,0,0,2
S 0xc0001555555ff15,0,0,2
S 0xc0001ffff747a87,0,0,2
S 0xc0001ffff757a81,0,0,2
S 0xc0001ffff747b0f,0,0,2
S 0xc0001ffff747b10,0,0,2
S 0x100001ffff7f11f5,0,0,2
S 0x100001ffff7f1228,0,0,2
S 0x100001ffff7f1228,0,0,2
S 0x100001ffff7f11f6,0,0,2
S 0x100001555555fe55,0,0,2
S 0x100001ffff7f11f6,0,0,2
S 0x100001ffff7f121c,0,0,2
S 0x100001555555fe60,0,0,2
S 0x100001ffff7f1227,0,0,2
S 0x100001555555fe60,0,0,2
S 0x100001555555fe53,0,0,2
S 0x100001555555fe58,0,0,2
S 0x100001555555fe58,0,0,2
S 0x100001555555fe52,0,0,2
S 0x100001ffff7f11f4,0,0,2
S 0x100001555555fe52,0,0,2
S 0x100001555555fe56,0,0,2
S 0x100001555555fe5f,0,0,2
S 0x100001555555ff31,0,0,2
S 0x100001555555fe5f,0,0,2
S 0x100001ffff7f11f7,0,0,2
S 0x100001555555fe55,0,0,2
S 0x100001ffff7f11f7,0,0,2
S 0x100001ffff87561e,0,0,2
S 0x100001555555fe54,0,0,2
S 0x100001ffff7f11f8,0,0,2
S 0x100001555555ff33,0,0,2
S 0x100001555555ff32,0,0,2
S 0x100001555555ff33,0,0,2
S 0x100001ffff87561e,0,0,2
S 0x100001ffff875451,0,0,2
S 0x100001555555ff3a,0,0,2
S 0x100001ffff7f11f1,0,0,2
S 0x100001ffff7fb06b,0,0,2
S 0x100001ffff7fb048,0,0,2
S 0x100001ffff88ec84,0,0,2
S 0x100001555555ff36,0,0,2
S 0x100001555555f172,0,0,2
S 0x100001ffff7f11f3,0,0,2
S 0x100001ffff7f11f2,0,0,2
S 0x100001ffff7f11ef,0,0,2
S 0x100001ffff7f11ee,0,0,2
S 0x100001555555f930,0,0,2
S 0x100001ffff7fb206,0,0,2
S 0x100001ffff7f2d0c,0,0,2
S 0x100001ffff7fb10e,0,0,2
S 0x100001ffff7f11f0,0,0,2
S 0x100001ffff7fb10f,0,0,2
S 0x100001555555fd7e,0,0,2
S 0x100001555555fd7b,0,0,2
S 0x100001555555fd7c,0,0,2
S 0x100001ffff81bb00,0,0,2
S 0x100001ffff81bb00,0,0,2
S 0x100001555555fdcb,0,0,2
S 0x100001555555fd8b,0,0,2
S 0x100001ffff81be40,0,0,2
S 0x100001ffff7fb044,0,0,2
S 0x100001ffff7fb042,0,0,2
S 0x100001555555f90a,0,0,2
S 0x100001ffff7f11ed,0,0,2
S 0x100001555555f0d2,0,0,2
S 0x100001ffff60007b,0,0,2
S 0x100001ffff81be44,0,0,2
S 0x100001ffff6000bc,0,0,2
S 0x100001ffff7fb110,0,0,2
S 0x100001ffff60003b,0,0,2
S 0x100001ffff757b00,0,0,2
S 0x100001ffff60007c,0,0,2
S 0x100001ffff747b00,0,0,2
S 0x100001ffff7f2d6c,0,0,2
S 0x100001ffff7f2d6d,0,0,2
S 0x100001ffff747b01,0,0,2
S 0x100001ffff747b02,0,0,2
S 0x100001ffff747b03,0,0,2
S 0x100001ffff747b04,0,0,2
S 0x100001ffff747b05,0,0,2
S 0x100001ffff7f11eb,0,0,2
S 0x100001ffff7f11ec,0,0,2
S 0x100001555555fe0f,0,0,2
S 0x100001555555fe36,0,0,2
S 0x100001ffff7f11e8,0,0,2
S 0x100001ffff7f11e9,0,0,2
S 0x100001555555fe0d,0,0,2
S 0x100001555555fe21,0,0,2
S 0x100001ffff7f2ca2,0,0,2
S 0x100001555555fe0e,0,0,2
S 0x100001ffff7fb04a,0,0,2
S 0x100001555555fe6e,0,0,2
S 0x100001555555fe6e,0,0,2
S 0x100001ffff7f2c45,0,0,2
S 0x100001555555ff35,0,0,2
S 0x100001555555f18e,0,0,2
S 0x100001ffff600000,0,0,2
S 0x100001ffff600000,0,0,2
S 0x100001ffff600002,0,0,2
S 0x100001ffff6000bd,0,0,2
S 0x100001ffff600002,0,0,2
S 0x100001ffff6000bd,0,0,2
S 0x100001555555f195,0,0,2
S 0x100001ffff7fb041,0,0,2
S 0x100001ffff897c23,0,0,2
S 0x100001555555ff34,0,0,2
S 0x100001555555ff30,0,0,2
S 0x100001ffff600029,0,0,2
S 0x100001ffff600029,0,0,2
S 0x100001ffff7f11f9,0,0,2
S 0x100001ffff87544c,0,0,2
S 0x100001ffff7f11fa,0,0,2
S 0x100001ffff7f11fb,0,0,2
S 0x100001ffff7f11fb,0,0,2
S 0x100001ffff7f11fa,0,0,2
S 0x100001555555fe54,0,0,2
S 0x100001555555fe4f,0,0,2
S 0x100001555555fe4f,0,0,2
S 0xc0001ffffffff5a,0,0,2
S 0xc0001ffff84b069,0,0,2
S 0xc0001ffff84b069,0,0,2
S 0xc0001ffffffff5b,0,0,2
S 0xc0001ffffffff5c,0,0,2
S 0xc0001555555f18e,0,0,2
S 0xc0001555555f18c,0,0,2
S 0xc0001555555f18c,0,0,2
S 0xc0001555555f195,0,0,2
S 0xc0001ffffffff5e,0,0,2
S 0xc0001ffffffff5c,0,0,2
S 0xc0001555555f18f,0,0,2
S 0xc0001ffffffff5b,0,0,2
S 0xc0001555555dd40,0,0,2
S 0xc0001555555dd46,0,0,2
S 0xc0001555555dd46,0,0,2
S 0xc0001555555dd40,0,0,2
S 0xc0001ffffffff59,0,0,2
S 0xc0001ffffffff58,0,0,2
S 0xc0001ffffffff5d,0,0,2
S 0xc0001ffffffff5d,0,0,2
S 0xc0001555555dd41,0,0,2
S 0xc0001555555ff24,0,0,2
S 0xc0001555555dd41,0,0,2
S 0xc0001555555ff24,0,0,2
S 0xc0001555555ff25,0,0,2
S 0xc0001ffffffff65,0,0,2
S 0xc0001ffff6000bf,0,0,2
S 0xc0001ffff600000,0,0,2
S 0xc0001ffff6000bf,0,0,2
S 0xc0001ffffffff62,0,0,2
S 0xc0001ffffffff63,0,0,2
S 0xc0001ffffffff63,0,0,2
S 0xc0001ffffffff62,0,0,2
S 0xc0001ffffffff64,0,0,2
S 0xc0001ffffffff64,0,0,2
S 0xc0001ffffffff66,0,0,2
S 0xc0001555555ff0a,0,0,2
S 0xc0001555555ff0a,0,0,2
S 0xc0001ffffffff57,0,0,2
S 0xc0001ffffffff56,0,0,2
S 0xc0001ffffffff54,0,0,2
S 0xc0001ffffffff51,0,0,2
S 0xc0001ffffffff53,0,0,2
S 0xc0001ffffffff52,0,0,2
S 0xc0001ffffffff55,0,0,2
S 0xc0001ffffffff50,0,0,2
S 0xc0001ffffffff3e,0,0,2
S 0xc0001ffffffff40,0,0,2
S 0xc0001ffffffff3b,0,0,2
S 0xc0001ffffffff3c,0,0,2
S 0xc0001ffffffff3d,0,0,2
S 0xc0001ffffffff3f,0,0,2
S 0xc0001ffffffff41,0,0,2
S 0xc0001ffffffff5f,0,0,2
S 0xc0001ffffffff60,0,0,2
S 0xc0001ffffffff61,0,0,2
S 0xc0001ffff897bb1,0,0,2
S 0xc0001ffff897bb1,0,0,2
S 0xc0001ffff897bb2,0,0,2
S 0xc0001555555ff62,0,0,2
S 0xc0001ffff897bb2,0,0,2
S 0xc0001555555ff62,0,0,2
S 0xc0001555555f18e,0,0,2
S 0xc0001555555f18f,0,0,2
S 0xc0001555555f190,0,0,2
S 0xc0001555555f191,0,0,2
S 0xc0001555555f194,0,0,2
S 0xc0001555555f192,0,0,2
S 0xc0001555555f193,0,0,2
S 0xc0001555555f195,0,0,2
S 0xc0001555555fe52,0,0,2
S 0xc0001ffff87561e,0,0,2
S 0xc0001555555fe55,0,0,2
S 0xc0001555555fe60,0,0,2
S 0xc0001555555fe60,0,0,2
S 0xc0001555555fe52,0,0,2
S 0xc0001555555fe5f,0,0,2
S 0xc0001555555fe5f,0,0,2
S 0xc0001555555fe58,0,0,2
S 0xc0001555555fe56,0,0,2
S 0xc0001555555fe56,0,0,2
S 0xc0001ffff7f1175,0,0,2
S 0xc0001ffff7f11a8,0,0,2
S 0xc0001ffff7f11a8,0,0,2
S 0xc0001ffff7f1176,0,0,2
S 0xc0001ffff7f1176,0,0,2
S 0xc0001555555fe58,0,0,2
S 0xc0001ffff7f1174,0,0,2
S 0xc0001ffff7f1177,0,0,2
S 0xc0001555555fe55,0,0,2
S 0xc0001ffff7f1177,0,0,2
S 0xc0001555555fe54,0,0,2
S 0xc0001ffff7f1178,0,0,2
S 0xc0001ffff7f1171,0,0,2
S 0xc0001ffff7f1173,0,0,2
S 0xc0001ffff7f1172,0,0,2
S 0xc0001ffff7f116f,0,0,2
S 0xc0001ffff7f116e,0,0,2
S 0xc0001ffff7f1170,0,0,2
S 0xc0001ffff81bb00,0,0,2
S 0xc0001ffff81bb00,0,0,2
S 0xc0001ffff7f116d,0,0,2
S 0xc0001ffff7f116b,0,0,2
S 0xc0001ffff7f116c,0,0,2
S 0xc0001ffff7f1168,0,0,2
S 0xc0001ffff7f1169,0,0,2
S 0x1ffffffff47,0,0,2
S 0x1ffffffff46,0,0,2
S 0x1ffff88df94,0,0,2
S 0x1ffff88df94,0,0,2
S 0x1ffffffff43,0,0,2
S 0x1ffffffff42,0,0,2
S 0x1ffff89dd71,0,0,2
S 0x1ffff89dd71,0,0,2
S 0x1ffffffff41,0,0,2
S 0x1ffffffff3f,0,0,2
S 0x1ffffffff40,0,0,2
S 0x1ffff89dd72,0,0,2
S 0x15555562b28,0,0,2
S 0x15555562b29,0,0,2
S 0x1ffff89dd72,0,0,2
S 0x1ffff89dd8e,0,0,2
S 0x15555562b29,0,0,2
S 0x1ffff89dd92,0,0,2
S 0x1ffff89dd92,0,0,2
S 0x1ffff89dd8e,0,0,2
S 0x1ffff89dd8d,0,0,2
S 0x15555562c26,0,0,2
S 0x15555562baa,0,0,2
S 0x15555562b28,0,0,2
S 0x15555562ba9,0,0,2
S 0x15555562c26,0,0,2
S 0x15555562b30,0,0,2
S 0x15555562b2f,0,0,2
S 0x15555562b2e,0,0,2
S 0x15555562b2d,0,0,2
S 0x15555562b2c,0,0,2
S 0x15555562b2b,0,0,2
S 0x15555562b2a,0,0,2
S 0x155555628fd,0,0,2
S 0x155555628fd,0,0,2
S 0x155555628fe,0,0,2
S 0x155555628fc,0,0,2
S 0x155555628fe,0,0,2
S 0x155555628ff,0,0,2
S 0x1555555ee09,0,0,2
S 0x1555555ece5,0,0,2
S 0x1555555ece5,0,0,2
S 0x15555562900,0,0,2
S 0x1555555ee07,0,0,2
S 0x1555555db66,0,0,2
S 0x1ffffffff3e,0,0,2
S 0x1555555ee0c,0,0,2
S 0x1555555ee0c,0,0,2
S 0x1555555dc22,0,0,2
S 0x1555555db66,0,0,2
S 0x155555628ff,0,0,2
S 0x1555555ee05,0,0,2
S 0x1555555ee05,0,0,2
S 0x15555562900,0,0,2
S 0x15555562a74,0,0,2
S 0x1555555ee07,0,0,2
S 0x1555555ee08,0,0,2
S 0x1ffff8b129e,0,0,2
S 0x155555628fc,0,0,2
S 0x15555562a82,0,0,2
S 0x1ffffffff45,0,0,2
S 0x15555562a83,0,0,2
S 0x1ffffffff44,0,0,2
S 0x15555562a87,0,0,2
S 0x15555562a87,0,0,2
S 0x15555562a82,0,0,2
S 0x15555562a83,0,0,2
S 0x15555562a81,0,0,2
S 0x1ffffffff88,0,0,2
S 0x1ffffffff89,0,0,2
S 0x1ffffffff89,0,0,2
S 0x1555555ee09,0,0,2
S 0x1555555ee0f,0,0,2
S 0x1555555ee08,0,0,2
S 0x1ffffffff8c,0,0,2
S 0x1ffffffff8d,0,0,2
S 0x1ffffffff8d,0,0,2
S 0x1ffffffff8c,0,0,2
S 0x1ffff8b12b9,0,0,2
S 0x1ffffffff88,0,0,2
S 0x1555555eda4,0,0,2
S 0x1555555eda4,0,0,2
S 0x1ffff8b12b9,0,0,2
S 0x1ffff8b115c,0,0,2
S 0x1ffffffff8a,0,0,2
S 0x1ffffffff87,0,0,2
S 0x1ffffffff86,0,0,2
S 0x1ffffffff85,0,0,2
S 0x1555555eaa7,0,0,2
S 0x1555555dc21,0,0,2
S 0x1555555eaa6,0,0,2
S 0x1555555eaa5,0,0,2
S 0x1ffff8b11f1,0,0,2
S 0x1ffff8b11ee,0,0,2
S 0x1ffff8b11ee,0,0,2
S 0x1ffff8b11f1,0,0,2
S 0x15555562a97,0,0,2
S 0x15555562a93,0,0,2
S 0x15555562a92,0,0,2
S 0x15555562a93,0,0,2
S 0x15555562a91,0,0,2
S 0x1555555ee0f,0,0,2
S 0x15555562a8f,0,0,2
S 0x15555562a98,0,0,2
S 0x15555562a98,0,0,2
S 0x15555562a97,0,0,2
S 0x1ffff89dd8d,0,0,2
S 0x15555562c2f,0,0,2
S 0x15555562c2f,0,0,2
S 0x15555562cb0,0,0,2
S 0x15555562c30,0,0,2
S 0x1ffffffff73,0,0,2
S 0x1ffffffff78,0,0,2
S 0x1ffffffff79,0,0,2
S 0x1ffffffff7b,0,0,2
S 0x15555562caf,0,0,2
S 0x15555562a92,0,0,2
S 0xc0001555555fe0c,0,0,2
S 0xc0001555555fe17,0,0,2
S 0xc0001ffff600000,0,0,2
S 0xc0001ffff600002,0,0,2
S 0xc0001ffff600002,0,0,2
S 0xc0001555555fe6e,0,0,2
S 0xc0001ffff600023,0,0,2
S 0xc0001ffff600023,0,0,2
S 0xc0001555555fe6e,0,0,2
S 0xc0001ffff600022,0,0,2
S 0xc0001ffff600029,0,0,2
S 0xc0001ffff600029,0,0,2
S 0xc0001ffff7f1179,0,0,2
S 0xc0001ffff7f117a,0,0,2
S 0xc0001ffff7f117b,0,0,2
S 0xc0001ffff7f117b,0,0,2
S 0xc0001ffff7f117a,0,0,2
S 0xc0001555555fe54,0,0,2
S 0xc0001555555fe4f,0,0,2
S 0xc0001555555fe4f,0,0,2
S 0x15555562b36,0,0,2
S 0x15555562b35,0,0,2
S 0x15555562b34,0,0,2
S 0x15555562b33,0,0,2
S 0x15555562b32,0,0,2
S 0x15555562b31,0,0,2
S 0x15555562b59,0,0,2
S 0x15555562b58,0,0,2
S 0x15555562b57,0,0,2
S 0x15555562b56,0,0,2
S 0x15555562b55,0,0,2
S 0x15555562b54,0,0,2
S 0x15555562b53,0,0,2
S 0x15555562b52,0,0,2
S 0x15555562b51,0,0,2
S 0x15555562b50,0,0,2
S 0x15555562b4f,0,0,2
S 0x15555562b4e,0,0,2
