S 0x1ffff6b68be,0,1,0
S 0x1ffff6b68be,0,1,0
S 0x1ffff6b68dc,0,1,0
S 0x1ffff6b68f4,0,1,0
S 0x1ffff6b68d9,0,1,0
S 0x1ffff8a65c0,0,1,0
S 0x1ffff8c332a,0,1,0
S 0x1ffff8a65b8,0,1,0
S 0x1ffff8c332c,0,1,0
S 0x1ffff8a65ba,0,1,0
S 0x1ffff8c3328,0,1,0
S 0x1ffff8c332f,0,1,0
S 0x1ffff8a65bc,0,1,0
S 0x1ffff89e050,0,1,0
S 0x1ffff8c3334,0,1,0
S 0x1ffff88e22e,0,1,0
S 0x1ffff6b68dc,0,1,0
S 0x1ffff8c3336,0,1,0
S 0x1ffffdfff67,0,1,0
S 0x1ffffdfff67,0,1,0
S 0x1ffff8c3335,0,1,0
S 0x1ffffdfff90,0,1,0
S 0x1555555fdce,0,1,0
S 0x1ffffdfff86,0,1,0
S 0x1ffffdfff92,0,1,0
S 0x1ffffdfff1d,0,1,0
S 0x1ffffdfff91,0,1,0
S 0x1ffffdfff87,0,1,0
S 0x1555555d92c,0,1,0
S 0x1555555550a,0,1,0
S 0x1ffffdfff85,0,1,0
S 0x1ffff89e04b,0,1,0
S 0x1ffffdfff9c,0,1,0
S 0x1ffffdfff9b,0,1,0
S 0x1ffff8c3300,0,1,0
S 0x1ffff8c330c,0,1,0
S 0x1ffff8c330b,0,1,0
S 0x1ffff8c3301,0,1,0
S 0x1ffff8bbe19,0,1,0
S 0x1ffff8b1d8d,0,1,0
S 0x1ffffdfffb7,0,1,0
S 0x1ffff8c3311,0,1,0
S 0x1ffff8c3312,0,1,0
S 0x1ffff8c3314,0,1,0
S 0x1ffff8c3320,0,1,0
S 0x1ffff8c331f,0,1,0
S 0x1ffff8c3316,0,1,0
S 0x1ffff8b109a,0,1,0
S 0x1ffff8c3315,0,1,0
S 0x1ffff8a670d,0,1,0
S 0x1ffff8c3313,0,1,0
S 0x1ffff8c3326,0,1,0
S 0x1ffff8c3329,0,1,0
S 0x1ffff89df4b,0,1,0
S 0x1ffff8c3327,0,1,0
S 0x1ffff8c333a,0,1,0
S 0x1ffff8c333c,0,1,0
S 0x1ffff8c3348,0,1,0
S 0x1ffff8c3347,0,1,0
S 0x1ffff8c333e,0,1,0
S 0x1ffff89dd30,0,1,0
S 0x1ffff8c333d,0,1,0
S 0x1ffff89dd2f,0,1,0
S 0x1ffff88e290,0,1,0
S 0x1ffff8c3349,0,1,0
S 0x1ffff88e899,0,1,0
S 0x1ffff88e23b,0,1,0
S 0x1ffffdf7d4d,0,1,0
S 0x1ffff89e04d,0,1,0
S 0x1ffff88e864,0,1,0
S 0x1ffff89e04e,0,1,0
S 0x1ffff8c334b,0,1,0
S 0x1ffffdfff1e,0,1,0
S 0x1ffff89dd37,0,1,0
S 0x1ffff89dd38,0,1,0
S 0x1ffff6b68da,0,1,0
S 0x1ffff89dd3b,0,1,0
S 0x1ffff8a65c4,0,1,0
S 0x1ffff89e04f,0,1,0
S 0x1555555550b,0,1,0
S 0x1ffff8b1d88,0,1,0
S 0x1ffff8a6708,0,1,0
S 0x1ffff8a6728,0,1,0
S 0x1ffff8a676f,0,1,0
S 0x1ffff88e28b,0,1,0
S 0x1ffff88e2c8,0,1,0
S 0x1ffff88e885,0,1,0
S 0x1ffff88e231,0,1,0
S 0x1ffff88e860,0,1,0
S 0x1ffff89e04c,0,1,0
S 0x1ffff8a65c4,0,1,0
S 0x1ffff6b68e8,0,1,0
S 0x1ffff6b68f5,0,1,0
S 0x1ffff7020bb,0,1,0
S 0x1ffff7020dc,0,1,0
S 0x1ffff7020db,0,1,0
S 0x155555619a0,0,1,0
S 0x1ffff7020c3,0,1,0
S 0x1ffff7020c0,0,1,0
S 0x155555616ad,0,1,0
S 0x1ffff7020b5,0,1,0
S 0x155555616b0,0,1,0
S 0x1ffff7020b6,0,1,0
S 0x155555616ae,0,1,0
S 0x1ffff6f9c75,0,1,0
S 0x155555616ac,0,1,0
S 0x155555616b3,0,1,0
S 0x1ffff7020b8,0,1,0
S 0x1ffff6f9c3e,0,1,0
S 0x155555616b7,0,1,0
S 0x15555561591,0,1,0
S 0x155555616ba,0,1,0
S 0x155555616b9,0,1,0
S 0x15555561592,0,1,0
S 0x1ffffdf7d4c,0,1,0
S 0x1ffff6f9c3b,0,1,0
S 0x1ffff8b1d8b,0,1,0
S 0x1ffff8a6713,0,1,0
S 0x1ffff89df4d,0,1,0
S 0x1ffff88e296,0,1,0
S 0x1ffff88e301,0,1,0
S 0x1ffff88e407,0,1,0
S 0x1ffff88e78e,0,1,0
S 0x1ffff88e870,0,1,0
S 0x1ffff88e863,0,1,0
S 0x1ffff6f9c3d,0,1,0
S 0x1ffff7020c3,0,1,0
S 0x1555556199d,0,1,0
S 0x1ffff7020dd,0,1,0
S 0x1ffff7020c7,0,1,0
S 0x1ffff6f9c81,0,1,0
S 0x1ffff6f9c80,0,1,0
S 0x1ffff6f9c40,0,1,0
S 0x15555561590,0,1,0
S 0x1ffff8b1d89,0,1,0
S 0x1ffff8a6709,0,1,0
S 0x1ffff89df4c,0,1,0
S 0x1ffff88e29d,0,1,0
S 0x1ffff88e2b9,0,1,0
S 0x1ffff88e874,0,1,0
S 0x1ffff6f9c3c,0,1,0
S 0x1ffff7020c7,0,1,0
S 0x1ffff89dea7,0,1,0
S 0x1ffff5612fe,0,1,0
S 0x1ffff5612fe,0,1,0
S 0x1ffff5612fc,0,1,0
S 0x1ffff56131c,0,1,0
S 0x1ffff561334,0,1,0
S 0x1ffff561319,0,1,0
S 0x1ffff56131a,0,1,0
S 0x1ffff5612fd,0,1,0
S 0x1ffff561328,0,1,0
S 0x1ffff561335,0,1,0
S 0x1ffff8bbf14,0,1,0
S 0x1ffff8bbf16,0,1,0
S 0x1ffff5612f7,0,1,0
S 0x1ffff8bbe49,0,1,0
S 0x1ffff8bbe40,0,1,0
S 0x1ffff8c3303,0,1,0
S 0x1ffff8bbe1b,0,1,0
S 0x1ffff8c3307,0,1,0
S 0x1ffff8bbe1c,0,1,0
S 0x1ffff8b209d,0,1,0
S 0x1ffff56131c,0,1,0
S 0x1ffff8c330e,0,1,0
S 0x1ffffdfff67,0,1,0
S 0x1ffffdfff67,0,1,0
S 0x1ffff8c330d,0,1,0
S 0x1ffffdfff90,0,1,0
S 0x1555555fe9b,0,1,0
S 0x1ffffdfff85,0,1,0
S 0x1ffff8b2098,0,1,0
S 0x1ffff8c3334,0,1,0
S 0x1ffff8c3348,0,1,0
S 0x1ffff8b2099,0,1,0
S 0x1ffff8c334b,0,1,0
S 0x1ffff8bbe49,0,1,0
S 0x1ffff89dea7,0,1,0
L 0x80001ffff7f11fe,0,1,3
L 0x80001ffff7f11fe,0,1,3
L 0x80001ffff7f121c,0,1,3
L 0x80001ffff7f1234,0,1,3
L 0x80001ffff7f1219,0,1,3
L 0x80001ffff887f80,0,1,3
L 0x80001ffff8c4065,0,1,3
L 0x80001ffff887f78,0,1,3
L 0x80001ffff8c4067,0,1,3
L 0x80001ffff887f7a,0,1,3
L 0x80001ffff8c4063,0,1,3
L 0x80001ffff8c406a,0,1,3
L 0x80001ffff887f7c,0,1,3
L 0x80001ffff87fa10,0,1,3
L 0x80001ffff8c406f,0,1,3
L 0x80001ffff8c3944,0,1,3
L 0x80001ffff7f121c,0,1,3
L 0x80001ffff8c4071,0,1,3
L 0x80001ffffdfff67,0,1,3
L 0x80001ffffdfff67,0,1,3
L 0x80001ffffdfff90,0,1,3
L 0x80001555555f087,0,1,3
L 0x80001ffffdfff86,0,1,3
L 0x80001ffffdfff92,0,1,3
L 0x80001ffffdfff1d,0,1,3
L 0x80001ffffdfff91,0,1,3
L 0x80001ffffdfff87,0,1,3
L 0x80001555555dc9e,0,1,3
L 0x80001555555550b,0,1,3
L 0x80001ffffdfff85,0,1,3
L 0x80001ffff87fa0b,0,1,3
L 0x80001ffffdfff9c,0,1,3
L 0x80001ffffdfff9b,0,1,3
L 0x80001ffff8c4000,0,1,3
L 0x80001ffff8c400c,0,1,3
L 0x80001ffff8c400b,0,1,3
L 0x80001ffff8c4001,0,1,3
L 0x80001ffff8c27e6,0,1,3
L 0x80001ffff8c27e5,0,1,3
L 0x80001ffff8ba1cd,0,1,3
L 0x80001ffffdfffb7,0,1,3
L 0x80001ffff8c4011,0,1,3
L 0x80001ffff8c4012,0,1,3
L 0x80001ffff8c4014,0,1,3
L 0x80001ffff8c4020,0,1,3
L 0x80001ffff8c401f,0,1,3
L 0x80001ffff8c4016,0,1,3
L 0x80001ffff8b9954,0,1,3
L 0x80001ffff8c4015,0,1,3
L 0x80001ffff8ae54d,0,1,3
L 0x80001ffff8c4013,0,1,3
L 0x80001ffff8c4026,0,1,3
L 0x80001ffff8c4028,0,1,3
L 0x80001ffff8c4034,0,1,3
L 0x80001ffff8c4033,0,1,3
L 0x80001ffff8c402a,0,1,3
L 0x80001ffff8ae378,0,1,3
L 0x80001ffff8c4029,0,1,3
L 0x80001ffff8ae377,0,1,3
L 0x80001ffff8a032e,0,1,3
L 0x80001ffff8c4027,0,1,3
L 0x80001ffff8c403a,0,1,3
L 0x80001ffff8c403c,0,1,3
L 0x80001ffff8c4048,0,1,3
L 0x80001ffff8c4047,0,1,3
L 0x80001ffff8c403e,0,1,3
L 0x80001ffff8a02ba,0,1,3
L 0x80001ffff8c403d,0,1,3
L 0x80001ffff8a02b9,0,1,3
L 0x80001ffff897d09,0,1,3
L 0x80001ffff8c403b,0,1,3
L 0x80001ffff8c404e,0,1,3
L 0x80001ffff8c4050,0,1,3
L 0x80001ffff8c405c,0,1,3
L 0x80001ffff8c405b,0,1,3
L 0x80001ffff8c4051,0,1,3
L 0x80001ffff897b70,0,1,3
L 0x80001ffff897b6f,0,1,3
L 0x80001ffff8880d0,0,1,3
L 0x80001ffff888119,0,1,3
L 0x80001ffff888192,0,1,3
L 0x80001ffff8886d9,0,1,3
L 0x80001ffff8c3cbe,0,1,3
L 0x80001ffffdf7d4d,0,1,3
L 0x80001ffff87fa0d,0,1,3
L 0x80001ffff8886a4,0,1,3
L 0x80001ffff87fa0e,0,1,3
L 0x80001ffff8c405f,0,1,3
L 0x80001ffffdfff1e,0,1,3
L 0x80001ffff897b77,0,1,3
L 0x80001ffff897b78,0,1,3
L 0x80001ffff897b7b,0,1,3
L 0x80001ffff887f84,0,1,3
L 0x80001ffff87fa0f,0,1,3
L 0x80001ffff8c3945,0,1,3
L 0x80001ffff8ba1c8,0,1,3
L 0x80001ffff8ae548,0,1,3
L 0x80001ffff897d08,0,1,3
L 0x80001ffff8880cb,0,1,3
L 0x80001ffff8c3cb4,0,1,3
L 0x80001ffff8886a0,0,1,3
L 0x80001ffff87fa0c,0,1,3
L 0x80001ffff887f84,0,1,3
L 0x80001ffff7f1228,0,1,3
L 0x80001ffff7f1235,0,1,3
L 0x80001ffff7fb0f8,0,1,3
L 0x80001ffff7fb040,0,1,3
L 0x80001555555f8ef,0,1,3
L 0x80001ffff7fb037,0,1,3
L 0x80001555555f8f1,0,1,3
L 0x80001ffff7fb039,0,1,3
L 0x80001555555f8ee,0,1,3
L 0x80001555555f8f5,0,1,3
L 0x80001ffff7fb03a,0,1,3
L 0x80001ffff7f1771,0,1,3
L 0x80001555555f8f9,0,1,3
L 0x80001555555f905,0,1,3
L 0x80001555555f8fc,0,1,3
L 0x80001ffff7f1761,0,1,3
L 0x80001ffffdfff67,0,1,3
L 0x80001ffffdfff67,0,1,3
L 0x80001555555f8fb,0,1,3
L 0x80001555555550e,0,1,3
L 0x80001ffff8ba1cf,0,1,3
L 0x80001ffff8ae557,0,1,3
L 0x80001ffff8a0318,0,1,3
L 0x80001ffff8880da,0,1,3
L 0x80001ffff8c4064,0,1,3
L 0x80001ffff8c4070,0,1,3
L 0x80001ffff87f90d,0,1,3
L 0x80001ffff8c3d80,0,1,3
L 0x80001ffff8c3d8c,0,1,3
L 0x80001ffff8c3d8b,0,1,3
L 0x80001ffff8c3d81,0,1,3
L 0x80001ffff87f799,0,1,3
L 0x80001ffff87570f,0,1,3
L 0x80001555555f088,0,1,3
L 0x80001ffff8c3d94,0,1,3
L 0x80001ffff8c3da0,0,1,3
L 0x80001ffff8c3d9f,0,1,3
L 0x80001ffff8c3d96,0,1,3
L 0x80001ffff87541a,0,1,3
L 0x80001ffff8c3d95,0,1,3
L 0x80001ffff86aa97,0,1,3
L 0x80001ffff8c3da1,0,1,3
L 0x80001ffff8c3da3,0,1,3
L 0x80001555555fe55,0,1,3
L 0x80001555555fe4e,0,1,3
L 0x80001ffff875424,0,1,3
L 0x80001ffff875620,0,1,3
L 0x80001ffff87545b,0,1,3
L 0x80001ffff897ce7,0,1,3
L 0x80001ffff897ce4,0,1,3
L 0x80001555555fe60,0,1,3
L 0x80001ffff7f1227,0,1,3
L 0x80001555555fe60,0,1,3
L 0x80001555555fe52,0,1,3
L 0x80001555555fe51,0,1,3
L 0x80001555555fe52,0,1,3
L 0x80001555555fe55,0,1,3
L 0x80001ffff87542b,0,1,3
L 0x80001ffff87561f,0,1,3
L 0x80001ffff87561e,0,1,3
L 0x80001555555fe53,0,1,3
L 0x80001555555fe54,0,1,3
L 0x80001ffff87543c,0,1,3
L 0x80001ffff875453,0,1,3
L 0x80001ffff897cd6,0,1,3
L 0x80001ffffdffdc2,0,1,3
L 0x80001555555fe54,0,1,3
L 0x80001ffff875449,0,1,3
L 0x80001ffff875366,0,1,3
L 0x80001555555fe59,0,1,3
L 0x80001555555fe4f,0,1,3
L 0x80001555555fe4f,0,1,3
L 0x80001ffff875451,0,1,3
L 0x1ffffffff47,0,1,3
L 0x1ffffffff46,0,1,3
L 0x1ffff88df94,0,1,3
L 0x1ffff88df94,0,1,3
L 0x1555555dafe,0,1,3
L 0x1ffff57177f,0,1,3
L 0x1ffffffff43,0,1,3
L 0x1ffffffff42,0,1,3
L 0x1ffff89dd71,0,1,3
L 0x1ffff89dd71,0,1,3
L 0x1ffffffff41,0,1,3
L 0x1ffffffff3f,0,1,3
L 0x1ffffffff40,0,1,3
L 0x1ffff89dd72,0,1,3
L 0x15555562b28,0,1,3
L 0x15555562b29,0,1,3
L 0x1ffff89dd72,0,1,3
L 0x15555562aa4,0,1,3
L 0x1ffff89dd8e,0,1,3
L 0x15555562b29,0,1,3
L 0x1ffff89dd92,0,1,3
L 0x1ffff89dd92,0,1,3
L 0x1ffff89dd8e,0,1,3
L 0x15555562aa3,0,1,3
L 0x15555562b24,0,1,3
L 0x15555562b24,0,1,3
L 0x155555620f1,0,1,3
L 0x155555620f1,0,1,3
L 0x155555620f0,0,1,3
L 0x155555628fa,0,1,3
L 0x1555555ee09,0,1,3
L 0x1555555ece5,0,1,3
L 0x1555555ece5,0,1,3
L 0x155555628fb,0,1,3
L 0x1555555ee07,0,1,3
L 0x15555562887,0,1,3
L 0x1ffffffff3e,0,1,3
L 0x1555555ee0c,0,1,3
L 0x1555555ee0c,0,1,3
L 0x15555562887,0,1,3
L 0x155555628fb,0,1,3
L 0x15555562886,0,1,3
L 0x15555562886,0,1,3
L 0x1555555ee05,0,1,3
L 0x1555555ee05,0,1,3
L 0x155555628fa,0,1,3
L 0x15555562a74,0,1,3
L 0x1555555ee07,0,1,3
L 0x1555555ee08,0,1,3
L 0x1ffff8b129e,0,1,3
L 0x155555620f0,0,1,3
L 0x1ffffffff45,0,1,3
L 0x1555555db3c,0,1,3
L 0x1ffffffff44,0,1,3
L 0x1555555dc12,0,1,3
L 0x1555555dc12,0,1,3
L 0x1555555db3b,0,1,3
L 0x1555555dc11,0,1,3
L 0x1555555dc11,0,1,3
L 0x1555555db3c,0,1,3
L 0x1ffffffff88,0,1,3
L 0x1ffffffff89,0,1,3
L 0x1ffffffff89,0,1,3
L 0x1555555ee09,0,1,3
L 0x1555555ee0f,0,1,3
L 0x1555556288d,0,1,3
L 0x1555556288c,0,1,3
L 0x1555556288d,0,1,3
L 0x1555556288b,0,1,3
L 0x1555555ee0f,0,1,3
L 0x15555562a72,0,1,3
L 0x15555562a8f,0,1,3
L 0x1ffffffff88,0,1,3
L 0x1555555da96,0,1,3
L 0x1ffffffff87,0,1,3
L 0x1ffff612075,0,1,3
L 0x1ffff6120a8,0,1,3
L 0x1ffff6120a8,0,1,3
L 0x1ffff612076,0,1,3
L 0x1ffff612076,0,1,3
L 0x1555556293d,0,1,3
L 0x1555556293d,0,1,3
L 0x15555562c2c,0,1,3
L 0x1ffff4007aa,0,1,3
L 0x1ffff4007a8,0,1,3
L 0x1ffff4007a7,0,1,3
L 0x1ffff4007a8,0,1,3
L 0x155555620f6,0,1,3
L 0x1ffff612074,0,1,3
L 0x155555620f6,0,1,3
L 0x1ffff4007a6,0,1,3
L 0x15555562103,0,1,3
L 0x15555562103,0,1,3
L 0x1ffff612077,0,1,3
L 0x155555620fa,0,1,3
L 0x1ffff612077,0,1,3
L 0x1ffffdffdc2,0,1,3
L 0x155555620f8,0,1,3
L 0x1ffff612078,0,1,3
L 0x155555620fa,0,1,3
L 0x1ffff612079,0,1,3
L 0x1ffff4007a4,0,1,3
L 0x1ffff4004a4,0,1,3
L 0x1ffff4004a5,0,1,3
L 0x1ffff612073,0,1,3
L 0x1ffff4007aa,0,1,3
L 0x1ffff5cddf6,0,1,3
L 0x1ffff5cde28,0,1,3
L 0x1ffff5cde28,0,1,3
L 0x1ffff5cddf7,0,1,3
L 0x1ffff5cddf7,0,1,3
L 0x1ffff5cddf8,0,1,3
L 0x1ffff5cddf8,0,1,3
L 0x1ffff5cddf9,0,1,3
L 0x1ffff5cddfa,0,1,3
L 0x1ffff89dd8d,0,1,3
L 0x15555562c26,0,1,3
L 0x15555562baa,0,1,3
L 0x15555562b28,0,1,3
L 0x15555562ba9,0,1,3
L 0x15555562c26,0,1,3
L 0x1ffff8951bd,0,1,3
L 0x1ffffffff86,0,1,3
L 0x15555562b69,0,1,3
L 0x15555562b68,0,1,3
L 0x1ffffffff85,0,1,3
L 0x15555562b67,0,1,3
L 0x1ffffffff84,0,1,3
L 0x15555562b66,0,1,3
L 0x1ffffffff83,0,1,3
L 0x15555562b65,0,1,3
L 0x1ffffffff82,0,1,3
L 0x15555562b64,0,1,3
L 0x1ffffffff81,0,1,3
L 0x15555562b63,0,1,3
L 0x1ffffffff80,0,1,3
L 0x15555562b62,0,1,3
L 0x1ffffffff7f,0,1,3
L 0x15555562b61,0,1,3
L 0x15555562b60,0,1,3
L 0x15555562b5f,0,1,3
L 0x15555562b5e,0,1,3
L 0x15555562b5d,0,1,3
L 0x15555562b5c,0,1,3
L 0x15555562b5b,0,1,3
L 0x1ffffffff78,0,1,3
L 0x15555562b5a,0,1,3
L 0x15555562b59,0,1,3
L 0x15555562b58,0,1,3
L 0x1ffffffff75,0,1,3
L 0x15555562b57,0,1,3
L 0x1ffffffff74,0,1,3
L 0x15555562b56,0,1,3
L 0x1ffffffff73,0,1,3
L 0x1ffffffff72,0,1,3
L 0x1ffffffff71,0,1,3
L 0x1ffffffff70,0,1,3
L 0x1ffffffff6f,0,1,3
L 0x15555562b51,0,1,3
L 0x1ffffffff6e,0,1,3
L 0x15555562b50,0,1,3
L 0x1ffffffff6d,0,1,3
L 0x1ffffffff6c,0,1,3
L 0x15555562b4e,0,1,3
L 0x15555562b4d,0,1,3
L 0x1ffffffff6a,0,1,3
L 0x15555562b4c,0,1,3
L 0x1ffffffff69,0,1,3
L 0x15555562b4b,0,1,3
L 0x15555562b4a,0,1,3
L 0x1ffffffff67,0,1,3
L 0x15555562b49,0,1,3
L 0x1ffffffff66,0,1,3
L 0x15555562b48,0,1,3
L 0x1ffffffff65,0,1,3
L 0x15555562b47,0,1,3
L 0x1ffffffff64,0,1,3
L 0x15555562b46,0,1,3
L 0x1ffffffff63,0,1,3
L 0x15555562b45,0,1,3
L 0x1ffffffff62,0,1,3
L 0x15555562b44,0,1,3
L 0x1ffffffff61,0,1,3
L 0x15555562b43,0,1,3
L 0x1ffffffff60,0,1,3
L 0x15555562b42,0,1,3
L 0x1ffffffff5f,0,1,3
L 0x15555562b41,0,1,3
L 0x1ffffffff5e,0,1,3
L 0x15555562b40,0,1,3
L 0x1ffffffff5d,0,1,3
L 0x15555562b3f,0,1,3
L 0x1ffffffff5c,0,1,3
L 0x15555562b3e,0,1,3
L 0x1ffffffff5b,0,1,3
L 0x15555562b3d,0,1,3
L 0x1ffffffff5a,0,1,3
L 0x15555562b3c,0,1,3
L 0x1ffffffff59,0,1,3
L 0x15555562b3b,0,1,3
L 0x1ffffffff58,0,1,3
L 0x15555562b3a,0,1,3
L 0x1ffffffff57,0,1,3
L 0x15555562b39,0,1,3
L 0x1ffffffff56,0,1,3
L 0x15555562b38,0,1,3
L 0x1ffffffff55,0,1,3
L 0x15555562b37,0,1,3
L 0x1ffffffff54,0,1,3
L 0x15555562b36,0,1,3
L 0x1ffffffff53,0,1,3
L 0x15555562b35,0,1,3
L 0x1ffffffff52,0,1,3
L 0x15555562b34,0,1,3
L 0x1ffffffff51,0,1,3
L 0x15555562b33,0,1,3
L 0x1ffffffff50,0,1,3
L 0x15555562b32,0,1,3
L 0x1ffffffff4f,0,1,3
L 0x15555562b31,0,1,3
L 0x1ffffffff4e,0,1,3
L 0x15555562b30,0,1,3
L 0x1ffffffff4d,0,1,3
L 0x15555562b2f,0,1,3
L 0x1ffffffff4c,0,1,3
L 0x15555562b2e,0,1,3
L 0x15555562b2d,0,1,3
L 0x15555562b2c,0,1,3
L 0x15555562b2b,0,1,3
L 0x15555562b2a,0,1,3
L 0x155555628fd,0,1,3
L 0x155555628fd,0,1,3
L 0x155555628fe,0,1,3
L 0x155555628fc,0,1,3
L 0x155555628fe,0,1,3
L 0x155555628ff,0,1,3
L 0x15555562900,0,1,3
L 0x1555555db66,0,1,3
L 0x1555555db66,0,1,3
L 0x155555628ff,0,1,3
L 0x15555562900,0,1,3
L 0x155555628fc,0,1,3
L 0x1555555dc23,0,1,3
L 0x1555556288c,0,1,3
L 0x15555562a76,0,1,3
L 0x15555562a75,0,1,3
L 0x15555562a76,0,1,3
L 0x155555628b2,0,1,3
L 0x15555562a7a,0,1,3
L 0x1555555dc21,0,1,3
L 0x1555555dc21,0,1,3
L 0x15555562a7a,0,1,3
L 0x155555627c8,0,1,3
L 0x1ffff89dd8d,0,1,3
L 0x15555562c2f,0,1,3
L 0x15555562a75,0,1,3
L 0x1ffffffff8b,0,1,3
L 0x1555555ee08,0,1,3
L 0x1555555eaa7,0,1,3
L 0x1555555eaa6,0,1,3
L 0x1555555eaa5,0,1,3
L 0x1ffff612072,0,1,3
L 0x1ffff612071,0,1,3
L 0x1ffff612070,0,1,3
L 0x1ffff61206f,0,1,3
L 0x1ffff61206e,0,1,3
L 0x1ffff61206d,0,1,3
L 0x1ffff61206c,0,1,3
L 0x1ffff61206a,0,1,3
L 0x1ffff61206b,0,1,3
L 0x1ffff400002,0,1,3
L 0x1ffff4007ab,0,1,3
L 0x1ffff400002,0,1,3
L 0x1ffff4007ab,0,1,3
L 0x1ffff40081e,0,1,3
L 0x1ffff4007a3,0,1,3
L 0x1ffff4007a5,0,1,3
L 0x1ffff4007a5,0,1,3
L 0x1ffff4007a7,0,1,3
L 0x1ffff4007a4,0,1,3
L 0x155555620f8,0,1,3
L 0x1ffff61207a,0,1,3
L 0x1ffff61207b,0,1,3
L 0x1ffff61207b,0,1,3
L 0x1ffff61207a,0,1,3
L 0x155555620f3,0,1,3
L 0x155555620f3,0,1,3
L 0x1ffff8b11f1,0,1,3
L 0x1ffff8b11ea,0,1,3
L 0x1ffff8b11ea,0,1,3
L 0x1ffff8b11f1,0,1,3
L 0x1ffffffff86,0,1,3
L 0x1555556288b,0,1,3
L 0x1ffffffff85,0,1,3
L 0x1ffffffff8a,0,1,3
L 0x1555555ee0e,0,1,3
L 0x1ffff4007a9,0,1,3
L 0x80001ffff875454,0,1,3
L 0x80001ffff875440,0,1,3
L 0x80001ffff8c3d98,0,1,3
L 0x80001ffff87541c,0,1,3
L 0x80001ffff8c3d9b,0,1,3
L 0x80001ffff87541d,0,1,3
L 0x80001ffff8c394e,0,1,3
L 0x80001ffff8c3da2,0,1,3
L 0x80001ffffdfff67,0,1,3
L 0x80001ffffdfff67,0,1,3
L 0x80001ffff8c394f,0,1,3
L 0x80001ffff86af9c,0,1,3
L 0x80001ffff8ba1cc,0,1,3
L 0x80001ffff8a031c,0,1,3
L 0x80001ffff8c3cb5,0,1,3
L 0x80001ffff86af9d,0,1,3
L 0x80001ffff875454,0,1,3
L 0x80001ffff7f11f5,0,1,3
L 0x80001ffff7f1228,0,1,3
L 0x80001ffff7f1228,0,1,3
L 0x80001ffff7f11f6,0,1,3
L 0x80001555555fe55,0,1,3
L 0x80001ffff7f11f6,0,1,3
L 0x80001ffff7f121c,0,1,3
L 0x80001555555fe60,0,1,3
L 0x80001555555fe60,0,1,3
L 0x80001555555f6f4,0,1,3
L 0x80001555555fe6c,0,1,3
L 0x80001ffff7fb0fe,0,1,3
L 0x80001ffff7fb0fc,0,1,3
L 0x80001ffff7fb0fb,0,1,3
L 0x80001ffff7fb0fc,0,1,3
L 0x80001555555fe52,0,1,3
L 0x80001ffff7f11f4,0,1,3
L 0x80001555555fe52,0,1,3
L 0x80001ffff7fb0fa,0,1,3
L 0x80001555555fe5f,0,1,3
L 0x80001555555fe5f,0,1,3
L 0x80001ffff7f11f7,0,1,3
L 0x80001555555fe56,0,1,3
L 0x80001555555fe55,0,1,3
L 0x80001ffff7f11f7,0,1,3
L 0x80001ffff87561e,0,1,3
L 0x80001555555fe54,0,1,3
L 0x80001ffff7f11f8,0,1,3
L 0x80001555555fe56,0,1,3
L 0x40001ffff897bd2,0,1,3
L 0x40001ffff897c24,0,1,3
L 0x40001ffff87561e,0,1,3
L 0x80001ffff7f11f9,0,1,3
L 0x80001ffff7fb100,0,1,3
L 0x80001ffff7fb069,0,1,3
L 0x80001ffff7f11f3,0,1,3
L 0x80001ffff600032,0,1,3
L 0x80001ffff600033,0,1,3
L 0x80001ffff7fb043,0,1,3
L 0x80001ffff7f11ed,0,1,3
L 0x80001ffff7f11ee,0,1,3
L 0x80001ffff7f17e9,0,1,3
L 0x80001ffff7f11ec,0,1,3
L 0x80001ffff7f1772,0,1,3
L 0x80001555555f906,0,1,3
L 0x80001ffff7f121c,0,1,3
L 0x80001ffff7f11eb,0,1,3
L 0x80001ffff7f11e9,0,1,3
L 0x80001ffffdfff67,0,1,3
L 0x80001ffffdfff67,0,1,3
L 0x80001ffff7f11ea,0,1,3
L 0x80001ffff7f11e8,0,1,3
L 0x80001ffff7f11e7,0,1,3
L 0x80001ffff7f11e5,0,1,3
L 0x80001ffff7f11e6,0,1,3
L 0x80001555555550d,0,1,3
L 0x80001555555551d,0,1,3
L 0x80001555555552e,0,1,3
L 0x80001ffff7f11e4,0,1,3
L 0x80001ffff7f176e,0,1,3
L 0x80001ffff8ba1ca,0,1,3
L 0x80001ffff8ae562,0,1,3
L 0x80001ffff8a0323,0,1,3
L 0x80001ffff8880e5,0,1,3
L 0x80001ffff888127,0,1,3
L 0x80001ffff8881b6,0,1,3
L 0x80001ffff888507,0,1,3
L 0x80001ffff888574,0,1,3
L 0x80001ffff8886eb,0,1,3
L 0x80001ffff7f176f,0,1,3
L 0x80001ffff7f1770,0,1,3
L 0x80001ffff7fb043,0,1,3
L 0x80001ffff600033,0,1,3
L 0x80001ffff600032,0,1,3
L 0x80001555555fe6d,0,1,3
L 0x80001ffff60002f,0,1,3
L 0x80001ffff60002f,0,1,3
L 0x80001ffff7fb081,0,1,3
L 0x80001555555fe6d,0,1,3
L 0x80001ffff7fb077,0,1,3
L 0x80001ffff7fb041,0,1,3
L 0x80001ffff897c23,0,1,3
L 0x80001555555fe6e,0,1,3
L 0x80001ffff897b75,0,1,3
L 0x80001ffff7f121a,0,1,3
L 0x80001ffff897b8b,0,1,3
L 0x80001ffff600023,0,1,3
L 0x80001555555fe6e,0,1,3
L 0x80001ffff600024,0,1,3
L 0x80001ffff600024,0,1,3
L 0x80001ffff600023,0,1,3
L 0x80001ffff600034,0,1,3
L 0x80001ffff600000,0,1,3
L 0x80001ffff600025,0,1,3
L 0x80001ffff600025,0,1,3
L 0x80001ffff7fb100,0,1,3
L 0x80001ffff7f1774,0,1,3
L 0x80001ffff8880e7,0,1,3
L 0x80001ffff87f90a,0,1,3
L 0x80001ffff7f1765,0,1,3
L 0x80001555555fe54,0,1,3
L 0x80001ffff7fb0fd,0,1,3
L 0x80001ffff87544c,0,1,3
L 0x80001555555fe6c,0,1,3
L 0x80001ffff7fb0fe,0,1,3
L 0x80001ffff87542c,0,1,3
L 0x80001ffff87561d,0,1,3
L 0x80001ffff87561e,0,1,3
L 0x80001ffff7f11fa,0,1,3
L 0x80001ffff7f11fb,0,1,3
L 0x80001ffff7f11fb,0,1,3
L 0x80001ffff7fb042,0,1,3
L 0x80001ffff7f11fa,0,1,3
L 0x80001555555fe4f,0,1,3
L 0x80001555555fe4f,0,1,3
L 0x80001ffffffff53,0,1,3
L 0x80001ffff84b069,0,1,3
L 0x80001ffff84b069,0,1,3
L 0x80001ffffffff54,0,1,3
L 0x80001ffff84b05d,0,1,3
L 0x80001ffffffff55,0,1,3
0x80001ffffffff5a,0,1
L 0x80001ffffffff55,0,1,3
L 0x80001ffff7fb050,0,1,3
L 0x80001ffffffff54,0,1,3
L 0x80001ffff7fb0ff,0,1,3
L 0x80001ffff7fb04a,0,1,3
L 0x80001ffff897bb0,0,1,3
L 0x80001ffff600026,0,1,3
L 0x80001ffff897c25,0,1,3
L 0x80001ffff600006,0,1,3
L 0x80001ffff600002,0,1,3
L 0x80001ffff600022,0,1,3
L 0x80001ffff600002,0,1,3
L 0x80001ffff600034,0,1,3
L 0x80001ffff7fb05e,0,1,3
L 0x80001ffff7fb05c,0,1,3
L 0x80001ffff7f11f2,0,1,3
L 0x80001555555fe6a,0,1,3
L 0x80001ffff7f1773,0,1,3
L 0x80001ffff8ae54e,0,1,3
L 0x80001ffff8a032f,0,1,3
L 0x80001ffff888105,0,1,3
L 0x80001ffff888163,0,1,3
L 0x80001ffff888317,0,1,3
L 0x80001ffff8885a6,0,1,3
L 0x80001ffff7fb046,0,1,3
L 0x80001ffff7fb048,0,1,3
L 0x80001ffff7fb0f9,0,1,3
L 0x80001ffff7fb09b,0,1,3
L 0x80001ffff7fb03d,0,1,3
L 0x80001ffff7fb078,0,1,3
L 0x80001ffff7fb09a,0,1,3
L 0x80001555555fe17,0,1,3
L 0x80001ffff7f11f1,0,1,3
L 0x80001ffffffff5a,0,1,3
L 0x80001ffff60002c,0,1,3
L 0x80001ffff7fb0f9,0,1,3
L 0x80001555555fe49,0,1,3
L 0x80001ffff60002c,0,1,3
L 0x80001ffff7fb07f,0,1,3
L 0x80001555555fe4c,0,1,3
L 0x80001ffff600026,0,1,3
L 0x40001555555f18e,0,1,3
L 0x40001555555f195,0,1,3
L 0x40001ffff897c23,0,1,3
L 0x40001ffff6000bc,0,1,3
L 0x40001ffff600000,0,1,3
L 0x40001ffff6000bc,0,1,3
L 0x40001ffffdfff67,0,1,3
L 0x40001ffffdfff67,0,1,3
L 0x40001555555f18e,0,1,3
L 0x40001555555f195,0,1,3
L 0x40001555555fe52,0,1,3
L 0x1ffffffff87,0,1,3
L 0x1ffff88df94,0,1,3
L 0x1ffff88df94,0,1,3
L 0x1ffffffff88,0,1,3
L 0x1555555ee09,0,1,3
L 0x1ffffffff88,0,1,3
L 0x1555555ece5,0,1,3
L 0x1555555ece5,0,1,3
L 0x1ffff8b11f1,0,1,3
L 0x1ffff8b11ea,0,1,3
L 0x1ffff8b11ea,0,1,3
L 0x1ffff8b11f1,0,1,3
L 0x1555555eaa5,0,1,3
L 0x1555555ee07,0,1,3
L 0x15555562a7a,0,1,3
L 0x15555562a76,0,1,3
L 0x15555562a75,0,1,3
L 0x15555562a76,0,1,3
L 0x1555555ee05,0,1,3
L 0x1ffffffff86,0,1,3
L 0x1555555ee05,0,1,3
L 0x15555562a74,0,1,3
L 0x1555555ee0f,0,1,3
L 0x1555555ee0f,0,1,3
L 0x1555555ee08,0,1,3
L 0x1555555eaa6,0,1,3
L 0x1555555eaa7,0,1,3
L 0x1555555db66,0,1,3
L 0x15555562900,0,1,3
L 0x155555628ff,0,1,3
L 0x15555562900,0,1,3
L 0x155555628fe,0,1,3
L 0x1555555da96,0,1,3
L 0x1555556288d,0,1,3
L 0x1555556288c,0,1,3
L 0x1555556288d,0,1,3
L 0x1555556288b,0,1,3
L 0x1ffffffff89,0,1,3
L 0x1555555ee08,0,1,3
L 0x1ffffffff89,0,1,3
L 0x1ffff8b129e,0,1,3
L 0x1ffffffff85,0,1,3
L 0x1ffffffff8a,0,1,3
L 0x1555555db3b,0,1,3
L 0x1555555ee0c,0,1,3
L 0x1555555dc21,0,1,3
L 0x1555555dc21,0,1,3
L 0x15555562a7a,0,1,3
L 0x1555555ee0c,0,1,3
L 0x1555555dc22,0,1,3
L 0x1555555da96,0,1,3
L 0x1ffff8b129e,0,1,3
L 0x1555555ee09,0,1,3
L 0x1ffffffff47,0,1,3
L 0x1ffffffff46,0,1,3
L 0x1555556293d,0,1,2
L 0x1555556293d,0,1,2
L 0x155555620fc,0,1,2
L 0x155555620fc,0,1,2
L 0x155555620f6,0,1,2
L 0x155555620f6,0,1,2
L 0x155555620fa,0,1,2
L 0x15555562103,0,1,2
L 0x1ffff20003e,0,1,2
L 0x15555562103,0,1,2
L 0x155555620f9,0,1,2
L 0x1ffff8b129e,0,1,2
L 0x1ffff200040,0,1,2
L 0x1ffff20003f,0,1,2
L 0x1ffff200040,0,1,2
L 0x1ffff8b129e,0,1,2
L 0x1ffff200044,0,1,2
L 0x1ffff625a69,0,1,2
L 0x1ffff400035,0,1,3
L 0x1ffff40025a,0,1,3
L 0x1ffff625b02,0,1,3
L 0x1ffff625b01,0,1,3
L 0x155555628e0,0,1,3
L 0x1ffff89dd71,0,1,2
L 0x1ffff89dd71,0,1,2
L 0x155555628e1,0,1,3
L 0x1ffff89dd72,0,1,2
L 0x15555562ba9,0,1,2
L 0x15555562baa,0,1,2
L 0x1ffff89dd72,0,1,2
L 0x15555562baa,0,1,2
L 0x1ffff89dd92,0,1,2,3
L 0x1ffff89dd8d,0,1,2,3
L 0x1555555db66,0,1,2
L 0x40001ffff87561e,0,1,3
L 0x40001ffff7fb048,0,1,3
L 0x40001555555fe55,0,1,3
L 0x40001555555fe60,0,1,3
L 0x40001555555fe60,0,1,3
L 0x40001555555fe52,0,1,3
L 0x40001555555fe5f,0,1,3
L 0x40001555555fe5f,0,1,3
L 0x40001555555fe58,0,1,3
L 0x40001555555fe56,0,1,3
L 0x40001555555fe56,0,1,3
L 0x40001ffff7f11f5,0,1,3
L 0x40001ffff7f1228,0,1,3
L 0x40001ffff7f1228,0,1,3
L 0x40001ffff7f11f6,0,1,3
L 0x40001ffff7f11f6,0,1,3
L 0x40001ffff7f121c,0,1,3
L 0x40001555555f6f4,0,1,3
L 0x40001555555fe58,0,1,3
L 0x40001ffff7f11f4,0,1,3
L 0x40001ffff7f11f7,0,1,3
L 0x40001555555fe55,0,1,3
L 0x40001ffff7f11f7,0,1,3
L 0x1555555db66,0,1,2
L 0x155555628e1,0,1,3
L 0x1ffff625b02,0,1,3
L 0x1ffff625b01,0,1,3
L 0x1ffff8bbf08,0,1,3
L 0x1ffff400638,0,1,3
L 0x1ffff400638,0,1,3
L 0x1ffff400637,0,1,3
L 0x1ffff612063,0,1,3
L 0x1ffff612062,0,1,3
L 0x1ffff89dde2,0,1,3
L 0x1ffff612066,0,1,3
L 0x1ffff612067,0,1,3
L 0x1ffff61204d,0,1,3
L 0x1ffff89dc7f,0,1,3
L 0x1ffff61204f,0,1,3
L 0x1ffff894de8,0,1,3
L 0x1ffff894de6,0,1,3
L 0x1ffff894dd2,0,1,3
L 0x1ffff8bbe51,0,1,3
L 0x1555555fdb7,0,1,3
L 0x1555555ee05,0,1,2
L 0x1ffff8b129e,0,1,2
L 0x1555555ee09,0,1,2
L 0x1555555ece5,0,1,2
L 0x1555555ece5,0,1,2
L 0x1555555ee05,0,1,2
L 0x1555555ee0f,0,1,2
L 0x1555555ee0f,0,1,2
L 0x1555555ee0b,0,1,3
L 0x1555555ee09,0,1,2
L 0x1ffff200000,0,1,2
L 0x1ffffffff47,0,1,2
L 0x1ffffffff46,0,1,2
L 0x1ffff88df94,0,1,2
L 0x1ffff88df94,0,1,2
L 0x1ffff571783,0,1,2
L 0x1ffffffff43,0,1,2
L 0x1ffffffff42,0,1,2
L 0x1ffff89dd71,0,1,2
L 0x1ffff89dd71,0,1,2
L 0x1ffffffff41,0,1,2
L 0x1ffffffff3f,0,1,2
L 0x1ffffffff40,0,1,2
L 0x1ffff89dd72,0,1,2
L 0x15555562aa3,0,1,2
L 0x15555562aa4,0,1,2
L 0x1ffff89dd72,0,1,2
L 0x15555562b29,0,1,2
L 0x15555562b24,0,1,2
L 0x15555562b24,0,1,2
L 0x15555562aa4,0,1,2
L 0x1ffffffff87,0,1,2
L 0x15555562ae4,0,1,3
L 0x15555562ae3,0,1,3
L 0x15555562ae2,0,1,3
L 0x1ffffffff84,0,1,3
L 0x15555562ae1,0,1,3
L 0x1ffffffff83,0,1,3
L 0x15555562ae0,0,1,3
L 0x1ffffffff82,0,1,3
L 0x15555562adf,0,1,3
L 0x1ffffffff81,0,1,3
L 0x15555562ade,0,1,3
L 0x1ffffffff80,0,1,3
L 0x15555562add,0,1,3
L 0x1ffffffff7f,0,1,3
L 0x15555562adc,0,1,3
L 0x1ffffffff7e,0,1,3
L 0x15555562adb,0,1,3
L 0x1ffffffff7d,0,1,3
L 0x15555562ada,0,1,3
L 0x1ffffffff7c,0,1,3
L 0x15555562ad9,0,1,3
L 0x1ffffffff7b,0,1,3
L 0x15555562ad8,0,1,3
L 0x15555562ad7,0,1,3
L 0x15555562ad6,0,1,3
L 0x15555562ad5,0,1,3
L 0x15555562ad4,0,1,3
L 0x15555562ad3,0,1,3
L 0x15555562ad2,0,1,3
L 0x15555562ad1,0,1,3
L 0x15555562ad0,0,1,3
L 0x15555562acf,0,1,3
L 0x15555562ace,0,1,3
L 0x15555562acd,0,1,3
L 0x15555562acc,0,1,3
L 0x15555562acb,0,1,3
L 0x15555562aca,0,1,3
L 0x15555562ac9,0,1,3
L 0x1ffffffff6b,0,1,3
L 0x15555562ac8,0,1,3
L 0x1ffffffff6a,0,1,3
L 0x15555562ac7,0,1,3
L 0x1ffffffff69,0,1,3
L 0x15555562ac6,0,1,3
L 0x1ffffffff68,0,1,3
L 0x15555562ac5,0,1,3
L 0x1ffffffff67,0,1,3
L 0x15555562ac4,0,1,3
L 0x1ffffffff66,0,1,3
L 0x15555562ac3,0,1,3
L 0x1ffffffff65,0,1,3
L 0x15555562ac2,0,1,3
L 0x15555562ac1,0,1,3
L 0x15555562ac0,0,1,3
L 0x15555562abf,0,1,3
L 0x15555562abe,0,1,3
L 0x15555562abd,0,1,3
L 0x15555562abc,0,1,3
L 0x15555562abb,0,1,3
L 0x15555562aba,0,1,3
L 0x15555562ab9,0,1,3
L 0x15555562ab8,0,1,3
L 0x15555562ab7,0,1,3
L 0x15555562ab6,0,1,3
L 0x15555562ab5,0,1,3
L 0x15555562ab4,0,1,3
L 0x15555562ab3,0,1,3
L 0x15555562ab2,0,1,3
L 0x15555562ab1,0,1,3
L 0x15555562ab0,0,1,3
L 0x15555562aaf,0,1,3
L 0x15555562aae,0,1,3
L 0x15555562aad,0,1,3
L 0x15555562aac,0,1,3
L 0x15555562aab,0,1,3
L 0x15555562aaa,0,1,3
L 0x15555562aa9,0,1,3
L 0x15555562aa8,0,1,3
L 0x15555562aa7,0,1,3
L 0x15555562aa6,0,1,3
L 0x15555562aa5,0,1,3
L 0x155555628fd,0,1,2
L 0x155555628fd,0,1,2
L 0x155555628fe,0,1,2
L 0x155555628fc,0,1,2
L 0x155555628fe,0,1,2
L 0x15555562900,0,1,2
L 0x1555555ee07,0,1,2
L 0x1ffffffff3e,0,1,3
L 0x1555555ee0c,0,1,2
L 0x1555555ee0c,0,1,2
L 0x1555555dc22,0,1,2
L 0x155555628ff,0,1,2,3
L 0x15555562900,0,1,2
L 0x15555562a74,0,1,2
L 0x1555555ee07,0,1,2
L 0x155555628fc,0,1,2
L 0x1555556288c,0,1,2
L 0x1ffffffff45,0,1,2
L 0x1555556288d,0,1,2
L 0x1ffffffff44,0,1,2
L 0x1555555da96,0,1,2
L 0x1555555da96,0,1,2
L 0x1555556288c,0,1,2
L 0x1555556288d,0,1,2
L 0x1ffffffff88,0,1,2
L 0x1ffffffff89,0,1,2
L 0x1ffffffff89,0,1,2
L 0x1ffffffff8b,0,1,3
L 0x1ffffffff88,0,1,2
L 0x1555555ee08,0,1,2
L 0x1555555eaa7,0,1,3
L 0x1555555dc21,0,1,2
L 0x1555555eaa6,0,1,3
L 0x1555555eaa5,0,1,3
L 0x1ffffffff87,0,1,2
L 0x1ffff5cddf6,0,1,2
L 0x1ffff5cde28,0,1,2
L 0x1ffff5cde28,0,1,2
L 0x1ffff5cddf7,0,1,2
L 0x1ffff5cddf7,0,1,2
L 0x1ffff5cddf8,0,1,2
L 0x1ffff5cddf8,0,1,2
L 0x1ffff5cddf9,0,1,2
L 0x1ffff5cddfa,0,1,2
L 0x1ffff625a49,0,1,2
L 0x1ffffffff47,0,1,2
L 0x1ffffffff46,0,1,2
L 0x1ffff88df94,0,1,2
L 0x1ffff88df94,0,1,2
L 0x1ffffffff43,0,1,2
L 0x1ffffffff42,0,1,2
L 0x1ffff89dd71,0,1,2
L 0x1ffff89dd71,0,1,2
L 0x1ffffffff41,0,1,2
L 0x1ffffffff3f,0,1,2
L 0x1ffffffff40,0,1,2
L 0x1ffff89dd72,0,1,2
L 0x1ffff89dd8d,0,1,2
L 0x1ffff89dd92,0,1,2
L 0x15555562cb0,0,1,2
L 0x1ffff89dd72,0,1,2
L 0x15555562cb0,0,1,2
L 0x15555562d31,0,1,3
L 0x15555562cb1,0,1,3
L 0x15555562d30,0,1,3
L 0x155555620f1,0,1,3
L 0x155555620f1,0,1,3
L 0x155555620f0,0,1,3
L 0x1555555ee09,0,1,2
L 0x1555555ece5,0,1,2
L 0x1555555ece5,0,1,2
L 0x1555555ee07,0,1,2
L 0x15555562887,0,1,3
L 0x1555555ee0c,0,1,2
L 0x1555555ee0c,0,1,2
L 0x1555555dc22,0,1,2
L 0x15555562887,0,1,3
L 0x15555562886,0,1,3
L 0x15555562886,0,1,3
L 0x1555555ee05,0,1,2
L 0x1555555ee05,0,1,2
L 0x155555628fa,0,1,3
L 0x15555562a81,0,1,2
L 0x1555555ee07,0,1,2
L 0x1555555ee08,0,1,2
L 0x1ffff8b129e,0,1,2
L 0x155555620f0,0,1,3
L 0x15555562a80,0,1,2
L 0x1ffffffff45,0,1,2
L 0x1ffffffff44,0,1,2
L 0x15555562a87,0,1,2
L 0x1555555dc23,0,1,3
L 0x15555562a87,0,1,2
L 0x15555562a80,0,1,2
L 0x15555562a86,0,1,2
L 0x15555562a86,0,1,2
L 0x15555562a7f,0,1,2
L 0x1ffffffff88,0,1,2
L 0x1ffffffff89,0,1,2
L 0x1ffffffff89,0,1,2
L 0x1555555ee09,0,1,2
L 0x1555555ee0f,0,1,2
L 0x15555562900,0,1,2
L 0x15555562900,0,1,2
L 0x155555628fe,0,1,2
L 0x1555556288b,0,1,2
L 0x1555555ee0f,0,1,2
L 0x1555556288c,0,1,2
L 0x1555555db3b,0,1,2
L 0x1ffffffff88,0,1,2
L 0x1555555db66,0,1,2
L 0x1ffffffff87,0,1,2
L 0x155555628fe,0,1,2
L 0x155555628fd,0,1,2
L 0x15555562aa4,0,1,2
L 0x15555562b29,0,1,2
L 0x155555628fd,0,1,2
L 0x40001555555fe54,0,1,3
L 0x40001ffff7f11f8,0,1,3
L 0x40001ffff7f11f1,0,1,3
L 0x40001ffff7fb06b,0,1,3
L 0x40001555555f172,0,1,3
L 0x40001555555f173,0,1,3
L 0x40001ffff7f11f3,0,1,3
L 0x40001ffff7f11f2,0,1,3
L 0x40001ffff7f11ef,0,1,3
L 0x40001ffff7f11ee,0,1,3
L 0x40001555555f179,0,1,3
L 0x40001555555f92d,0,1,3
L 0x40001ffff7fb206,0,1,3
L 0x40001ffff7f2d0c,0,1,3
L 0x40001ffff7fb10e,0,1,3
L 0x40001ffff7f11f0,0,1,3
L 0x40001ffff7fb10f,0,1,3
L 0x40001555555fd7e,0,1,3
L 0x40001555555fd7b,0,1,3
L 0x40001555555fd7c,0,1,3
L 0x40001ffff81bb00,0,1,3
L 0x40001ffff81bb00,0,1,3
L 0x40001555555fdcb,0,1,3
L 0x40001555555fd8b,0,1,3
L 0x40001ffff81be40,0,1,3
L 0x40001ffff7fb044,0,1,3
L 0x40001ffff7fb042,0,1,3
L 0x40001555555f90a,0,1,3
L 0x40001ffff7f11ed,0,1,3
L 0x40001555555f0d2,0,1,3
L 0x40001ffff60007b,0,1,3
L 0x40001ffff81be44,0,1,3
L 0x40001ffff60003b,0,1,3
L 0x40001ffff757d80,0,1,3
L 0x40001ffff60007c,0,1,3
L 0x40001ffff747d80,0,1,3
L 0x40001ffff7f2d6c,0,1,3
L 0x40001ffff7f2d6d,0,1,3
L 0x40001ffff747d81,0,1,3
L 0x40001ffff747d82,0,1,3
L 0x40001ffff747d83,0,1,3
L 0x40001ffff747d84,0,1,3
L 0x40001ffff747d85,0,1,3
L 0x40001ffff747d86,0,1,3
L 0x40001ffff747d87,0,1,3
L 0x40001ffff747e03,0,1,3
L 0x40001ffff747e04,0,1,3
L 0x40001ffff7fb04b,0,1,3
L 0x40001ffff747e05,0,1,3
L 0x40001ffff747e06,0,1,3
L 0x40001ffff747e07,0,1,3
L 0x40001ffff747e08,0,1,3
L 0x40001ffff7fb078,0,1,3
L 0x40001ffff7f11eb,0,1,3
L 0x40001ffff7f11ec,0,1,3
L 0x40001555555fe0f,0,1,3
L 0x40001555555fe36,0,1,3
L 0x40001ffff7f11e8,0,1,3
L 0x40001ffff7f11e9,0,1,3
L 0x40001555555fe0d,0,1,3
L 0x40001555555fe21,0,1,3
L 0x40001ffff7f2ca2,0,1,3
L 0x40001555555fe28,0,1,3
L 0x40001ffff7f121a,0,1,3
L 0x40001ffff600024,0,1,3
L 0x40001555555fe6e,0,1,3
L 0x40001ffff600024,0,1,3
L 0x40001ffff600023,0,1,3
L 0x40001ffff600023,0,1,3
L 0x40001555555fe6e,0,1,3
L 0x40001ffff7f2c45,0,1,3
L 0x40001ffff600000,0,1,3
L 0x40001ffff600002,0,1,3
L 0x40001ffff6000bd,0,1,3
L 0x40001ffff600002,0,1,3
L 0x40001ffff6000bd,0,1,3
L 0x40001ffff600029,0,1,3
L 0x40001ffff600029,0,1,3
L 0x40001ffff7f11f9,0,1,3
L 0x40001ffff87544c,0,1,3
L 0x40001ffff7f11fa,0,1,3
L 0x40001ffff7f11fb,0,1,3
L 0x40001ffff7fb0f8,0,1,3
L 0x40001ffff7f11fb,0,1,3
L 0x40001ffff7f11fa,0,1,3
L 0x40001555555fe51,0,1,3
L 0x40001555555fe54,0,1,3
L 0x40001555555fe4f,0,1,3
L 0x40001555555fe4f,0,1,3
L 0x40001ffff875454,0,1,3
L 0x15555562aa4,0,1,2
L 0x15555562b28,0,1,2
L 0x15555562aa3,0,1,2
L 0x15555562c2f,0,1,2
L 0x15555562ba9,0,1,2
L 0x15555562c26,0,1,2
L 0x15555562baa,0,1,2
L 0x1ffff89dd8d,0,1,2
L 0x15555562baa,0,1,2
L 0x15555562b28,0,1,2
L 0x15555562c26,0,1,2
L 0x15555562caf,0,1,2
L 0xc0001ffff7f117e,0,1,2
L 0xc0001ffff7f117e,0,1,2
L 0xc0001ffff7f119c,0,1,2
L 0xc0001ffff7f11b4,0,1,2
L 0xc0001ffff7f1199,0,1,2
L 0xc0001ffff887f80,0,1,2
L 0xc0001ffff8c4065,0,1,2
L 0xc0001ffff887f78,0,1,2
L 0xc0001ffff8c4067,0,1,2
L 0xc0001ffff887f7a,0,1,2
L 0xc0001ffff8c4063,0,1,2
L 0xc0001ffff8c406a,0,1,2
L 0xc0001ffff887f7c,0,1,2
L 0xc0001ffff87fa10,0,1,2
L 0xc0001ffff8c406f,0,1,2
L 0xc0001ffff8c3944,0,1,2
L 0xc0001ffff7f119c,0,1,2
L 0xc0001ffff8c4071,0,1,2
L 0xc0001ffffdfff67,0,1,2
L 0xc0001ffffdfff67,0,1,2
L 0xc0001ffffdfff90,0,1,2
L 0xc0001555555f087,0,1,2
L 0xc0001ffffdfff86,0,1,2
L 0xc0001ffffdfff92,0,1,2
L 0xc0001ffffdfff1d,0,1,2
L 0xc0001ffffdfff91,0,1,2
L 0xc0001ffffdfff87,0,1,2
L 0xc0001555555dc9e,0,1,2
L 0xc0001555555550b,0,1,2
L 0xc0001ffffdfff85,0,1,2
L 0xc0001ffff87fa0b,0,1,2
L 0xc0001ffffdfff9c,0,1,2
L 0xc0001ffffdfff9b,0,1,2
L 0xc0001ffff8c4000,0,1,2
L 0xc0001ffff8c400c,0,1,2
L 0xc0001ffff8c400b,0,1,2
L 0xc0001ffff8c4001,0,1,2
L 0xc0001ffff8c27e6,0,1,2
L 0xc0001ffff8c27e5,0,1,2
L 0xc0001ffff8ba1cd,0,1,2
L 0xc0001ffffdfffb7,0,1,2
L 0xc0001ffff8c4011,0,1,2
L 0xc0001ffff8c4012,0,1,2
L 0xc0001ffff8c4014,0,1,2
L 0xc0001ffff8c4020,0,1,2
L 0xc0001ffff8c401f,0,1,2
L 0xc0001ffff8c4016,0,1,2
L 0xc0001ffff8b9954,0,1,2
L 0xc0001ffff8c4015,0,1,2
L 0xc0001ffff8ae54d,0,1,2
L 0xc0001ffff8c4013,0,1,2
L 0xc0001ffff8c4026,0,1,2
L 0xc0001ffff8c4028,0,1,2
L 0xc0001ffff8c4034,0,1,2
L 0xc0001ffff8c4033,0,1,2
L 0xc0001ffff8c402a,0,1,2
L 0xc0001ffff8ae378,0,1,2
L 0xc0001ffff8c4029,0,1,2
L 0xc0001ffff8ae377,0,1,2
L 0xc0001ffff8a032e,0,1,2
L 0xc0001ffff8c4027,0,1,2
L 0xc0001ffff8c403a,0,1,2
L 0xc0001ffff8c403c,0,1,2
L 0xc0001ffff8c4048,0,1,2
L 0xc0001ffff8c4047,0,1,2
L 0xc0001ffff8c403e,0,1,2
L 0xc0001ffff8a02ba,0,1,2
L 0xc0001ffff8c403d,0,1,2
L 0xc0001ffff8a02b9,0,1,2
L 0xc0001ffff897d09,0,1,2
L 0xc0001ffff8c403b,0,1,2
L 0xc0001ffff8c404e,0,1,2
L 0xc0001ffff8c4050,0,1,2
L 0xc0001ffff8c405c,0,1,2
L 0xc0001ffff8c405b,0,1,2
L 0xc0001ffff8c4051,0,1,2
L 0xc0001ffff897b70,0,1,2
L 0xc0001ffff897b6f,0,1,2
L 0xc0001ffff8880d0,0,1,2
L 0xc0001ffff888119,0,1,2
L 0xc0001ffff888192,0,1,2
L 0xc0001ffff8886d9,0,1,2
L 0xc0001ffff8c3cbe,0,1,2
L 0xc0001ffffdf7d4d,0,1,2
L 0xc0001ffff87fa0d,0,1,2
L 0xc0001ffff8886a4,0,1,2
L 0xc0001ffff87fa0e,0,1,2
L 0xc0001ffff8c405f,0,1,2
L 0xc0001ffffdfff1e,0,1,2
L 0x155555628fc,0,1,2
L 0x1555556288d,0,1,2
L 0x1555556288d,0,1,2
L 0x15555562a74,0,1,2
L 0x1555555da96,0,1,2
L 0x1555555dc21,0,1,2
L 0x1555555dc21,0,1,2
L 0x1555555da96,0,1,2
L 0x1ffff612075,0,1,2
L 0x1ffff6120a8,0,1,2
L 0x1ffff6120a8,0,1,2
L 0x1ffff612076,0,1,2
L 0x155555620f9,0,1,2
L 0x1ffff612076,0,1,2
L 0x1555556293d,0,1,2
L 0x1555556293d,0,1,2
L 0x155555620f6,0,1,2
L 0x1ffff612074,0,1,2
L 0x155555620f6,0,1,2
L 0x15555562103,0,1,2
L 0x1ffff612077,0,1,2
L 0x155555620fa,0,1,2
L 0x155555620f9,0,1,2
L 0x1ffff612077,0,1,2
L 0x1ffff8b129e,0,1,2
L 0x155555620f8,0,1,2
L 0x1ffff612078,0,1,2
L 0x155555620fa,0,1,2
L 0x1ffffffff87,0,1,2
L 0x1ffff88df94,0,1,2
L 0x1ffff88df94,0,1,2
L 0x1ffffffff88,0,1,2
L 0x1555555ee09,0,1,2
L 0x1ffffffff88,0,1,2
L 0x1555555ece5,0,1,2
L 0x1555555ece5,0,1,2
L 0x1ffff8b11f1,0,1,2
L 0x1ffff8b11ea,0,1,2
L 0x1ffff8b11ea,0,1,2
L 0x1ffff8b11f1,0,1,2
L 0x1555555eaa5,0,1,2
L 0x1555555ee07,0,1,2
L 0x1555555ee05,0,1,2
L 0x1ffffffff86,0,1,2
L 0x1555555ee05,0,1,2
L 0x1555555ee0f,0,1,2
L 0x1555555ee08,0,1,2
L 0x1555555eaa6,0,1,2
L 0x15555562a73,0,1,3
L 0x15555562a73,0,1,3
L 0x15555562a72,0,1,3
L 0x15555562a7a,0,1,2
L 0x15555562a76,0,1,2
L 0x15555562a75,0,1,2
L 0x15555562a76,0,1,2
L 0x15555562a83,0,1,2
L 0x15555562a82,0,1,2
L 0x15555562a83,0,1,2
L 0x1555555eaa7,0,1,2
L 0x1555555db66,0,1,2
L 0x15555562900,0,1,2
L 0x155555628ff,0,1,2
L 0x15555562900,0,1,2
L 0x155555628fe,0,1,2
L 0x1555555da96,0,1,2
L 0x1555556288d,0,1,2
L 0x1555556288c,0,1,2
L 0x1555556288d,0,1,2
L 0x1ffffffff89,0,1,2
L 0x1555555ee08,0,1,2
L 0x1ffffffff89,0,1,2
L 0x1ffffffff85,0,1,2
L 0x1ffffffff8a,0,1,2
L 0x1555555ee0e,0,1,2
L 0x15555562a7f,0,1,2
L 0x1555555ee0c,0,1,2
L 0x1555555dc21,0,1,2
L 0x1555555ee0c,0,1,2
L 0x1555555dc23,0,1,2
L 0x1555555da96,0,1,2
L 0x1ffff8b129e,0,1,2
L 0x1555555ee09,0,1,2
L 0x155555628fc,0,1,2
L 0x1ffff89dd71,0,1,2
L 0x1ffff89dd71,0,1,2
L 0x1ffff89dd72,0,1,2
L 0x15555562b29,0,1,2
L 0x15555562b29,0,1,2
L 0x1ffff89dd72,0,1,2
L 0x15555562a8f,0,1,2
L 0x15555562a7a,0,1,2
L 0x1555555dc22,0,1,2
L 0x1555555db66,0,1,2
L 0x1ffffffff47,0,1,2
L 0x1ffffffff46,0,1,2
L 0x1ffff5cddf6,0,1,2
L 0x1ffff5cde28,0,1,2
L 0x1ffff5cde28,0,1,2
L 0x1ffff5cddf7,0,1,2
L 0x1ffff5cddf7,0,1,2
L 0x1ffff5cddf8,0,1,2
L 0x1ffff5cddf8,0,1,2
L 0x1ffff5cddf9,0,1,2
L 0x1ffff5cddfa,0,1,2
L 0x1ffffffff43,0,1,2
L 0x1ffffffff42,0,1,2
L 0x1ffffffff41,0,1,2
L 0x1ffffffff3f,0,1,2
L 0x1ffffffff40,0,1,2
L 0x1ffff89dd8e,0,1,2
L 0x1ffff89dd92,0,1,2
L 0x1ffff89dd8e,0,1,2
L 0x1ffff89dd8f,0,1,2
L 0x15555562ba9,0,1,2
L 0x1ffffffff3e,0,1,2
L 0x1555555dc22,0,1,2
L 0x1555556288c,0,1,2
L 0x1555555ee07,0,1,2
L 0x1ffffffff45,0,1,2
L 0x1ffffffff44,0,1,2
L 0x1555555dc23,0,1,2
L 0x15555562c30,0,1,2
L 0x15555562c31,0,1,2
L 0x15555562c32,0,1,2
L 0x15555562c33,0,1,2
L 0x15555562c34,0,1,2
L 0x15555562c35,0,1,2
L 0x15555562c36,0,1,2
L 0x15555562c37,0,1,2
L 0x15555562c38,0,1,2
L 0x15555562c39,0,1,2
L 0x15555562c3a,0,1,2
L 0x15555562c3b,0,1,2
L 0x15555562c3c,0,1,2
L 0x15555562c3d,0,1,2
L 0x15555562c3e,0,1,2
L 0x15555562c3f,0,1,2
L 0x15555562c40,0,1,2
L 0x15555562c41,0,1,2
L 0x15555562c42,0,1,2
L 0x15555562c43,0,1,2
L 0x15555562c44,0,1,2
L 0x15555562c45,0,1,2
L 0x15555562c46,0,1,2
L 0x15555562c47,0,1,2
L 0x15555562c48,0,1,2
L 0x15555562c49,0,1,2
L 0x15555562c4a,0,1,2
L 0x15555562c4b,0,1,2
L 0x15555562c4c,0,1,2
L 0x15555562c4d,0,1,2
L 0x15555562c4e,0,1,2
L 0x15555562c4f,0,1,2
L 0x15555562c50,0,1,2
L 0x15555562c52,0,1,2
L 0x15555562c53,0,1,2
L 0x15555562c54,0,1,2
L 0x15555562c55,0,1,2
L 0x15555562c56,0,1,2
L 0x15555562c57,0,1,2
L 0x15555562c58,0,1,2
L 0x15555562c59,0,1,2
L 0x15555562c5a,0,1,2
L 0x15555562c5b,0,1,2
L 0x15555562c5c,0,1,2
L 0x15555562c5d,0,1,2
L 0x15555562c5e,0,1,2
L 0x15555562c5f,0,1,2
L 0x15555562c60,0,1,2
L 0x15555562c61,0,1,2
L 0x15555562c62,0,1,2
L 0x15555562c63,0,1,2
L 0x15555562c64,0,1,2
L 0x15555562c65,0,1,2
L 0x15555562c66,0,1,2
L 0x15555562c67,0,1,2
L 0x15555562c68,0,1,2
L 0x15555562c69,0,1,2
L 0x15555562c6a,0,1,2
L 0x15555562c6b,0,1,2
L 0x15555562c6c,0,1,2
L 0x15555562c6d,0,1,2
L 0x15555562c6e,0,1,2
L 0x15555562c6f,0,1,2
L 0x15555562caf,0,1,2
L 0x155555628fd,0,1,2
L 0x15555562aa4,0,1,2
L 0x155555628fd,0,1,2
L 0x15555562a75,0,1,2
L 0x1555555db9a,0,1,2
L 0x15555562cf0,0,1,3
L 0x15555562cef,0,1,3
L 0x15555562ced,0,1,3
L 0x15555562cec,0,1,3
L 0x15555562ceb,0,1,3
L 0x15555562ce9,0,1,3
L 0x15555562ce8,0,1,3
L 0x15555562ce7,0,1,3
L 0x15555562ce6,0,1,3
L 0x15555562ce5,0,1,3
L 0x15555562ce4,0,1,3
L 0x15555562ce3,0,1,3
L 0x15555562ce2,0,1,3
L 0x15555562ce1,0,1,3
L 0x15555562ce0,0,1,3
L 0x15555562cdf,0,1,3
L 0x15555562cde,0,1,3
L 0x15555562cdd,0,1,3
L 0x15555562cdc,0,1,3
L 0x15555562cdb,0,1,3
L 0x15555562cda,0,1,3
L 0x15555562cd9,0,1,3
L 0x15555562cd8,0,1,3
L 0x15555562cd4,0,1,3
L 0x15555562cd3,0,1,3
L 0x15555562cd2,0,1,3
L 0x15555562cd1,0,1,3
L 0x15555562cd0,0,1,3
L 0x15555562ccf,0,1,3
L 0x15555562cce,0,1,3
L 0x15555562ccd,0,1,3
L 0x15555562ccc,0,1,3
L 0x15555562ccb,0,1,3
L 0x15555562cca,0,1,3
L 0x15555562cc9,0,1,3
L 0x15555562cc8,0,1,3
L 0x15555562cc7,0,1,3
L 0x15555562cc6,0,1,3
L 0x15555562cc5,0,1,3
L 0x15555562cc4,0,1,3
L 0x15555562cc3,0,1,3
L 0x15555562cc2,0,1,3
L 0x15555562cc1,0,1,3
L 0x15555562cc0,0,1,3
L 0x15555562cbf,0,1,3
L 0x15555562cbe,0,1,3
L 0x15555562cbd,0,1,3
L 0x15555562cbc,0,1,3
L 0x15555562cbb,0,1,3
L 0x15555562cba,0,1,3
L 0x15555562cb8,0,1,3
L 0x15555562cb7,0,1,3
L 0x15555562cb6,0,1,3
L 0x15555562cb5,0,1,3
L 0x15555562cb4,0,1,3
L 0x15555562cb3,0,1,3
L 0x15555562cb2,0,1,3
L 0x15555562a82,0,1,2
L 0x1ffff8b129e,0,1,2
L 0x15555562b24,0,1,2
L 0x15555562b24,0,1,2
L 0x15555562aa3,0,1,2
L 0xc0001ffff897b77,0,1,2
L 0xc0001ffff897b78,0,1,2
L 0xc0001ffff897b7b,0,1,2
L 0xc0001ffff887f84,0,1,2
L 0xc0001ffff87fa0f,0,1,2
L 0xc0001ffff8c3945,0,1,2
L 0xc0001ffffdfff67,0,1,2
L 0xc0001ffffdfff67,0,1,2
L 0xc0001ffff8ba1c8,0,1,2
L 0xc0001ffff8ae548,0,1,2
L 0xc0001ffff897d08,0,1,2
L 0xc0001ffff8880cb,0,1,2
L 0xc0001ffff8c3cb4,0,1,2
L 0xc0001ffff8886a0,0,1,2
L 0xc0001ffff87fa0c,0,1,2
L 0xc0001ffff887f84,0,1,2
L 0xc0001ffff7f11a8,0,1,2
L 0xc0001ffff7f11b5,0,1,2
L 0xc0001ffff7fb0f8,0,1,2
L 0xc0001ffff7fb042,0,1,2
L 0xc0001ffff7fb040,0,1,2
L 0xc0001555555f8ef,0,1,2
L 0xc0001ffff7fb037,0,1,2
L 0xc0001555555f8f1,0,1,2
L 0xc0001ffff7fb039,0,1,2
L 0xc0001555555f8ee,0,1,2
L 0xc0001555555f8f5,0,1,2
L 0xc0001ffff7fb03a,0,1,2
L 0xc0001ffff7f1771,0,1,2
L 0xc0001555555f8f9,0,1,2
L 0xc0001555555f905,0,1,2
L 0xc0001555555f8fc,0,1,2
L 0xc0001ffff7f1761,0,1,2
L 0xc0001ffffdfff67,0,1,2
L 0xc0001ffffdfff67,0,1,2
L 0xc0001555555f8fb,0,1,2
L 0xc0001555555550e,0,1,2
L 0xc0001ffff8ba1cf,0,1,2
L 0xc0001ffff8ae557,0,1,2
L 0xc0001ffff8a0318,0,1,2
L 0xc0001ffff8880da,0,1,2
L 0xc0001ffff8c4064,0,1,2
L 0xc0001ffff8c4070,0,1,2
L 0xc0001ffff87f90d,0,1,2
L 0xc0001ffff8c3d80,0,1,2
L 0xc0001ffff8c3d8c,0,1,2
L 0xc0001ffff8c3d8b,0,1,2
L 0xc0001ffff8c3d81,0,1,2
L 0xc0001ffff87f799,0,1,2
L 0xc0001ffff87570f,0,1,2
L 0xc0001555555f088,0,1,2
L 0xc0001ffff8c3d94,0,1,2
L 0xc0001ffff8c3da0,0,1,2
L 0xc0001ffff8c3d9f,0,1,2
L 0xc0001ffff8c3d96,0,1,2
L 0xc0001ffff87541a,0,1,2
L 0xc0001ffff8c3d95,0,1,2
L 0xc0001ffff86aa97,0,1,2
L 0xc0001ffff8c3da1,0,1,2
L 0xc0001ffff8c3da3,0,1,2
L 0xc0001ffff7fb042,0,1,2
L 0xc0001555555fe55,0,1,2
L 0xc0001555555fe4e,0,1,2
L 0xc0001ffff875424,0,1,2
L 0xc0001ffff875620,0,1,2
L 0xc0001ffff87545b,0,1,2
L 0xc0001ffff897ce7,0,1,2
L 0xc0001ffff897ce4,0,1,2
L 0xc0001555555fe60,0,1,2
L 0xc0001ffff7f11a7,0,1,2
L 0xc0001555555fe60,0,1,2
L 0xc0001555555fe52,0,1,2
L 0xc0001555555fe51,0,1,2
L 0xc0001555555fe52,0,1,2
L 0xc0001555555fe55,0,1,2
L 0xc0001ffff87542b,0,1,2
L 0xc0001ffff87561f,0,1,2
L 0xc0001ffff87561e,0,1,2
L 0xc0001555555fe53,0,1,2
L 0xc0001555555fe54,0,1,2
L 0xc0001ffff87543c,0,1,2
L 0xc0001ffff875453,0,1,2
L 0xc0001ffff897cd6,0,1,2
L 0xc0001ffffdffdc2,0,1,2
L 0xc0001555555fe54,0,1,2
L 0xc0001ffff875449,0,1,2
L 0xc0001ffff875366,0,1,2
L 0x155555628fc,0,1,2
L 0x15555562ada,0,1,2
L 0x15555562ad9,0,1,2
L 0x15555562ad8,0,1,2
L 0x15555562ad7,0,1,2
L 0x15555562ad6,0,1,2
L 0x15555562ad5,0,1,2
L 0x15555562ad4,0,1,2
L 0x15555562ad3,0,1,2
L 0x15555562ad2,0,1,2
L 0x15555562ad1,0,1,2
L 0x15555562ad0,0,1,2
L 0x15555562acf,0,1,2
L 0x15555562ace,0,1,2
L 0x15555562acd,0,1,2
L 0x15555562acc,0,1,2
L 0x15555562acb,0,1,2
L 0x15555562aca,0,1,2
L 0x15555562ac9,0,1,2
L 0x15555562ac8,0,1,2
L 0x15555562ac7,0,1,2
L 0x15555562ac6,0,1,2
L 0x15555562ac5,0,1,2
L 0x15555562ac4,0,1,2
L 0x15555562ac3,0,1,2
L 0x15555562ac2,0,1,2
L 0x15555562ac1,0,1,2
L 0x15555562ac0,0,1,2
L 0x15555562abf,0,1,2
L 0x15555562abe,0,1,2
L 0x15555562abd,0,1,2
L 0x15555562abc,0,1,2
L 0x15555562abb,0,1,2
L 0x15555562aba,0,1,2
L 0x15555562ab9,0,1,2
L 0x15555562ab8,0,1,2
L 0x15555562ab7,0,1,2
L 0x15555562ab6,0,1,2
L 0x15555562ab5,0,1,2
L 0x15555562ab4,0,1,2
L 0x15555562ab3,0,1,2
L 0x15555562ab2,0,1,2
L 0x15555562ab1,0,1,2
L 0x15555562ab0,0,1,2
L 0x15555562aaf,0,1,2
L 0x15555562aae,0,1,2
L 0x15555562aad,0,1,2
L 0x15555562aac,0,1,2
L 0x15555562aab,0,1,2
L 0x15555562aaa,0,1,2
L 0x15555562aa9,0,1,2
L 0x15555562aa8,0,1,2
L 0x15555562aa7,0,1,2
L 0x15555562aa6,0,1,2
L 0x15555562aa5,0,1,2
L 0x155555628ff,0,1,2
L 0x1ffff8b129e,0,1,2
L 0x1ffffffff8b,0,1,2
L 0x1555555eaa7,0,1,2
L 0x1555555eaa6,0,1,2
L 0x1555555eaa5,0,1,2
L 0x15555562b68,0,1,3
L 0x15555562b66,0,1,3
L 0x15555562b65,0,1,3
L 0x15555562b64,0,1,3
L 0x15555562b63,0,1,3
L 0x15555562b62,0,1,3
L 0x15555562b61,0,1,3
L 0x15555562b5f,0,1,3
L 0x15555562b5b,0,1,3
L 0x15555562b5a,0,1,3
L 0x15555562b59,0,1,3
L 0x15555562b53,0,1,3
L 0x15555562b4b,0,1,3
L 0x15555562b4a,0,1,3
L 0x15555562b49,0,1,3
L 0x15555562b48,0,1,3
L 0x15555562b47,0,1,3
L 0x15555562b46,0,1,3
L 0x15555562b45,0,1,3
L 0x15555562b44,0,1,3
L 0x15555562b43,0,1,3
L 0x15555562b42,0,1,3
L 0x15555562b41,0,1,3
L 0x15555562b40,0,1,3
L 0x15555562b3f,0,1,3
L 0x15555562b3e,0,1,3
L 0x15555562b3d,0,1,3
L 0x15555562b3c,0,1,3
L 0x15555562b3b,0,1,3
L 0x15555562b3a,0,1,3
L 0x15555562b39,0,1,3
L 0x15555562b38,0,1,3
L 0x15555562b37,0,1,3
L 0x15555562b36,0,1,3
L 0x15555562b35,0,1,3
L 0x15555562b34,0,1,3
L 0x15555562b33,0,1,3
L 0x15555562b32,0,1,3
L 0x15555562b31,0,1,3
L 0x15555562b30,0,1,2
L 0x15555562b2f,0,1,2
L 0x15555562b2e,0,1,2
L 0x15555562b2d,0,1,2
L 0x15555562b2c,0,1,2
L 0x15555562b2b,0,1,2
L 0x15555562b2a,0,1,2
L 0x1ffff8b129e,0,1,2
L 0xc0001555555fe59,0,1,2
L 0xc0001555555fe4f,0,1,2
L 0xc0001555555fe4f,0,1,2
L 0xc0001ffff875451,0,1,2
L 0xc0001ffff875454,0,1,2
L 0xc0001ffff875440,0,1,2
L 0xc0001ffff8c3d98,0,1,2
L 0xc0001ffff87541c,0,1,2
L 0xc0001ffff8c3d9b,0,1,2
L 0xc0001ffff87541d,0,1,2
L 0xc0001ffff8c394e,0,1,2
L 0xc0001ffff8c3da2,0,1,2
L 0xc0001ffffdfff67,0,1,2
L 0xc0001ffffdfff67,0,1,2
L 0xc0001ffff8c394f,0,1,2
L 0xc0001ffff86af9c,0,1,2
L 0xc0001ffff8ba1cc,0,1,2
L 0xc0001ffff8a031c,0,1,2
L 0xc0001ffff8c3cb5,0,1,2
L 0xc0001ffff86af9d,0,1,2
L 0xc0001ffff875454,0,1,2
L 0xc0001ffffffff53,0,1,2
L 0xc0001ffffffff52,0,1,2
L 0xc0001ffff84b069,0,1,2
L 0xc0001ffff84b069,0,1,2
L 0xc0001ffff7fb069,0,1,2
L 0xc0001ffffffff50,0,1,2
L 0xc0001ffffffff51,0,1,2
L 0xc0001ffff84b05d,0,1,2
L 0xc0001ffffffff54,0,1,2
L 0xc0001ffffffff55,0,1,2
L 0xc0001ffffffff55,0,1,2
L 0xc0001ffffffff54,0,1,2
L 0xc0001ffff7fb041,0,1,2
L 0xc0001ffff7fb06a,0,1,2
L 0xc0001ffff7fb043,0,1,2
L 0xc0001ffff7fb0fa,0,1,2
L 0xc0001ffff7fb04c,0,1,2
L 0xc0001ffff87542c,0,1,2
L 0xc0001ffff87561d,0,1,2
L 0xc0001ffff87561e,0,1,2
L 0xc0001ffff7fb046,0,1,2
L 0xc0001ffff84b068,0,1,2
L 0xc0001555555f6f4,0,1,2
L 0xc0001ffff87544d,0,1,2
L 0xc0001ffff897bb0,0,1,2
L 0xc0001ffff897b75,0,1,2
L 0xc0001ffff84b05b,0,1,2
L 0xc0001ffff897bb1,0,1,2
L 0xc0001ffff897bb1,0,1,2
L 0xc0001ffff897bb2,0,1,2
L 0xc0001555555fe6c,0,1,2
L 0xc0001ffffffff4f,0,1,2
L 0xc0001ffffffff4d,0,1,2
L 0xc0001ffff897c25,0,1,2
L 0xc0001ffff897bb3,0,1,2
L 0xc0001ffffffff4e,0,1,2
L 0xc0001ffff897b8b,0,1,2
L 0xc0001ffff897bd2,0,1,2
L 0xc0001ffff897bb2,0,1,2
L 0xc0001555555fe6c,0,1,2
L 0xc0001ffff897c24,0,1,2
L 0xc0001555555f6f4,0,1,2
L 0xc0001ffff87544c,0,1,2
L 0xc0001ffff7fb0f6,0,1,2
L 0xc0001555555fe58,0,1,2
L 0xc0001ffffffff48,0,1,2
L 0xc0001ffffffff49,0,1,2
L 0xc0001ffff84b05d,0,1,2
L 0xc0001ffffffff47,0,1,2
L 0xc0001ffffffff46,0,1,2
L 0xc0001ffffffff44,0,1,2
L 0xc0001ffffffff45,0,1,2
L 0xc0001ffffffff43,0,1,2
L 0xc0001ffffffff42,0,1,2
L 0xc0001ffffffff41,0,1,2
L 0xc0001ffffffff40,0,1,2
L 0xc0001555555550d,0,1,2
L 0xc0001ffffffff3f,0,1,2
L 0xc0001ffff8ba1ca,0,1,2
L 0xc0001ffff8ae562,0,1,2
L 0xc0001ffff8880e5,0,1,2
L 0xc0001ffff7fb077,0,1,2
L 0xc0001ffff7fb04a,0,1,2
L 0xc0001555555dd41,0,1,2
L 0xc0001ffff7fb09b,0,1,2
L 0xc0001ffff7fb09a,0,1,2
L 0xc0001ffff7fb048,0,1,2
L 0xc0001555555fe0e,0,1,2
L 0xc0001555555fe2a,0,1,2
L 0xc0001ffff897b7f,0,1,2
L 0x1ffff8b129e,0,1,2
L 0x1ffff8b129e,0,1,2
L 0xc0001ffff7fb07d,0,1,2
L 0xc0001555555dd42,0,1,2
L 0xc0001ffff897bb5,0,1,2
L 0xc0001ffff7fb07d,0,1,2
L 0xc0001ffff7fb05c,0,1,2
L 0xc0001555555fe4d,0,1,2
L 0xc0001555555dd41,0,1,2
L 0xc0001555555dd40,0,1,2
L 0xc0001555555dd40,0,1,2
L 0xc0001555555fe4d,0,1,2
L 0xc0001ffff7fb099,0,1,2
L 0xc0001555555fe6a,0,1,2
L 0xc0001ffff7fb099,0,1,2
L 0xc0001ffffffff4b,0,1,2
L 0xc0001ffffffff4c,0,1,2
L 0xc0001ffff7f17f8,0,1,2
L 0xc0001ffff7f16ee,0,1,2
L 0xc0001ffff7f1773,0,1,2
L 0xc0001ffffffff4a,0,1,2
L 0xc0001ffff7f1765,0,1,2
L 0xc0001ffff7f1766,0,1,2
L 0xc0001ffff7fb048,0,1,2
L 0xc0001555555fe5f,0,1,2
L 0xc0001555555fe5f,0,1,2
L 0xc0001ffffffff5a,0,1,2
L 0xc0001ffff7fb050,0,1,2
L 0xc0001ffff7f1775,0,1,2
L 0xc0001555555f906,0,1,2
L 0xc0001555555550c,0,1,2
L 0xc0001ffff7f176e,0,1,2
L 0xc0001ffff8ba1ce,0,1,2
L 0xc0001ffff8ae54e,0,1,2
L 0xc0001ffff8880d1,0,1,2
L 0xc0001ffff888118,0,1,2
L 0xc0001ffff88818e,0,1,2
L 0xc0001ffff8886d7,0,1,2
L 0xc0001ffff7f176f,0,1,2
L 0xc0001ffff7f1770,0,1,2
L 0xc0001ffff7fb050,0,1,2
L 0xc0001555555fe62,0,1,2
L 0xc0001555555fe57,0,1,2
L 0xc0001555555fe58,0,1,2
L 0xc0001ffff7f119a,0,1,2
L 0xc0001ffff897b79,0,1,2
L 0xc0001ffff7f119a,0,1,2
L 0xc0001ffff897c24,0,1,2
L 0xc0001ffff7fb0f9,0,1,2
L 0xc0001ffff7fb0f9,0,1,2
L 0xc0001ffff7fb05e,0,1,2
L 0xc0001ffff86afa2,0,1,2
L 0xc0001ffff8a032f,0,1,2
L 0xc0001ffff888105,0,1,2
L 0xc0001ffff7f17e9,0,1,2
L 0xc0001ffff7f1772,0,1,2
L 0xc0001ffff7f1767,0,1,2
L 0xc0001ffff7fb043,0,1,2
L 0xc0001ffff7f1774,0,1,2
L 0xc0001ffff8ae564,0,1,2
L 0xc0001ffff8880e7,0,1,2
L 0xc0001ffffdf7d4c,0,1,2
L 0x1ffff8b129e,0,1,2
L 0x1ffff8b129e,0,1,2
L 0x1555555fe59,0,1,3
L 0x1ffffffff83,0,1,2
L 0x1ffffffff82,0,1,2
L 0x1ffffffff81,0,1,2
L 0x1ffffffff7e,0,1,2,3
L 0x1ffffffff7c,0,1,2,3
L 0x1ffffffff7b,0,1,2,3
L 0x1ffffffff7d,0,1,2,3
L 0x1ffffffff7f,0,1,2
L 0x1ffffffff69,0,1,2
L 0x1ffffffff68,0,1,2,3
L 0x1ffffffff6b,0,1,2,3
L 0x1ffffffff6a,0,1,2,3
L 0x1ffffffff66,0,1,2,3
L 0x1ffffffff65,0,1,2,3
L 0x1ffffffff67,0,1,2
L 0x1ffffffff80,0,1,3
L 0x1555555fccb,0,1,3
L 0x15555562877,0,1,3
L 0x15555562875,0,1,3
L 0x15555562875,0,1,3
L 0x1ffff400000,0,1,2
L 0x1555555da00,0,1,3
L 0x1ffff400000,0,1,2
L 0x1ffff400002,0,1,2
L 0x1ffff400022,0,1,2
L 0x1ffff4007b5,0,1,2
L 0x1ffff4007b9,0,1,2
L 0x1ffff400002,0,1,2
L 0x1ffff4007b9,0,1,2
L 0x1555555ee04,0,1,3
L 0x1ffff8b12b9,0,1,3
L 0x1555555eda4,0,1,3
L 0x1555555eda4,0,1,3
L 0x1ffff8b12b9,0,1,3
L 0x1ffff8b115c,0,1,3
L 0x40001ffffffff5a,0,1,2
L 0x40001ffff84b069,0,1,2
L 0x40001ffff84b069,0,1,2
L 0x40001ffffffff5b,0,1,2
L 0x40001ffffffff5c,0,1,2
L 0x40001555555f18e,0,1,2
L 0x40001555555f18c,0,1,2
L 0x40001555555f18c,0,1,2
L 0x40001555555f195,0,1,2
L 0x40001ffffffff5e,0,1,2
L 0x40001ffffffff5c,0,1,2
L 0x40001555555f18f,0,1,2
L 0x40001ffffffff5b,0,1,2
L 0x40001555555f18b,0,1,2
L 0x40001555555dd40,0,1,2
L 0x40001555555dd46,0,1,2
L 0x40001555555dd46,0,1,2
L 0x40001555555dd40,0,1,2
L 0x40001ffffffff59,0,1,2
L 0x40001ffffffff58,0,1,2
L 0x40001ffffffff5d,0,1,2
L 0x40001ffffffff5d,0,1,2
L 0x40001555555dd41,0,1,2
L 0x40001555555ff24,0,1,2
L 0x40001555555dd41,0,1,2
L 0x40001555555ff24,0,1,2
L 0x40001555555ff25,0,1,2
L 0x40001ffffffff65,0,1,2
L 0x40001ffff6000be,0,1,2
L 0x40001ffff600000,0,1,2
L 0x40001ffff6000be,0,1,2
L 0x40001ffffffff62,0,1,2
L 0x40001ffffffff63,0,1,2
L 0x40001ffffffff63,0,1,2
L 0x40001ffffffff62,0,1,2
L 0x40001ffffffff64,0,1,2
L 0x40001ffffffff64,0,1,2
L 0x40001ffff87f7f3,0,1,2
L 0x40001ffff84b05d,0,1,2
L 0x40001ffffffff57,0,1,2
L 0x40001ffffffff55,0,1,2
L 0x40001ffffffff52,0,1,2
L 0x40001ffffffff53,0,1,2
L 0x40001ffffffff51,0,1,2
L 0x40001ffff8a0339,0,1,3
L 0x40001ffff8880db,0,1,3
L 0x40001ffff803240,0,1,2
L 0x40001ffffffff50,0,1,2
L 0x40001ffff7fb207,0,1,2
L 0x40001ffff8756d5,0,1,2
L 0x40001555555ff0a,0,1,2
L 0x40001555555ff0a,0,1,2
L 0x40001ffffffff3e,0,1,2
L 0x40001ffffffff40,0,1,2
L 0x40001ffffffff3b,0,1,2
L 0x40001ffffffff3c,0,1,2
L 0x40001ffffffff3d,0,1,2
L 0x40001ffffffff3f,0,1,2
L 0x40001ffffffff41,0,1,2
L 0x40001555555ff16,0,1,2
L 0x40001555555ff17,0,1,2
L 0x40001ffff7fb049,0,1,2
L 0x40001ffffffff60,0,1,2
L 0x40001ffffffff61,0,1,2
L 0x40001ffff897bb1,0,1,2
L 0x40001ffff897bb1,0,1,2
L 0x40001ffff897bb2,0,1,2
L 0x40001555555ff44,0,1,2
L 0x40001ffff897bb2,0,1,2
L 0x40001555555ff44,0,1,2
L 0x40001555555f18e,0,1,2
L 0x40001555555f192,0,1,2
L 0x40001555555fe52,0,1,2
L 0x40001ffff87561e,0,1,2
L 0x40001555555fe60,0,1,2
L 0x40001555555fe60,0,1,2
L 0x40001555555fe52,0,1,2
L 0x40001555555fe5f,0,1,2
L 0x40001555555fe5f,0,1,2
L 0x40001555555fe58,0,1,2
L 0x40001555555fe56,0,1,2
L 0x40001555555fe56,0,1,2
L 0x80001ffff7f11f5,0,1,3
L 0x80001ffff7f1228,0,1,3
L 0x80001ffff7f1228,0,1,3
L 0x80001ffff7f11f6,0,1,3
L 0x80001ffff7f11f6,0,1,3
L 0x80001ffff7f121c,0,1,3
L 0x80001555555fe60,0,1,2
L 0x80001ffff7f1227,0,1,3
L 0x80001555555fe60,0,1,2
L 0x80001555555fe53,0,1,3
L 0x80001555555f6f4,0,1,3
L 0x80001555555fe62,0,1,3
L 0x80001555555fe57,0,1,3
L 0x80001555555fe58,0,1,2,3
L 0x80001555555fe52,0,1,2
L 0x80001ffff7f11f4,0,1,3
L 0x80001555555fe52,0,1,2
L 0x80001555555fe56,0,1,2
L 0x80001555555fe5f,0,1,2
L 0x80001555555ff27,0,1,2
L 0x80001555555fe5f,0,1,2
L 0x80001ffff7f11f7,0,1,3
L 0x80001555555fe55,0,1,2,3
L 0x80001ffff7f11f7,0,1,3
L 0x80001ffff87561e,0,1,2
L 0x80001555555fe54,0,1,3
L 0x80001ffff7f11f8,0,1,3
L 0x80001555555ff29,0,1,2
L 0x80001555555ff28,0,1,2
L 0x80001555555ff29,0,1,2
L 0x80001ffff87561e,0,1,2
L 0x80001555555ff30,0,1,2
L 0x80001ffff7f11f1,0,1,3
L 0x80001ffff7fb06b,0,1,3
L 0x80001ffff88ec84,0,1,3
L 0x80001555555ff2c,0,1,2
L 0x80001555555f172,0,1,3
L 0x80001555555f173,0,1,3
L 0x80001ffff7f11f3,0,1,3
L 0x80001ffff7f11f2,0,1,3
L 0x80001ffff7f11ef,0,1,3
L 0x80001ffff7f11ee,0,1,3
L 0x80001555555f179,0,1,3
L 0x80001555555f92e,0,1,3
L 0x80001ffff7fb206,0,1,3
L 0x80001ffff7f2d0c,0,1,3
L 0x80001ffff7fb10e,0,1,3
L 0x80001ffff7f11f0,0,1,3
L 0x80001ffff7fb10f,0,1,3
L 0x80001555555fd7e,0,1,3
L 0x80001555555fd7f,0,1,3
L 0x80001555555fd7b,0,1,3
L 0x80001555555fd7c,0,1,3
L 0x80001ffff81bb00,0,1,3
L 0x80001ffff81bb00,0,1,3
L 0x80001555555fdcb,0,1,3
L 0x80001555555fd8b,0,1,3
L 0x80001ffff81be40,0,1,3
L 0x80001ffff7fb044,0,1,3
L 0x80001ffff7fb042,0,1,3
L 0x80001555555f90a,0,1,3
L 0x80001ffff7f11ed,0,1,3
L 0x80001555555f0d2,0,1,3
L 0x80001ffff60007b,0,1,3
L 0x80001ffff81be44,0,1,3
L 0x80001ffff6000bc,0,1,2
L 0x80001ffff7fb110,0,1,3
L 0x80001ffff60003b,0,1,3
L 0x80001ffff757c80,0,1,3
L 0x80001ffff60007c,0,1,3
L 0x80001ffff747c80,0,1,3
L 0x80001ffff7f2d6c,0,1,3
L 0x80001ffff7f2d6d,0,1,3
L 0x80001ffff88ec86,0,1,3
L 0x80001ffff747c81,0,1,3
L 0x80001ffff747c82,0,1,3
L 0x80001ffff747c83,0,1,3
L 0x80001ffff747c84,0,1,3
L 0x80001ffff747c85,0,1,3
L 0x80001ffff747c86,0,1,3
L 0x80001ffff747c87,0,1,3
L 0x80001ffff747d03,0,1,3
L 0x80001ffff747d04,0,1,3
L 0x80001ffff7fb04b,0,1,3
L 0x80001ffff757c81,0,1,3
L 0x80001ffff747d0a,0,1,3
L 0x80001ffff747d0b,0,1,3
L 0x80001ffff747d0c,0,1,3
L 0x80001ffff747d0d,0,1,3
L 0x80001ffff7f11eb,0,1,3
L 0x80001ffff7f11ec,0,1,3
L 0x80001555555fe0f,0,1,3
L 0x80001555555fe36,0,1,3
L 0x80001ffff7f11e8,0,1,3
L 0x80001ffff7f11e9,0,1,3
L 0x80001555555fe0d,0,1,3
L 0x80001555555fe21,0,1,3
L 0x80001ffff7f2ca2,0,1,3
L 0x80001555555fe0e,0,1,3
L 0x80001555555fe28,0,1,3
L 0x80001ffff7f121a,0,1,3
L 0x80001ffff600024,0,1,3
L 0x80001555555fe6e,0,1,3
L 0x80001ffff600023,0,1,3
L 0x80001ffff600023,0,1,3
L 0x80001555555fe6e,0,1,3
L 0x80001ffff7f2c45,0,1,3
L 0x80001555555ff2b,0,1,2
L 0x80001555555f18e,0,1,2
L 0x80001ffff600000,0,1,2,3
L 0x80001ffff600002,0,1,3
L 0x80001ffff600022,0,1,3
L 0x80001ffff6000bd,0,1,3
L 0x80001ffff600002,0,1,3
L 0x80001ffff6000bd,0,1,3
L 0x80001555555f195,0,1,2
L 0x80001555555ff2a,0,1,2
L 0x80001555555ff26,0,1,2
L 0x80001ffff600029,0,1,3
L 0x80001ffff600029,0,1,3
L 0x80001ffff7f11f9,0,1,3
L 0x80001ffff87544c,0,1,3
L 0x80001ffff7f11fa,0,1,3
L 0x80001ffff7f11fb,0,1,3
L 0x80001ffff7fb0f8,0,1,3
L 0x80001ffff7f11fb,0,1,3
L 0x80001ffff7f11fa,0,1,3
L 0x80001555555fe51,0,1,3
L 0x80001555555fe54,0,1,3
L 0x80001ffff875366,0,1,3
L 0x80001555555fe4f,0,1,3
L 0x80001555555fe4f,0,1,3
L 0x1ffffffff87,0,1,2
L 0x1ffff88df94,0,1,2
L 0x1ffff88df94,0,1,2
L 0x1ffffffff88,0,1,2
L 0x1555555ee09,0,1,2
L 0x1ffffffff88,0,1,2
L 0x1555555ece5,0,1,2
L 0x1555555ece5,0,1,2
L 0x1ffff8b11f1,0,1,2
L 0x1ffff8b11eb,0,1,2
L 0x1ffff8b11eb,0,1,2
L 0x1ffff8b11f1,0,1,2
L 0x1555555eaa5,0,1,2
L 0x1555555ee07,0,1,2
L 0x1555555da96,0,1,2
L 0x1555556288d,0,1,2
L 0x1555556288c,0,1,2
L 0x1555556288d,0,1,2
L 0x1555555ee05,0,1,2
L 0x1ffffffff86,0,1,2
L 0x1555555ee05,0,1,2
L 0x1555556288b,0,1,2
L 0x1555555ee0f,0,1,2
L 0x1555555ee0f,0,1,2
L 0x1555555ee08,0,1,2
L 0x1555555eaa6,0,1,2
L 0x15555562a7a,0,1,2
L 0x15555562a76,0,1,2
L 0x15555562a75,0,1,2
L 0x15555562a76,0,1,2
L 0x15555562a74,0,1,2
L 0x1555555eaa7,0,1,2
L 0x1555555db66,0,1,2
L 0x15555562900,0,1,2
L 0x155555628ff,0,1,2
L 0x15555562900,0,1,2
L 0x155555628fe,0,1,2
L 0x1ffffffff89,0,1,2
L 0x1555555ee08,0,1,2
L 0x1ffffffff89,0,1,2
L 0x1ffff8b129e,0,1,2
L 0x1ffffffff85,0,1,2
L 0x1ffffffff8a,0,1,2
L 0x15555562a72,0,1,2
L 0x1555555ee0c,0,1,2
L 0x1555555dc21,0,1,2
L 0x1555555dc21,0,1,2
L 0x1555555da96,0,1,2
L 0x1555555ee0c,0,1,2
L 0x1555555dc22,0,1,2
L 0x15555562a87,0,1,2
L 0x15555562a87,0,1,2
L 0x1ffff8b129e,0,1,2
L 0x1555555ee09,0,1,2
L 0x1ffffffff47,0,1,2
L 0x1ffffffff46,0,1,2
L 0x80001ffffffff5a,0,1,2
L 0x80001ffff84b069,0,1,2
L 0x80001ffff84b069,0,1,2
L 0x80001ffffffff5b,0,1,2
L 0x80001ffffffff5c,0,1,2
L 0x80001ffff84b05d,0,1,2
L 0x80001555555f18c,0,1,2
L 0x80001555555f18c,0,1,2
L 0x80001ffffffff5e,0,1,2
L 0x80001ffffffff5c,0,1,2
L 0x80001555555f18f,0,1,2
L 0x80001ffffffff5b,0,1,2
L 0x80001555555f18b,0,1,2
L 0x80001555555dd40,0,1,2
L 0x80001555555dd46,0,1,2
L 0x80001555555dd46,0,1,2
L 0x80001555555dd40,0,1,2
L 0x80001ffffffff59,0,1,2
L 0x80001ffffffff58,0,1,2
L 0x80001ffffffff5d,0,1,2
L 0x80001ffff87548a,0,1,2
L 0x80001ffffffff5d,0,1,2
L 0x80001555555dd41,0,1,2
L 0x80001555555ff24,0,1,2
L 0x80001555555dd41,0,1,2
L 0x80001555555ff24,0,1,2
L 0x80001555555ff25,0,1,2
L 0x80001ffffffff65,0,1,2
L 0x80001ffff7f2c2c,0,1,2
L 0x80001ffffffff62,0,1,2
L 0x80001ffffffff63,0,1,2
L 0x80001ffffffff63,0,1,2
L 0x80001ffff803242,0,1,2
L 0x80001ffffffff62,0,1,2
L 0x80001ffff86cb9e,0,1,2
L 0x80001ffffffff64,0,1,2
L 0x80001ffff80323f,0,1,2
L 0x80001ffff803240,0,1,2
L 0x80001ffff87f7f4,0,1,2
L 0x80001555555ff0a,0,1,2
L 0x80001555555ff0a,0,1,2
L 0x80001ffffffff51,0,1,2
L 0x80001ffffffff53,0,1,2
L 0x80001ffffffff55,0,1,2
L 0x80001555555ff16,0,1,3
L 0x80001ffffffff50,0,1,2
L 0x80001ffffffff3e,0,1,2
L 0x80001ffffffff40,0,1,2
L 0x80001ffffffff3b,0,1,2
L 0x80001ffffffff3c,0,1,2
L 0x80001ffffffff3d,0,1,2
L 0x80001555555ff17,0,1,3
L 0x80001ffffffff3f,0,1,2
L 0x80001ffffffff41,0,1,2
L 0x80001555555ff18,0,1,3
L 0x80001555555ff19,0,1,3
L 0x80001555555ff08,0,1,3
L 0x80001ffff7fb056,0,1,2
L 0x80001ffffffff5f,0,1,2
L 0x80001ffffffff60,0,1,2
L 0x80001555555f18f,0,1,2
L 0x80001555555f190,0,1,2
L 0x80001555555f191,0,1,2
L 0x80001555555f194,0,1,2
L 0x80001555555f192,0,1,2
L 0x80001555555f193,0,1,2
L 0x80001ffff897bb1,0,1,2
L 0x80001ffff897bb1,0,1,2
L 0x80001ffff897bb2,0,1,2
L 0x80001ffff897bb2,0,1,2
L 0x80001555555ff30,0,1,2
L 0x80001ffff7fb050,0,1,2
L 0xc0001ffff7ac7fe,0,1,3
L 0xc0001ffff7ac7fe,0,1,3
L 0xc0001ffff7ac81c,0,1,3
L 0xc0001ffff7ac834,0,1,3
L 0xc0001ffff7ac819,0,1,3
L 0xc0001ffff897b78,0,1,3
L 0xc0001ffff7ac828,0,1,3
L 0xc0001ffff7ac835,0,1,3
L 0xc0001555555fee9,0,1,3
L 0xc0001555555fee6,0,1,3
L 0xc0001555555fef2,0,1,3
L 0xc0001555555feeb,0,1,3
L 0xc0001ffff875424,0,1,3
L 0xc0001ffff875620,0,1,3
L 0xc0001ffff87545b,0,1,3
L 0xc0001ffff897ce7,0,1,3
L 0xc0001555555fef7,0,1,3
L 0xc0001ffff7ac827,0,1,3
L 0xc0001555555fef7,0,1,3
L 0xc0001555555feef,0,1,3
L 0xc0001555555feee,0,1,3
L 0xc0001555555feef,0,1,3
L 0xc0001555555fef2,0,1,3
L 0xc0001ffff87561e,0,1,3
L 0xc0001555555fef0,0,1,3
L 0xc0001555555fef1,0,1,3
L 0xc0001555555ff02,0,1,3
L 0xc0001ffff897cd6,0,1,3
L 0xc0001555555fee8,0,1,3
L 0xc0001555555fef1,0,1,3
L 0xc0001ffff875368,0,1,3
L 0xc0001555555fef6,0,1,3
L 0xc0001ffff897b7f,0,1,3
L 0xc0001ffff7ac81a,0,1,3
L 0xc0001ffff897c24,0,1,3
L 0xc0001ffff7ac81a,0,1,3
L 0xc0001ffff897bd2,0,1,3
L 0xc0001ffff897bd2,0,1,3
L 0xc0001555555fef6,0,1,3
L 0xc0001ffff87544f,0,1,3
L 0xc0001555555fefe,0,1,3
L 0xc0001ffff8c3d95,0,1,3
L 0xc0001ffff8c3d98,0,1,3
L 0xc0001ffff8c3d94,0,1,3
L 0xc0001ffff8c3d9b,0,1,3
L 0xc0001ffff8c3d9f,0,1,3
L 0xc0001ffff7ac81c,0,1,3
L 0xc0001ffffdfff67,0,1,3
L 0xc0001ffffdfff67,0,1,3
L 0xc0001ffff8880db,0,1,2
L 0xc0001ffff875454,0,1,2,3
L 0x1ffff612075,0,1,2
L 0x1ffff612076,0,1,2
L 0x1ffff612076,0,1,2
S 0x1555556293d,0,1,0
S 0x1555556293d,0,1,0
S 0x155555620fc,0,1,0
S 0x155555620fc,0,1,0
S 0x155555620f6,0,1,0
L 0x1ffff612074,0,1,2
S 0x155555620f6,0,1,0
S 0x155555620fa,0,1,0
S 0x15555562103,0,1,0
S 0x1ffff200047,0,1,0
S 0x15555562103,0,1,0
S 0x155555620f9,0,1,0,2
S 0x1ffff8b129e,0,1,0
L 0x1ffff612078,0,1,2
S 0x1ffff200049,0,1,0
S 0x1ffff200048,0,1,0
S 0x1ffff200049,0,1,0
S 0x1ffff8b129e,0,1,0
S 0x1ffff20004d,0,1,0
L 0x1ffff612073,0,1,2
L 0x1ffff612070,0,1,2
L 0x1ffff61206f,0,1,2
L 0x1ffff61206d,0,1,2
L 0x1ffff61206c,0,1,2
L 0x1ffff612071,0,1,2
L 0x1ffff61206e,0,1,2
L 0x1ffff61206b,0,1,2
L 0x1ffff40001b,0,1,2
L 0x1ffff40001b,0,1,2
L 0x1ffff40081e,0,1,2
L 0x1ffff40081e,0,1,2
L 0x1ffff612072,0,1,2
L 0x1ffff4006bb,0,1,3
L 0x1ffff4006bc,0,1,3
L 0x1ffff400025,0,1,2
L 0x1ffff4007b6,0,1,2
L 0x1ffff400025,0,1,2
L 0x1ffff4007b6,0,1,2
L 0x1ffff4007b7,0,1,2
L 0x1ffff4007b8,0,1,2
S 0x1555555ee05,0,1,0
S 0x1ffff8b129e,0,1,0
S 0x1555555ee09,0,1,0
S 0x1555555ece5,0,1,0
S 0x1555555ece5,0,1,0
S 0x1555555ee05,0,1,0
S 0x1555555ee0f,0,1,0
S 0x1555555ee0f,0,1,0
S 0x1555555ee08,0,1,0
L 0x1555555ee0b,0,1,2
S 0x1555555ee09,0,1,0
S 0x1ffff625a4c,0,1,0
L 0x1ffff4007b2,0,1,2
S 0x1ffff200000,0,1,0
L 0x1ffff612079,0,1,2
L 0x40001ffffffff5a,0,1,2
L 0x40001ffff84b069,0,1,2
L 0x40001ffff84b069,0,1,2
L 0x40001ffffffff5b,0,1,2
L 0x40001ffffffff5c,0,1,2
L 0x40001555555f18e,0,1,2
L 0x40001555555f18c,0,1,2
L 0x40001555555f18c,0,1,2
L 0x40001555555f195,0,1,2
L 0x40001ffffffff5e,0,1,2
L 0x40001ffffffff5c,0,1,2
L 0x40001555555f18f,0,1,2
L 0x40001ffffffff5b,0,1,2
L 0x40001555555dd40,0,1,2
L 0x40001555555dd46,0,1,2
L 0x40001555555dd46,0,1,2
L 0x40001555555dd40,0,1,2
L 0x40001ffffffff59,0,1,2
L 0x40001ffffffff58,0,1,2
L 0x40001ffffffff5d,0,1,2
L 0x40001ffffffff5d,0,1,2
L 0x40001555555dd41,0,1,2
L 0x40001555555ff24,0,1,2
L 0x40001555555dd41,0,1,2
L 0x40001555555ff24,0,1,2
L 0x40001555555ff25,0,1,2
L 0x40001ffffffff65,0,1,2
L 0x40001ffff6000bf,0,1,2
L 0x40001ffff600000,0,1,2
L 0x40001ffff6000bf,0,1,2
L 0x40001ffffffff62,0,1,2
L 0x40001ffffffff63,0,1,2
L 0x40001ffffffff63,0,1,2
L 0x40001ffffffff62,0,1,2
L 0x40001ffffffff64,0,1,2
L 0x40001ffffffff64,0,1,2
L 0x40001ffff87f7f4,0,1,2
L 0x40001ffffffff66,0,1,2
L 0x40001555555ff0a,0,1,2
L 0x40001555555ff0a,0,1,2
L 0x40001ffffffff57,0,1,2
L 0x40001ffffffff56,0,1,2
L 0x40001ffffffff54,0,1,2
L 0x40001ffffffff51,0,1,2
L 0x40001ffffffff53,0,1,2
L 0x40001ffffffff52,0,1,2
L 0x40001ffffffff55,0,1,2
L 0x40001555555ff0e,0,1,2
L 0x40001ffffffff50,0,1,2
L 0x40001ffffffff3e,0,1,2
L 0x40001ffffffff40,0,1,2
L 0x40001ffffffff3b,0,1,2
L 0x40001ffffffff3c,0,1,2
L 0x40001ffffffff3d,0,1,2
L 0x40001555555ff0f,0,1,2
L 0x40001ffffffff3f,0,1,2
L 0x40001ffffffff41,0,1,2
L 0x40001555555ff10,0,1,2
L 0x40001555555ff11,0,1,2
L 0x40001ffffffff5f,0,1,2
L 0x40001ffffffff60,0,1,2
L 0x40001ffffffff61,0,1,2
L 0x40001ffff897bb1,0,1,2
L 0x40001ffff897bb1,0,1,2
L 0x40001ffff897bb2,0,1,2
L 0x40001555555ff62,0,1,2
L 0x40001ffff897bb2,0,1,2
L 0x40001555555ff62,0,1,2
L 0x40001555555f18e,0,1,2
L 0x40001555555f18f,0,1,2
L 0x40001555555f190,0,1,2
L 0x40001555555f191,0,1,2
L 0x40001555555f194,0,1,2
L 0x40001555555f192,0,1,2
L 0x40001555555f193,0,1,2
L 0x40001555555f195,0,1,2
L 0x40001555555fe52,0,1,2
L 0x40001ffff87561e,0,1,2
L 0x40001555555fe60,0,1,2
L 0x40001555555fe60,0,1,2
L 0x40001555555fe52,0,1,2
L 0x40001555555fe5f,0,1,2
L 0x40001555555fe5f,0,1,2
L 0x40001555555fe58,0,1,2
L 0x40001555555fe56,0,1,2
L 0x40001555555fe56,0,1,2
L 0x40001ffff7f11f5,0,1,2
L 0x40001ffff7f1228,0,1,2
L 0x40001ffff7f1228,0,1,2
L 0x40001ffff7f11f6,0,1,2
L 0x40001ffff7f11f6,0,1,2
L 0x40001555555fe58,0,1,2
L 0x40001ffff7f11f4,0,1,2
L 0x40001ffff7f11f7,0,1,2
L 0x40001ffff7f11f7,0,1,2
L 0x40001ffff875449,0,1,2
L 0x40001555555fe54,0,1,2
L 0x40001ffff7f11f8,0,1,2
L 0x40001ffff7f11f1,0,1,2
L 0x40001ffff7f11f3,0,1,2
L 0x40001ffff7f11f2,0,1,2
L 0x40001ffff7f11ef,0,1,2
L 0x40001ffff7f11ee,0,1,2
L 0x40001ffff7fb208,0,1,2
L 0x40001ffff7f11f0,0,1,2
L 0x40001555555fd7f,0,1,2
L 0x40001555555fd83,0,1,2
L 0x40001555555fd7c,0,1,2
L 0x40001ffff81bb00,0,1,2
L 0x40001ffff81bb00,0,1,2
L 0x40001555555fd8b,0,1,2
L 0x40001ffff7f11ed,0,1,2
L 0x40001ffff757d80,0,1,2
L 0x40001ffff747d80,0,1,2
L 0x40001ffff747d81,0,1,2
L 0x40001ffff747d82,0,1,2
L 0x40001ffff747d83,0,1,2
L 0x40001ffff747d87,0,1,2
L 0x40001ffff7f11eb,0,1,2
L 0x40001ffff7f11ec,0,1,2
L 0x40001ffff7f11e8,0,1,2
L 0x40001ffff7f11e9,0,1,2
L 0x40001ffff600000,0,1,2
L 0x40001ffff600002,0,1,2
L 0x40001ffff600022,0,1,2
L 0x40001ffff600002,0,1,2
L 0x40001555555fe6e,0,1,2
L 0x40001555555fe6e,0,1,2
L 0x40001ffff600022,0,1,2
L 0x40001ffff600029,0,1,2
L 0x40001ffff600029,0,1,2
L 0x40001ffff7f11f9,0,1,2
L 0x40001ffff7f11fa,0,1,2
L 0x40001ffff7f11fb,0,1,2
L 0x40001ffff7f11fb,0,1,2
L 0x40001ffff7f11fa,0,1,2
L 0x40001555555fe54,0,1,2
L 0x40001555555fe4f,0,1,2
L 0x40001555555fe4f,0,1,2
L 0x40001555555ff58,0,1,2
L 0x40001555555dd45,0,1,2
L 0x40001555555dd45,0,1,2
L 0x40001ffff84b05d,0,1,2
L 0x40001ffff6000be,0,1,2
L 0x40001ffff6000be,0,1,2
L 0x40001ffff6000bc,0,1,2
L 0x40001ffff897bb3,0,1,2
L 0x40001ffff8a0328,0,1,3
L 0x40001ffff84b05a,0,1,2
