L 0x1ffff61207e,0,2,0
L 0x1ffff61207e,0,2,0
L 0x1ffff61209c,0,2,0
L 0x1ffff6120b4,0,2,0
L 0x1ffff612099,0,2,0
S 0x1ffff8a65c7,0,2,1
S 0x1ffff89dd95,0,2,1
S 0x1ffff89dc97,0,2,1
L 0x1ffff61209a,0,2,0
S 0x1ffff8a65c4,0,2,1
L 0x1ffff6120a8,0,2,0
L 0x1ffff6120b5,0,2,0
L 0x1ffff625af8,0,2,0
L 0x1ffff625a42,0,2,0
L 0x1ffff625a40,0,2,0
L 0x1555556205b,0,2,0
L 0x1ffff625a37,0,2,0
L 0x1555556205d,0,2,0
L 0x1ffff625a39,0,2,0
L 0x1ffff61c1e6,0,2,0
L 0x15555562059,0,2,0
L 0x15555562060,0,2,0
L 0x1ffff625a3a,0,2,0
L 0x1ffff61c171,0,2,0
L 0x15555562065,0,2,0
L 0x1555556206d,0,2,0
L 0x1ffff61209c,0,2,0
L 0x15555562067,0,2,0
L 0x1ffff61c161,0,2,0
L 0x1ffffdfff67,0,2,0
L 0x1ffffdfff67,0,2,0
L 0x1ffffdfff90,0,2,0
L 0x1ffff8a6717,0,2,0
L 0x1ffff8c3321,0,2,0
L 0x1ffff8c3323,0,2,0
L 0x1ffff625a42,0,2,0
L 0x155555620f9,0,2,0
L 0x155555620f2,0,2,0
L 0x1ffff8b10a4,0,2,0
L 0x1ffff8b12a0,0,2,0
L 0x1ffff8b10db,0,2,0
L 0x1555556293e,0,2,0
L 0x1ffff6120a7,0,2,0
L 0x1555556293d,0,2,0
L 0x1555556293d,0,2,0
L 0x155555620f6,0,2,0
L 0x155555620f5,0,2,0
L 0x155555620f6,0,2,0
L 0x155555620f9,0,2,0
L 0x1ffff8b10ab,0,2,0
L 0x1ffff8b129f,0,2,0
L 0x1ffff8b10c0,0,2,0
L 0x1ffff8c3318,0,2,0
L 0x1ffff8b109c,0,2,0
L 0x1ffff8c331b,0,2,0
L 0x1ffff8b109d,0,2,0
L 0x1ffff8c3322,0,2,0
L 0x1ffffdfff85,0,2,0
L 0x1ffff8b1d8e,0,2,0
L 0x1ffff8a670e,0,2,0
L 0x1ffff8c3334,0,2,0
L 0x1ffff88e22a,0,2,0
L 0x1ffff8a6c1d,0,2,0
L 0x1ffff8c3337,0,2,0
L 0x1ffff8b129e,0,2,0
L 0x155555620f7,0,2,0
L 0x155555620f8,0,2,0
L 0x1ffff8b10bc,0,2,0
L 0x1ffff8b10d3,0,2,0
L 0x1ffff89de96,0,2,0
L 0x1ffffdffdc2,0,2,0
L 0x155555620f8,0,2,0
L 0x1ffff8b10c9,0,2,0
L 0x1ffff8b0fe6,0,2,0
L 0x155555620fd,0,2,0
L 0x155555620f3,0,2,0
L 0x155555620f3,0,2,0
L 0x1ffff8b10d1,0,2,0
L 0x1ffff8b10d4,0,2,0
L 0x1ffff88e227,0,2,0
L 0x1ffffdfff67,0,2,0
L 0x1ffffdfff67,0,2,0
L 0x1ffff8a6c1c,0,2,0
L 0x1ffff8b1d8c,0,2,0
L 0x1ffff8a670c,0,2,0
L 0x1ffff89df4a,0,2,0
L 0x1ffff8c3348,0,2,0
L 0x1ffff88e29f,0,2,0
L 0x1ffff88e303,0,2,0
L 0x1ffff88e232,0,2,0
L 0x1ffff8c334b,0,2,0
L 0x1ffff8b10d4,0,2,0
L 0x1ffff89dea7,0,2,0
L 0x1555556293e,0,2,0
L 0x1555556293d,0,2,0
L 0x1555556293d,0,2,0
L 0x155555620fc,0,2,0
L 0x155555620fc,0,2,0
L 0x155555620f6,0,2,0
L 0x155555620f6,0,2,0
L 0x155555620fa,0,2,0
L 0x15555562103,0,2,0
L 0x1555555eb26,0,2,0
L 0x15555562103,0,2,0
L 0x155555620f9,0,2,0
L 0x1ffff8b129e,0,2,0
L 0x1555555eb28,0,2,0
L 0x1555555eb27,0,2,0
L 0x1555555eb28,0,2,0
L 0x1ffff8b10ac,0,2,0
L 0x1ffff8b129d,0,2,0
L 0x1ffff8b129e,0,2,0
L 0x1ffff8b10d1,0,2,0
L 0x1555555eb2c,0,2,0
L 0x1ffff625a4a,0,2,0
L 0x1ffff89dd70,0,2,0
L 0x1ffff89dd35,0,2,0
L 0x1ffff89dde4,0,2,0
L 0x1ffff89dd39,0,2,0
L 0x1ffff89dde4,0,2,0
L 0x1ffff89dd92,0,2,0
L 0x1ffff89dd92,0,2,0
L 0x1ffff89dde5,0,2,0
L 0x1ffff89dd4b,0,2,0
L 0x1ffff625a5e,0,2,0
L 0x1ffff625a5c,0,2,0
L 0x1ffff625a99,0,2,0
L 0x1555555da64,0,2,0
L 0x1ffff625a99,0,2,0
L 0x1ffff625a5d,0,2,0
L 0x155555628ca,0,2,0
L 0x1ffff625a41,0,2,0
L 0x1555555eb29,0,2,0
L 0x1555555da65,0,2,0
L 0x1555555eb2d,0,2,0
L 0x15555562263,0,2,0
L 0x15555562262,0,2,0
L 0x1ffff625a3e,0,2,0
L 0x1555555d9b9,0,2,0
L 0x1555556225d,0,2,0
L 0x1555556225d,0,2,0
L 0x1ffff625a58,0,2,0
L 0x15555562270,0,2,0
L 0x15555562261,0,2,0
L 0x1ffff89dde3,0,2,0
L 0x1ffff625a8b,0,2,0
L 0x1555556223e,0,2,0
L 0x1555556293d,0,2,0
L 0x1555556293d,0,2,0
L 0x155555620fa,0,2,0
L 0x155555620f9,0,2,0
L 0x155555620f6,0,2,0
L 0x15555562103,0,2,0
L 0x155555620fc,0,2,0
L 0x155555620f6,0,2,0
L 0x1555555dbc6,0,2,0
L 0x15555562103,0,2,0
L 0x155555620fa,0,2,0
L 0x1ffff8a6afe,0,2,0
L 0x1ffffdfff67,0,2,0
L 0x1ffffdfff67,0,2,0
L 0x1ffff89e038,0,2,0
L 0x1ffff8c3337,0,2,0
L 0x1ffff8a66d0,0,2,0
L 0x1555555dbc8,0,2,0
L 0x1555555dbc7,0,2,0
L 0x1555555dbc8,0,2,0
L 0x15555561bd1,0,2,0
L 0x1ffff8b129e,0,2,0
L 0x1555555dbcc,0,2,0
L 0x1ffff625a48,0,2,0
L 0x1ffff88e372,0,2,0
L 0x1ffffdfff20,0,2,0
L 0x1ffffdfff1f,0,2,0
L 0x1ffff625a48,0,2,0
L 0x1555555dbcd,0,2,0
L 0x1555555fdd9,0,2,0
L 0x1555555fdd4,0,2,0
L 0x1555555fdd4,0,2,0
L 0x1555555fdd8,0,2,0
L 0x15555561bd2,0,2,0
L 0x15555561bd2,0,2,0
L 0x1555555dabc,0,2,0
L 0x15555561bd3,0,2,0
L 0x15555561bd7,0,2,0
L 0x15555561bd8,0,2,0
L 0x1555555eaf7,0,2,0
L 0x1555555eaf2,0,2,0
L 0x1555555eaf2,0,2,0
L 0x1555555eaf6,0,2,0
L 0x15555561bd0,0,2,0
L 0x1555555dabe,0,2,0
L 0x1555555dabd,0,2,0
L 0x1555555dabe,0,2,0
L 0x1555555db46,0,2,0
L 0x1555555dac2,0,2,0
L 0x1555555dac3,0,2,0
L 0x1555555dbd5,0,2,0
L 0x1555555dbd0,0,2,0
L 0x1555555dbd0,0,2,0
L 0x1555555dbd4,0,2,0
L 0x1555555dbcf,0,2,0
L 0x1555555db47,0,2,0
L 0x1555555db47,0,2,0
L 0x1555555db48,0,2,0
L 0x1555555db4c,0,2,0
L 0x1ffff625a3d,0,2,0
L 0x1ffff625a44,0,2,0
L 0x1ffff625a4c,0,2,0
L 0x1ffff89dd3f,0,2,0
L 0x1ffff625a49,0,2,0
L 0x1ffff8951b7,0,2,0
L 0x155555620ee,0,2,0
L 0x15555562623,0,2,0
L 0x1ffff61d638,0,2,0
L 0x1555556262b,0,2,0
L 0x1555555dbdc,0,2,0
L 0x1555556262c,0,2,0
L 0x15555562634,0,2,0
L 0x1555556263c,0,2,0
L 0x1ffff625a4f,0,2,0
L 0x1ffff89dd42,0,2,0
L 0x1555555dbdd,0,2,0
L 0x1ffff89dd43,0,2,0
L 0x1ffff8951b6,0,2,0
L 0x1ffff89dd97,0,2,0
L 0x1ffff894a30,0,2,0
L 0x1ffff89dd27,0,2,0
L 0x1ffff625a50,0,2,0
L 0x1ffff61c15d,0,2,0
L 0x1ffff89dde2,0,2,0
L 0x1ffff89dd41,0,2,0
L 0x1ffff89dc7f,0,2,0
L 0x1ffff89de9c,0,2,0
L 0x1ffff89de9d,0,2,0
L 0x1ffff89dda1,0,2,0
L 0x1ffff894de8,0,2,0
L 0x1ffff894de6,0,2,0
L 0x1ffff894ddc,0,2,0
L 0x1ffff894dd2,0,2,0
L 0x1555556263d,0,2,0
L 0x15555562645,0,2,0
L 0x1555555dbe8,0,2,0
L 0x1ffff89dd3e,0,2,0
L 0x1ffff89dc8e,0,2,0
L 0x1ffff8951b8,0,2,0
L 0x1ffff89dd4c,0,2,0
L 0x1ffff8951b9,0,2,0
L 0x1555556264d,0,2,0
L 0x15555562655,0,2,0
L 0x15555562656,0,2,0
L 0x1555556265e,0,2,0
L 0x15555562666,0,2,0
L 0x1555555dbe9,0,2,0
L 0x1555556266e,0,2,0
L 0x1555556266f,0,2,0
L 0x15555562677,0,2,0
L 0x1555556267f,0,2,0
L 0x15555562680,0,2,0
L 0x15555562687,0,2,0
L 0x15555562688,0,2,0
L 0x15555562690,0,2,0
L 0x15555562698,0,2,0
L 0x155555626b2,0,2,0
L 0x155555626ba,0,2,0
L 0x155555626c2,0,2,0
L 0x155555626c3,0,2,0
L 0x155555626cb,0,2,0
L 0x155555626d3,0,2,0
L 0x155555626db,0,2,0
L 0x155555626dc,0,2,0
L 0x155555626e4,0,2,0
L 0x155555626ec,0,2,0
L 0x155555626f4,0,2,0
L 0x155555626f5,0,2,0
L 0x15555562699,0,2,0
L 0x155555626a1,0,2,0
L 0x155555626fd,0,2,0
L 0x155555626fe,0,2,0
L 0x1ffff8951ba,0,2,0
L 0x15555562705,0,2,0
L 0x15555562706,0,2,0
L 0x1555556270e,0,2,0
L 0x15555562716,0,2,0
L 0x15555562717,0,2,0
L 0x1555556271f,0,2,0
L 0x15555562727,0,2,0
L 0x1555556272f,0,2,0
L 0x15555562730,0,2,0
L 0x15555562738,0,2,0
L 0x1555555dbea,0,2,0
L 0x155555626a9,0,2,0
L 0x15555562740,0,2,0
L 0x15555562741,0,2,0
L 0x15555562749,0,2,0
L 0x15555562751,0,2,0
L 0x15555562759,0,2,0
L 0x1555556275a,0,2,0
L 0x15555562762,0,2,0
L 0x1555556276a,0,2,0
L 0x1555556276b,0,2,0
L 0x15555562773,0,2,0
L 0x1555556277b,0,2,0
L 0x1ffff8951bd,0,2,0
L 0x155555626b1,0,2,0
L 0x1555556277c,0,2,0
L 0x15555562784,0,2,0
L 0x1555556278c,0,2,0
L 0x15555562794,0,2,0
L 0x15555562795,0,2,0
L 0x1555556279d,0,2,0
L 0x155555627a5,0,2,0
L 0x155555627ad,0,2,0
L 0x155555627ae,0,2,0
L 0x155555627b6,0,2,0
L 0x155555627be,0,2,0
L 0x1555555dbeb,0,2,0
L 0x1ffff89dd45,0,2,0
L 0x1ffff625a4d,0,2,0
L 0x1ffff61c207,0,2,0
L 0x1ffff61c100,0,2,0
L 0x1ffff61c174,0,2,0
L 0x1ffff625a4d,0,2,0
L 0x1ffff88e2e7,0,2,0
L 0x1ffff625a49,0,2,0
L 0x1ffff8a6710,0,2,0
L 0x1ffff88e2a3,0,2,0
L 0x1ffff88e2be,0,2,0
L 0x1ffff88e314,0,2,0
L 0x1ffff88e87a,0,2,0
L 0x1ffff625a45,0,2,0,3
L 0x1ffff8a6715,0,2,0
L 0x1ffff61c175,0,2,0
L 0x1ffff8a6711,0,2,0
L 0x1ffff625a50,0,2,0
L 0x1ffff89df5b,0,2,0
L 0x1ffff89df4e,0,2,0
L 0x1ffff89dd44,0,2,0
L 0x1ffff8951bb,0,2,0
L 0x15555562523,0,2,0
L 0x15555562523,0,2,0
L 0x1ffff625a49,0,2,3
L 0x1ffff625a4b,0,2,0
L 0x1ffff89df70,0,2,0
L 0x1ffff625a4b,0,2,0
L 0x1555555db4d,0,2,0
L 0x1ffffffff5c,0,2,0
L 0x1ffffffff5d,0,2,0
L 0x1ffff61d62e,0,2,0
L 0x1555555dbe7,0,2,0
L 0x1555556211c,0,2,0
L 0x1ffff8bbe39,0,2,0
L 0x1555555dc03,0,2,0
L 0x1555555dc04,0,2,0
L 0x1555556211c,0,2,0
L 0x15555561f4d,0,2,0
L 0x1555555dc03,0,2,0
L 0x1ffff8b110a,0,2,0
L 0x15555561e60,0,2,0
L 0x1ffff8b10c1,0,2,0
L 0x15555562269,0,2,0
L 0x1ffff89dd93,0,2,0
L 0x1ffff89dd71,0,2,0
L 0x15555562269,0,2,0
L 0x1555555da72,0,2,0
L 0x1555555da73,0,2,0
L 0x1555555da72,0,2,0
L 0x1ffff8bbe41,0,2,0
L 0x15555561f4e,0,2,0
L 0x15555561514,0,2,0
L 0x15555561515,0,2,0
L 0x155555620dd,0,2,0
L 0x1555555daa5,0,2,0
L 0x1555555daa5,0,2,0
L 0x1555555dc0c,0,2,0
L 0x1555555dc0d,0,2,0
L 0x1555555dc0d,0,2,0
L 0x155555620de,0,2,0
L 0x155555620df,0,2,0
L 0x1555555daaa,0,2,0
L 0x1555555daaa,0,2,0
L 0x15555561fb0,0,2,0
L 0x15555561fb1,0,2,0
L 0x15555561fb1,0,2,0
L 0x1555555da67,0,2,0
L 0x155555620de,0,2,0
L 0x1555556226a,0,2,0
L 0x1555556226a,0,2,0
L 0x1555555da68,0,2,0
L 0x1555555da69,0,2,0
L 0x1555556226e,0,2,0
L 0x1555556226f,0,2,0
L 0x1555556226f,0,2,0
L 0x1555555dac4,0,2,0
L 0x15555561bd9,0,2,0
L 0x15555561bd8,0,2,0
L 0x1555555dac5,0,2,0
L 0x1555555da68,0,2,0
L 0x1555556226e,0,2,0
L 0x1555555dac6,0,2,0
L 0x1555555dac6,0,2,0
L 0x1555555dac7,0,2,0
L 0x1555555dac8,0,2,0
L 0x1555555da94,0,2,0
L 0x1555555da94,0,2,0
L 0x1555555dac9,0,2,0
L 0x1555555dac7,0,2,0
L 0x1555556226b,0,2,0
L 0x1555555da9a,0,2,0
L 0x1555556226d,0,2,0
L 0x1555555daca,0,2,0
L 0x1555555da9b,0,2,0
L 0x1555555da9c,0,2,0
L 0x1555555da71,0,2,0
L 0x1555555da71,0,2,0
L 0x1555555da97,0,2,0
L 0x1555555da97,0,2,0
L 0x1555555da98,0,2,0
L 0x1555555da75,0,2,0
L 0x1555555da99,0,2,0
L 0x1555555da99,0,2,0
L 0x1555555da77,0,2,0
L 0x1555555da76,0,2,0
L 0x1555555da76,0,2,0
L 0x1555555da74,0,2,0
L 0x1555555da82,0,2,0
L 0x1555555daca,0,2,0
L 0x1555555da84,0,2,0
L 0x1555555da83,0,2,0
L 0x1555555da83,0,2,0
L 0x1555555da87,0,2,0
L 0x1555555da78,0,2,0
L 0x1555555da78,0,2,0
L 0x1555555da85,0,2,0
L 0x1555555da89,0,2,0
L 0x1555555da88,0,2,0
L 0x1555555da88,0,2,0
L 0x1555555dae6,0,2,0
L 0x1555555da85,0,2,0
L 0x1555555da8a,0,2,0
L 0x1555555dae7,0,2,0
L 0x1555555dae7,0,2,0
L 0x1555555dae8,0,2,0
L 0x1555555dae8,0,2,0
L 0x1555555da96,0,2,0
L 0x1555555da96,0,2,0
L 0x1555555d9be,0,2,0
L 0x1555555da48,0,2,0
L 0x1555555da9b,0,2,0
L 0x1555555da9d,0,2,0
L 0x1555555da9d,0,2,0
L 0x1555555dae9,0,2,0
L 0x1555555db68,0,2,0
L 0x1555555db68,0,2,0
L 0x1555555db69,0,2,0
L 0x15555562887,0,2,0
L 0x1555555db69,0,2,0
L 0x1555555db6a,0,2,0
L 0x1555555db6a,0,2,0
L 0x15555562888,0,2,0
L 0x15555562886,0,2,0
L 0x15555562886,0,2,0
L 0x1555555da4a,0,2,0
L 0x15555562889,0,2,0
L 0x1555555da4c,0,2,0
L 0x1555555da4b,0,2,0
L 0x1555555da4b,0,2,0
L 0x1555555da49,0,2,0
L 0x1555555daec,0,2,0
L 0x1555556288a,0,2,0
L 0x15555562889,0,2,0
L 0x1555555daed,0,2,0
L 0x1555555daeb,0,2,0
L 0x1555555daeb,0,2,0
L 0x1555556288a,0,2,0
L 0x1555555daf9,0,2,0
L 0x1555555daee,0,2,0
L 0x1555555daee,0,2,0
L 0x1555555dafa,0,2,0
L 0x1555555dafb,0,2,0
L 0x1555555dafa,0,2,0
L 0x1555555dafb,0,2,0
L 0x1555555db67,0,2,0
L 0x1555555db67,0,2,0
L 0x1555555dafc,0,2,0
L 0x1555555da8a,0,2,0
L 0x1555556288c,0,2,0
L 0x1555556288c,0,2,0
L 0x1555556288d,0,2,0
L 0x1555556288f,0,2,0
L 0x1555556288d,0,2,0
L 0x1555556288e,0,2,0
L 0x1555556288e,0,2,0
L 0x1555555dc10,0,2,0
L 0x1555555da4d,0,2,0
L 0x1555555da4d,0,2,0
L 0x1555555dc11,0,2,0
L 0x1555555dc13,0,2,0
L 0x1555555dc12,0,2,0
L 0x1555555dc12,0,2,0
L 0x1555555dc15,0,2,0
L 0x1555555dc14,0,2,0
L 0x1555555dc14,0,2,0
L 0x1555555db3b,0,2,0
L 0x1555555daef,0,2,0
L 0x1555555dc16,0,2,0
L 0x1555555db3c,0,2,0
L 0x1555555db3a,0,2,0
L 0x1555555db3a,0,2,0
L 0x1555555daef,0,2,0
L 0x1555555db3d,0,2,0
L 0x1555555db3d,0,2,0
L 0x1555555db3e,0,2,0
L 0x1555556288b,0,2,0
L 0x1555556288b,0,2,0
L 0x1555555db3e,0,2,0
L 0x1555555dafd,0,2,0
L 0x1555555dafd,0,2,0
L 0x1555555db3f,0,2,0
L 0x1555555dbd7,0,2,0
L 0x1555555dbd7,0,2,0
L 0x1555555dbd8,0,2,0
L 0x1555555dbd9,0,2,0
L 0x1555555dbdb,0,2,0
L 0x1555555dbda,0,2,0
L 0x1555555dbda,0,2,0
L 0x1555555dbdf,0,2,0
L 0x1555555db40,0,2,0
L 0x1555555db40,0,2,0
L 0x1555555dbe0,0,2,0
L 0x1555555dbde,0,2,0
L 0x1555555dbe2,0,2,0
L 0x1555555dbe1,0,2,0
L 0x1555555dbe1,0,2,0
L 0x1555555dbe4,0,2,0
L 0x1555555dbe3,0,2,0
L 0x1555555dbe3,0,2,0
L 0x1555555dbe5,0,2,0
L 0x1555555dbe6,0,2,0
L 0x1555555dbe6,0,2,0
L 0x1555555dbe7,0,2,0
L 0x1555555dbd6,0,2,0
L 0x1555555dbd6,0,2,0
L 0x1555555db3f,0,2,0
L 0x1555556211b,0,2,0
L 0x1555556211b,0,2,0
L 0x1ffffffff5c,0,2,0
L 0x1555555db45,0,2,0
L 0x1555555db45,0,2,0
L 0x1ffff8b10d4,0,2,0
S 0x1ffff5cddf6,0,2,1
S 0x1ffff5cddf7,0,2,1
S 0x1ffff5cddf7,0,2,1
S 0x1ffff5cddf8,0,2,1
L 0x1ffff20003e,0,2,3
L 0x1ffff20003e,0,2,3
L 0x1ffff200035,0,2,3
L 0x1ffff20003f,0,2,3
S 0x155555620f6,0,2,1
S 0x1ffff8b129e,0,2,1
L 0x1ffff200044,0,2,3
L 0x1ffff5cde1c,0,2,3
L 0x1ffff5cddf4,0,2,3
S 0x155555620f9,0,2,1
S 0x1555556293d,0,2,1
S 0x1555556293d,0,2,1
L 0x1ffff5cddf5,0,2,3
S 0x155555620f6,0,2,1
S 0x15555562103,0,2,1
S 0x15555562103,0,2,1
S 0x155555620fa,0,2,1
S 0x155555620fa,0,2,1
S 0x1ffff5cddf8,0,2,1
S 0x1ffff5cddf9,0,2,1
S 0x1ffff5cddfa,0,2,1
S 0x1ffffffff47,0,2,1
S 0x1ffffffff46,0,2,1
S 0x1ffff88df94,0,2,1
S 0x1ffff88df94,0,2,1
L 0x1ffffffff43,0,2,3
L 0x1ffffffff42,0,2,3
L 0x1ffff89dd71,0,2,3
L 0x1ffff89dd71,0,2,3
L 0x1ffffffff41,0,2,3
L 0x1ffffffff3f,0,2,3
L 0x1ffffffff40,0,2,3
L 0x1ffff89dd72,0,2,3
L 0x1ffff89dd8d,0,2,3
L 0x1ffff89dd92,0,2,3
L 0x1ffff89dd8e,0,2,3
L 0x15555562b28,0,2,3
L 0x15555562c26,0,2,3
L 0x15555562b29,0,2,3
L 0x1ffff89dd8e,0,2,3
L 0x15555562b29,0,2,3
L 0x15555562baa,0,2,3
L 0x1ffff89dd72,0,2,3
L 0x15555562b28,0,2,3
L 0x15555562ba9,0,2,3
L 0x15555562c26,0,2,3
L 0x15555562b30,0,2,3
L 0x15555562b2f,0,2,3
L 0x15555562b2e,0,2,3
L 0x15555562b2d,0,2,3
L 0x15555562b2c,0,2,3
L 0x15555562b2b,0,2,3
L 0x15555562b2a,0,2,3
L 0x155555628fd,0,2,3
L 0x15555562aa4,0,2,3
L 0x155555628fd,0,2,3
S 0x155555628fe,0,2,1
L 0x155555628fc,0,2,3
S 0x155555628fe,0,2,1
S 0x1555555ee09,0,2,1
L 0x1ffffffff45,0,2,3
S 0x1555555ece5,0,2,1
S 0x1555555ece5,0,2,1
S 0x15555562a76,0,2,1
L 0x1ffffffff44,0,2,3
S 0x15555562a7a,0,2,1
S 0x1555555ee0c,0,2,1
S 0x1555555ee0c,0,2,1
S 0x1555555dc22,0,2,1,3
S 0x15555562a7a,0,2,1
S 0x15555562a75,0,2,1,3
S 0x1555555ee05,0,2,1
S 0x1555555ee05,0,2,1
S 0x15555562a76,0,2,1
S 0x15555562a74,0,2,1
S 0x1555556288c,0,2,1,3
S 0x1555555ee07,0,2,1,3
S 0x1555555ee08,0,2,1
S 0x1ffff8b129e,0,2,1
S 0x1ffffffff88,0,2,1
S 0x1ffffffff89,0,2,1
S 0x1ffffffff89,0,2,1
S 0x1555555ee09,0,2,1
S 0x1555555ee0f,0,2,1
S 0x15555562900,0,2,1
S 0x15555562900,0,2,1
S 0x1555556288b,0,2,1
S 0x1555555ee0f,0,2,1
S 0x1555555db3b,0,2,1
S 0x1ffffffff88,0,2,1
S 0x1555555db66,0,2,1,3
S 0x1ffffffff87,0,2,1
L 0x15555562b24,0,2,3
L 0x15555562aa3,0,2,3
S 0x1ffff89dd71,0,2,1
S 0x1ffff89dd71,0,2,1
S 0x1ffff89dd72,0,2,1
L 0x15555562c2f,0,2,3
L 0x15555562b24,0,2,3
S 0x1ffff89dd72,0,2,1
L 0x15555562aa3,0,2,3
S 0x15555562baa,0,2,1
S 0x1ffff89dd8d,0,2,1
S 0x1ffff89dd8d,0,2,1
S 0x15555562baa,0,2,1
L 0x155555628fc,0,2,3
S 0x1555556288d,0,2,1
S 0x1555556288d,0,2,1
S 0x1555555da96,0,2,1
S 0x1555555dc21,0,2,1
S 0x1555555dc21,0,2,1
S 0x1555555da96,0,2,1
S 0x1ffff612076,0,2,1
S 0x1ffff6120a8,0,2,1
S 0x1ffff6120a8,0,2,1
S 0x155555620f9,0,2,1
S 0x1555556293d,0,2,1
S 0x1555556293d,0,2,1
S 0x155555620fa,0,2,1
S 0x1ffff612077,0,2,1
S 0x1ffff612077,0,2,1
S 0x155555620f9,0,2,1
S 0x155555620f6,0,2,1
S 0x15555562103,0,2,1
S 0x1ffff612078,0,2,1
S 0x155555620f6,0,2,1
S 0x1ffff61207a,0,2,1
S 0x1ffff61207b,0,2,1
S 0x1ffff61207b,0,2,1
S 0x1ffff61207a,0,2,1
S 0x1ffff8b129e,0,2,1
S 0x155555620f8,0,2,1
S 0x1ffff612075,0,2,1
S 0x1ffff612074,0,2,1
S 0x155555620f8,0,2,1
S 0x1ffff8b0fe6,0,2,1
S 0x155555620f3,0,2,1
S 0x155555620f3,0,2,1
S 0x1ffffffff87,0,2,1
S 0x1ffff88df94,0,2,1
S 0x1ffff88df94,0,2,1
S 0x1ffffffff88,0,2,1
S 0x1555555ee09,0,2,1
S 0x1ffffffff88,0,2,1
S 0x1555555ece5,0,2,1
S 0x1555555ece5,0,2,1
S 0x1ffff8b11f1,0,2,1
S 0x1ffff8b11ea,0,2,1
S 0x1ffff8b11ea,0,2,1
S 0x1ffff8b11f1,0,2,1
S 0x1555555eaa5,0,2,1
S 0x1555555ee07,0,2,1
S 0x1555555ee05,0,2,1
S 0x1ffffffff86,0,2,1
S 0x1555555ee05,0,2,1
S 0x15555562a74,0,2,1
S 0x1555555ee0f,0,2,1
S 0x1555555ee0f,0,2,1
S 0x1555555ee08,0,2,1
S 0x1555555eaa6,0,2,1
S 0x15555562a86,0,2,1
S 0x1555555eaa7,0,2,1
S 0x1555555db66,0,2,1
S 0x15555562900,0,2,1
S 0x155555628ff,0,2,1
S 0x15555562900,0,2,1
S 0x155555628fe,0,2,1
S 0x1555555da96,0,2,1
S 0x1555556288d,0,2,1
S 0x1555556288c,0,2,1
S 0x1555556288d,0,2,1
S 0x1555555ee0b,0,2,1,3
S 0x1555555ee09,0,2,1
S 0x1555555ee0e,0,2,1,3
S 0x1ffffffff89,0,2,1
S 0x1555555ee08,0,2,1
S 0x1ffffffff89,0,2,1
S 0x1ffffffff85,0,2,1
S 0x1ffffffff8a,0,2,1
S 0x1555555ee0c,0,2,1
S 0x1555555dc21,0,2,1
S 0x1555555ee0c,0,2,1
S 0x1555555dc22,0,2,1
S 0x1555555da96,0,2,1
S 0x1ffff8b129e,0,2,1
S 0x1ffffffff47,0,2,1
S 0x1ffffffff46,0,2,1
S 0x1ffff5cddf6,0,2,1
S 0x1ffff5cde28,0,2,1
S 0x1ffff5cde28,0,2,1
S 0x1ffff5cddf7,0,2,1
S 0x1ffff5cddf7,0,2,1
S 0x1ffff5cddf8,0,2,1
S 0x1ffff5cddf8,0,2,1
S 0x1ffff5cddf9,0,2,1
S 0x1ffff5cddfa,0,2,1
S 0x1ffffffff43,0,2,1
S 0x1ffffffff42,0,2,1
S 0x1ffff89dd71,0,2,1
S 0x1ffff89dd71,0,2,1
S 0x1ffffffff41,0,2,1
S 0x1ffffffff3f,0,2,1
S 0x1ffffffff40,0,2,1
S 0x1ffff89dd72,0,2,1
S 0x15555562b29,0,2,1
S 0x1ffff89dd72,0,2,1
S 0x15555562b29,0,2,1
S 0x1ffff89dd92,0,2,1
S 0x1ffff89dd92,0,2,1
S 0x15555562ba9,0,2,1
S 0x155555628fd,0,2,1
S 0x15555562aa4,0,2,1
S 0x155555628fd,0,2,1
S 0x155555628fc,0,2,1
S 0x1ffffffff45,0,2,1
S 0x1ffffffff44,0,2,1
S 0x1555555dc22,0,2,1
S 0x1555556288c,0,2,1
S 0x1555555ee07,0,2,1
L 0x15555562c2f,0,2,3
L 0x15555562cb0,0,2,3
S 0x1ffff8951bc,0,2,1
S 0x15555562c30,0,2,1
S 0x15555562c31,0,2,1
S 0x15555562c32,0,2,1
S 0x15555562c33,0,2,1
S 0x15555562c34,0,2,1
S 0x15555562c35,0,2,1
S 0x15555562c36,0,2,1
S 0x15555562c38,0,2,1
S 0x15555562c3a,0,2,1
S 0x1ffffffff54,0,2,1
S 0x15555562c3b,0,2,1
S 0x1ffffffff56,0,2,1
S 0x15555562c3f,0,2,1
S 0x15555562c43,0,2,1
S 0x15555562c46,0,2,1
S 0x15555562c47,0,2,1
S 0x1ffffffff63,0,2,1
S 0x15555562c4a,0,2,1
S 0x15555562c4b,0,2,1
S 0x15555562c4d,0,2,1
S 0x15555562c4f,0,2,1
S 0x15555562c56,0,2,1
S 0x15555562c57,0,2,1
S 0x15555562c58,0,2,1
S 0x15555562c59,0,2,1
S 0x15555562c5a,0,2,1
S 0x15555562c5c,0,2,1
S 0x15555562c5d,0,2,1
S 0x15555562c5e,0,2,1
S 0x15555562c5f,0,2,1
S 0x15555562c60,0,2,1
S 0x15555562c61,0,2,1
S 0x15555562c62,0,2,1
S 0x15555562c63,0,2,1
S 0x15555562c64,0,2,1
S 0x15555562c66,0,2,1
S 0x15555562c67,0,2,1
S 0x15555562c6b,0,2,1
S 0x15555562c6c,0,2,1
S 0x15555562c6d,0,2,1
S 0x15555562c6e,0,2,1
S 0x15555562c6f,0,2,1
L 0x15555562caf,0,2,3
S 0x15555562a86,0,2,1
S 0x40001ffffffff5a,0,2,1
S 0xc0001ffffdfff67,0,2,1
S 0xc0001ffffdfff67,0,2,1
S 0x1ffffffff47,0,2,1
S 0x1ffffffff46,0,2,1
S 0x1ffff88df94,0,2,1
S 0x1ffff88df94,0,2,1
S 0x1ffffffff43,0,2,1
S 0x1ffffffff42,0,2,1
S 0x1ffff89dd71,0,2,1
S 0x1ffff89dd71,0,2,1
S 0x1ffffffff41,0,2,1
S 0x1ffffffff3f,0,2,1
S 0x1ffffffff40,0,2,1
S 0x1ffff89dd72,0,2,1
S 0x15555562aa3,0,2,1
S 0x15555562aa4,0,2,1
S 0x1ffff89dd72,0,2,1
S 0x15555562b29,0,2,1
S 0x15555562b24,0,2,1
S 0x15555562b24,0,2,1
S 0x15555562aa4,0,2,1
S 0x1ffffffff87,0,2,1
S 0x15555562ae4,0,2,1
S 0x15555562ae3,0,2,1
S 0x15555562ae2,0,2,1
S 0x15555562ae1,0,2,1
S 0x15555562ae0,0,2,1
S 0x15555562adf,0,2,1
S 0x15555562ade,0,2,1
S 0x15555562add,0,2,1
S 0x15555562adc,0,2,1
S 0x15555562adb,0,2,1
S 0x15555562ada,0,2,1
S 0x15555562ad9,0,2,1
S 0x15555562ad8,0,2,1
S 0x15555562ad7,0,2,1
S 0x15555562ad6,0,2,1
S 0x15555562ad5,0,2,1
S 0x15555562ad4,0,2,1
S 0x15555562ad3,0,2,1
S 0x15555562ad2,0,2,1
S 0x15555562ad1,0,2,1
S 0x15555562ad0,0,2,1
S 0x15555562acf,0,2,1
S 0x15555562ace,0,2,1
S 0x15555562acd,0,2,1
S 0x15555562acc,0,2,1
S 0x15555562acb,0,2,1
S 0x15555562aca,0,2,1
S 0x15555562ac9,0,2,1
S 0x15555562ac8,0,2,1
S 0x15555562ac7,0,2,1
S 0x15555562ac6,0,2,1
S 0x15555562ac5,0,2,1
S 0x15555562ac4,0,2,1
S 0x15555562ac3,0,2,1
S 0x15555562ac2,0,2,1
S 0x15555562ac1,0,2,1
S 0x15555562ac0,0,2,1
S 0x15555562abf,0,2,1
S 0x15555562abe,0,2,1
S 0x15555562abd,0,2,1
S 0x15555562abc,0,2,1
S 0x15555562abb,0,2,1
S 0x15555562aba,0,2,1
S 0x15555562ab9,0,2,1
S 0x15555562ab8,0,2,1
S 0x15555562ab7,0,2,1
S 0x15555562ab6,0,2,1
S 0x15555562ab5,0,2,1
S 0x15555562ab4,0,2,1
S 0x15555562ab3,0,2,1
S 0x15555562ab2,0,2,1
S 0x15555562ab1,0,2,1
S 0x15555562ab0,0,2,1
S 0x15555562aaf,0,2,1
S 0x15555562aae,0,2,1
S 0x15555562aad,0,2,1
S 0x15555562aac,0,2,1
S 0x15555562aab,0,2,1
S 0x15555562aaa,0,2,1
S 0x15555562aa9,0,2,1
S 0x15555562aa8,0,2,1
S 0x15555562aa7,0,2,1
S 0x15555562aa6,0,2,1
S 0x15555562aa5,0,2,1
S 0x155555628fd,0,2,1
S 0x155555628fd,0,2,1
S 0x155555628fe,0,2,1
S 0x155555628fc,0,2,1
S 0x155555628fe,0,2,1
S 0x1555555ee09,0,2,1
S 0x1555555ece5,0,2,1
S 0x1555555ece5,0,2,1
S 0x15555562900,0,2,1
S 0x1555555ee07,0,2,1
S 0x1555555db66,0,2,1
S 0x1ffffffff3e,0,2,1
S 0x1555555ee0c,0,2,1
S 0x1555555ee0c,0,2,1
S 0x1555555dc22,0,2,1
S 0x1555555db66,0,2,1
S 0x155555628ff,0,2,1
S 0x1555555ee05,0,2,1
S 0x1555555ee05,0,2,1
S 0x15555562900,0,2,1
S 0x15555562a7f,0,2,1
S 0x1555555ee07,0,2,1
S 0x1ffff8b129e,0,2,1
S 0x155555628fc,0,2,1
S 0x1555556288c,0,2,1
S 0x1ffffffff45,0,2,1
S 0x1555556288d,0,2,1
S 0x1ffffffff44,0,2,1
S 0x1555555da96,0,2,1
S 0x1555555dc23,0,2,1
S 0x1555555da96,0,2,1
S 0x1555556288c,0,2,1
S 0x1555556288d,0,2,1
S 0x1ffffffff88,0,2,1
S 0x1ffffffff89,0,2,1
S 0x1ffffffff89,0,2,1
S 0x1555555ee09,0,2,1
S 0x1555555ee0f,0,2,1
S 0x1ffffffff8b,0,2,1
S 0x1ffffffff88,0,2,1
S 0x1555555ee08,0,2,1
S 0x1555555eaa7,0,2,1
S 0x1555555dc21,0,2,1
S 0x1555555eaa6,0,2,1
S 0x1555555eaa5,0,2,1
S 0x1ffffffff87,0,2,1
S 0x1ffff612075,0,2,1
S 0x1ffff6120a8,0,2,1
S 0x1ffff6120a8,0,2,1
S 0x1ffff612076,0,2,1
S 0x1ffff4006cc,0,2,1
S 0x1ffff4006cc,0,2,1
S 0x1ffff4007b5,0,2,1
S 0x1ffff4006cb,0,2,1
S 0x1ffff612076,0,2,1
S 0x1ffff612073,0,2,1
S 0x1ffff612074,0,2,1
S 0x1ffff400024,0,2,1
S 0x1ffff4004ac,0,2,1
S 0x1ffff400024,0,2,1
S 0x1ffff400023,0,2,1
S 0x1ffff400023,0,2,1
S 0x1ffff4004ac,0,2,1
S 0x1ffff4007af,0,2,1
S 0x1ffff4006ca,0,2,1
S 0x1ffff4006cb,0,2,1
S 0x1ffff4006c9,0,2,1
S 0x155555620f6,0,2,1
S 0x1ffff8b129e,0,2,1
S 0x155555620f9,0,2,1
S 0x1555556293d,0,2,1
S 0x1555556293d,0,2,1
S 0x155555620f6,0,2,1
S 0x15555562103,0,2,1
S 0x15555562103,0,2,1
S 0x1ffff4007b5,0,2,1
S 0x1ffff612077,0,2,1
S 0x1ffff612077,0,2,1
S 0x155555620fa,0,2,1
S 0x155555620f9,0,2,1
S 0x155555620fa,0,2,1
S 0x1ffff612072,0,2,1
S 0x155555628e7,0,2,1
S 0x15555561abf,0,2,1
S 0x1ffff4004a6,0,2,1
S 0x1ffff612071,0,2,1
S 0x1ffff612070,0,2,1
S 0x1ffff625a3d,0,2,1
S 0x1ffff61206f,0,2,1
S 0x1ffff61206e,0,2,1
S 0x1ffff61206d,0,2,1
S 0x1ffff61206c,0,2,1
S 0x1ffff61206a,0,2,1
S 0x1ffff612069,0,2,1
S 0x15555562939,0,2,1
S 0x1ffff61206b,0,2,1
S 0x1ffff400000,0,2,1
S 0x1ffff400000,0,2,1
S 0x1ffff400002,0,2,1
S 0x1ffff40089e,0,2,1
S 0x40001ffff84b069,0,2,1
S 0x40001ffff84b069,0,2,1
S 0x40001ffffffff5b,0,2,1
S 0x40001ffffffff5c,0,2,1
S 0x40001ffff84b05d,0,2,1
S 0x40001555555f18e,0,2,1
S 0x40001555555f18c,0,2,1
S 0x40001555555f18c,0,2,1
S 0x40001555555f195,0,2,1
S 0x40001ffffffff5e,0,2,1
S 0x40001ffffffff5c,0,2,1
S 0x40001555555f18f,0,2,1
S 0x40001ffffffff5b,0,2,1
S 0x40001ffff84b05b,0,2,1
S 0x40001555555dd40,0,2,1
S 0x40001555555dd46,0,2,1
S 0x40001555555dd46,0,2,1
S 0x40001555555dd40,0,2,1
S 0x40001ffffffff59,0,2,1
S 0x40001ffffffff58,0,2,1
S 0x40001ffffffff5d,0,2,1
S 0x40001ffff7fb03e,0,2,1
S 0x40001ffff87548a,0,2,1
S 0x40001ffffffff5d,0,2,1
S 0x40001555555dd41,0,2,1
S 0x40001555555ff24,0,2,1
S 0x40001555555dd41,0,2,1
S 0x40001555555ff24,0,2,1
S 0x40001555555ff26,0,2,1
S 0x40001555555ff25,0,2,1
S 0x40001ffffffff65,0,2,1
S 0x40001ffff6000bd,0,2,1
S 0x40001ffff7f2c2c,0,2,1
S 0x40001ffff600000,0,2,1
S 0x40001ffff6000bd,0,2,1
S 0x40001ffffffff62,0,2,1
S 0x40001ffffffff63,0,2,1
S 0x40001ffffffff63,0,2,1
S 0x40001ffff803242,0,2,1
S 0x40001ffffffff62,0,2,1
S 0x40001ffff86cb9e,0,2,1
S 0x40001ffffffff64,0,2,1
S 0x40001ffff80323f,0,2,1
S 0x40001ffff87553a,0,2,1
S 0x40001ffff803240,0,2,1
S 0x40001ffff87f7f4,0,2,1
S 0x40001ffff80323e,0,2,1
S 0x40001ffff8754b5,0,2,1
S 0x40001ffff87f7f2,0,2,1
S 0x40001ffff87f888,0,2,1
S 0x40001ffff87f7d3,0,2,1
S 0x40001ffff887f8c,0,2,1
S 0x40001555555ff0a,0,2,1
S 0x40001555555ff0a,0,2,1
S 0x40001ffff87f7c1,0,2,1
S 0x40001ffffffff54,0,2,1
S 0x40001ffffffff51,0,2,1
S 0x40001ffffffff53,0,2,1
S 0x40001ffffffff52,0,2,1
S 0x40001ffffffff55,0,2,1
S 0x40001555555ff16,0,2,1
S 0x40001ffffffff50,0,2,1
S 0x40001ffff84b05a,0,2,1
S 0x40001ffffffff3e,0,2,1
S 0x40001ffffffff40,0,2,1
S 0x40001ffffffff3b,0,2,1
S 0x40001ffff8772a0,0,2,1
S 0x40001ffffffff3c,0,2,1
S 0x40001ffffffff3d,0,2,1
S 0x40001ffff88ec1c,0,2,1
S 0x40001ffff8772a1,0,2,1
S 0x40001555555ff17,0,2,1
S 0x40001ffffffff3f,0,2,1
S 0x40001ffffffff41,0,2,1
S 0x40001555555ff18,0,2,1
S 0x40001ffff8754b6,0,2,1
S 0x40001ffff8754b4,0,2,1
S 0x40001555555ff19,0,2,1
S 0x40001555555ff0b,0,2,1
S 0x40001ffff87551e,0,2,1
S 0x40001ffff7fb049,0,2,1
S 0x40001ffff7fb056,0,2,1
S 0x40001555555f0b3,0,2,1
S 0x40001ffffffff5f,0,2,1
S 0x40001ffffffff60,0,2,1
S 0x40001ffffffff61,0,2,1
S 0x40001ffff7fb065,0,2,1
S 0x40001555555f18e,0,2,1
S 0x40001555555f18f,0,2,1
S 0x40001555555f190,0,2,1
S 0x40001555555f191,0,2,1
S 0x1ffff400022,0,2,1
S 0x1ffff4007b6,0,2,1
S 0x1ffff400002,0,2,1
S 0x1ffff4007b6,0,2,1
L 0x80001ffff7ac63e,0,2,3
L 0x80001ffff7ac63e,0,2,3
L 0x80001ffff7ac65c,0,2,3
L 0x80001ffff7ac674,0,2,3
L 0x80001ffff7ac659,0,2,3
L 0x80001ffff897b78,0,2,3
L 0x80001ffff7ac668,0,2,3
L 0x80001ffff7ac675,0,2,3
L 0x80001555555fee9,0,2,3
L 0x80001555555fee6,0,2,3
L 0x80001555555fef2,0,2,3
L 0x80001555555feeb,0,2,3
L 0x80001ffff875424,0,2,3
L 0x80001ffff875620,0,2,3
L 0x80001ffff87545b,0,2,3
L 0x80001ffff897ce7,0,2,3
L 0x80001555555fef7,0,2,3
L 0x80001ffff7ac667,0,2,3
L 0x80001555555fef7,0,2,3
L 0x80001555555feef,0,2,3
L 0x80001555555feee,0,2,3
L 0x80001555555feef,0,2,3
L 0x80001555555fef2,0,2,3
L 0x80001ffff87561e,0,2,3
L 0x80001555555fef0,0,2,3
L 0x80001555555fef1,0,2,3
L 0x80001555555ff02,0,2,3
L 0x80001ffff87543c,0,2,3
L 0x80001ffff875453,0,2,3
L 0x80001ffff897cd6,0,2,3
L 0x80001ffff875449,0,2,3
L 0x80001555555fee8,0,2,3
L 0x80001555555fef1,0,2,3
L 0x80001ffff875368,0,2,3
L 0x80001555555fef6,0,2,3
L 0x80001ffff897b7f,0,2,3
L 0x80001ffff7ac65a,0,2,3
L 0x80001ffff897b76,0,2,3
L 0x80001ffff897b79,0,2,3
L 0x80001ffff897c24,0,2,3
L 0x80001ffff7ac65a,0,2,3
L 0x80001ffff897bd2,0,2,3
L 0x80001ffff897bd2,0,2,3
L 0x80001555555fef6,0,2,3
L 0x80001ffff87544f,0,2,3
L 0x80001555555fefe,0,2,3
L 0x80001ffff875451,0,2,3
L 0x80001ffff8c3d98,0,2,3
L 0x80001ffff8c3d94,0,2,3
L 0x80001ffff8c3d9b,0,2,3
L 0x80001ffff8c394c,0,2,3
L 0x80001ffff7ac65c,0,2,3
L 0x80001ffffdfff67,0,2,3
L 0x80001ffffdfff67,0,2,3
L 0x80001555555550a,0,2,3
L 0x80001ffff8c4013,0,2,3
L 0x80001ffff8880db,0,2,3
L 0x80001ffff86af9d,0,2,3
S 0x80001ffff875454,0,2,1,3
S 0x1ffff40081e,0,2,1
S 0x1555556212c,0,2,1
S 0xc0001ffffdfff67,0,2,1
S 0xc0001ffffdfff67,0,2,1
S 0xc0001ffffdfff67,0,2,1
S 0xc0001ffffdfff67,0,2,1
S 0x1ffff625a83,0,2,1
S 0x1ffff400025,0,2,1
S 0x1ffff400022,0,2,1
S 0x1ffff4004b2,0,2,1
S 0x1ffff8b129e,0,2,1
S 0x1ffff4006c8,0,2,1
S 0x1ffff4006c8,0,2,1
S 0x1ffff625a80,0,2,1
S 0x1555555db6b,0,2,1
S 0x1ffff400026,0,2,1
S 0x1ffff400026,0,2,1
S 0x1ffff8b129e,0,2,1
S 0x1ffff400632,0,2,1
S 0x1ffff400025,0,2,1
S 0x40001555555f194,0,2,1
S 0x40001555555f192,0,2,1
S 0x40001555555f193,0,2,1
S 0x40001555555f195,0,2,1
S 0x40001ffff897bb1,0,2,1
S 0x40001ffff897bb1,0,2,1
S 0x40001ffff897bbc,0,2,1
S 0x40001ffff897bb2,0,2,1
S 0x40001555555ff30,0,2,1
S 0x40001ffff897bb2,0,2,1
S 0x40001555555ff30,0,2,1
S 0x40001ffff7fb04c,0,2,1
S 0x40001555555fe52,0,2,1
S 0x40001ffff87561e,0,2,1
S 0x40001555555fe55,0,2,1
S 0x40001555555fe60,0,2,1
S 0x40001ffff84b068,0,2,1
S 0x40001555555fe60,0,2,1
S 0x40001555555fe52,0,2,1
S 0x40001555555fe5f,0,2,1
S 0x40001555555fe5f,0,2,1
S 0x40001555555fe58,0,2,1
S 0x40001555555fe56,0,2,1
S 0x40001555555fe56,0,2,1
S 0x40001ffff875446,0,2,1
S 0x40001ffff7fb050,0,2,1
S 0x40001ffff7f11f5,0,2,1
S 0x40001ffff7f1228,0,2,1
S 0x40001ffff7f1228,0,2,1
S 0x40001ffff7f11f6,0,2,1
S 0x40001ffff7f11f6,0,2,1
S 0x40001555555fe58,0,2,1
S 0x40001ffff7f11f4,0,2,1
S 0x40001ffff7f11f7,0,2,1
S 0x40001555555fe55,0,2,1
S 0x40001ffff7f11f7,0,2,1
S 0x40001555555fe54,0,2,1
S 0x40001ffff7f11f8,0,2,1
S 0x40001ffff7f11f1,0,2,1
S 0x40001ffff7f11f3,0,2,1
S 0x40001ffff7f11f2,0,2,1
S 0x40001ffff7f11ef,0,2,1
S 0x40001ffff7f11ee,0,2,1
S 0x40001ffff7f11f0,0,2,1
S 0x40001ffff81bb00,0,2,1
S 0x40001ffff81bb00,0,2,1
S 0x40001ffff7f11ed,0,2,1
S 0x40001ffff6000bc,0,2,1
S 0x40001ffff7f11eb,0,2,1
S 0x40001ffff7f11ec,0,2,1
S 0x40001ffff7f11e8,0,2,1
S 0x40001ffff7f11e9,0,2,1
S 0x40001ffff600024,0,2,1
S 0x40001555555fe6e,0,2,1
S 0x40001ffff600024,0,2,1
S 0x40001ffff600023,0,2,1
S 0x40001ffff600023,0,2,1
S 0x40001555555fe6e,0,2,1
S 0x40001ffff600000,0,2,1
S 0x40001ffff600002,0,2,1
S 0x40001ffff600002,0,2,1
S 0x40001ffff600029,0,2,1
S 0x40001ffff600029,0,2,1
S 0x40001ffff7f11f9,0,2,1
S 0x40001ffff7f11fa,0,2,1
S 0x40001ffff7f11fb,0,2,1
S 0x40001ffff7f11fb,0,2,1
S 0x40001ffff7f11fa,0,2,1
S 0x40001555555fe54,0,2,1
S 0x40001555555fe4f,0,2,1
S 0x40001555555fe4f,0,2,1
S 0x40001555555ff0d,0,2,1
S 0x40001555555ff09,0,2,1
S 0x40001555555ff0e,0,2,1
S 0x40001555555ff0f,0,2,1
S 0x40001555555ff10,0,2,1
S 0x40001555555ff11,0,2,1
S 0x1ffff400632,0,2,1
S 0x1ffff4007a2,0,2,1
S 0x1ffff400635,0,2,1
S 0x1ffff4007b1,0,2,1
S 0x1ffff4007b0,0,2,1
S 0x15555562c2c,0,2,1
S 0x1ffff4007b0,0,2,1
S 0x1ffff4007b2,0,2,1
S 0x1ffff4007b1,0,2,1
S 0x1ffff4007af,0,2,1
S 0x155555620f8,0,2,1
S 0x1ffff8b129e,0,2,1
S 0x1ffff612078,0,2,1
S 0x1ffff4007b3,0,2,1
S 0x1ffff8b129e,0,2,1
S 0x1ffff612079,0,2,1
S 0x1ffff4007b4,0,2,1
S 0x1ffff8b129e,0,2,1
S 0xc0001ffff7f1175,0,2,1
S 0xc0001ffff7f11a8,0,2,1
S 0xc0001ffff7f11a8,0,2,1
S 0xc0001ffff7f1176,0,2,1
S 0xc0001555555fe55,0,2,1
S 0xc0001ffff7f1176,0,2,1
S 0xc0001ffff7f119c,0,2,1
S 0xc0001555555fe60,0,2,1
S 0xc0001555555fe60,0,2,1
S 0xc0001555555f6f4,0,2,1
S 0xc0001555555fe6c,0,2,1
S 0xc0001ffff7fb0fe,0,2,1
S 0xc0001ffff7fb0fd,0,2,1
S 0xc0001ffff7fb0fe,0,2,1
S 0xc0001555555fe52,0,2,1
S 0xc0001ffff7f1174,0,2,1
S 0xc0001555555fe52,0,2,1
S 0xc0001ffff7fb0fd,0,2,1
S 0xc0001555555fe5f,0,2,1
S 0xc0001555555fe5f,0,2,1
S 0xc0001ffff875455,0,2,1
S 0xc0001ffff7f1177,0,2,1
S 0xc0001555555fe56,0,2,1
S 0xc0001555555fe55,0,2,1
S 0xc0001ffff7f1177,0,2,1
S 0xc0001ffff87561e,0,2,1
S 0xc0001555555fe54,0,2,1
S 0xc0001ffff7f1178,0,2,1
S 0xc0001555555fe56,0,2,1
S 0xc0001ffff7fb0ff,0,2,1
S 0xc0001ffff7f1179,0,2,1
L 0x1ffffffff87,0,2,3
L 0x1ffff88df94,0,2,3
L 0x1ffff88df94,0,2,3
L 0x1ffffffff88,0,2,3
L 0x1555555ee09,0,2,3
L 0x1ffffffff88,0,2,3
L 0x1555555ece5,0,2,3
L 0x1555555ece5,0,2,3
L 0x1ffff8b11f1,0,2,3
L 0x1ffff8b11eb,0,2,3
L 0x1ffff8b11eb,0,2,3
L 0x1ffff8b11f1,0,2,3
L 0x1555555eaa5,0,2,3
L 0x1555555ee07,0,2,3
L 0x15555562a7a,0,2,3
L 0x15555562a76,0,2,3
L 0x15555562a75,0,2,3
L 0x15555562a76,0,2,3
L 0x1555555ee05,0,2,3
L 0x1ffffffff86,0,2,3
L 0x1555555ee05,0,2,3
L 0x15555562a74,0,2,3
L 0x1555555ee0f,0,2,3
L 0x1555555ee0f,0,2,3
L 0x1555555ee08,0,2,3
L 0x1555555eaa6,0,2,3
L 0x1555555da96,0,2,3
L 0x1555556288d,0,2,3
L 0x1555556288c,0,2,3
L 0x1555556288d,0,2,3
L 0x1555556288b,0,2,3
L 0x1555555eaa7,0,2,3
L 0x1555555db66,0,2,3
L 0x15555562900,0,2,3
L 0x155555628ff,0,2,3
L 0x15555562900,0,2,3
L 0x155555628fe,0,2,3
L 0x1ffffffff89,0,2,3
L 0x1555555ee08,0,2,3
L 0x1ffffffff89,0,2,3
L 0x1ffff8b129e,0,2,3
L 0x1ffffffff85,0,2,3
L 0x1ffffffff8a,0,2,3
L 0x15555562a81,0,2,3
L 0x1555556288c,0,2,3
L 0x1555555ee0c,0,2,3
L 0x1555555dc21,0,2,3
L 0x1555555dc21,0,2,3
L 0x15555562a7a,0,2,3
L 0x1555555ee0c,0,2,3
L 0x1555555dc22,0,2,3
L 0x15555562a87,0,2,3
L 0x15555562a87,0,2,3
L 0x1ffff8b129e,0,2,3
L 0x1555555ee09,0,2,3
L 0x1ffffffff47,0,2,3
L 0x1ffffffff46,0,2,3
L 0x1ffffffff43,0,2,3
L 0x1ffffffff42,0,2,3
L 0x1ffff89dd71,0,2,3
L 0x1ffff89dd71,0,2,3
L 0x1ffffffff41,0,2,3
L 0x1ffffffff3f,0,2,3
L 0x1ffffffff40,0,2,3
L 0x1ffff89dd72,0,2,3
L 0x1ffff89dd8d,0,2,3
L 0x1ffff89dd92,0,2,3
L 0x15555562cb0,0,2,3
L 0x1ffff89dd72,0,2,3
L 0x15555562cb0,0,2,3
S 0x15555562d31,0,2,1
S 0x15555562cf0,0,2,1
S 0x15555562cef,0,2,1
S 0x15555562cee,0,2,1
S 0x1ffffffff84,0,2,1
S 0x15555562ced,0,2,1
S 0x15555562cec,0,2,1
S 0x1ffffffff82,0,2,1
S 0x15555562ceb,0,2,1
S 0x1ffffffff81,0,2,1
S 0x15555562cea,0,2,1
S 0x1ffffffff80,0,2,1
S 0x15555562ce9,0,2,1
S 0x15555562ce8,0,2,1
S 0x1ffffffff7e,0,2,1
S 0x15555562ce7,0,2,1
S 0x1ffffffff7d,0,2,1
S 0x15555562ce6,0,2,1
S 0x15555562ce5,0,2,1
S 0x15555562ce4,0,2,1
S 0x15555562ce3,0,2,1
S 0x15555562ce2,0,2,1
S 0x15555562ce1,0,2,1
S 0x15555562ce0,0,2,1
S 0x15555562cdf,0,2,1
S 0x15555562cde,0,2,1
S 0x15555562cdd,0,2,1
S 0x15555562cdc,0,2,1
S 0x15555562cdb,0,2,1
S 0x15555562cda,0,2,1
S 0x15555562cd9,0,2,1
S 0x15555562cd8,0,2,1
S 0x15555562cd7,0,2,1
S 0x15555562cd6,0,2,1
S 0x15555562cd4,0,2,1
S 0x15555562cd3,0,2,1
S 0x15555562cd2,0,2,1
S 0x15555562cd1,0,2,1
S 0x15555562cd0,0,2,1
S 0x15555562ccf,0,2,1
S 0x15555562cce,0,2,1
S 0x15555562ccd,0,2,1
S 0x15555562ccc,0,2,1
S 0x15555562ccb,0,2,1
S 0x15555562cca,0,2,1
S 0x15555562cc9,0,2,1
S 0x15555562cc8,0,2,1
S 0x15555562cc7,0,2,1
S 0x15555562cc6,0,2,1
S 0x15555562cc5,0,2,1
S 0x15555562cc4,0,2,1
S 0x15555562cc3,0,2,1
S 0x15555562cc2,0,2,1
S 0x15555562cc1,0,2,1
S 0x15555562cc0,0,2,1
S 0x15555562cbf,0,2,1
S 0x15555562cbe,0,2,1
S 0x15555562cbd,0,2,1
S 0x15555562cbc,0,2,1
S 0x15555562cbb,0,2,1
S 0x15555562cba,0,2,1
S 0x15555562cb9,0,2,1
S 0x15555562cb8,0,2,1
S 0x15555562cb7,0,2,1
S 0x15555562cb6,0,2,1
S 0x15555562cb5,0,2,1
S 0x15555562cb4,0,2,1
S 0x15555562cb3,0,2,1
S 0x15555562cb2,0,2,1
S 0x15555562cb1,0,2,1
S 0x15555562d30,0,2,1
L 0x155555628fd,0,2,3
L 0x15555562c2f,0,2,3
L 0x155555628fd,0,2,3
L 0x155555628fc,0,2,3
L 0x1ffffffff45,0,2,3
L 0x1ffffffff44,0,2,3
L 0x1555555dc22,0,2,3
L 0x15555562a75,0,2,3
L 0x1555555ee07,0,2,3
L 0x1555555da96,0,2,3
L 0x15555562a72,0,2,3
L 0x1555555db66,0,2,3
L 0x15555562aa4,0,2,3
L 0x15555562b29,0,2,3
L 0x15555562b24,0,2,3
L 0x15555562aa4,0,2,3
L 0x15555562b28,0,2,3
L 0x15555562b24,0,2,3
S 0x15555562aa3,0,2,1,3
L 0x15555562ba9,0,2,3
L 0x80001ffffffff5a,0,2,3
L 0x80001ffff84b069,0,2,3
L 0x80001ffff84b069,0,2,3
L 0x80001ffffffff5b,0,2,3
L 0x80001ffffffff5c,0,2,3
L 0x80001ffff84b05d,0,2,3
L 0x80001555555f18e,0,2,3
L 0x80001555555f18c,0,2,3
L 0x80001555555f18c,0,2,3
L 0x80001555555f195,0,2,3
L 0x80001ffffffff5e,0,2,3
L 0x80001ffff7fb07e,0,2,3
L 0x80001555555fe68,0,2,3
L 0x80001ffffffff5c,0,2,3
L 0x80001555555f18f,0,2,3
L 0x80001ffffffff5b,0,2,3
L 0x80001ffff7fb041,0,2,3
L 0x80001ffff897c23,0,2,3
L 0x80001ffff84b05b,0,2,3
L 0x80001555555dd40,0,2,3
L 0x80001555555dd46,0,2,3
L 0x80001555555dd46,0,2,3
L 0x80001555555dd40,0,2,3
L 0x80001ffff7fb069,0,2,3
L 0x80001ffffffff59,0,2,3
L 0x80001ffffffff5d,0,2,3
L 0x80001ffff7fb03e,0,2,3
L 0x80001ffffffff5d,0,2,3
L 0x80001ffff7fb04a,0,2,3
L 0x80001555555dd41,0,2,3
L 0x80001ffff897bb1,0,2,3
L 0x80001ffff897bb1,0,2,3
L 0x80001ffff897bb3,0,2,3
L 0x80001ffff897bb2,0,2,3
L 0x80001555555ff24,0,2,3
L 0x80001ffff897bb2,0,2,3
L 0x80001555555ff24,0,2,3
L 0x80001ffff7fb04d,0,2,3
L 0x80001ffff875534,0,2,3
L 0x80001ffff875534,0,2,3
L 0x80001ffff875466,0,2,3
L 0x80001ffff875467,0,2,3
L 0x80001555555ecd3,0,2,3
L 0x80001ffffffff65,0,2,3
L 0x80001ffff6000bc,0,2,3
L 0x80001ffff600000,0,2,3
L 0x80001ffff6000bc,0,2,3
L 0x80001555555dd41,0,2,3
L 0x80001ffffffff62,0,2,3
L 0x80001ffffffff63,0,2,3
L 0x80001ffffffff63,0,2,3
L 0x15555562c26,0,2,3
L 0x15555562baa,0,2,3
L 0x1ffff89dd8d,0,2,3
L 0x15555562baa,0,2,3
L 0x15555562b28,0,2,3
L 0x15555562c26,0,2,3
L 0x15555562caf,0,2,3
S 0xc0001ffff7fb0fa,0,2,1
S 0xc0001555555fb4f,0,2,1
S 0xc0001555555fb50,0,2,1
S 0xc0001ffff7f1173,0,2,1
S 0xc0001ffff7fb100,0,2,1
S 0xc0001ffff7f119a,0,2,1
S 0xc0001ffff600026,0,2,1
S 0xc0001ffff600000,0,2,1
S 0xc0001ffff600000,0,2,1
S 0xc0001ffff600006,0,2,1
S 0xc0001ffff600002,0,2,1
S 0xc0001ffff600022,0,2,1
S 0xc0001ffff600034,0,2,1
S 0xc0001ffff600002,0,2,1
S 0xc0001ffff600034,0,2,1
S 0xc0001ffff897c24,0,2,1
S 0xc0001ffff600024,0,2,1
S 0xc0001ffff7f1172,0,2,1
S 0xc0001ffff7fb099,0,2,1
S 0xc0001555555fe6a,0,2,1
S 0xc0001ffff7fb099,0,2,1
S 0xc0001ffff7fb100,0,2,1
S 0xc0001ffff7f116c,0,2,1
S 0xc0001ffff7f116d,0,2,1
S 0xc0001ffff7f119c,0,2,1
S 0xc0001ffff7f116b,0,2,1
S 0xc0001ffff7f1764,0,2,1
S 0xc0001ffff7f1168,0,2,1
S 0xc0001ffff7f1169,0,2,1
S 0xc0001ffffdfff67,0,2,1
S 0xc0001ffffdfff67,0,2,1
S 0xc0001ffff7f116a,0,2,1
S 0xc0001ffff7f1167,0,2,1
S 0xc0001ffff7f1165,0,2,1
S 0xc0001ffff7f1166,0,2,1
S 0xc0001ffff888163,0,2,1
S 0xc0001ffff888317,0,2,1
S 0xc0001ffff8885a6,0,2,1
S 0xc0001ffff8885a7,0,2,1
S 0xc0001ffff8886c1,0,2,1
S 0xc0001555555fe6e,0,2,1
S 0xc0001ffff600024,0,2,1
S 0xc0001ffff600023,0,2,1
S 0xc0001ffff600023,0,2,1
S 0xc0001555555fe6e,0,2,1
S 0xc0001ffff87561e,0,2,1
S 0xc0001ffff7fb048,0,2,1
S 0xc0001ffff7fb0f9,0,2,1
S 0xc0001ffff60002f,0,2,1
S 0xc0001ffff7fb03d,0,2,1
S 0xc0001ffff7fb078,0,2,1
S 0xc0001ffff7f1170,0,2,1
S 0xc0001ffff7f116f,0,2,1
S 0xc0001ffff7f1171,0,2,1
S 0xc0001ffff7f116e,0,2,1
S 0xc0001ffffffff5a,0,2,1
S 0xc0001ffff897c23,0,2,1
S 0xc0001ffff60002c,0,2,1
S 0xc0001ffff7fb0f9,0,2,1
S 0xc0001555555fe49,0,2,1
S 0xc0001ffff60002c,0,2,1
S 0xc0001ffff7fb07f,0,2,1
S 0xc0001555555fe4c,0,2,1
S 0xc0001ffff600025,0,2,1
S 0xc0001ffff600025,0,2,1
S 0xc0001ffff600026,0,2,1
S 0xc0001ffff7f117a,0,2,1
S 0xc0001ffff7f117b,0,2,1
S 0xc0001ffff7f117b,0,2,1
S 0xc0001ffff7fb042,0,2,1
S 0xc0001ffff7f117a,0,2,1
S 0xc0001555555fe54,0,2,1
S 0xc0001555555fe4f,0,2,1
S 0xc0001555555fe4f,0,2,1
S 0xc0001ffff875454,0,2,1
L 0x80001ffff803242,0,2,3
L 0x80001ffff803240,0,2,3
L 0x80001555555f88f,0,2,3
L 0x80001ffff803238,0,2,3
L 0x80001555555f891,0,2,3
L 0x80001ffff80323a,0,2,3
L 0x80001ffff803239,0,2,3
L 0x80001555555f88d,0,2,3
L 0x80001555555f894,0,2,3
L 0x80001ffff80323c,0,2,3
L 0x80001ffff7fb178,0,2,3
L 0x80001555555f899,0,2,3
L 0x80001555555f8a4,0,2,3
L 0x80001ffff84b05d,0,2,3
L 0x80001555555f89b,0,2,3
L 0x80001ffff7fb16c,0,2,3
L 0x80001ffffdfff67,0,2,3
L 0x80001ffffdfff67,0,2,3
L 0x80001555555f89a,0,2,3
L 0x80001ffffffff55,0,2,3
L 0x80001ffffffff54,0,2,3
L 0x80001ffffffff53,0,2,3
L 0x80001555555550c,0,2,3
L 0x80001ffff87f90c,0,2,3
L 0x80001ffff8c3d80,0,2,3
L 0x80001ffff8c3d81,0,2,3
L 0x80001ffff803242,0,2,3
L 0x80001ffffffff62,0,2,3
L 0x80001ffffffff64,0,2,3
L 0x80001ffff87553a,0,2,3
L 0x80001ffff8a0341,0,2,3
L 0x80001ffff8880e3,0,2,3
L 0x80001ffff888581,0,2,3
L 0x80001ffff803240,0,2,3
L 0x80001ffff87f7f4,0,2,3
L 0x80001ffff80323e,0,2,3
L 0x80001ffff8756d5,0,2,3
L 0x80001ffff8754b5,0,2,3
L 0x80001ffff87f7f2,0,2,3
L 0x80001ffff87f888,0,2,3
L 0x80001ffff87f7d3,0,2,3
L 0x80001ffff887f8c,0,2,3
L 0x80001555555ff0a,0,2,3
L 0x80001555555ff0a,0,2,3
L 0x80001555555ff09,0,2,3
L 0x80001ffff87f7c1,0,2,3
L 0x80001ffff897c22,0,2,3
L 0x80001555555ff10,0,2,3
L 0x80001ffffffff50,0,2,3
L 0x80001ffff84b05a,0,2,3
L 0x80001ffffffff3e,0,2,3
L 0x80001ffffffff40,0,2,3
L 0x80001ffffffff3b,0,2,3
L 0x80001ffff897b81,0,2,3
L 0x80001ffff8772a0,0,2,3
L 0x80001ffff897abf,0,2,3
L 0x80001ffff897cdc,0,2,3
L 0x80001ffff897cdd,0,2,3
L 0x80001ffff897be1,0,2,3
L 0x80001ffffffff3c,0,2,3
L 0x80001ffff88ec28,0,2,3
L 0x80001ffff88ec26,0,2,3
L 0x80001ffffffff3d,0,2,3
L 0x80001ffff88ec1c,0,2,3
L 0x80001ffff88ec12,0,2,3
L 0x80001ffff8772a1,0,2,3
L 0x80001555555ff11,0,2,3
L 0x80001ffffffff3f,0,2,3
L 0x80001ffffffff41,0,2,3
L 0x80001555555ff12,0,2,3
L 0x80001ffff897b82,0,2,3
L 0x80001ffff8754b6,0,2,3
L 0x80001ffff8754b4,0,2,3
L 0x80001555555ff13,0,2,3
L 0x80001555555ff14,0,2,3
L 0x80001555555ff15,0,2,3
L 0x80001ffff87551e,0,2,3
L 0x80001555555f0b3,0,2,3
L 0x80001ffff7fb065,0,2,3
L 0x80001555555f18e,0,2,3
L 0x80001555555f18f,0,2,3
L 0x80001ffff7fb09b,0,2,3
L 0x80001555555f191,0,2,3
L 0x80001555555f194,0,2,3
L 0x80001555555f192,0,2,3
L 0x80001555555f193,0,2,3
L 0x80001555555f195,0,2,3
L 0x80001ffff897bbc,0,2,3
L 0x80001ffff7fb04c,0,2,3
L 0x80001ffff87542c,0,2,3
L 0x80001555555fe52,0,2,3
S 0x40001555555fe55,0,2,1
S 0x40001ffff875424,0,2,1
S 0x40001ffff875620,0,2,1
S 0x40001555555fe60,0,2,1
S 0x40001555555fe60,0,2,1
S 0x40001555555fe58,0,2,1
S 0x40001555555fe52,0,2,1
S 0x40001555555fe52,0,2,1
S 0x40001555555fe56,0,2,1
S 0x40001555555fe5f,0,2,1
S 0x40001555555ff4e,0,2,1
S 0x40001555555fe5f,0,2,1
S 0x40001555555fe55,0,2,1
S 0x40001ffff87561e,0,2,1
S 0x40001555555ff4f,0,2,1
S 0x40001555555ff4f,0,2,1
S 0x40001ffff87561e,0,2,1
S 0x40001ffff875451,0,2,1
S 0x40001555555ff50,0,2,1
S 0x40001555555ff56,0,2,1
S 0x40001555555ff52,0,2,1
S 0x40001ffff7fb09b,0,2,1
S 0x40001555555ff51,0,2,1
S 0x40001555555f18e,0,2,1
S 0x40001ffff600000,0,2,1
S 0x40001ffff6000be,0,2,1
S 0x40001ffff6000be,0,2,1
S 0x40001ffff897c24,0,2,1
S 0x40001555555f195,0,2,1
S 0x40001555555ff4d,0,2,1
S 0x40001555555ff4d,0,2,1
L 0x155555628fc,0,2,3
L 0x1ffffffff8c,0,2,3
L 0x1ffffffff8d,0,2,3
L 0x1ffffffff8d,0,2,3
L 0x1ffffffff8c,0,2,3
L 0x1ffff8b12b9,0,2,3
L 0x1555555eda4,0,2,3
L 0x1555555eda4,0,2,3
L 0x1ffff8b12b9,0,2,3
L 0x1ffff8b115c,0,2,3
L 0x1555555eaa6,0,2,3
L 0x1555555eaa5,0,2,3
L 0x15555562a83,0,2,3
L 0x15555562a82,0,2,3
L 0x15555562a83,0,2,3
S 0x15555562ad4,0,2,1
S 0x15555562ad3,0,2,1
S 0x15555562ad2,0,2,1
S 0x15555562ad1,0,2,1
S 0x15555562ad0,0,2,1
S 0x15555562acf,0,2,1
S 0x15555562ace,0,2,1
S 0x15555562acd,0,2,1
S 0x15555562acc,0,2,1
S 0x15555562acb,0,2,1
S 0x15555562aca,0,2,1
S 0x15555562ac9,0,2,1
S 0x15555562ac8,0,2,1
S 0x15555562ac7,0,2,1
S 0x15555562ac6,0,2,1
S 0x15555562ac5,0,2,1
S 0x15555562ac4,0,2,1
L 0x15555562ac3,0,2,3
L 0x15555562ac2,0,2,3
L 0x15555562ac1,0,2,3
L 0x15555562ac0,0,2,3
L 0x15555562abf,0,2,3
L 0x15555562abe,0,2,3
L 0x15555562abd,0,2,3
L 0x15555562abc,0,2,3
L 0x15555562abb,0,2,3
L 0x15555562aba,0,2,3
L 0x15555562ab9,0,2,3
L 0x15555562ab8,0,2,3
L 0x15555562ab7,0,2,3
L 0x15555562ab6,0,2,3
L 0x15555562ab5,0,2,3
L 0x15555562ab4,0,2,3
L 0x15555562ab3,0,2,3
L 0x15555562ab2,0,2,3
L 0x15555562ab1,0,2,3
L 0x15555562ab0,0,2,3
L 0x15555562aaf,0,2,3
L 0x15555562aae,0,2,3
L 0x15555562aad,0,2,3
L 0x15555562aac,0,2,3
L 0x15555562aab,0,2,3
L 0x15555562aaa,0,2,3
L 0x15555562aa9,0,2,3
L 0x15555562aa8,0,2,3
L 0x15555562aa7,0,2,3
L 0x15555562aa6,0,2,3
L 0x15555562aa5,0,2,3
L 0x1ffffffff3e,0,2,3
L 0x155555628ff,0,2,3
L 0x15555562a82,0,2,3
L 0x1ffff89dd8e,0,2,3
L 0x1ffff89dd92,0,2,3
L 0x1ffff89dd8e,0,2,3
L 0x15555562ba9,0,2,3
S 0x15555562b69,0,2,1
S 0x15555562b68,0,2,1
S 0x15555562b67,0,2,1
S 0x15555562b66,0,2,1
S 0x15555562b65,0,2,1
S 0x15555562b63,0,2,1
S 0x15555562b62,0,2,1
S 0x15555562b60,0,2,1
S 0x15555562b5f,0,2,1
S 0x15555562b5d,0,2,1
S 0x15555562b5c,0,2,1
S 0x15555562b5b,0,2,1
S 0x15555562b5a,0,2,1
S 0x15555562b59,0,2,1
S 0x15555562b58,0,2,1
S 0x15555562b57,0,2,1
L 0x15555562b54,0,2,3
L 0x15555562b53,0,2,3
L 0x15555562b52,0,2,3
L 0x15555562b51,0,2,3
L 0x15555562b50,0,2,3
L 0x15555562b4f,0,2,3
L 0x15555562b4e,0,2,3
L 0x15555562b4d,0,2,3
L 0x15555562b4c,0,2,3
L 0x15555562b4b,0,2,3
L 0x15555562b4a,0,2,3
L 0x15555562b49,0,2,3
L 0x15555562b48,0,2,3
L 0x15555562b47,0,2,3
L 0x15555562b46,0,2,3
L 0x15555562b45,0,2,3
L 0x15555562b44,0,2,3
L 0x15555562b43,0,2,3
L 0x15555562b42,0,2,3
L 0x15555562b41,0,2,3
L 0x15555562b40,0,2,3
L 0x15555562b3f,0,2,3
L 0x15555562b3e,0,2,3
L 0x15555562b3d,0,2,3
L 0x15555562b3c,0,2,3
L 0x15555562b3b,0,2,3
L 0x15555562b3a,0,2,3
L 0x15555562b39,0,2,3
L 0x15555562b38,0,2,3
L 0x15555562b37,0,2,3
L 0x15555562b36,0,2,3
L 0x15555562b35,0,2,3
L 0x15555562b34,0,2,3
L 0x15555562b33,0,2,3
L 0x15555562b32,0,2,3
L 0x15555562b31,0,2,3
L 0x15555562b30,0,2,3
L 0x15555562b2f,0,2,3
L 0x15555562b2e,0,2,3
L 0x15555562b2d,0,2,3
L 0x15555562b2c,0,2,3
L 0x15555562b2b,0,2,3
L 0x15555562b2a,0,2,3
L 0x1555555eaa7,0,2,3
L 0x80001ffff87561e,0,2,3
L 0x80001ffff7fb048,0,2,3
L 0x80001555555fe55,0,2,3
L 0x80001555555fe60,0,2,3
L 0x80001ffff84b068,0,2,3
L 0x80001555555fe60,0,2,3
L 0x80001555555fe52,0,2,3
L 0x80001555555fe5f,0,2,3
L 0x80001555555fe5f,0,2,3
L 0x80001555555fe58,0,2,3
L 0x80001555555fe56,0,2,3
L 0x80001555555fe56,0,2,3
L 0x80001ffff875446,0,2,3
S 0x1ffffffff47,0,2,1
S 0x1ffffffff46,0,2,1
S 0x1ffff88df94,0,2,1
S 0x1ffff88df94,0,2,1
S 0x155555628fe,0,2,1
S 0x155555628fe,0,2,1
S 0x1555555ee09,0,2,1
S 0x1555555ece5,0,2,1
S 0x1555555ece5,0,2,1
S 0x1555556288d,0,2,1
S 0x1555555da96,0,2,1
S 0x1555555ee0c,0,2,1
S 0x1555555ee0c,0,2,1
S 0x1555555dc22,0,2,1
S 0x1555555da96,0,2,1
S 0x1555556288c,0,2,1
S 0x1555555ee05,0,2,1
S 0x1555555ee05,0,2,1
S 0x1555556288d,0,2,1
S 0x1555555ee07,0,2,1
S 0x1555555ee08,0,2,1
S 0x1ffff8b129e,0,2,1
S 0x1ffffffff88,0,2,1
S 0x1ffffffff89,0,2,1
S 0x1ffffffff89,0,2,1
S 0x1555555ee09,0,2,1
S 0x1555555ee0f,0,2,1
S 0x15555562a76,0,2,1
S 0x15555562a76,0,2,1
S 0x15555562a74,0,2,1
S 0x1555555ee0f,0,2,1
S 0x15555562a72,0,2,1
S 0x1ffffffff88,0,2,1
S 0x15555562a7a,0,2,1
S 0x1ffffffff87,0,2,1
L 0x15555562c30,0,2,3
L 0x15555562c31,0,2,3
L 0x15555562c32,0,2,3
L 0x15555562c33,0,2,3
L 0x15555562c34,0,2,3
L 0x15555562c35,0,2,3
L 0x15555562c36,0,2,3
L 0x15555562c37,0,2,3
L 0x15555562c38,0,2,3
L 0x15555562c39,0,2,3
L 0x15555562c3a,0,2,3
L 0x15555562c3b,0,2,3
L 0x15555562c3c,0,2,3
L 0x15555562c3d,0,2,3
L 0x15555562c3e,0,2,3
L 0x15555562c3f,0,2,3
L 0x15555562c40,0,2,3
L 0x15555562c41,0,2,3
L 0x15555562c42,0,2,3
L 0x15555562c43,0,2,3
L 0x15555562c44,0,2,3
L 0x15555562c45,0,2,3
L 0x15555562c46,0,2,3
L 0x15555562c47,0,2,3
L 0x15555562c48,0,2,3
L 0x15555562c49,0,2,3
L 0x15555562c4a,0,2,3
L 0x15555562c4b,0,2,3
L 0x15555562c4c,0,2,3
L 0x15555562c4d,0,2,3
L 0x15555562c4e,0,2,3
L 0x15555562c4f,0,2,3
L 0x15555562c50,0,2,3
L 0x15555562c51,0,2,3
L 0x15555562c52,0,2,3
L 0x15555562c53,0,2,3
L 0x15555562c54,0,2,3
L 0x15555562c55,0,2,3
L 0x15555562c56,0,2,3
L 0x15555562c57,0,2,3
L 0x15555562c58,0,2,3
L 0x15555562c59,0,2,3
L 0x15555562c5a,0,2,3
L 0x15555562c5b,0,2,3
L 0x15555562c5c,0,2,3
L 0x15555562c5d,0,2,3
L 0x15555562c5e,0,2,3
L 0x15555562c5f,0,2,3
L 0x15555562c60,0,2,3
L 0x15555562c61,0,2,3
L 0x15555562c62,0,2,3
L 0x15555562caf,0,2,3
S 0x15555562a75,0,2,1
S 0x15555562a74,0,2,1
S 0x15555562900,0,2,1
S 0x15555562900,0,2,1
S 0x1555555db66,0,2,1
S 0x40001ffffffff5a,0,2,1
S 0x40001ffff84b069,0,2,1
S 0x40001ffff84b069,0,2,1
S 0x40001ffffffff5b,0,2,1
S 0x40001ffffffff5c,0,2,1
S 0x40001ffff84b05d,0,2,1
S 0x40001555555f18c,0,2,1
S 0x40001555555f18c,0,2,1
S 0x40001ffffffff5e,0,2,1
S 0x40001ffffffff5c,0,2,1
S 0x40001555555f18f,0,2,1
S 0x40001ffffffff5b,0,2,1
S 0x40001555555dd40,0,2,1
S 0x40001555555dd46,0,2,1
S 0x40001555555dd46,0,2,1
S 0x40001555555dd40,0,2,1
S 0x40001ffffffff59,0,2,1
S 0x40001ffffffff58,0,2,1
S 0x40001ffffffff5d,0,2,1
S 0x40001ffffffff5d,0,2,1
S 0x40001555555dd41,0,2,1
S 0x40001ffff897bb1,0,2,1
S 0x40001ffff897bb1,0,2,1
S 0x40001ffff897bb2,0,2,1
S 0x40001ffff897bd2,0,2,1
S 0x40001555555ff57,0,2,1
S 0x40001ffff897bb2,0,2,1
S 0x40001555555ff57,0,2,1
S 0x40001ffffffff65,0,2,1
S 0x40001555555dd41,0,2,1
S 0x40001555555ff44,0,2,1
S 0x40001555555ff45,0,2,1
S 0x40001555555ff45,0,2,1
S 0x40001ffffffff62,0,2,1
S 0x40001ffffffff63,0,2,1
S 0x40001ffffffff63,0,2,1
S 0x40001ffffffff62,0,2,1
S 0x40001ffffffff64,0,2,1
S 0x40001ffffffff64,0,2,1
S 0x40001ffff803240,0,2,1
S 0x40001ffffffff66,0,2,1
S 0x40001ffffffff66,0,2,1
S 0x40001555555ff25,0,2,1
S 0x40001555555ff24,0,2,1
S 0x40001555555ff24,0,2,1
S 0x40001ffff875466,0,2,1
S 0x40001555555e220,0,2,1
S 0x40001ffff87f7f3,0,2,1
S 0x40001555555ff0a,0,2,1
S 0x40001555555ff0a,0,2,1
S 0x40001ffffffff57,0,2,1
S 0x40001ffffffff51,0,2,1
S 0x40001ffffffff53,0,2,1
S 0x40001ffffffff52,0,2,1
S 0x40001ffffffff55,0,2,1
S 0x40001ffffffff50,0,2,1
S 0x40001ffffffff3e,0,2,1
S 0x40001ffffffff40,0,2,1
S 0x40001ffffffff3b,0,2,1
S 0x40001ffffffff3c,0,2,1
S 0x40001ffffffff3d,0,2,1
S 0x40001ffffffff3f,0,2,1
S 0x40001ffffffff41,0,2,1
S 0x40001ffffffff5f,0,2,1
S 0x40001ffffffff60,0,2,1
S 0x40001ffffffff61,0,2,1
S 0x40001555555f18f,0,2,1
S 0x40001555555f190,0,2,1
S 0x40001555555f191,0,2,1
S 0x40001555555f194,0,2,1
S 0x40001555555f192,0,2,1
S 0x40001555555f193,0,2,1
S 0x40001ffff7fb04c,0,2,1
S 0x1555555ee08,0,2,1
S 0x1ffffffff8a,0,2,1
S 0x1ffffffff86,0,2,1
S 0x1ffffffff85,0,2,1
S 0x1555555eaa6,0,2,1
S 0x1555555dc21,0,2,1
S 0x1555555eaa5,0,2,1
S 0x1ffff8b11f1,0,2,1
S 0x1ffff8b11eb,0,2,1
S 0x1ffff8b11eb,0,2,1
S 0x1ffff8b11f1,0,2,1
S 0x15555562a87,0,2,1
S 0x1555555dc21,0,2,1
S 0x15555562a87,0,2,1
S 0x155555628ff,0,2,1
S 0x1555555eaa7,0,2,1
S 0x15555562a7f,0,2,1
S 0x1555555db3b,0,2,1
S 0x1555555db88,0,2,1
S 0x155555620f1,0,2,1
S 0x155555620f1,0,2,1
S 0x155555620f0,0,2,1
S 0x155555628fa,0,2,1
S 0x155555628fb,0,2,1
S 0x15555562887,0,2,1
S 0x15555562887,0,2,1
S 0x155555628fb,0,2,1
S 0x155555628fa,0,2,1
S 0x155555620f0,0,2,1
S 0x1555556288b,0,2,1
S 0x1ffff612076,0,2,1
S 0x1ffff6120a8,0,2,1
S 0x1ffff6120a8,0,2,1
S 0x155555620f9,0,2,1
S 0x1555556293d,0,2,1
S 0x1555556293d,0,2,1
S 0x155555620fa,0,2,1
S 0x1ffff612077,0,2,1
S 0x1ffff612077,0,2,1
S 0x155555620f9,0,2,1
S 0x155555620f6,0,2,1
S 0x15555562103,0,2,1
S 0x1ffff612078,0,2,1
S 0x155555620f6,0,2,1
L 0x1ffff8b129e,0,2,3
S 0x155555620f8,0,2,1
S 0x1ffff612075,0,2,1
S 0x1ffff612074,0,2,1
S 0x155555620f8,0,2,1
S 0x1ffff8b0fe6,0,2,1
L 0x1ffffffff47,0,2,3
L 0x1ffffffff46,0,2,3
L 0x1ffff88df94,0,2,3
L 0x1ffff88df94,0,2,3
L 0x1ffffffff43,0,2,0
L 0x1ffffffff42,0,2,0
L 0x1ffff89dd71,0,2,0
L 0x1ffff89dd71,0,2,0
L 0x1ffffffff41,0,2,0
L 0x1ffffffff3f,0,2,0
L 0x1ffffffff40,0,2,0
L 0x1ffff89dd72,0,2,0
L 0x1ffff89dd8d,0,2,0
L 0x1ffff89dd92,0,2,0
L 0x15555562cb0,0,2,0
L 0x1ffff89dd72,0,2,0
L 0x15555562cb0,0,2,0
L 0x155555628fd,0,2,0
L 0x15555562c2f,0,2,0
L 0x155555628fd,0,2,0
L 0x155555628fe,0,2,3
L 0x155555628fe,0,2,3
L 0x1555555ee09,0,2,3
L 0x1ffffffff45,0,2,0
L 0x1555555ece5,0,2,3
L 0x1555555ece5,0,2,3
L 0x1555556288d,0,2,3
L 0x1ffffffff44,0,2,0
L 0x1555555da96,0,2,3
L 0x1555555ee0c,0,2,3
L 0x1555555ee0c,0,2,3
L 0x1555555dc22,0,2,0,3
L 0x1555555da96,0,2,3
L 0x1555556288c,0,2,0,3
L 0x1555555ee05,0,2,3
L 0x1555555ee05,0,2,3
L 0x1555556288d,0,2,3
L 0x15555562a81,0,2,3
L 0x1555555ee07,0,2,0,3
L 0x1555555ee08,0,2,3
L 0x1ffff8b129e,0,2,3
L 0x1ffffffff88,0,2,3
L 0x1ffffffff89,0,2,3
L 0x1ffffffff89,0,2,3
L 0x1555555ee09,0,2,3
L 0x1555555ee0f,0,2,3
L 0x15555562a91,0,2,3
L 0x15555562a90,0,2,3
L 0x15555562a91,0,2,3
L 0x15555562a8f,0,2,3
L 0x15555562a74,0,2,3
L 0x1555555ee0f,0,2,3
L 0x1ffffffff88,0,2,3
L 0x15555562a97,0,2,3
L 0x1555555dc21,0,2,3
L 0x1555555dc21,0,2,3
L 0x15555562a97,0,2,3
L 0x1ffffffff87,0,2,3
L 0x1ffffffff3e,0,2,3
L 0x15555562a90,0,2,3
L 0x15555562a8f,0,2,3
L 0x15555562a76,0,2,3
L 0x15555562a75,0,2,3
L 0x15555562a76,0,2,3
L 0x15555562a7a,0,2,3
L 0x15555562a7a,0,2,3
L 0x1ffff5cddf6,0,2,0
L 0x1ffff5cde28,0,2,0
L 0x1ffff5cde28,0,2,0
L 0x1ffff5cddf7,0,2,0
L 0x1ffff5cddf7,0,2,0
L 0x1ffff5cddf8,0,2,0
L 0x1ffff5cddf8,0,2,0
L 0x1ffff5cddf9,0,2,0
L 0x1ffff5cddfa,0,2,0
L 0x1ffff625a49,0,2,0
L 0x1ffffffff85,0,2,3
L 0x1ffffffff86,0,2,3
L 0x15555562a75,0,2,3
L 0x15555562a93,0,2,3
L 0x15555562a92,0,2,3
L 0x15555562a93,0,2,3
L 0x1ffff89dd93,0,2,0,3
L 0x15555562a92,0,2,3
L 0x15555562900,0,2,3
L 0x155555628ff,0,2,3
L 0x15555562900,0,2,3
L 0x15555562a7f,0,2,0
L 0x1555555db66,0,2,3
L 0x1555555db66,0,2,3
L 0x15555562aa4,0,2,0
L 0x15555562b29,0,2,0
L 0x15555562b24,0,2,3
S 0x80001ffffffff5a,0,2,1
S 0x80001ffff84b069,0,2,1
S 0x80001ffff84b069,0,2,1
S 0x80001ffffffff5b,0,2,1
S 0x80001ffffffff5c,0,2,1
S 0x80001555555f18e,0,2,1
S 0x80001555555f18c,0,2,1
S 0x80001555555f18c,0,2,1
S 0x80001555555f195,0,2,1
S 0x80001ffffffff5e,0,2,1
S 0x80001ffffffff5c,0,2,1
S 0x80001555555f18f,0,2,1
S 0x80001ffffffff5b,0,2,1
S 0x80001555555dd40,0,2,1
S 0x80001555555dd46,0,2,1
S 0x80001555555dd46,0,2,1
S 0x80001555555dd40,0,2,1
S 0x80001ffffffff59,0,2,1
S 0x80001ffffffff58,0,2,1
S 0x80001ffffffff5d,0,2,1
S 0x80001ffffffff5d,0,2,1
S 0x80001555555dd41,0,2,1
S 0x80001555555ff24,0,2,1
S 0x80001555555dd41,0,2,1
S 0x80001555555ff24,0,2,1
S 0x80001555555ff25,0,2,1
S 0x80001ffffffff65,0,2,1
S 0x80001ffff6000bd,0,2,1
S 0x80001ffff600000,0,2,1
S 0x80001ffff6000bd,0,2,1
S 0x80001ffffffff62,0,2,1
S 0x80001ffffffff63,0,2,1
S 0x80001ffffffff63,0,2,1
S 0x80001ffffffff62,0,2,1
S 0x80001ffffffff64,0,2,1
S 0x80001ffffffff64,0,2,1
S 0x80001555555ff0a,0,2,1
S 0x80001555555ff0a,0,2,1
S 0x80001ffffffff57,0,2,1
S 0x80001ffffffff56,0,2,1
S 0x80001ffffffff54,0,2,1
S 0x80001ffffffff51,0,2,1
S 0x80001ffffffff53,0,2,1
S 0x80001ffffffff52,0,2,1
S 0x80001ffffffff55,0,2,1
S 0x80001ffffffff50,0,2,1
S 0x80001ffffffff3e,0,2,1
S 0x80001ffffffff40,0,2,1
S 0x80001ffffffff3b,0,2,1
S 0x80001ffffffff3c,0,2,1
S 0x80001ffffffff3d,0,2,1
S 0x80001ffffffff3f,0,2,1
S 0x80001ffffffff41,0,2,1
L 0x80001555555ff0f,0,2,3
S 0x80001ffffffff5f,0,2,1
S 0x80001ffffffff60,0,2,1
S 0x80001ffffffff61,0,2,1
S 0x80001555555f18e,0,2,1
S 0x80001555555f18f,0,2,1
S 0x80001555555f190,0,2,1
S 0x80001555555f191,0,2,1
S 0x80001555555f194,0,2,1
S 0x80001555555f192,0,2,1
S 0x80001555555f193,0,2,1
S 0x80001555555f195,0,2,1
S 0x80001ffff897bb1,0,2,1
S 0x80001ffff897bb1,0,2,1
S 0x80001ffff897bb2,0,2,1
S 0x80001555555ff3a,0,2,1
S 0x80001ffff897bb2,0,2,1
S 0x80001555555ff3a,0,2,1
S 0x80001555555fe52,0,2,1
S 0x80001ffff87561e,0,2,1
S 0x80001555555fe55,0,2,1
S 0x80001555555fe60,0,2,1
S 0x80001555555fe60,0,2,1
S 0x80001555555fe52,0,2,1
S 0x80001555555fe5f,0,2,1
S 0x80001555555fe5f,0,2,1
S 0x80001555555fe58,0,2,1
S 0x80001555555fe56,0,2,1
S 0x80001555555fe56,0,2,1
S 0x80001ffff7f11f5,0,2,1
S 0x80001ffff7f1228,0,2,1
S 0x80001ffff7f1228,0,2,1
S 0x80001ffff7f11f6,0,2,1
S 0x80001ffff7f11f6,0,2,1
S 0x80001555555fe58,0,2,1
S 0x80001ffff7f11f4,0,2,1
S 0x80001555555fe55,0,2,1
S 0x80001555555fe54,0,2,1
L 0x15555562aa4,0,2,0
L 0x15555562b28,0,2,0
L 0x15555562b24,0,2,3
L 0x15555562aa3,0,2,3
L 0x15555562ba9,0,2,0
L 0x15555562c26,0,2,0
L 0x15555562baa,0,2,0
L 0x1ffff89dd8d,0,2,0
L 0x15555562baa,0,2,0
L 0x15555562b28,0,2,0
L 0x15555562c26,0,2,0
L 0x15555562caf,0,2,0
L 0xc0001555555fe55,0,2,3
L 0xc0001555555fe60,0,2,3
L 0xc0001ffff7f11a7,0,2,3
L 0xc0001555555fe60,0,2,3
S 0xc0001555555fe58,0,2,1,3
L 0xc0001555555fe52,0,2,3
L 0xc0001555555fe52,0,2,3
L 0xc0001555555fe56,0,2,3
L 0xc0001555555fe5f,0,2,3
L 0xc0001555555ff1b,0,2,3
L 0xc0001555555fe5f,0,2,3
L 0xc0001555555fe55,0,2,3
L 0xc0001ffff87561e,0,2,3
L 0xc0001555555ff1c,0,2,3
L 0xc0001555555ff1c,0,2,3
L 0xc0001ffff87561e,0,2,3
L 0xc0001555555ff1d,0,2,3
L 0xc0001555555ff23,0,2,3
L 0xc0001ffff88ec84,0,2,3
L 0xc0001555555ff1f,0,2,3
L 0xc0001555555ff20,0,2,3
L 0xc0001ffffdfff67,0,2,3
L 0xc0001ffffdfff67,0,2,3
L 0xc0001ffff8c404f,0,2,3
L 0xc0001ffff87f90c,0,2,3
L 0xc0001ffff87f922,0,2,3
L 0xc0001ffff87f937,0,2,3
L 0xc0001ffff87f99f,0,2,3
L 0xc0001ffff87fa16,0,2,3
L 0xc0001ffff8c3940,0,2,3
S 0xc0001ffff7fb048,0,2,1,3
S 0xc0001ffff7fb042,0,2,1
L 0xc0001ffff7fb04a,0,2,3
L 0xc0001ffff7fb041,0,2,3
S 0xc0001ffff7fb06a,0,2,1
L 0xc0001ffff897c22,0,2,3
L 0xc0001ffff897b81,0,2,3
L 0xc0001ffff897abf,0,2,3
L 0xc0001ffff897cdc,0,2,3
L 0xc0001ffff897cdd,0,2,3
L 0xc0001ffff897be1,0,2,3
L 0xc0001ffff88ec28,0,2,3
L 0xc0001ffff88ec26,0,2,3
L 0xc0001ffff897b82,0,2,3
L 0xc0001ffff88ec12,0,2,3
S 0x80001ffff7f11f8,0,2,1
S 0x80001ffff7f11f1,0,2,1
S 0x80001ffff7f11f3,0,2,1
S 0x80001ffff7f11f2,0,2,1
S 0x80001ffff7f11ef,0,2,1
S 0x80001ffff7f11f0,0,2,1
S 0x80001555555fd83,0,2,1
S 0x80001ffff81bb00,0,2,1
S 0x80001ffff81bb00,0,2,1
S 0x80001ffff7f11ed,0,2,1
S 0x80001ffff7f11eb,0,2,1
S 0x80001ffff7f11ec,0,2,1
S 0x80001ffff7f11e8,0,2,1
S 0x80001ffff7f11e9,0,2,1
S 0x80001555555fe2a,0,2,1
S 0x80001555555fe6e,0,2,1
S 0x80001ffff600023,0,2,1
S 0x80001ffff600023,0,2,1
S 0x80001555555fe6e,0,2,1
S 0x80001ffff600000,0,2,1
S 0x80001ffff600002,0,2,1
S 0x80001ffff6000be,0,2,1
S 0x80001ffff600002,0,2,1
S 0x80001ffff6000be,0,2,1
S 0x80001ffff600029,0,2,1
S 0x80001ffff600029,0,2,1
S 0x80001ffff7f11f9,0,2,1
S 0x80001ffff7f11fa,0,2,1
S 0x80001ffff7f11fb,0,2,1
S 0x80001ffff7f11fb,0,2,1
S 0x80001ffff7f11fa,0,2,1
S 0x80001555555fe54,0,2,1
S 0x80001555555fe4f,0,2,1
S 0x80001555555fe4f,0,2,1
L 0x1ffffffff86,0,2,3
L 0x1ffffffff85,0,2,3
L 0x1ffffffff84,0,2,0,3
S 0x1ffff8bbe55,0,2,1
L 0x155555628fc,0,2,0,3
L 0x15555562a83,0,2,3
L 0x15555562a83,0,2,3
L 0x15555562a87,0,2,3
L 0x15555562a87,0,2,3
L 0x15555562aab,0,2,3
L 0x15555562aaa,0,2,3
L 0x15555562aa9,0,2,3
L 0x15555562aa8,0,2,3
L 0x15555562aa7,0,2,3
L 0x15555562aa6,0,2,3
L 0x15555562aa5,0,2,3
L 0x155555628ff,0,2,3
L 0x15555562a82,0,2,0,3
L 0x1555555ee08,0,2,3
L 0x1555555eaa7,0,2,0,3
L 0x1555555eaa6,0,2,0,3
L 0x1555555eaa5,0,2,0,3
S 0x15555562c2d,0,2,1
S 0x1ffff4007c0,0,2,1
S 0x1ffff4007be,0,2,1
S 0x1ffff4007bd,0,2,1
S 0x1ffff4007be,0,2,1
S 0x1ffff4007bc,0,2,1
S 0x15555562103,0,2,1
S 0x1ffff612079,0,2,1
S 0x1ffff4007ba,0,2,1
S 0x1ffff4004a7,0,2,1
S 0x1ffff4004a8,0,2,1
S 0x1ffff612073,0,2,1
S 0x1ffff400023,0,2,1
S 0x1ffff400023,0,2,1
S 0x1ffff4007c0,0,2,1
L 0x1ffff8b11f1,0,2,3
L 0x1ffff8b11ec,0,2,3
L 0x1ffff8b11ec,0,2,3
L 0x1ffff8b11f1,0,2,3
L 0x1555556288b,0,2,3
S 0x1555555ee0b,0,2,1
L 0x1555555ee0e,0,2,3
L 0x1ffffffff8a,0,2,3
S 0x1ffff400024,0,2,1
S 0x1ffff4004ac,0,2,1
S 0x1ffff400024,0,2,1
S 0x1ffff4004ac,0,2,1
S 0x1ffff612072,0,2,1
S 0x1ffff612071,0,2,1
S 0x1ffff612070,0,2,1
S 0x1ffff625a3d,0,2,1
S 0x1ffff61206f,0,2,1
S 0x1ffff61206e,0,2,1
S 0x1ffff61206d,0,2,1
S 0x1ffff61206c,0,2,1
S 0x1ffff61206a,0,2,1
S 0x1ffff612069,0,2,1
S 0x1ffff61206b,0,2,1
S 0x1ffff61209b,0,2,1
S 0x1ffff400000,0,2,1
S 0x1ffff400000,0,2,1
S 0x1ffff400002,0,2,1
S 0x1ffff400022,0,2,1
S 0x1ffff4007c1,0,2,1
S 0x1ffff400002,0,2,1
S 0x1ffff4007c1,0,2,1
S 0x1ffff40081e,0,2,1
S 0x1ffff625a44,0,2,1
S 0x1ffff400025,0,2,1
S 0x1ffff400005,0,2,1
S 0x1ffff4007ab,0,2,1
S 0x1ffff400005,0,2,1
S 0x1ffff4007ab,0,2,1
S 0x1ffff4007ad,0,2,1
L 0x1ffff8b129e,0,2,3
S 0x1ffff400025,0,2,1
S 0x1ffff4007bb,0,2,1
S 0x1ffff4007bb,0,2,1
S 0x1ffff4007bd,0,2,1
S 0x1ffff4007ba,0,2,1
L 0x1ffff8b129e,0,2,3
L 0x1ffff8b129e,0,2,3
S 0xc0001ffff7fb043,0,2,1
L 0xc0001ffff87f90b,0,2,3
L 0xc0001ffff87fa13,0,2,3
L 0xc0001555555f18e,0,2,3
L 0xc0001555555f195,0,2,3
L 0xc0001555555ff1a,0,2,3
L 0xc0001555555ff1a,0,2,3
L 0xc0001555555fe68,0,2,3
L 0xc0001555555ff1e,0,2,3
S 0xc0001ffff875454,0,2,1
L 0xc0001ffffffff5a,0,2,3
L 0xc0001ffff84b069,0,2,3
L 0xc0001ffff84b069,0,2,3
L 0xc0001ffffffff5b,0,2,3
L 0xc0001ffffffff5c,0,2,3
L 0xc0001ffff84b05d,0,2,3
L 0xc0001555555f18c,0,2,3
L 0xc0001555555f18c,0,2,3
L 0xc0001ffffffff5e,0,2,3
L 0xc0001ffffffff5c,0,2,3
L 0xc0001555555f18f,0,2,3
L 0xc0001ffffffff5b,0,2,3
L 0xc0001555555dd40,0,2,3
L 0xc0001555555dd46,0,2,3
L 0xc0001555555dd46,0,2,3
L 0xc0001555555dd40,0,2,3
L 0xc0001ffffffff59,0,2,3
L 0xc0001ffffffff5d,0,2,3
L 0xc0001ffff7fb03e,0,2,3
L 0xc0001ffffffff5d,0,2,3
L 0xc0001ffff897bb1,0,2,3
L 0xc0001ffff897bb1,0,2,3
L 0xc0001ffff897bb2,0,2,3
L 0xc0001555555ff24,0,2,3
L 0xc0001ffff897bb2,0,2,3
L 0xc0001555555ff24,0,2,3
L 0xc0001ffff7fb04d,0,2,3
L 0xc0001ffff875534,0,2,3
L 0xc0001ffff875534,0,2,3
L 0xc0001ffff875466,0,2,3
L 0xc0001ffff875467,0,2,3
L 0xc0001ffffffff65,0,2,3
L 0xc0001ffffffff62,0,2,3
L 0xc0001ffffffff63,0,2,3
L 0xc0001ffffffff63,0,2,3
L 0xc0001ffff803242,0,2,3
L 0xc0001ffff803240,0,2,3
L 0xc0001555555f88f,0,2,3
L 0xc0001ffff803238,0,2,3
L 0xc0001555555f891,0,2,3
L 0xc0001ffff80323a,0,2,3
L 0xc0001ffff803239,0,2,3
L 0xc0001555555f894,0,2,3
L 0xc0001ffff80323c,0,2,3
L 0xc0001555555f899,0,2,3
L 0xc0001555555f8a4,0,2,3
L 0xc0001ffff84b05d,0,2,3
L 0xc0001555555f89b,0,2,3
L 0xc0001ffff7fb16c,0,2,3
L 0xc0001555555f89a,0,2,3
L 0xc0001ffffffff55,0,2,3
L 0xc0001ffffffff54,0,2,3
L 0xc0001ffff803242,0,2,3
L 0xc0001ffffffff62,0,2,3
L 0xc0001ffff87553a,0,2,3
L 0xc0001ffff803240,0,2,3
L 0xc0001ffff87f7f4,0,2,3
L 0xc0001ffff80323e,0,2,3
L 0xc0001ffff8754b5,0,2,3
L 0xc0001ffff87f7f2,0,2,3
L 0xc0001ffff87f888,0,2,3
L 0xc0001ffff87f7d3,0,2,3
L 0xc0001ffff887f8c,0,2,3
L 0xc0001555555ff0a,0,2,3
L 0xc0001555555ff0a,0,2,3
L 0xc0001555555ff09,0,2,3
L 0xc0001ffff87f7c1,0,2,3
L 0xc0001555555ff10,0,2,3
L 0xc0001ffff84b05a,0,2,3
L 0xc0001ffffffff3e,0,2,3
L 0xc0001ffffffff40,0,2,3
L 0xc0001ffffffff3b,0,2,3
L 0xc0001ffff8772a0,0,2,3
L 0xc0001ffffffff3c,0,2,3
L 0xc0001ffffffff3d,0,2,3
L 0xc0001ffff88ec1c,0,2,3
L 0xc0001ffff8772a1,0,2,3
L 0xc0001555555ff11,0,2,3
L 0xc0001ffffffff3f,0,2,3
L 0xc0001555555ff12,0,2,3
L 0xc0001ffff8754b6,0,2,3
L 0xc0001ffff8754b4,0,2,3
L 0xc0001555555ff13,0,2,3
L 0xc0001555555ff14,0,2,3
L 0xc0001555555ff15,0,2,3
L 0xc0001ffff87551e,0,2,3
L 0xc0001ffff7fb056,0,2,3
L 0xc0001555555f0b3,0,2,3
L 0xc0001ffff7fb065,0,2,3
L 0xc0001555555f18f,0,2,3
L 0xc0001555555f190,0,2,3
L 0xc0001555555f191,0,2,3
L 0xc0001555555f194,0,2,3
L 0xc0001555555f192,0,2,3
L 0xc0001555555f193,0,2,3
L 0xc0001ffff897bbc,0,2,3
L 0xc0001ffff7fb04c,0,2,3
L 0xc0001ffff84b068,0,2,3
L 0xc0001ffff7fb050,0,2,3
L 0x100001ffffffff53,0,2,0
L 0x100001ffff84b069,0,2,0
L 0x100001ffff84b069,0,2,0
L 0x100001ffffffff54,0,2,0
L 0x100001ffffffff55,0,2,0
L 0x100001ffffffff5a,0,2,0
L 0x100001ffff7fb07e,0,2,0
L 0x100001555555fe68,0,2,0
L 0x100001ffffffff55,0,2,0
L 0x100001ffffffff54,0,2,0
L 0x100001ffffffff5b,0,2,0
L 0x100001ffff7fb065,0,2,0
L 0x100001ffff7fb065,0,2,0
L 0x100001ffff897b7a,0,2,0
L 0x100001ffff88ec86,0,2,0
L 0x100001ffffffff96,0,2,0
L 0x100001ffffffff97,0,2,0
L 0x100001ffffffff9d,0,2,0
L 0x100001ffffffffa0,0,2,0
L 0x100001ffffffffa3,0,2,0
L 0x100001ffffffffa7,0,2,0
L 0x100001ffffffffac,0,2,0
L 0x100001ffffffffad,0,2,0
L 0x100001ffffffffae,0,2,0
L 0x100001ffffffffaf,0,2,0
L 0x100001ffffffffb0,0,2,0
L 0x100001ffffffffb1,0,2,0
L 0x100001ffffffff87,0,2,0
L 0x100001ffffffffb2,0,2,0
L 0x100001ffffffffb4,0,2,0
L 0x100001ffffffffb5,0,2,0
L 0x100001ffffffffb6,0,2,0
L 0x100001ffffffffb7,0,2,0
L 0x100001ffffffffb9,0,2,0
L 0x100001ffffffffba,0,2,0
L 0x100001ffffffffbb,0,2,0
L 0x100001ffffffff5a,0,2,0
L 0x100001ffff84b05d,0,2,0,3
L 0x100001ffffdfff67,0,2,0
L 0x100001ffffdfff67,0,2,0
L 0x100001ffffffff51,0,2,3
L 0x100001ffff8a0327,0,2,0
L 0x100001ffff88810d,0,2,0
L 0x100001ffff8886cb,0,2,0
L 0x100001ffff84b05a,0,2,0
L 0x100001ffff88e870,0,2,0
L 0x100001ffff88eb26,0,2,0
L 0x100001555555dd43,0,2,0
L 0x100001555555f0b3,0,2,0
L 0x100001555555dd43,0,2,0
L 0x100001555555dd40,0,2,3
L 0x100001555555dd40,0,2,3
L 0x100001555555f0b3,0,2,0
L 0x100001ffff87f90a,0,2,3
L 0x100001ffff875708,0,2,3
L 0x100001ffffdf7d4c,0,2,3
L 0x100001555555dd41,0,2,3
L 0x100001555555fe6b,0,2,0
L 0x100001555555dd41,0,2,3
L 0x100001555555fe6b,0,2,0
L 0x100001555555fe6c,0,2,0,3
L 0x100001ffff7fb098,0,2,0
L 0x100001ffff7f17e3,0,2,0
L 0x100001ffff7f16d7,0,2,0
L 0x100001ffff8ba1cb,0,2,0
L 0x100001ffff8ae54b,0,2,0
L 0x100001ffff8880ce,0,2,0
L 0x100001ffff888127,0,2,3
L 0x100001ffff87570b,0,2,0
L 0x100001ffff7fb041,0,2,0,3
L 0x100001ffff7fb049,0,2,0
L 0x100001ffffffff60,0,2,0
L 0x100001ffffffff5b,0,2,0
L 0x100001555555f891,0,2,0
L 0x100001ffff87570c,0,2,3
L 0x100001ffff875459,0,2,0
L 0x100001ffff897bb1,0,2,3
L 0x100001ffff897bb1,0,2,3
L 0x100001ffff897bb2,0,2,3
L 0x100001555555fe71,0,2,3
L 0x100001ffff897bb2,0,2,3
L 0x100001555555fe71,0,2,3
L 0x100001ffff88effa,0,2,0
L 0x100001555555f929,0,2,0
L 0x100001555555f929,0,2,0
L 0x100001555555f92a,0,2,0
L 0x100001555555fe4d,0,2,3
L 0x100001555555fe4d,0,2,3
0x100001ffff88eff7,0,2
L 0x100001ffff897b8c,0,2,0
L 0x100001ffff897bb4,0,2,0
L 0x100001ffff88eff8,0,2,0
L 0x100001ffff88eff9,0,2,0
L 0x100001ffff8a031f,0,2,0
L 0x100001ffff87570e,0,2,0
L 0x100001ffff86aa8e,0,2,0
L 0x100001ffff87561e,0,2,0
L 0x100001ffffffff44,0,2,3
L 0x100001ffffffff3f,0,2,3
L 0x100001ffff897cdc,0,2,0
L 0x100001ffff87545a,0,2,0
L 0x100001ffff897ce2,0,2,0
L 0x100001ffff875458,0,2,0
L 0x100001ffff8c394d,0,2,3
L 0x100001ffff8a0315,0,2,0
L 0x100001ffff8c4061,0,2,0
L 0x100001ffff8c4062,0,2,0
L 0x100001ffff87f91b,0,2,0
L 0x100001ffff87f934,0,2,0
L 0x100001ffff87f9c6,0,2,0
L 0x100001ffff8c394c,0,2,3
L 0x100001ffff8c4072,0,2,0
L 0x100001ffff888090,0,2,0
L 0x100001ffff888091,0,2,0
L 0x100001ffffdfff7d,0,2,0
L 0x100001ffff897ce7,0,2,3
L 0x100001ffff888090,0,2,0
L 0x100001ffff887f88,0,2,0
L 0x100001ffff897bb7,0,2,0
L 0x100001ffff8c4038,0,2,0
L 0x100001ffff8c4060,0,2,0
L 0x100001ffff897a98,0,2,0
L 0x100001ffff887f8a,0,2,0
L 0x100001ffff7f1227,0,2,0,3
L 0x100001ffff887f8a,0,2,0
L 0x100001ffff84b076,0,2,0
L 0x100001ffff84b075,0,2,0
L 0x100001ffff86aaad,0,2,0
L 0x100001ffff86afb5,0,2,0
L 0x100001ffffffff4e,0,2,3
L 0x100001ffffffff4c,0,2,3
L 0x100001ffffffff4a,0,2,3
L 0x100001ffffffff4b,0,2,3
L 0x100001ffffffff49,0,2,3
L 0x100001ffff8a0314,0,2,0
L 0x100001ffff897c24,0,2,0
L 0x100001ffff897c24,0,2,0
L 0x100001ffff897bd2,0,2,0
L 0x100001ffff897c24,0,2,0
L 0x100001ffff84b075,0,2,0
L 0x100001ffff888113,0,2,0
L 0x100001ffff8886a1,0,2,0
L 0x100001ffffdfff67,0,2,0
L 0x100001ffffdfff67,0,2,0
L 0x100001ffff7fb04a,0,2,3
L 0x100001ffff87561e,0,2,0
L 0x100001555555fe60,0,2,0
L 0x100001555555fe60,0,2,0
L 0x100001555555fe5f,0,2,0
L 0x100001555555fe5f,0,2,0
L 0x100001ffff875455,0,2,0
L 0x100001555555fe58,0,2,3
L 0x100001ffff875446,0,2,3
L 0x100001555555fe58,0,2,3
L 0x100001ffff7f11f4,0,2,0
L 0x100001ffff7f11f8,0,2,0
L 0x100001ffff7f11f1,0,2,0
L 0x100001ffff7f11f3,0,2,0
L 0x100001ffff7f11f0,0,2,0
L 0x100001ffff7f11e7,0,2,0
L 0x100001ffff7f11e8,0,2,0
L 0x100001ffff7fb048,0,2,0,3
L 0x100001ffffdfff1f,0,2,0
L 0x100001ffff7f11ed,0,2,0
L 0x100001ffff7f11eb,0,2,0
L 0x100001ffff600039,0,2,0
L 0x100001ffff600039,0,2,0
L 0x100001ffff7fb099,0,2,0
L 0x100001555555fe6a,0,2,0
L 0x100001ffff7fb099,0,2,0
L 0x100001ffff7fb06a,0,2,3
L 0x100001ffff7f11ea,0,2,0
L 0x100001ffff7f11e9,0,2,0
L 0x100001ffff7f1219,0,2,3
L 0x1ffffffff87,0,2,0
L 0x1ffff88df94,0,2,0
L 0x1ffff88df94,0,2,0
L 0x1ffffffff88,0,2,0
L 0x1555555ee09,0,2,0
L 0x1ffffffff88,0,2,0
L 0x1555555ece5,0,2,0
L 0x1555555ece5,0,2,0
L 0x1ffff8b11f1,0,2,0
L 0x1ffff8b11ed,0,2,0
L 0x1ffff8b11ed,0,2,0
L 0x1ffff8b11f1,0,2,0
L 0x1555555eaa5,0,2,0
L 0x1555555ee07,0,2,0
L 0x15555562a7a,0,2,0
L 0x15555562a76,0,2,0
L 0x15555562a75,0,2,0
L 0x15555562a76,0,2,0
L 0x1555555ee05,0,2,0
L 0x1ffffffff86,0,2,0
L 0x1555555ee05,0,2,0
L 0x15555562a74,0,2,0
L 0x1555555ee0f,0,2,0
L 0x1555555ee0f,0,2,0
L 0x1555555ee08,0,2,0
L 0x155555628ac,0,2,0
L 0x15555562886,0,2,0
L 0x155555628fb,0,2,0
L 0x155555628fa,0,2,0
L 0x155555628fb,0,2,0
L 0x155555628fa,0,2,0
L 0x1555555eaa6,0,2,0
L 0x15555562a97,0,2,0
L 0x15555562a93,0,2,0
L 0x15555562a92,0,2,0
L 0x15555562a93,0,2,0
L 0x15555562a91,0,2,0
L 0x1555555eaa7,0,2,0
L 0x1555555db66,0,2,0
L 0x15555562900,0,2,0
L 0x155555628ff,0,2,0
L 0x15555562900,0,2,0
L 0x155555628fe,0,2,0
L 0x15555562a87,0,2,0
L 0x15555562a83,0,2,0
L 0x15555562a82,0,2,0
L 0x15555562a83,0,2,0
L 0x15555562a81,0,2,0
L 0x1ffffffff89,0,2,0
L 0x1555555ee08,0,2,0
L 0x1ffffffff89,0,2,0
L 0x1ffff8b129e,0,2,0
L 0x1ffffffff85,0,2,0
L 0x1ffffffff8a,0,2,0
L 0x15555562a92,0,2,0
L 0x1555556288c,0,2,0
L 0x1555555ee0c,0,2,0
L 0x1555555dc21,0,2,0
L 0x1555555dc21,0,2,0
L 0x15555562a7a,0,2,0
L 0x1555555ee0c,0,2,0
L 0x1555555dc23,0,2,0
L 0x15555562a87,0,2,0
L 0x1ffff8b129e,0,2,0
L 0x1555555ee09,0,2,0
L 0x1ffffffff47,0,2,0
L 0x1ffffffff46,0,2,0
L 0x100001ffff7fb043,0,2,3
L 0x100001ffff7fb047,0,2,0
L 0x100001ffff7fb04b,0,2,3
L 0x100001ffff8ae549,0,2,0
L 0x100001ffff7fb04b,0,2,3
L 0x100001ffff600029,0,2,3
L 0x100001ffff600029,0,2,3
L 0x100001ffff7f11f9,0,2,0
L 0x100001ffff7f11fa,0,2,0
L 0x100001ffff7f11fb,0,2,0
L 0x100001ffff7f11fb,0,2,0
L 0x100001ffff7f11fa,0,2,0
L 0x100001ffff875454,0,2,0
L 0x100001ffff8a0323,0,2,3
L 0x100001ffff8a03c9,0,2,0
L 0x100001ffff8880e3,0,2,0
L 0x100001ffff88812a,0,2,0
L 0xc0001ffffffff5a,0,2,0
L 0xc0001ffff84b069,0,2,0
L 0xc0001ffff84b069,0,2,0
L 0xc0001ffffffff5b,0,2,0
L 0xc0001ffffffff5c,0,2,0
L 0xc0001ffff84b05d,0,2,0
L 0xc0001555555f18e,0,2,0
L 0xc0001555555f18c,0,2,0
L 0xc0001555555f18c,0,2,0
L 0xc0001555555f195,0,2,0
L 0xc0001ffffffff5e,0,2,0
L 0xc0001ffffffff5c,0,2,0
L 0xc0001555555f18f,0,2,0
L 0xc0001ffffffff5b,0,2,0
L 0xc0001555555f18b,0,2,0
L 0xc0001555555dd40,0,2,0
L 0xc0001555555dd46,0,2,0
L 0xc0001555555dd46,0,2,0
L 0xc0001555555dd40,0,2,0
L 0xc0001ffffffff59,0,2,0
L 0xc0001ffffffff58,0,2,0
L 0xc0001ffffffff5d,0,2,0
L 0xc0001ffffffff5d,0,2,0
L 0xc0001555555dd41,0,2,0
L 0xc0001ffff897bb1,0,2,0
L 0xc0001ffff897bb1,0,2,0
L 0xc0001ffff897bb2,0,2,0
L 0xc0001ffff897bd2,0,2,0
L 0xc0001555555ff57,0,2,0
L 0xc0001ffff897bb2,0,2,0
L 0xc0001555555ff57,0,2,0
L 0xc0001ffffffff65,0,2,0
L 0xc0001ffff6000be,0,2,0
L 0xc0001ffff600000,0,2,0
L 0xc0001ffff6000be,0,2,0
L 0xc0001555555dd41,0,2,0
L 0xc0001555555ff4d,0,2,0
L 0xc0001555555ff44,0,2,0
L 0xc0001555555ff45,0,2,0
L 0xc0001555555ff45,0,2,0
L 0xc0001ffffffff62,0,2,0
L 0xc0001ffffffff63,0,2,0
L 0xc0001ffffffff63,0,2,0
L 0xc0001ffffffff62,0,2,0
L 0xc0001ffffffff64,0,2,0
L 0xc0001ffffffff64,0,2,0
L 0xc0001ffff803240,0,2,0
L 0xc0001ffffffff66,0,2,0
L 0xc0001ffffffff66,0,2,0
L 0xc0001555555ff25,0,2,0
L 0xc0001555555ff24,0,2,0
L 0xc0001555555ff24,0,2,0
L 0xc0001555555e220,0,2,0
L 0xc0001ffff87f7f3,0,2,0
L 0xc0001ffff87f7d3,0,2,0
L 0xc0001555555ff0a,0,2,0
L 0xc0001555555ff0a,0,2,0
L 0xc0001ffffffff57,0,2,0
L 0xc0001ffffffff56,0,2,0
L 0xc0001ffffffff51,0,2,0
L 0xc0001ffffffff53,0,2,0
L 0xc0001ffffffff52,0,2,0
L 0xc0001ffffffff55,0,2,0
L 0xc0001555555ff18,0,2,3
L 0xc0001ffffffff50,0,2,0
L 0xc0001ffffffff3e,0,2,0
L 0xc0001ffffffff40,0,2,0
L 0xc0001ffffffff3b,0,2,0
L 0xc0001ffffffff3c,0,2,0
L 0xc0001ffffffff3d,0,2,0
L 0xc0001555555ff19,0,2,3
L 0xc0001ffffffff3f,0,2,0
L 0xc0001ffffffff41,0,2,0
L 0xc0001555555ff0c,0,2,0
L 0xc0001555555ff0d,0,2,0
L 0xc0001ffffffff5f,0,2,0
L 0xc0001ffffffff60,0,2,0
L 0xc0001ffffffff61,0,2,0
L 0xc0001555555f18e,0,2,0
L 0xc0001555555f18f,0,2,0
L 0xc0001555555f190,0,2,0
L 0xc0001555555f191,0,2,0
L 0xc0001555555f194,0,2,0
L 0xc0001555555f192,0,2,0
L 0xc0001555555f193,0,2,0
L 0xc0001555555f195,0,2,0
L 0xc0001555555fe52,0,2,0
L 0xc0001ffff87561e,0,2,0
L 0xc0001555555fe55,0,2,0
L 0xc0001555555fe60,0,2,0
L 0xc0001555555fe60,0,2,0
L 0xc0001555555fe52,0,2,0
L 0xc0001555555fe5f,0,2,0
L 0xc0001555555fe5f,0,2,0
L 0xc0001555555fe58,0,2,0
L 0xc0001555555fe56,0,2,0
L 0xc0001555555fe56,0,2,0
L 0xc0001ffff7f1175,0,2,0
L 0xc0001ffff7f11a8,0,2,0
L 0xc0001ffff7f11a8,0,2,0
L 0xc0001ffff7f1176,0,2,0
L 0xc0001ffff7f1176,0,2,0
L 0xc0001555555fe58,0,2,0
L 0xc0001ffff7f1174,0,2,0
L 0xc0001ffff7f1177,0,2,0
L 0xc0001555555fe55,0,2,0
L 0xc0001ffff7f1177,0,2,0
L 0xc0001555555fe54,0,2,0
L 0xc0001ffff7f1178,0,2,0
L 0xc0001ffff7f1171,0,2,0
L 0xc0001ffff7f1173,0,2,0
L 0xc0001ffff7f1172,0,2,0
L 0xc0001ffff7f116f,0,2,0
L 0xc0001ffff7f116e,0,2,0
L 0xc0001ffff7fb208,0,2,0
L 0xc0001ffff7f1170,0,2,0
L 0xc0001555555fd7f,0,2,0
L 0xc0001ffff81bb00,0,2,0
L 0xc0001ffff81bb00,0,2,0
L 0xc0001555555fd8b,0,2,0
L 0xc0001ffff7f116d,0,2,0
L 0xc0001ffff7f116b,0,2,0
L 0xc0001ffff7f116c,0,2,0
L 0xc0001ffff7f1168,0,2,0
L 0xc0001ffff7f1169,0,2,0
L 0xc0001ffff600024,0,2,0
L 0xc0001555555fe6e,0,2,0
L 0xc0001ffff600024,0,2,0
L 0xc0001ffff600023,0,2,0
L 0xc0001ffff600023,0,2,0
L 0xc0001555555fe6e,0,2,0
L 0xc0001ffff600000,0,2,0
L 0xc0001ffff600002,0,2,0
L 0xc0001ffff6000bf,0,2,0
L 0xc0001ffff600002,0,2,0
L 0xc0001ffff6000bf,0,2,0
L 0xc0001ffff600029,0,2,0
L 0xc0001ffff600029,0,2,0
L 0xc0001ffff7f1179,0,2,0
L 0xc0001ffff7f117a,0,2,0
L 0xc0001ffff7f117b,0,2,0
L 0xc0001ffff7f117b,0,2,0
L 0xc0001ffff7f117a,0,2,0
L 0xc0001555555fe54,0,2,0
L 0xc0001555555fe4f,0,2,0
L 0xc0001555555fe4f,0,2,0
L 0x1ffffffff87,0,2,0
L 0x1ffff88df94,0,2,0
L 0x1ffff88df94,0,2,0
L 0x1ffffffff88,0,2,0
L 0x1555555ee09,0,2,0
L 0x1ffffffff88,0,2,0
L 0x1555555ece5,0,2,0
L 0x1555555ece5,0,2,0
L 0x1ffff8b11f1,0,2,0
L 0x1ffff8b11ed,0,2,0
L 0x1ffff8b11f1,0,2,0
L 0x1555555eaa5,0,2,0
L 0x1555555eaa6,0,2,0
L 0x1555555ee07,0,2,0
L 0x15555562a97,0,2,0
L 0x15555562a93,0,2,0
L 0x15555562a92,0,2,0
L 0x15555562a93,0,2,0
L 0x1555555ee05,0,2,0
L 0x1ffffffff86,0,2,0
L 0x1555555ee05,0,2,0
L 0x15555562a91,0,2,0
L 0x1555555ee0f,0,2,0
L 0x1555555ee0f,0,2,0
L 0x1555555ee08,0,2,0
L 0x1555555eaa7,0,2,0
L 0x1ffffffff89,0,2,0
L 0x1555555ee08,0,2,0
L 0x1ffffffff89,0,2,0
L 0x1ffff8b129e,0,2,0
L 0x1ffffffff85,0,2,0
L 0x1ffffffff8a,0,2,0
L 0x15555562a74,0,2,0
L 0x15555562a8f,0,2,0
L 0x15555562a98,0,2,0
L 0x1555555ee0c,0,2,0
L 0x1555555dc22,0,2,0
L 0x1555555dc22,0,2,0
L 0x15555562a98,0,2,0
L 0x1555555ee0c,0,2,0
L 0x15555562a87,0,2,0
L 0x15555562a87,0,2,0
L 0x15555562a97,0,2,0
L 0x1ffff8b129e,0,2,0
L 0x1555555ee09,0,2,0
L 0x1ffffffff47,0,2,0
L 0x1ffffffff46,0,2,0
L 0x1ffff57177f,0,2,0
L 0x1ffff571783,0,2,0
L 0x1ffffffff43,0,2,0
L 0x1ffffffff42,0,2,0
L 0x1ffff89dd71,0,2,0
L 0x1ffff89dd71,0,2,0
L 0x1ffffffff41,0,2,0
L 0x1ffffffff3f,0,2,0
L 0x1ffffffff40,0,2,0
L 0x1ffff89dd72,0,2,0
L 0x15555562b28,0,2,0
L 0x15555562b29,0,2,0
L 0x1ffff89dd72,0,2,0
L 0x1ffff89dd8e,0,2,0
L 0x15555562b29,0,2,0
L 0x1ffff89dd92,0,2,0
L 0x1ffff89dd92,0,2,0
L 0x1ffff89dd8e,0,2,0
L 0x1ffff89dd8d,0,2,0
L 0x15555562c26,0,2,0
L 0x1ffff89dd8f,0,2,0
L 0x15555562baa,0,2,0
L 0x15555562b28,0,2,0
L 0x15555562ba9,0,2,0
L 0x15555562c26,0,2,0
L 0x15555562b49,0,2,0
L 0x15555562b48,0,2,0
L 0x15555562b47,0,2,0
L 0x15555562b46,0,2,0
L 0x15555562b45,0,2,0
L 0x15555562b44,0,2,0
L 0x15555562b43,0,2,0
L 0x15555562b42,0,2,0
L 0x15555562b41,0,2,0
L 0x15555562b40,0,2,0
L 0x1ffffffff5e,0,2,0
L 0x15555562b3f,0,2,0
L 0x15555562b3e,0,2,0
L 0x15555562b3d,0,2,0
L 0x15555562b3c,0,2,0
L 0x15555562b3b,0,2,0
L 0x15555562b3a,0,2,0
L 0x15555562b39,0,2,0
L 0x15555562b38,0,2,0
L 0x1ffffffff56,0,2,0
L 0x15555562b37,0,2,0
L 0x15555562b36,0,2,0
L 0x1ffffffff54,0,2,0
L 0x15555562b35,0,2,0
L 0x15555562b34,0,2,0
L 0x15555562b33,0,2,0
L 0x15555562b32,0,2,0
L 0x15555562b31,0,2,0
L 0x15555562b30,0,2,0
L 0x15555562b2f,0,2,0
L 0x15555562b2e,0,2,0
L 0x15555562b2d,0,2,0
L 0x15555562b2c,0,2,0
L 0x15555562b2b,0,2,0
L 0x15555562b2a,0,2,0
L 0x155555628fd,0,2,0
L 0x155555628fd,0,2,0
L 0x155555628fe,0,2,0
L 0x155555628fc,0,2,0
L 0x155555628fe,0,2,0
L 0x155555628ff,0,2,0
L 0x15555562900,0,2,0
L 0x1555555db66,0,2,0
L 0x1ffffffff3e,0,2,0
L 0x1555555db66,0,2,0
L 0x155555628ff,0,2,0
L 0x15555562900,0,2,0
L 0x15555562a81,0,2,0
L 0x1555555ee07,0,2,0
L 0x155555628fc,0,2,0
L 0x1ffffffff45,0,2,0
L 0x1ffffffff44,0,2,0
L 0x15555562a92,0,2,0
L 0x1ffffffff8c,0,2,0
L 0x1ffffffff8d,0,2,0
L 0x1ffffffff8d,0,2,0
L 0x1ffffffff8c,0,2,0
L 0x1ffff8b12b9,0,2,0
L 0x1555555eda4,0,2,0
L 0x1555555eda4,0,2,0
L 0x1ffff8b12b9,0,2,0
L 0x1ffff8b115c,0,2,0
L 0x1555555eaa7,0,2,0
L 0x1555555dc21,0,2,0
L 0x1555555eaa6,0,2,0
L 0x1555555eaa5,0,2,0
L 0x15555562c2f,0,2,0
L 0x15555562a83,0,2,0
L 0x15555562a82,0,2,0
L 0x15555562a83,0,2,0
L 0x15555562a82,0,2,0
L 0x1ffff5cddf6,0,2,0
L 0x1ffff5cde28,0,2,0
L 0x1ffff5cde28,0,2,0
L 0x1ffff5cddf7,0,2,0
L 0x1ffff5cddf7,0,2,0
L 0x1ffff5cddf8,0,2,0
L 0x1ffff5cddf8,0,2,0
L 0x1ffff5cddf9,0,2,0
L 0x1ffff5cddfa,0,2,0
L 0x15555562b5c,0,2,3
L 0x15555562b5b,0,2,3
L 0x15555562b5a,0,2,3
L 0x15555562b59,0,2,3
L 0x15555562b51,0,2,3
L 0x15555562b50,0,2,3
L 0x15555562b4f,0,2,3
L 0x15555562b4e,0,2,3
L 0x15555562b4d,0,2,3
L 0x15555562b4c,0,2,0
L 0x15555562b4b,0,2,0
L 0x15555562b4a,0,2,0
L 0x15555562a7a,0,2,0
L 0x15555562a76,0,2,0
L 0x15555562a75,0,2,0
L 0x15555562a76,0,2,0
L 0x1555555dc21,0,2,0
L 0x15555562a7a,0,2,0
L 0x1ffff89dd8d,0,2,0
L 0x15555562c2f,0,2,0
L 0x15555562c30,0,2,0
L 0x15555562caf,0,2,0
L 0x15555562a75,0,2,0
L 0x100001555555f18e,0,2,0
L 0x100001555555f195,0,2,0
L 0x100001ffff6000bd,0,2,0
L 0x100001ffff600000,0,2,0
L 0x100001ffff6000bd,0,2,0
L 0x100001555555f18e,0,2,0
L 0x100001555555f195,0,2,0
L 0x100001555555ff3a,0,2,0
L 0x100001555555fe52,0,2,0
L 0x100001ffff87561e,0,2,0
L 0x100001555555fe55,0,2,0
L 0x100001555555fe60,0,2,0
L 0x100001555555fe60,0,2,0
L 0x100001555555fe52,0,2,0
L 0x100001555555fe5f,0,2,0
L 0x100001555555fe5f,0,2,0
L 0x100001555555fe58,0,2,0
L 0x100001555555fe56,0,2,0
L 0x100001555555fe56,0,2,0
L 0x100001ffff7f11f5,0,2,0
L 0x100001ffff7f1228,0,2,0
L 0x100001ffff7f1228,0,2,0
L 0x100001ffff7f11f6,0,2,0
L 0x100001ffff7f11f6,0,2,0
L 0x100001555555fe58,0,2,0
L 0x100001ffff7f11f4,0,2,0
L 0x100001ffff7f11f7,0,2,0
L 0x100001555555fe55,0,2,0
L 0x100001ffff7f11f7,0,2,0
L 0x100001555555fe54,0,2,0
L 0x100001ffff7f11f8,0,2,0
L 0x100001ffff7f11f1,0,2,0
L 0x100001555555f173,0,2,0
L 0x100001ffff7f11f3,0,2,0
L 0x100001ffff7f11f2,0,2,0
L 0x100001ffff7f11ef,0,2,0
L 0x100001ffff7f11ee,0,2,0
L 0x100001555555f179,0,2,0
L 0x100001ffff7f11f0,0,2,0
L 0x100001555555fd7f,0,2,0
L 0x100001555555fd83,0,2,0
L 0x100001ffff81bb00,0,2,0
L 0x100001ffff81bb00,0,2,0
L 0x100001ffff7f11ed,0,2,0
L 0x100001ffff7f11eb,0,2,0
L 0x100001ffff7f11ec,0,2,0
L 0x100001ffff7f11e8,0,2,0
L 0x100001ffff7f11e9,0,2,0
L 0x100001555555fe2a,0,2,0
L 0x100001ffff600024,0,2,0
L 0x100001555555fe6e,0,2,0
L 0x100001ffff600024,0,2,0
L 0x100001ffff600023,0,2,0
L 0x100001ffff600023,0,2,0
L 0x100001555555fe6e,0,2,0
L 0x100001ffff7fb04b,0,2,0
L 0x100001ffff600000,0,2,0
L 0x100001ffff600002,0,2,0
L 0x100001ffff600022,0,2,0
L 0x100001ffff6000be,0,2,0
L 0x100001ffff600002,0,2,0
L 0x100001ffff6000be,0,2,0
L 0x100001ffff600029,0,2,0
L 0x100001ffff600029,0,2,0
L 0x100001ffff7f11f9,0,2,0
L 0x100001ffff7f11fa,0,2,0
L 0x100001ffff7f11fb,0,2,0
L 0x100001ffff7fb0f8,0,2,0
L 0x100001ffff7f11fb,0,2,0
L 0x100001ffff7f11fa,0,2,0
L 0x100001555555fe51,0,2,0
L 0x100001555555fe54,0,2,0
L 0x100001555555fe4f,0,2,0
L 0x100001555555fe4f,0,2,0
L 0xc0001ffffffff5a,0,2,0
L 0xc0001ffff84b069,0,2,0
L 0xc0001ffff84b069,0,2,0
L 0xc0001ffffffff5b,0,2,0
L 0xc0001ffffffff5c,0,2,0
L 0xc0001555555f18e,0,2,0
L 0xc0001555555f18c,0,2,0
L 0xc0001555555f18c,0,2,0
L 0xc0001555555f195,0,2,0
L 0xc0001ffffffff5e,0,2,0
L 0xc0001ffffffff5c,0,2,0
L 0xc0001555555f18f,0,2,0
L 0xc0001ffffffff5b,0,2,0
L 0xc0001555555dd40,0,2,0
L 0xc0001555555dd46,0,2,0
L 0xc0001555555dd46,0,2,0
L 0xc0001555555dd40,0,2,0
L 0xc0001ffffffff59,0,2,0
L 0xc0001ffffffff58,0,2,0
L 0xc0001ffffffff5d,0,2,0
L 0xc0001ffffffff5d,0,2,0
L 0xc0001555555dd41,0,2,0
L 0xc0001555555dd41,0,2,0
L 0xc0001ffffffff65,0,2,0
L 0xc0001ffff6000bf,0,2,0
