0x1ffff5cddfe,0,3,0
0x1ffff5cddfe,0,3,0
0x1ffff5cde1c,0,3,0
0x1ffff5cde34,0,3,0
0x1ffff5cde19,0,3,0
0x1ffff5cde1a,0,3,0
0x1ffff5cde28,0,3,0
0x1ffff5cde35,0,3,0
0x1ffff625a69,0,3,0
0x1ffff625b05,0,3,0
0x1ffff625a45,0,3,0
0x1ffff61c1ef,0,3,0
0x1ffff61c0e5,0,3,0
0x1ffff61c172,0,3,0
0x15555562070,0,3,0
0x1ffff5cde1c,0,3,0
0x1ffff61c168,0,3,0
0x1ffffdfff67,0,3,0
0x1ffffdfff67,0,3,0
0x1ffff61c16e,0,3,0
0x1ffff88e78d,0,3,1
0x1ffff88e238,0,3,1
0x1555556206f,0,3,0
0x1ffff88e237,0,3,1
0x1ffff61c170,0,3,0
0x1ffff625a45,0,3,0
0x1ffff61c1fd,0,3,0
0x1ffff61c0f5,0,3,0
0x1ffff61c173,0,3,0
0x1555556206e,0,3,0
0x1ffff88e438,0,3,1
0x1ffff88e7cd,0,3,1
0x1ffff61c16f,0,3,0
0x1ffff89dea7,0,3,0
0x1ffffffff47,0,3,1
0x1ffffffff46,0,3,1
0x1ffff88df94,0,3,1
0x1ffff88df94,0,3,1
0x1ffff57177c,0,3,1
0x1ffff57178a,0,3,1
0x1ffff57177f,0,3,1
0x1ffff8bbefa,0,3,1
0x1ffff8bbf30,0,3,1
0x15555562933,0,3,1
0x1ffff571783,0,3,1
0x1ffff8bbe2a,0,3,1
0x1ffff88df88,0,3,1
0x1ffff8bbebe,0,3,1
0x1ffffffff42,0,3,1
0x1ffff8bbe53,0,3,1
0x1ffff89dd3b,0,3,1
0x1ffff89dd70,0,3,1
0x1ffff89dd35,0,3,1
0x1ffff88df86,0,3,1
0x1ffff89dd4b,0,3,1
0x1ffff89dea7,0,3,1
0x1ffff88df87,0,3,1
0x1ffff89dd71,0,3,1
0x1ffff89dd71,0,3,1
0x1ffffffff41,0,3,1
0x1ffffffff3f,0,3,1
0x1ffff89dde5,0,3,1
0x1ffffffff40,0,3,1
0x1ffff89dd72,0,3,1
0x15555562b28,0,3,1
0x1ffff89dd93,0,3,1
0x15555562b29,0,3,1
0x1ffff89dd72,0,3,1
0x15555562aa4,0,3,1
0x15555562b29,0,3,1
0x1ffff89dd92,0,3,1
0x1ffff89dd92,0,3,1
0x15555562aa3,0,3,1
0x15555562b24,0,3,1
0x15555562b24,0,3,1
0x1ffff89dde4,0,3,1
0x1555555da9b,0,3,1
0x1ffff8bbe35,0,3,1
0x1ffff8bbef8,0,3,1
0x1ffff8bbe39,0,3,1
0x1ffff8bbe25,0,3,1
0x1ffff8bbe50,0,3,1
0x1ffff8951b8,0,3,1
0x1ffffffff48,0,3,1
0x155555620f1,0,3,1
0x155555620f1,0,3,1
0x155555620f0,0,3,1
0x1ffff8bbe4b,0,3,1
0x1555555ee09,0,3,1
0x1ffff8b10a4,0,3,1
0x1ffff8b12a0,0,3,1
0x1ffff8b10db,0,3,1
0x1555555ece6,0,3,1
0x1ffff88df93,0,3,1
0x1555555ece5,0,3,1
0x1555555ece5,0,3,1
0x1ffff8b10bc,0,3,1
0x1ffff8b10ac,0,3,1
0x1ffff8b129d,0,3,1
0x1555555ee07,0,3,1
0x1555555ee02,0,3,1
0x155555628ac,0,3,1
0x15555562887,0,3,1
0x1ffff8b0fe7,0,3,1
0x1ffffffff3e,0,3,1
0x1555555ee0c,0,3,1
0x1555555ee0c,0,3,1
0x1555555dc22,0,3,1
0x15555562887,0,3,1
0x15555562886,0,3,1
0x15555562886,0,3,1
0x1555555ee05,0,3,1
0x1555555ee05,0,3,1
0x1555556288c,0,3,1
0x1555555ee07,0,3,1
0x1ffff8b10ab,0,3,1
0x1ffff8b129f,0,3,1
0x1555555ee08,0,3,1
0x1ffff8b10d5,0,3,1
0x1ffff8b10d1,0,3,1
0x155555620f0,0,3,1
0x1ffff571781,0,3,1
0x15555562a73,0,3,1
0x1ffffffff45,0,3,1
0x1ffffffff44,0,3,1
0x155555628b1,0,3,1
0x15555562a7a,0,3,1
0x15555562a7a,0,3,1
0x15555562a73,0,3,1
0x15555562a79,0,3,1
0x15555562a79,0,3,1
0x15555562a72,0,3,1
0x1ffffffff88,0,3,1
0x1ffffffff89,0,3,1
0x1ffffffff89,0,3,1
0x1555555ee09,0,3,1
0x1555555ee0f,0,3,1
0x1555555ee06,0,3,1
0x1555555ee08,0,3,1
0x1ffffffff8c,0,3,1
0x1ffffffff8d,0,3,1
0x1555555d9b3,0,3,1
0x1555555d9af,0,3,1
0x1ffffffff8d,0,3,1
0x1555555d933,0,3,1
0x1ffffffff8c,0,3,1
0x1555555ee04,0,3,1
0x1ffff8b12b9,0,3,1
0x1ffffffff88,0,3,1
0x1555555eda4,0,3,1
0x1ffff8a66cf,0,3,1
0x1555555eda4,0,3,1
0x1ffff8b12b9,0,3,1
0x1ffffffff8a,0,3,1
0x1ffffffff87,0,3,1
0x1ffff8b10d3,0,3,1
0x1ffff89de96,0,3,1
0x1ffffffff86,0,3,1
0x1ffffdffdc2,0,3,1
0x1ffffffff85,0,3,1
0x1ffff8b10c9,0,3,1
0x1ffff8b0fe8,0,3,1
0x1ffff8b10cf,0,3,1
0x1ffff89dd4c,0,3,1
0x1555555eaa7,0,3,1
0x1555555dc21,0,3,1
0x1555555eaa6,0,3,1
0x1ffff8951ba,0,3,1
0x1555555dc20,0,3,1
0x1555555eaa5,0,3,1
0x1ffff8b10d4,0,3,1
0x1ffff5cddf6,0,3,1
0x1ffff5cde28,0,3,1
0x1ffff5cde28,0,3,1
0x1ffff5cddf7,0,3,1
0x1ffff625b05,0,3,1
0x1ffff5cddf7,0,3,1
0x1ffff625a45,0,3,1
0x1ffff5cddf8,0,3,1
0x1ffff625a85,0,3,1
0x1ffff625a4a,0,3,1
0x1ffff200035,0,3,1
0x1ffff200035,0,3,1
0x1ffff625a69,0,3,1
0x1ffff625a4c,0,3,1
0x1ffff200036,0,3,1
0x155555620f6,0,3,1
0x1ffff8a66d0,0,3,1
0x1ffff625a41,0,3,1
0x1ffff8a65be,0,3,1
0x1ffff5cddf4,0,3,1
0x1ffff625a48,0,3,1
0x155555620f9,0,3,1
0x1555556293e,0,3,1
0x1555556293d,0,3,1
0x1555556293d,0,3,1
0x1ffff5cddf5,0,3,1
0x155555620f6,0,3,1
0x15555562103,0,3,1
0x15555562103,0,3,1
0x155555620fa,0,3,1
0x155555620fa,0,3,1
0x1ffff8b10c6,0,3,1
0x1ffff5cde1b,0,3,1
0x1ffff20000a,0,3,1
0x1ffff20003e,0,3,1
0x1ffff20003e,0,3,1
0x1ffff89dde3,0,3,1
0x1ffff5cddf8,0,3,1
0x1ffff5cddf9,0,3,1
0x1ffff5cddfa,0,3,1
0x1ffff625a49,0,3,1
0x1ffff8b11f1,0,3,1
0x1ffff8b11e9,0,3,1
0x1ffff8b11e9,0,3,1
0x1ffff8b11f1,0,3,1
0x15555562a74,0,3,1
0x1555555ee0f,0,3,1
0x1555555ee0e,0,3,1
0x1555555daec,0,3,1
0x1555555dc21,0,3,1
0x1ffff612075,0,3,1
0x1ffff6120a8,0,3,1
0x1ffff6120a8,0,3,1
0x1ffff612076,0,3,1
0x1ffff612076,0,3,1
0x1ffff6120a7,0,3,1
0x155555620fd,0,3,1
0x155555620f7,0,3,1
0x15555562104,0,3,1
0x1ffff612074,0,3,1
0x1ffff61209c,0,3,1
0x155555620f9,0,3,1
0x155555620f8,0,3,1
0x1ffff612073,0,3,1
0x1ffff625a43,0,3,1
0x1ffff612070,0,3,1
0x1ffff61206f,0,3,1
0x1ffff61206d,0,3,1
0x1ffff61206c,0,3,1
0x1ffff612071,0,3,1
0x1ffff61206e,0,3,1
0x1ffff61206b,0,3,1
0x1ffff61209a,0,3,1
0x1ffff4004ac,0,3,1
0x1ffff400023,0,3,1
0x1ffff400023,0,3,1
0x1ffff4004ac,0,3,1
0x1ffff625a46,0,3,1
0x1ffff4004ad,0,3,1
0x1ffff625a44,0,3,1
0x1ffff625a6b,0,3,1
0x1ffff40002d,0,3,1
0x1ffff4004a2,0,3,1
0x1ffff625a7c,0,3,1
0x1ffff61209b,0,3,1
0x1ffff400000,0,3,1
0x1ffff400000,0,3,1
0x1ffff400008,0,3,1
0x1ffff400002,0,3,1
0x1ffff4007a3,0,3,1
0x1ffff400022,0,3,1
0x1ffff400002,0,3,1
0x1ffff4007a3,0,3,1
0x1ffff40081e,0,3,1
0x1555555da8a,0,3,1
0x1ffff4007a4,0,3,1
0x1ffff625a5d,0,3,1
0x155555628ca,0,3,1
0x1ffff625b02,0,3,1
0x1ffff89dd3f,0,3,1
0x155555628e1,0,3,1
0x155555628e1,0,3,1
0x1ffff625b02,0,3,1
0x1ffff625b0c,0,3,1
0x1ffff625a47,0,3,1
0x1ffff625b0a,0,3,1
0x1ffff612072,0,3,1
0x1ffff625a3f,0,3,1
0x1ffff625a98,0,3,1
0x1ffff8bbe97,0,3,1
0x1ffff625a3d,0,3,1
0x1ffff8b3921,0,3,1
0x1ffff89dd37,0,3,1
0x1ffff612099,0,3,1
0x1ffff89dd97,0,3,1
0x1ffff894a30,0,3,1
0x1ffff894ce6,0,3,1
0x1ffff894ce4,0,3,1
0x1ffff89dd27,0,3,1
0x1ffff8a65cc,0,3,1
0x1ffff400638,0,3,1
0x1ffff400638,0,3,1
0x1ffff400636,0,3,1
0x1ffff8bbe41,0,3,1
0x1ffff61206a,0,3,1
0x1ffff612069,0,3,1
0x1ffff612068,0,3,1
0x1ffff612063,0,3,1
0x1ffff612062,0,3,1
0x1ffff89dde2,0,3,1
0x1ffff612066,0,3,1
0x1ffff612067,0,3,1
0x1ffff4006bb,0,3,1
0x1ffff89dd39,0,3,1
0x1ffff612052,0,3,1
0x1ffff61204d,0,3,1
0x1ffff89dd41,0,3,1
0x1ffff8b3920,0,3,1
0x1ffff89de9c,0,3,1
0x1ffff89de9d,0,3,1
0x1ffff89dda1,0,3,1
0x1ffff61204f,0,3,1
0x1ffff894ddc,0,3,1
0x1ffff894dd2,0,3,1
0x1ffff4006bc,0,3,1
0x1ffff4006bd,0,3,1
0x1ffff89dd42,0,3,1
0x1ffff8bbe30,0,3,1
0x1555555d9ac,0,3,1
0x1ffff4006be,0,3,1
0x1ffff4006bf,0,3,1
0x1ffff4006c0,0,3,1
0x1ffff8bbe32,0,3,1
0x1555555d9b2,0,3,1
0x1555555d9a5,0,3,1
0x1ffff8bbe3b,0,3,1
0x1555555fdb6,0,3,1
0x1ffff8bbe38,0,3,1
0x1ffff8bbef2,0,3,1
0x1ffff400025,0,3,1
0x1555555da63,0,3,1
0x1ffff400025,0,3,1
0x1555555da63,0,3,1
0x15555561cae,0,3,1
0x1555555da64,0,3,1
0x1ffff8bbe31,0,3,1
0x1ffff8bbe56,0,3,1
0x1ffff8bbe55,0,3,1
0x1ffff8bbe4e,0,3,1
0x1555555ee0b,0,3,1
0x1ffff61d62f,0,3,1
0x155555620f2,0,3,1
0x15555562c2c,0,3,1
0x1ffff8b10cd,0,3,1
0x1ffff40089e,0,3,1
0x15555562c2c,0,3,1
0x1ffff8b10cc,0,3,1
0x1ffff4006b7,0,3,1
0x155555620f8,0,3,1
0x1ffff612079,0,3,1
0x15555562998,0,3,1
0x1ffff89dd8f,0,3,1
0x15555562baa,0,3,1
0x15555562b28,0,3,1
0x15555562ba9,0,3,1
0x1ffffffff7e,0,3,1
0x1ffffffff7d,0,3,1
0x1ffffffff7c,0,3,1
0x1ffffffff7b,0,3,1
0x1ffffffff7a,0,3,1
0x1ffffffff79,0,3,1
0x1ffffffff77,0,3,1
0x1ffffffff76,0,3,1
0x1ffffffff6b,0,3,1
0x1ffffffff68,0,3,1
0x1ffffffff4b,0,3,1
0x15555562b2d,0,3,1
0x1ffffffff4a,0,3,1
0x15555562b2c,0,3,1
0x1ffffffff49,0,3,1
0x15555562b2b,0,3,1
0x15555562b2a,0,3,1
0x155555628fe,0,3,1
0x155555628fe,0,3,1
0x15555562900,0,3,1
0x155555628ad,0,3,1
0x15555562900,0,3,1
0x1ffff8bbe45,0,3,1
0x1555555d9b9,0,3,1
0x15555562c2f,0,3,1
0x15555562aa3,0,3,1
0x1ffff61207a,0,3,1
0x1ffff61207b,0,3,1
0x1ffff625af8,0,3,1
0x1ffff61207b,0,3,1
0x1ffff625a42,0,3,1
0x1ffff61207a,0,3,1
0x155555620f5,0,3,1
0x155555620f3,0,3,1
0x155555620f3,0,3,1
0x1555555ee0d,0,3,1
0x1555555ee0a,0,3,1
0x1555555ee0b,0,3,1
0x1555555ee0e,0,3,1
0x15555562aab,0,3,1
0x15555562aaa,0,3,1
0x15555562aa9,0,3,1
0x15555562aa8,0,3,1
0x15555562aa7,0,3,1
0x15555562aa6,0,3,1
0x15555562aa5,0,3,1
0x80001ffffdfff67,0,3,1
0x80001ffffdfff67,0,3,1
0x80001ffffdfff67,0,3,1
0x80001ffffdfff67,0,3,1
0x80001ffff7fb042,0,3,1
0x80001ffff7fb042,0,3,1
0x1ffff8951b9,0,3,1
0x1555555dc11,0,3,1
0x1555555db3b,0,3,1
0x1555555db3a,0,3,1
0x1555555da96,0,3,1
0x1555556288b,0,3,1
0x1555555dc11,0,3,1
0x1ffffffff47,0,3,1
0x1ffffffff46,0,3,1
0x1ffff88df94,0,3,1
0x1ffff88df94,0,3,1
0x1555555dc10,0,3,1
0x1ffff571783,0,3,1
0x1ffffffff43,0,3,1
0x1ffffffff42,0,3,1
0x1ffff89dd71,0,3,1
0x1ffff89dd71,0,3,1
0x1ffffffff41,0,3,1
0x1ffffffff3f,0,3,1
0x1ffffffff40,0,3,1
0x1ffff89dd72,0,3,1
0x1ffff89dd8d,0,3,1
0x1ffff89dd92,0,3,1
0x15555562cb0,0,3,1
0x1ffff89dd72,0,3,1
0x15555562cb0,0,3,1
0x1ffffffff87,0,3,1
0x1ffffffff86,0,3,1
0x1ffffffff85,0,3,1
0x15555562cb2,0,3,1
0x15555562cb1,0,3,1
0x15555562d30,0,3,1
0x155555628fd,0,3,1
0x15555562c2f,0,3,1
0x155555628fd,0,3,1
0x155555628fe,0,3,1
0x155555628fc,0,3,1
0x155555628fe,0,3,1
0x1555556288c,0,3,1
0x1555555ee09,0,3,1
0x1ffffffff45,0,3,1
0x1555555ece5,0,3,1
0x1555555ece5,0,3,1
0x1555556288d,0,3,1
0x1ffffffff44,0,3,1
0x1555555ee07,0,3,1
0x1555555da96,0,3,1
0x1555555ee0c,0,3,1
0x1555555ee0c,0,3,1
0x1555555dc23,0,3,1
0x1555555da96,0,3,1
0x1555556288c,0,3,1
0x1555555ee05,0,3,1
0x1555555ee05,0,3,1
0x1555556288d,0,3,1
0x15555562a74,0,3,1
0x1555555ee07,0,3,1
0x1555555ee08,0,3,1
0x1ffff8b129e,0,3,1
0x1ffffffff88,0,3,1
0x1ffffffff89,0,3,1
0x1ffffffff89,0,3,1
0x1555555ee09,0,3,1
0x1555555ee0f,0,3,1
0x155555628fb,0,3,1
0x155555628fa,0,3,1
0x155555628fb,0,3,1
0x1555555ee0f,0,3,1
0x1555555db3b,0,3,1
0x15555562a72,0,3,1
0x1ffffffff88,0,3,1
0x15555562887,0,3,1
0x1555555dc22,0,3,1
0x1555555dc22,0,3,1
0x15555562887,0,3,1
0x1ffffffff87,0,3,1
0x15555562886,0,3,1
0x155555620f1,0,3,1
0x155555620f1,0,3,1
0x15555562aa4,0,3,1
0x15555562b24,0,3,1
0x155555620f0,0,3,1
0x15555562aa4,0,3,1
0x15555562b28,0,3,1
0x15555562b24,0,3,1
0x15555562aa3,0,3,1
0x155555620f0,0,3,1
0x15555562900,0,3,1
0x155555628ff,0,3,1
0x15555562900,0,3,1
0x1555555db66,0,3,1
0x1555555db66,0,3,1
0x15555562b29,0,3,1
0x15555562ba9,0,3,1
0x40001ffff7ac47e,0,3,1
0x40001ffff7ac47e,0,3,1
0x40001ffff7ac49c,0,3,1
0x40001ffff7ac4b4,0,3,1
0x40001ffff7ac499,0,3,1
0x40001ffff897b77,0,3,1
0x40001ffff897b78,0,3,1
0x40001ffff897bd5,0,3,1
0x40001ffff897b7b,0,3,1
0x40001ffff7ac4a8,0,3,1
0x40001ffff7ac4b5,0,3,1
0x40001555555fee9,0,3,1
0x40001555555fee6,0,3,1
0x40001555555fef2,0,3,1
0x40001555555feeb,0,3,1
0x40001ffff875424,0,3,1
0x40001ffff875620,0,3,1
0x40001ffff87545b,0,3,1
0x40001ffff897ce7,0,3,1
0x40001ffff897ce4,0,3,1
0x40001555555fef7,0,3,1
0x40001ffff7ac4a7,0,3,1
0x40001555555fef7,0,3,1
0x40001555555feef,0,3,1
0x40001555555feee,0,3,1
0x40001555555feef,0,3,1
0x40001555555fef2,0,3,1
0x40001ffff87542b,0,3,1
0x40001ffff87561f,0,3,1
0x40001ffff875455,0,3,1
0x40001ffff87561e,0,3,1
0x40001555555fef0,0,3,1
0x40001555555fef1,0,3,1
0x40001555555ff02,0,3,1
0x40001ffff87543c,0,3,1
0x40001ffff875453,0,3,1
0x40001ffff897cd6,0,3,1
0x40001ffffdffdc2,0,3,1
0x40001ffff875449,0,3,1
0x40001555555fee8,0,3,1
0x40001555555fef1,0,3,1
0x40001ffff875368,0,3,1
0x40001555555fef6,0,3,1
0x40001ffff875454,0,3,1
0x40001ffff897b7f,0,3,1
0x40001ffff897bb0,0,3,1
0x40001ffff897b75,0,3,1
0x40001ffff7ac49a,0,3,1
0x40001ffff897b76,0,3,1
0x40001ffff897c24,0,3,1
0x40001ffff897b89,0,3,1
0x40001ffff897b89,0,3,1
0x40001ffff897b79,0,3,1
0x40001ffffdfff1d,0,3,1
0x40001ffff897c24,0,3,1
0x40001ffff88efbd,0,3,1
0x40001ffff7ac49a,0,3,1
0x40001ffff897bd2,0,3,1
0x40001ffff897bd2,0,3,1
0x40001ffff897c25,0,3,1
0x40001ffff897b8b,0,3,1
0x40001555555fef6,0,3,1
0x40001ffff87544f,0,3,1
0x40001ffff88eff7,0,3,1
0x40001555555fefe,0,3,1
0x40001ffff875451,0,3,1
0x40001ffff875440,0,3,1
0x40001ffff8c3d95,0,3,1
0x40001ffff87541a,0,3,1
0x40001ffff8c3d98,0,3,1
0x40001ffff87541c,0,3,1
0x40001ffff8c3d96,0,3,1
0x40001ffff8c3d94,0,3,1
0x40001ffff8c3d9b,0,3,1
0x40001ffff87541d,0,3,1
0x40001ffff8c3d9f,0,3,1
0x40001ffff8c394c,0,3,1
0x40001ffff7ac49c,0,3,1
0x40001ffff8c3da2,0,3,1
0x40001ffffdfff67,0,3,1
0x40001ffffdfff67,0,3,1
0x40001ffff8c3da1,0,3,1
0x40001ffffdfff90,0,3,1
0x40001555555f087,0,3,1
0x40001ffffdfff86,0,3,1
0x40001ffffdfff92,0,3,1
0x40001ffffdfff91,0,3,1
0x40001ffffdfff87,0,3,1
0x40001555555dc9e,0,3,1
0x40001555555550a,0,3,1
0x40001ffffdfff85,0,3,1
0x15555562b29,0,3,1
0x15555562c26,0,3,1
0x15555562baa,0,3,1
0x1ffff89dd8d,0,3,1
0x15555562baa,0,3,1
0x15555562b28,0,3,1
0x15555562c26,0,3,1
0x15555562caf,0,3,1
0x80001ffffdfff67,0,3,1
0x80001ffffdfff67,0,3,1
0x80001555555fe52,0,3,1
0x80001ffff87561e,0,3,1
0x80001555555fe55,0,3,1
0x80001555555fe60,0,3,1
0x80001555555fe60,0,3,1
0x80001555555fe52,0,3,1
0x80001555555fe54,0,3,1
0x80001555555fe54,0,3,1
0x80001ffff875455,0,3,1
0x80001ffff7f11f5,0,3,1
0x80001ffff7f1228,0,3,1
0x80001ffff7f1228,0,3,1
0x80001ffff7f11f6,0,3,1
0x80001ffff7f11f6,0,3,1
0x80001ffff7f121c,0,3,1
0x80001ffff7f11f4,0,3,1
0x80001ffff7f11f7,0,3,1
0x80001555555fe55,0,3,1
0x80001ffff7f11f7,0,3,1
0x80001ffff7f11f8,0,3,1
0x80001ffff7f11f3,0,3,1
0x80001ffff7f11f2,0,3,1
0x80001ffff7f11f1,0,3,1
0x80001ffff7f11ed,0,3,1
0x80001ffff7f11ee,0,3,1
0x80001ffff7f121c,0,3,1
0x80001ffff7f11ec,0,3,1
0x80001ffff7f11eb,0,3,1
0x80001ffff7f11e9,0,3,1
0x80001ffff7f11ea,0,3,1
0x80001ffff7f11e8,0,3,1
0x80001ffff7f11e7,0,3,1
0x80001ffff7f11e6,0,3,1
0x80001ffff7f11e5,0,3,1
0x80001ffff7f11e4,0,3,1
0x80001ffff8885a7,0,3,1
0x80001ffff7f11fa,0,3,1
0x80001ffff7f11fb,0,3,1
0x80001ffff7f11fb,0,3,1
0x80001ffff7f11fa,0,3,1
0x80001555555fe4f,0,3,1
0x80001555555fe4f,0,3,1
0x80001ffff875454,0,3,1
0x40001ffffdfff9c,0,3,1
0x40001ffffdfff9b,0,3,1
0x40001ffff8c4000,0,3,1
0x40001ffff8c400c,0,3,1
0x40001ffff8c400b,0,3,1
0x40001ffff8c4001,0,3,1
0x40001ffff8c27e6,0,3,1
0x40001ffff8c27e5,0,3,1
0x40001ffff8ba1c8,0,3,1
0x40001ffffdfffb7,0,3,1
0x40001ffff8c4011,0,3,1
0x40001ffff8c4012,0,3,1
0x40001ffff8c4014,0,3,1
0x40001ffff8c4020,0,3,1
0x40001ffff8c401f,0,3,1
0x40001ffff8c4016,0,3,1
0x40001ffff8b9954,0,3,1
0x40001ffff8c4015,0,3,1
0x40001ffff8c4013,0,3,1
0x40001ffff8c4026,0,3,1
0x40001ffff8c4028,0,3,1
0x40001ffff8c4034,0,3,1
0x40001ffff8c4033,0,3,1
0x40001ffff8c402a,0,3,1
0x40001ffff8ae378,0,3,1
0x40001ffff8c4029,0,3,1
0x40001ffff8ae377,0,3,1
0x40001ffff8c4027,0,3,1
0x40001ffff8c403a,0,3,1
0x40001ffff8c403c,0,3,1
0x40001ffff8c4048,0,3,1
0x40001ffff8c4047,0,3,1
0x40001ffff8c403e,0,3,1
0x40001ffff8a02ba,0,3,1
0x40001ffff8c403d,0,3,1
0x40001ffff8a02b9,0,3,1
0x40001ffff897d08,0,3,1
0x40001ffff8c403b,0,3,1
0x40001ffff8c404e,0,3,1
0x40001ffff8c4050,0,3,1
0x40001ffff8c405c,0,3,1
0x40001ffff8c405b,0,3,1
0x40001ffff8c4051,0,3,1
0x40001ffff897b70,0,3,1
0x40001ffff897b6f,0,3,1
0x40001ffff8c3cb4,0,3,1
0x40001ffff8886a0,0,3,1
0x40001ffff86af9d,0,3,1
0x40001ffffdfff1e,0,3,1
0x40001ffff8c405f,0,3,1
0x40001ffff875454,0,3,1
0x40001ffff7f11f5,0,3,1
0x40001ffff7f11f6,0,3,1
0x40001555555fe55,0,3,1
0x40001ffff7f11f6,0,3,1
0x40001555555fe60,0,3,1
0x40001ffff7f1227,0,3,1
0x40001555555fe60,0,3,1
0x40001555555fe59,0,3,1
0x40001555555fe53,0,3,1
0x40001555555fe62,0,3,1
0x40001555555fe58,0,3,1
0x40001555555fe57,0,3,1
0x40001555555fe58,0,3,1
0x40001555555fe52,0,3,1
0x40001ffff7f11f4,0,3,1
0x40001555555fe52,0,3,1
0x40001555555fe56,0,3,1
0x40001555555fe5f,0,3,1
0x40001555555ff1b,0,3,1
0x40001555555fe5f,0,3,1
0x40001ffff7f11f7,0,3,1
0x40001555555fe55,0,3,1
0x40001ffff7f11f7,0,3,1
0x40001ffff87561e,0,3,1
0x40001555555fe54,0,3,1
0x40001ffff7f11f8,0,3,1
0x40001555555ff1c,0,3,1
0x40001555555ff1c,0,3,1
0x40001ffff87542c,0,3,1
0x40001ffff87561d,0,3,1
0x40001ffff87561e,0,3,1
0x40001555555ff1d,0,3,1
0x40001555555ff23,0,3,1
0x40001ffff7fb069,0,3,1
0x40001ffff7f11f1,0,3,1
0x40001ffff7fb048,0,3,1
0x40001ffff88ec84,0,3,1
0x155555628fc,0,3,1
0x15555562a76,0,3,1
0x15555562a75,0,3,1
0x15555562a76,0,3,1
0x15555562a7a,0,3,1
0x1555555dc21,0,3,1
0x1555555dc21,0,3,1
0x15555562a7a,0,3,1
0x1ffffffff3e,0,3,1
0x155555628ff,0,3,1
0x15555562a75,0,3,1
0x1ffffffff8b,0,3,1
0x1555555ee08,0,3,1
0x1555555eaa7,0,3,1
0x1555555eaa6,0,3,1
0x1555555eaa5,0,3,1
0x1ffff8b11f1,0,3,1
0x1ffff8b11ea,0,3,1
0x1ffff8b11ea,0,3,1
0x1ffff8b11f1,0,3,1
0x1ffffffff86,0,3,1
0x1555556288b,0,3,1
0x1ffffffff85,0,3,1
0x1ffffffff8a,0,3,1
0x1ffff89dd8e,0,3,1
0x1ffff89dd92,0,3,1
0x1ffff89dd8e,0,3,1
0x15555562ba9,0,3,1
0x15555562b69,0,3,1
0x15555562b68,0,3,1
0x15555562b67,0,3,1
0x15555562b66,0,3,1
0x15555562b65,0,3,1
0x15555562b64,0,3,1
0x15555562b63,0,3,1
0x15555562b62,0,3,1
0x15555562b61,0,3,1
0x15555562b60,0,3,1
0x15555562b5f,0,3,1
0x15555562b5e,0,3,1
0x15555562b5d,0,3,1
0x15555562b5c,0,3,1
0x15555562b5b,0,3,1
0x15555562b5a,0,3,1
0x15555562b59,0,3,1
0x15555562b58,0,3,1
0x15555562b57,0,3,1
0x15555562b56,0,3,1
0x15555562b55,0,3,1
0x15555562b54,0,3,1
0x15555562b53,0,3,1
0x15555562b52,0,3,1
0x15555562b51,0,3,1
0x15555562b50,0,3,1
0x15555562b4f,0,3,1
0x15555562b4e,0,3,1
0x15555562b4d,0,3,1
0x15555562b4c,0,3,1
0x15555562b4b,0,3,1
0x15555562b4a,0,3,1
0x15555562b49,0,3,1
0x15555562b48,0,3,1
0x15555562b47,0,3,1
0x15555562b46,0,3,1
0x15555562b45,0,3,1
0x15555562b44,0,3,1
0x15555562b43,0,3,1
0x15555562b42,0,3,1
0x15555562b41,0,3,1
0x15555562b40,0,3,1
0x15555562b3f,0,3,1
0x15555562b3e,0,3,1
0x15555562b3d,0,3,1
0x15555562b3c,0,3,1
0x15555562b3b,0,3,1
0x15555562b3a,0,3,1
0x15555562b39,0,3,1
0x15555562b38,0,3,1
0x15555562b37,0,3,1
0x15555562b36,0,3,1
0x15555562b35,0,3,1
0x15555562b34,0,3,1
0x15555562b33,0,3,1
0x15555562b32,0,3,1
0x15555562b31,0,3,1
0x15555562b30,0,3,1
0x15555562b2f,0,3,1
0x15555562b2e,0,3,1
0x15555562b2d,0,3,1
0x15555562b2c,0,3,1
0x15555562b2b,0,3,1
0x15555562b2a,0,3,1
0x40001555555ff1f,0,3,1
0x40001555555ff20,0,3,1
0x40001ffff7f11f3,0,3,1
0x40001ffff7f11f2,0,3,1
0x40001ffff7f11ef,0,3,1
0x40001ffff7f11ee,0,3,1
0x40001ffff7f11f0,0,3,1
0x40001ffff7fb040,0,3,1
0x40001ffff7f11e7,0,3,1
0x40001ffff7f11e8,0,3,1
0x40001555555f8ef,0,3,1
0x40001ffff7fb037,0,3,1
0x40001555555f8f1,0,3,1
0x40001ffff7fb039,0,3,1
0x40001555555f8ee,0,3,1
0x40001555555f8f5,0,3,1
0x40001ffff7fb03a,0,3,1
0x40001ffff7f1773,0,3,1
0x40001555555f8f9,0,3,1
0x40001555555f906,0,3,1
0x40001555555f8fc,0,3,1
0x40001ffff7f11e5,0,3,1
0x40001ffff7f11e4,0,3,1
0x40001555555f8fb,0,3,1
0x40001555555550c,0,3,1
0x40001ffff7f176e,0,3,1
0x40001ffff8ba1ca,0,3,1
0x40001ffff8a0332,0,3,1
0x40001ffff8c404f,0,3,1
0x40001ffff8c4061,0,3,1
0x40001ffff8c4062,0,3,1
0x40001ffff8c4064,0,3,1
0x40001ffff8c4070,0,3,1
0x40001ffff8c406f,0,3,1
0x40001ffff8c4065,0,3,1
0x40001ffff887f78,0,3,1
0x40001ffff87f90c,0,3,1
0x40001ffff87f922,0,3,1
0x40001ffff87f937,0,3,1
0x40001ffff87f99f,0,3,1
0x40001ffffdf7d4d,0,3,1
0x40001ffff87fa16,0,3,1
0x40001ffff8c3940,0,3,1
0x40001ffff87fa0c,0,3,1
0x40001ffff7f176f,0,3,1
0x40001ffff7f1770,0,3,1
0x40001ffff8c4072,0,3,1
0x40001ffff8c4063,0,3,1
0x40001ffff7fb048,0,3,1
0x40001ffff7fb042,0,3,1
0x40001ffff7f1771,0,3,1
0x40001ffff8ba1cf,0,3,1
0x40001ffff897d09,0,3,1
0x40001ffff7fb042,0,3,1
0x40001ffff7fb05c,0,3,1
0x40001ffff7fb04a,0,3,1
0x40001ffff600024,0,3,1
0x40001ffff600000,0,3,1
0x40001ffff600000,0,3,1
0x40001ffff7f11eb,0,3,1
0x40001ffff600003,0,3,1
0x40001ffff600002,0,3,1
0x40001ffff600022,0,3,1
0x40001ffff600002,0,3,1
0x40001ffff7fb099,0,3,1
0x40001555555fe6a,0,3,1
0x40001ffff7fb099,0,3,1
0x40001ffff7fb041,0,3,1
0x40001ffff7fb06a,0,3,1
0x40001ffff7fb110,0,3,1
0x40001ffff897c22,0,3,1
0x40001ffff7f11e9,0,3,1
0x40001ffff897b81,0,3,1
0x40001ffff897abf,0,3,1
0x40001ffff897cdc,0,3,1
0x40001ffff897cdd,0,3,1
0x40001ffff897be1,0,3,1
0x40001ffff88ec28,0,3,1
0x40001ffff88ec26,0,3,1
0x40001ffff897b82,0,3,1
0x40001ffff88effa,0,3,1
0x40001ffff88ec12,0,3,1
0x40001ffff7fb047,0,3,1
0x40001ffff88ec86,0,3,1
0x40001ffff7fb04b,0,3,1
0x40001ffff7f1774,0,3,1
0x40001ffff8ba1c9,0,3,1
0x40001ffff87f90b,0,3,1
0x40001ffff87fa13,0,3,1
0x40001ffff7fb04b,0,3,1
0x40001ffff7fb077,0,3,1
0x1ffff8951b7,0,3,1
0x80001ffffffff53,0,3,1
0x80001ffffffff55,0,3,1
0x80001ffffffff55,0,3,1
0x40001555555fe4e,0,3,1
0x40001ffff7fb09b,0,3,1
0x40001ffff7fb03d,0,3,1
0x40001ffff7fb09a,0,3,1
0x40001555555fe0e,0,3,1
0x40001555555fe6e,0,3,1
0x40001555555fe6e,0,3,1
0x40001555555f18e,0,3,1
0x40001555555f195,0,3,1
0x40001555555ff1a,0,3,1
0x40001555555ff1a,0,3,1
0x40001ffff7fb07e,0,3,1
0x40001555555fe68,0,3,1
0x40001555555ff1e,0,3,1
0x40001ffff7f11f9,0,3,1
0x40001ffff7f11fa,0,3,1
0x40001ffff7f11fb,0,3,1
0x40001ffff7f11fb,0,3,1
0x40001ffff7f11fa,0,3,1
0x40001ffff875366,0,3,1
0x1ffffffff83,0,3,1
0x1ffffffff82,0,3,1
0x1ffffffff81,0,3,1
0x1ffffffff7e,0,3,1
0x1ffffffff7c,0,3,1
0x1ffffffff7b,0,3,1
0x1ffffffff7d,0,3,1
0x1ffffffff7f,0,3,1
0x1ffffffff69,0,3,1
0x1ffffffff68,0,3,1
0x1ffffffff6b,0,3,1
0x1ffffffff6a,0,3,1
0x1ffffffff66,0,3,1
0x1ffffffff65,0,3,1
0x1ffffffff67,0,3,1
0x1ffffffff80,0,3,1
0x1ffffffff84,0,3,1
0x1555555fda3,0,3,1
0x15555562874,0,3,1
0x15555562875,0,3,1
0x15555562875,0,3,1
0x80001ffffffff5a,0,3,1
0x80001ffffffff5a,0,3,1
0x80001ffff84b05d,0,3,1
0x80001ffffdfff67,0,3,1
0x80001ffffdfff67,0,3,1
0x80001555555f8f9,0,3,1
0x80001ffffdf7d4c,0,3,1
0x80001555555fe6c,0,3,1
0x80001ffff7fb041,0,3,1
0x80001ffff7fb049,0,3,1
0x80001ffff87570c,0,3,1
0x80001ffff897c24,0,3,1
0x80001ffff88eff7,0,3,1
0x80001ffff8ba1ce,0,3,1
0x80001ffff87561e,0,3,1
0x80001ffff897ce7,0,3,1
0x80001ffff7f1227,0,3,1
0x80001ffff897bd2,0,3,2
0x80001ffff897c24,0,3,2
0x80001ffffdfff67,0,3,2
0x80001ffffdfff67,0,3,2
0x80001ffff7fb04a,0,3,1
0x80001555555fe52,0,3,1
0x80001ffff87561e,0,3,2
0x80001555555fe60,0,3,1
0x80001555555fe60,0,3,1
0x80001555555fe52,0,3,1
0x80001555555fe5f,0,3,1
0x80001555555fe5f,0,3,1
0x80001ffff875455,0,3,2
0x80001555555fe56,0,3,1
0x80001555555fe56,0,3,1
0x80001ffff7f11f6,0,3,1
0x80001ffff7f11f6,0,3,1
0x80001ffff7f11f4,0,3,1
0x80001ffff7f11f7,0,3,1
0x80001ffff7f11f7,0,3,1
0x80001555555fe54,0,3,1
0x80001ffff7f11f8,0,3,1
0x80001ffff7f11f1,0,3,1
0x80001ffff7f11f3,0,3,1
0x80001ffff7f11f2,0,3,1
0x80001ffff7f11ef,0,3,1
0x80001ffff7f11f0,0,3,1
0x80001ffff7f11e7,0,3,1
0x80001ffff7fb042,0,3,1
0x80001ffff7f11ed,0,3,1
0x80001ffff7f11eb,0,3,1
0x80001ffff7f11ec,0,3,1
0x80001ffff600002,0,3,1
0x80001ffff600002,0,3,1
0x80001ffff7fb099,0,3,1
0x80001ffff7fb099,0,3,1
0x80001ffff7f11ea,0,3,1
0x80001ffff7f11e9,0,3,1
0x80001ffff7fb047,0,3,1
0x1ffffffff87,0,3,1
0x1ffff88df94,0,3,1
0x1ffff88df94,0,3,1
0x1ffffffff88,0,3,1
0x1555555ee09,0,3,1
0x1ffffffff88,0,3,1
0x1555555ece5,0,3,1
0x1555555ece5,0,3,1
0x1ffff8b11f1,0,3,1
0x1ffff8b11eb,0,3,1
0x1ffff8b11eb,0,3,1
0x1ffff8b11f1,0,3,1
0x1555555eaa5,0,3,1
0x1555555ee07,0,3,1
0x1555555da96,0,3,1
0x1555556288d,0,3,1
0x1555556288c,0,3,1
0x1555556288d,0,3,1
0x1555555ee05,0,3,1
0x1ffffffff86,0,3,1
0x1555555ee05,0,3,1
0x1555556288b,0,3,1
0x1555555ee0f,0,3,1
0x1555555ee0f,0,3,1
0x1555555ee08,0,3,1
0x1555555eaa6,0,3,1
0x15555562a7a,0,3,1
0x15555562a76,0,3,1
0x15555562a75,0,3,1
0x15555562a76,0,3,1
0x15555562a74,0,3,1
0x1555555eaa7,0,3,1
0x15555562a87,0,3,1
0x15555562a83,0,3,1
0x15555562a82,0,3,1
0x15555562a83,0,3,1
0x15555562a81,0,3,1
0x1ffffffff89,0,3,1
0x1555555ee08,0,3,1
0x1ffffffff89,0,3,1
0x1ffff8b129e,0,3,1
0x1ffffffff85,0,3,1
0x1ffffffff8a,0,3,1
0x15555562a72,0,3,1
0x1555555ee0c,0,3,1
0x1555555dc21,0,3,1
0x1555555dc21,0,3,1
0x1555555da96,0,3,1
0x1555555ee0c,0,3,1
0x1555555dc22,0,3,1
0x15555562a87,0,3,1
0x1ffff8b129e,0,3,1
0x1555555ee09,0,3,1
0x1ffffffff47,0,3,1
0x1ffffffff46,0,3,1
0x1ffffffff43,0,3,1
0x1ffffffff42,0,3,1
0x1ffff89dd71,0,3,1
0x1ffff89dd71,0,3,1
0x1ffffffff41,0,3,1
0x1ffffffff3f,0,3,1
0x1ffffffff40,0,3,1
0x1ffff89dd72,0,3,1
0x15555562aa3,0,3,1
0x15555562aa4,0,3,1
0x1ffff89dd72,0,3,1
0x15555562b24,0,3,1
0x15555562b24,0,3,1
0x15555562aa4,0,3,1
0x1ffffffff66,0,3,1
0x1ffffffff65,0,3,1
0x15555562ac3,0,3,1
0x15555562ac2,0,3,1
0x15555562ac1,0,3,1
0x15555562ac0,0,3,1
0x15555562abf,0,3,1
0x15555562abe,0,3,1
0x15555562abd,0,3,1
0x15555562abc,0,3,1
0x15555562abb,0,3,1
0x15555562aba,0,3,1
0x15555562ab9,0,3,1
0x15555562ab8,0,3,1
0x15555562ab7,0,3,1
0x15555562ab6,0,3,1
0x15555562ab5,0,3,1
0x15555562ab4,0,3,1
0x15555562ab3,0,3,1
0x15555562ab2,0,3,1
0x15555562ab1,0,3,1
0x15555562ab0,0,3,1
0x15555562aaf,0,3,1
0x15555562aae,0,3,1
0x15555562aad,0,3,1
0x15555562aac,0,3,1
0x15555562aab,0,3,1
0x15555562aaa,0,3,1
0x15555562aa9,0,3,1
0x15555562aa8,0,3,1
0x15555562aa7,0,3,1
0x15555562aa6,0,3,1
0x15555562aa5,0,3,1
0x155555628fd,0,3,1
0x155555628fd,0,3,1
0x155555628fe,0,3,1
0x155555628fc,0,3,1
0x155555628fe,0,3,1
0x155555628ff,0,3,1
0x15555562900,0,3,1
0x1555555db66,0,3,1
0x1ffffffff3e,0,3,1
0x1555555dc22,0,3,1
0x1555555db66,0,3,1
0x155555628ff,0,3,1
0x15555562900,0,3,1
0x1555555ee07,0,3,1
0x155555628fc,0,3,1
0x1ffffffff45,0,3,1
0x1ffffffff44,0,3,1
0x1555556288c,0,3,1
0x15555562a7a,0,3,1
0x1ffff89dd8d,0,3,1
0x1ffff89dd92,0,3,1
0x1ffff89dd8e,0,3,1
0x15555562b28,0,3,1
0x15555562c26,0,3,1
0x15555562b29,0,3,1
0x1ffff89dd8e,0,3,1
0x15555562b29,0,3,1
0x15555562baa,0,3,1
0x15555562b28,0,3,1
0x15555562ba9,0,3,1
0x15555562c26,0,3,1
0x15555562b54,0,3,1
0x15555562b53,0,3,1
0x15555562b52,0,3,1
0x15555562b51,0,3,1
0x15555562b50,0,3,1
0x15555562b4f,0,3,1
0x15555562b4e,0,3,1
0x1ffffffff6b,0,3,1
0x15555562b4d,0,3,1
0x1ffffffff6a,0,3,1
0x15555562b4c,0,3,1
0x1ffffffff69,0,3,1
0x15555562b4b,0,3,1
0x1ffffffff68,0,3,1
0x15555562b4a,0,3,1
0x1ffffffff67,0,3,1
0x15555562b49,0,3,1
0x15555562b48,0,3,1
0x15555562b47,0,3,1
0x15555562b46,0,3,1
0x15555562b45,0,3,1
0x15555562b44,0,3,1
0x15555562b43,0,3,1
0x15555562b42,0,3,1
0x15555562b41,0,3,1
0x15555562b40,0,3,1
0x15555562b3f,0,3,1
0x15555562b3e,0,3,1
0x15555562b3d,0,3,1
0x15555562b3c,0,3,1
0x15555562b3b,0,3,1
0x15555562b3a,0,3,1
0x15555562b39,0,3,1
0x15555562b38,0,3,1
0x15555562b37,0,3,1
0x15555562b36,0,3,1
0x15555562b35,0,3,1
0x15555562b34,0,3,1
0x15555562b33,0,3,1
0x15555562b32,0,3,1
0x15555562b31,0,3,1
0x15555562b30,0,3,1
0x15555562b2f,0,3,1
0x15555562b2e,0,3,1
0x15555562b2d,0,3,1
0x15555562b2c,0,3,1
0x15555562b2b,0,3,1
0x15555562b2a,0,3,1
0x15555562a75,0,3,1
0x1ffff89dd92,0,3,1
0x1ffff89dd8d,0,3,1
0x15555562c2f,0,3,1
0x15555562c2f,0,3,1
0x15555562cb0,0,3,1
0x15555562c30,0,3,1
0x15555562c31,0,3,1
0x15555562c32,0,3,1
0x15555562c33,0,3,1
0x15555562c34,0,3,1
0x15555562c35,0,3,1
0x15555562c36,0,3,1
0x15555562c37,0,3,1
0x15555562c38,0,3,1
0x15555562c39,0,3,1
0x15555562c3a,0,3,1
0x15555562c3b,0,3,1
0x15555562c3c,0,3,1
0x15555562c3d,0,3,1
0x15555562c3e,0,3,1
0x15555562c3f,0,3,1
0x15555562c40,0,3,1
0x15555562c41,0,3,1
0x15555562c42,0,3,1
0x15555562c43,0,3,1
0x15555562c44,0,3,1
0x15555562c45,0,3,1
0x15555562c46,0,3,1
0x15555562c47,0,3,1
0x15555562c48,0,3,1
0x15555562c49,0,3,1
0x15555562c4a,0,3,1
0x15555562c4b,0,3,1
0x15555562c4c,0,3,1
0x15555562c4d,0,3,1
0x15555562c4e,0,3,1
0x15555562c4f,0,3,1
0x15555562c50,0,3,1
0x15555562c51,0,3,1
0x15555562c52,0,3,1
0x15555562c53,0,3,1
0x15555562c54,0,3,1
0x15555562c55,0,3,1
0x15555562c56,0,3,1
0x15555562c57,0,3,1
0x15555562c58,0,3,1
0x15555562c59,0,3,1
0x15555562c5a,0,3,1
0x15555562c5b,0,3,1
0x15555562c5c,0,3,1
0x15555562c5d,0,3,1
0x15555562c5e,0,3,1
0x15555562c5f,0,3,1
0x15555562c60,0,3,1
0x15555562c61,0,3,1
0x1ffffffff7b,0,3,1
0x15555562c62,0,3,1
0x1ffffffff7c,0,3,1
0x15555562c63,0,3,1
0x15555562c64,0,3,1
0x15555562caf,0,3,1
0x15555562a82,0,3,1
0x1ffffffff8c,0,3,1
0x1ffffffff8d,0,3,1
0x1ffffffff8d,0,3,1
0x1ffffffff8c,0,3,1
0x1ffff8b12b9,0,3,1
0x1555555eda4,0,3,1
0x1555555eda4,0,3,1
0x1ffff8b12b9,0,3,1
0x1ffff8b115c,0,3,1
0x1555555eaa7,0,3,1
0x1555555eaa6,0,3,1
0x1555555eaa5,0,3,1
0x80001555555fe6e,0,3,1
0x80001555555fe6e,0,3,1
0x80001ffff7f11f9,0,3,1
0x80001ffff7f11fa,0,3,1
0x80001ffff7f11fb,0,3,1
0x80001ffff7f11fb,0,3,1
0x80001ffff7f11fa,0,3,1
0x80001555555fe4f,0,3,1
0x80001555555fe4f,0,3,1
0x80001ffff875454,0,3,2
0xc0001ffffffff53,0,3,1
0xc0001ffff84b069,0,3,1
0xc0001ffff84b069,0,3,1
0xc0001ffffffff54,0,3,1
0xc0001ffff84b05d,0,3,1
0xc0001ffffffff55,0,3,1
0xc0001ffffffff5a,0,3,2
0xc0001ffff7fb07e,0,3,2
0xc0001ffffffff55,0,3,1
0xc0001ffffffff54,0,3,1
0xc0001ffffffff5b,0,3,2
0xc0001ffff7fb065,0,3,2
0xc0001ffff7fb065,0,3,2
0xc0001ffff897b7a,0,3,2
0xc0001ffff88ec86,0,3,2
0xc0001ffffffff97,0,3,2
0xc0001ffffffffa0,0,3,2
0xc0001ffffffffa1,0,3,2
0xc0001ffffffffa5,0,3,2
0xc0001ffffffffac,0,3,2
0xc0001ffffffffad,0,3,2
0xc0001ffffffffae,0,3,2
0xc0001ffffffffb2,0,3,2
0xc0001ffffffffb4,0,3,2
0xc0001ffffffffb5,0,3,2
0xc0001ffffffffb6,0,3,2
0xc0001ffffffffb7,0,3,2
0xc0001ffffffff5a,0,3,2
0xc0001ffff84b05d,0,3,1
0xc0001ffffdfff67,0,3,2
0xc0001ffffdfff67,0,3,2
0xc0001ffff88810d,0,3,2
0xc0001ffff8886cb,0,3,2
0xc0001555555dd43,0,3,2
0xc0001555555dd43,0,3,2
0xc0001555555dd40,0,3,1
0xc0001555555dd40,0,3,1
0xc0001ffff87f90a,0,3,1
0xc0001ffff875708,0,3,1
0xc0001555555dd41,0,3,1
0xc0001555555fe6b,0,3,2
0xc0001555555dd41,0,3,1
0xc0001555555fe6b,0,3,2
0xc0001555555fe6c,0,3,1,2
0xc0001ffff7fb098,0,3,2
0xc0001ffff7f17e3,0,3,2
0xc0001ffff8ba1cb,0,3,2
0xc0001ffff8ae54b,0,3,2
0xc0001ffff8880ce,0,3,2
0xc0001ffff888127,0,3,1
0xc0001ffff7fb041,0,3,1,2
0xc0001ffff7fb049,0,3,2
0xc0001ffffffff5b,0,3,2
0xc0001ffff87570c,0,3,1
0xc0001ffff897bb1,0,3,1
0xc0001ffff897bb1,0,3,1
0xc0001ffff897bb2,0,3,1
0xc0001555555fe71,0,3,1
0xc0001ffff897bb2,0,3,1
0xc0001555555fe71,0,3,1
0xc0001ffff88effa,0,3,2
0xc0001555555f929,0,3,2
0xc0001555555f929,0,3,2
0xc0001555555f92a,0,3,2
0xc0001555555fe4d,0,3,1
0xc0001555555fe4d,0,3,1
0xc0001ffff88eff7,0,3,2
0xc0001ffff88eff8,0,3,2
0xc0001ffff88eff9,0,3,2
0xc0001ffff88eff6,0,3,2
0xc0001ffff8a031f,0,3,2
0xc0001ffff87570e,0,3,2
0xc0001ffff87561e,0,3,2
0xc0001ffffffff42,0,3,1
0xc0001ffffffff44,0,3,1
0xc0001ffffffff3f,0,3,1
0xc0001ffff87545a,0,3,2
0xc0001ffff875458,0,3,2
0xc0001ffff8c394d,0,3,1
0xc0001ffff8a0315,0,3,2
0xc0001ffff8880d8,0,3,2
0xc0001ffff8c4061,0,3,2
0xc0001ffff8c4062,0,3,2
0xc0001ffff87f91b,0,3,2
0xc0001ffff87f9c6,0,3,2
0xc0001ffff8c394c,0,3,1
0xc0001ffff8c4072,0,3,2
0xc0001ffff88808c,0,3,2
0xc0001ffff88808c,0,3,2
0xc0001ffff888090,0,3,2
0xc0001ffff888091,0,3,2
0xc0001ffff887f86,0,3,2
0xc0001ffff88808f,0,3,2
0xc0001ffffdfff7d,0,3,2
0xc0001ffff897ce7,0,3,1,2
0xc0001ffff888090,0,3,2
0xc0001ffff887f88,0,3,2
0xc0001ffffdfff7e,0,3,2
0xc0001ffff897bb7,0,3,2
0xc0001ffff8c4038,0,3,2
0xc0001ffff8c4060,0,3,2
0xc0001ffff897a98,0,3,2
0xc0001ffff887f8a,0,3,2
0xc0001ffff7f11a7,0,3,1,2
0xc0001ffff887f8a,0,3,2
0xc0001ffff84b076,0,3,2
0xc0001ffff84b075,0,3,2
0xc0001ffff86aaad,0,3,2
0xc0001ffff86afb5,0,3,2
0xc0001ffffffff4e,0,3,1
0xc0001ffffdfff67,0,3,1
0xc0001ffffdfff67,0,3,1
0xc0001ffffffff4a,0,3,1
0xc0001ffffffff4b,0,3,1
0xc0001555555550a,0,3,1
0xc0001ffffffff49,0,3,1
0xc0001ffff8a0314,0,3,2
0xc0001ffff897bd2,0,3,1
0xc0001ffff897c24,0,3,1
0x1ffffffff47,0,3,2
0x1ffffffff46,0,3,2
0x1ffff88df94,0,3,2
0x1ffff88df94,0,3,2
0x1ffffffff43,0,3,2
0x1ffffffff42,0,3,2
0x1ffff89dd71,0,3,2
0x1ffff89dd71,0,3,2
0x1ffffffff41,0,3,2
0x1ffffffff3f,0,3,2
0x1ffffffff40,0,3,2
0x1ffff89dd72,0,3,2
0x15555562aa3,0,3,2
0x15555562aa4,0,3,2
0x1ffff89dd72,0,3,2
0x15555562b24,0,3,2
0x15555562b24,0,3,2
0x15555562aa4,0,3,2
0x1ffffffff87,0,3,2
0x1ffffffff86,0,3,2
0x15555562ae4,0,3,2
0x15555562ae3,0,3,2
0x1ffffffff85,0,3,2
0x15555562ae2,0,3,2
0x15555562ae1,0,3,2
0x15555562ae0,0,3,2
0x15555562adf,0,3,2
0x15555562ade,0,3,2
0x15555562add,0,3,2
0x1ffffffff7f,0,3,2
0x15555562adc,0,3,2
0x15555562adb,0,3,2
0x15555562ada,0,3,1
0x15555562ad9,0,3,1
0x15555562ad8,0,3,1
0x15555562ad7,0,3,1
0x15555562ad4,0,3,2
0x15555562ad3,0,3,2
0x15555562ad2,0,3,2
0x15555562ad1,0,3,2
0x15555562ad0,0,3,2
0x15555562acf,0,3,2
0x15555562ace,0,3,2
0x15555562acd,0,3,2
0x15555562acc,0,3,2
0x15555562acb,0,3,2
0x15555562aca,0,3,2
0x15555562ac9,0,3,2
0x15555562ac8,0,3,2
0x15555562ac7,0,3,2
0x15555562ac6,0,3,2
0x15555562ac5,0,3,2
0x15555562ac4,0,3,2
0x15555562ac3,0,3,2
0x15555562ac2,0,3,2
0x15555562ac1,0,3,2
0x15555562ac0,0,3,2
0x15555562abf,0,3,2
0x15555562abe,0,3,2
0x15555562abd,0,3,2
0x15555562abc,0,3,2
0x15555562abb,0,3,2
0x15555562aba,0,3,2
0x15555562ab9,0,3,2
0x15555562ab8,0,3,2
0x15555562ab7,0,3,2
0x15555562ab6,0,3,2
0x15555562ab5,0,3,2
0x15555562ab4,0,3,2
0x15555562ab3,0,3,2
0x15555562ab2,0,3,2
0x15555562ab1,0,3,2
0x15555562ab0,0,3,2
0x15555562aaf,0,3,2
0x15555562aae,0,3,2
0x15555562aad,0,3,2
0x15555562aac,0,3,2
0x15555562aab,0,3,2
0x15555562aaa,0,3,2
0x15555562aa9,0,3,2
0x15555562aa8,0,3,2
0x15555562aa7,0,3,2
0x15555562aa6,0,3,2
0x15555562aa5,0,3,2
0x155555628fd,0,3,2
0x155555628fd,0,3,2
0x155555628fe,0,3,2
0x155555628fc,0,3,2
0x155555628fe,0,3,2
0x155555628ff,0,3,2
0x1555555ee09,0,3,2
0x1555555ece5,0,3,2
0x1555555ece5,0,3,2
0x15555562900,0,3,2
0x1555555ee07,0,3,2
0x1555555db66,0,3,2
0x1ffffffff3e,0,3,2
0x1555555ee0c,0,3,2
0x1555555ee0c,0,3,2
0x1555555dc22,0,3,2
0x1555555db66,0,3,2
0x155555628ff,0,3,2
0x1555555ee05,0,3,2
0x1555555ee05,0,3,2
0x15555562900,0,3,2
0x15555562a81,0,3,2
0x1555555ee07,0,3,2
0x1555555ee08,0,3,2
0x1ffff8b129e,0,3,2
0x155555628fc,0,3,2
0x15555562a75,0,3,2
0x1ffffffff45,0,3,2
0x15555562a76,0,3,2
0x1ffffffff44,0,3,2
0x15555562a7a,0,3,2
0x15555562a7a,0,3,2
0x15555562a75,0,3,2
0x15555562a76,0,3,2
0x15555562a74,0,3,2
0x1ffffffff88,0,3,2
0x1ffffffff89,0,3,2
0x1ffffffff89,0,3,2
0x1555555ee09,0,3,2
0x1555555ee0f,0,3,2
0x1555556288d,0,3,2
0x1555556288c,0,3,2
0x1555556288d,0,3,2
0x1555556288b,0,3,2
0x1555555ee0f,0,3,2
0x15555562a7f,0,3,2
0x15555562a72,0,3,2
0x1ffffffff88,0,3,2
0x1555555da96,0,3,2
0x1555555da96,0,3,2
0x1ffffffff87,0,3,2
0x1ffffffff87,0,3,0
0x1ffff88df94,0,3,0
0x1ffff88df94,0,3,0
0x1ffffffff88,0,3,0
0x1555555ee09,0,3,1
0x1ffffffff88,0,3,0
0x1555555ece5,0,3,1
0x1555555ece5,0,3,1
0x1ffff8b11f1,0,3,2
0x1ffff8b11ec,0,3,2
0x1ffff8b11ec,0,3,2
0x1ffff8b11f1,0,3,2
0x1555555eaa5,0,3,0
0x1555555ee07,0,3,0
0x1555555da96,0,3,0
0x1555556288d,0,3,0
0x1555556288c,0,3,0
0x1555556288d,0,3,0
0x1555555ee05,0,3,1
0x1ffffffff86,0,3,0
0x1555555ee05,0,3,1
0x1555556288b,0,3,2
0x1555555ee0f,0,3,1
0x1555555ee0f,0,3,1
0x1555555eaa6,0,3,0
0x15555562a74,0,3,0
0x1555555eaa7,0,3,0
0x155555628fe,0,3,0
0x15555562a87,0,3,0
0x15555562a83,0,3,0
0x15555562a82,0,3,0
0x15555562a83,0,3,0
0x15555562a81,0,3,0
0x1ffffffff89,0,3,0
0x1555555ee08,0,3,0,1
0x1ffffffff89,0,3,0
0x1ffff8b129e,0,3,1
0x1ffffffff85,0,3,0
0x1ffffffff8a,0,3,0
0x1555555ee0c,0,3,0
0x1555555dc21,0,3,0
0x1555555dc21,0,3,0
0x1555555da96,0,3,0
0x1555555ee0c,0,3,0
0x1555555dc22,0,3,0
0x15555562a87,0,3,0
0x1ffff8b129e,0,3,1
0x1555555ee09,0,3,1
0x1ffffffff47,0,3,0
0x1ffffffff46,0,3,0
0xc0001ffff84b075,0,3,2
0xc0001ffff888113,0,3,2
0xc0001ffff8886a1,0,3,2
0xc0001ffff7fb04a,0,3,2
0xc0001ffff87561e,0,3,1
0xc0001555555fe60,0,3,2
0xc0001555555fe60,0,3,2
0xc0001555555fe5f,0,3,2
0xc0001555555fe5f,0,3,2
0xc0001ffff875455,0,3,1
0xc0001555555fe58,0,3,1
0xc0001555555fe56,0,3,2
0xc0001555555fe56,0,3,2
0xc0001ffff875446,0,3,1
0x100001ffff7f11fe,0,3,0
0x100001ffff7f11fe,0,3,0
0x100001ffff7f121c,0,3,0
0x100001ffff7f1234,0,3,0
0x100001ffff7f1219,0,3,0
0x100001ffff887f80,0,3,0
0x100001ffff8c4065,0,3,0
0x100001ffff887f78,0,3,0
0x100001ffff8c4067,0,3,0
0x100001ffff887f7a,0,3,0
0x100001ffff8c4063,0,3,0
0x100001ffff8c406a,0,3,0
0x100001ffff887f7c,0,3,0
0x100001ffff87fa10,0,3,0
0x100001ffff8c406f,0,3,0
0x100001ffff8c3944,0,3,0
0x100001ffff7f121c,0,3,0
0x100001ffff8c4071,0,3,0
0x100001ffffdfff67,0,3,0
0x100001ffffdfff67,0,3,0
0x100001ffffdfff90,0,3,0
0x100001555555f087,0,3,0
0x100001ffffdfff86,0,3,0
0x100001ffffdfff92,0,3,0
0x100001ffffdfff1d,0,3,0
0x100001ffffdfff91,0,3,0
0x100001ffffdfff87,0,3,0
0x100001555555dc9e,0,3,0
0x100001555555550b,0,3,0
0x100001ffffdfff85,0,3,0
0x100001ffff87fa0b,0,3,0
0x100001ffffdfff9c,0,3,0
0x100001ffffdfff9b,0,3,0
0x100001ffff8c4000,0,3,0
0x100001ffff8c400c,0,3,0
0x100001ffff8c400b,0,3,0
0x100001ffff8c4001,0,3,0
0x100001ffff8c27e6,0,3,0
0x100001ffff8c27e5,0,3,0
0x100001ffff8ba1cd,0,3,0
0x100001ffffdfffb7,0,3,0
0x100001ffff8c4011,0,3,0
0x100001ffff8c4012,0,3,0
0x100001ffff8c4014,0,3,0
0x100001ffff8c4020,0,3,0
0x100001ffff8c401f,0,3,0
0x100001ffff8c4016,0,3,0
0x100001ffff8b9954,0,3,0
0x100001ffff8c4015,0,3,0
0x100001ffff8ae54d,0,3,0
0x100001ffff8c4013,0,3,0
0x100001ffff8c4026,0,3,0
0x100001ffff8c4028,0,3,0
0x100001ffff8c4034,0,3,0
0x100001ffff8c4033,0,3,0
0x100001ffff8c402a,0,3,0
0x100001ffff8ae378,0,3,0
0x100001ffff8c4029,0,3,0
0x100001ffff8ae377,0,3,0
0x100001ffff8a032e,0,3,0
0x100001ffff8c4027,0,3,0
0x100001ffff8c403a,0,3,0
0x100001ffff8c403c,0,3,0
0x100001ffff8c4048,0,3,0
0x100001ffff8c4047,0,3,0
0x100001ffff8c403e,0,3,0
0x100001ffff8a02ba,0,3,0
0x100001ffff8c403d,0,3,0
0x100001ffff8a02b9,0,3,0
0x100001ffff897d09,0,3,0
0x100001ffff8c403b,0,3,0
0x100001ffff8c404e,0,3,0
0x100001ffff8c4050,0,3,0
0x100001ffff8c405c,0,3,0
0x100001ffff8c405b,0,3,0
0x100001ffff8c4051,0,3,0
0x100001ffff897b70,0,3,0
0x100001ffff897b6f,0,3,0
0x100001ffff8880d0,0,3,0
0x100001ffff888119,0,3,0
0x100001ffff888192,0,3,0
0x100001ffff8886d9,0,3,0
0x100001ffff8c3cbe,0,3,0
0x100001ffffdf7d4d,0,3,0
0x100001ffff87fa0d,0,3,0
0x100001ffff8886a4,0,3,0
0x100001ffff87fa0e,0,3,0
0x100001ffff8c405f,0,3,0
0x100001ffffdfff1e,0,3,0
0x1ffff5cddf6,0,3,2
0x1ffff5cde28,0,3,2
0x1ffff5cde28,0,3,2
0x1ffff5cddf7,0,3,2
0x1ffff5cddf7,0,3,2
0x1ffff5cddf8,0,3,2
0x1ffff5cddf8,0,3,2
0x1ffff5cddf9,0,3,2
0x1ffff5cddfa,0,3,2
0x1ffffffff47,0,3,2
0x1ffffffff46,0,3,2
0x1ffff88df94,0,3,2
0x1ffff88df94,0,3,2
0x1ffffffff43,0,3,2
0x1ffffffff42,0,3,2
0x1ffff89dd71,0,3,2
0x1ffff89dd71,0,3,2
0x1ffffffff41,0,3,2
0x1ffffffff3f,0,3,2
0x1ffffffff40,0,3,2
0x1ffff89dd72,0,3,2
0x15555562b28,0,3,2
0x1ffff89dd93,0,3,2
0x15555562b29,0,3,2
0x1ffff89dd72,0,3,2
0x1ffff89dd8e,0,3,0
0x15555562b29,0,3,2
0x1ffff89dd92,0,3,0,2
0x1ffff89dd8e,0,3,0
0x1ffff89dd8d,0,3,2
0x15555562c26,0,3,2
0x15555562baa,0,3,2
0x15555562b28,0,3,2
0x15555562ba9,0,3,0,2
0x15555562c26,0,3,2
0x15555562b2b,0,3,0
0x15555562b2a,0,3,0
0x155555628fd,0,3,2
0x15555562aa4,0,3,2
0x155555628fd,0,3,2
0x155555628fe,0,3,2
0x155555628fc,0,3,2
0x155555628fe,0,3,2
0x1555556288c,0,3,2
0x1555555ee09,0,3,2
0x1ffffffff45,0,3,2
0x1555555ece5,0,3,2
0x1555555ece5,0,3,2
0x1555556288d,0,3,2
0x1ffffffff44,0,3,2
0x1555555ee07,0,3,2
0x1555555da96,0,3,2
0x1555555ee0c,0,3,2
0x1555555ee0c,0,3,2
0x1555555dc22,0,3,2
0x1555555da96,0,3,2
0x1555556288c,0,3,2
0x1555555ee05,0,3,2
0x1555555ee05,0,3,2
0x1555556288d,0,3,2
0x15555562a81,0,3,2
0x1555555ee07,0,3,2
0x1555555ee08,0,3,2
0x1ffff8b129e,0,3,2
0x1ffffffff88,0,3,2
0x1ffffffff89,0,3,2
0x1ffffffff89,0,3,2
0x1555555ee09,0,3,2
0x1555555ee0f,0,3,2
0x15555562a76,0,3,2
0x15555562a75,0,3,2
0x15555562a76,0,3,2
0x15555562a74,0,3,2
0x15555562a91,0,3,2
0x1555555ee0f,0,3,2
0x15555562a92,0,3,2
0x15555562a8f,0,3,2
0x1ffffffff88,0,3,2
0x15555562a7a,0,3,2
0x15555562a7a,0,3,2
0x1ffffffff87,0,3,2
0x1ffff8b129e,0,3,2
0x1ffff89dd8d,0,3,2
0x15555562c2f,0,3,2
0x15555562c2f,0,3,2
0x15555562cb0,0,3,2
0x15555562c30,0,3,0
0x15555562c31,0,3,0
0x15555562c32,0,3,0
0x15555562c33,0,3,0
0x15555562c34,0,3,0
0x15555562c35,0,3,0
0x15555562c36,0,3,0
0x15555562c37,0,3,0
0x15555562c38,0,3,0
0x15555562c39,0,3,0
0x15555562c3a,0,3,0
0x15555562c3b,0,3,0
0x15555562c3c,0,3,0
0x15555562c3d,0,3,0
0x15555562c3e,0,3,0
0x15555562c3f,0,3,0
0x15555562c40,0,3,0
0x15555562c41,0,3,0
0x15555562c42,0,3,0
0x15555562c43,0,3,0
0x15555562c44,0,3,0
0x15555562c45,0,3,0
0x15555562c46,0,3,0
0x15555562c47,0,3,0
0x15555562c48,0,3,0
0x15555562c49,0,3,0
0x15555562c4a,0,3,0
0x15555562c4b,0,3,0
0x15555562c4c,0,3,0
0x15555562c4d,0,3,0
0x15555562c4e,0,3,0
0x15555562c4f,0,3,0
0x15555562c50,0,3,0
0x15555562c51,0,3,0
0x15555562c52,0,3,0
0x15555562c53,0,3,0
0x15555562c54,0,3,0
0x15555562c55,0,3,0
0x15555562c56,0,3,0
0x15555562c57,0,3,0
0x15555562c58,0,3,0
0x15555562c59,0,3,0
0x15555562c5a,0,3,2
0x15555562c5c,0,3,2
0x15555562c5d,0,3,2
0x15555562c5e,0,3,2
0x15555562c5f,0,3,2
0x15555562c60,0,3,2
0x15555562c61,0,3,2
0x15555562c62,0,3,2
0x15555562c66,0,3,1
0x15555562c67,0,3,1
0x15555562caf,0,3,0,2
0x15555562a75,0,3,2
0x15555562a74,0,3,2
0x1ffff8b129e,0,3,2
0x15555562a93,0,3,2
0x15555562a93,0,3,2
0x15555562a98,0,3,2
0x15555562a98,0,3,2
0x15555562a97,0,3,2
0x1555555db87,0,3,2
0x15555562d31,0,3,2
0x1ffffffff86,0,3,2
0x15555562cf0,0,3,2
0x15555562cef,0,3,2
0x1ffffffff85,0,3,2
0x1ffffffff84,0,3,2
0x15555562ced,0,3,2
0x15555562cea,0,3,2
0x15555562ce9,0,3,2
0x15555562ce6,0,3,2
0x15555562ce5,0,3,2
0x15555562ce4,0,3,2
0x15555562ce3,0,3,2
0x15555562ce2,0,3,2
0x15555562ce0,0,3,2
0x15555562cdf,0,3,2
0x15555562cde,0,3,2
0x15555562cdd,0,3,2
0x15555562cdc,0,3,2
0x15555562cdb,0,3,2
0x15555562cda,0,3,2
0x15555562cd9,0,3,2
0x15555562cd8,0,3,2
0x15555562cd7,0,3,2
0x15555562cd4,0,3,2
0x15555562cd3,0,3,2
0x15555562cd2,0,3,2
0x15555562cd1,0,3,2
0x15555562ccf,0,3,2
0x15555562cce,0,3,2
0x15555562ccd,0,3,2
0x15555562ccb,0,3,2
0x15555562cca,0,3,2
0x15555562cc9,0,3,2
0x15555562cc8,0,3,2
0x15555562cc7,0,3,2
0x15555562cc6,0,3,2
0x15555562cc5,0,3,2
0x15555562cc4,0,3,2
0x15555562cc3,0,3,2
0x15555562cc2,0,3,2
0x15555562cc1,0,3,2
0x15555562cbf,0,3,2
0x15555562cbe,0,3,2
0x15555562cbd,0,3,2
0x15555562cbc,0,3,2
0x15555562cbb,0,3,2
0x15555562cba,0,3,2
0x15555562cb9,0,3,2
0x15555562cb8,0,3,2
0x15555562cb7,0,3,2
0x15555562cb6,0,3,2
0x15555562cb5,0,3,2
0x15555562cb4,0,3,2
0x15555562cb3,0,3,2
0x15555562cb2,0,3,2
0x15555562cb1,0,3,2
0x15555562d30,0,3,2
0x1ffff8b129e,0,3,2
0x15555562900,0,3,2
0x155555628ff,0,3,2
0x15555562900,0,3,2
0x1555555db66,0,3,2
0x1555555dc21,0,3,2
0x1555555dc21,0,3,2
0x1555555db66,0,3,2
0x15555562b24,0,3,2
0x15555562aa3,0,3,2
0x15555562b24,0,3,2
0x15555562aa3,0,3,2
0x100001ffff897b77,0,3,0
0x100001ffff897b78,0,3,0
0x100001ffff897b7b,0,3,0
0x100001ffff887f84,0,3,0
0x100001ffff87fa0f,0,3,0
0x100001ffff8c3945,0,3,0
0x100001ffff8ba1c8,0,3,0
0x100001ffff8ae548,0,3,0
0x100001ffff897d08,0,3,0
0x100001ffff8880cb,0,3,0
0x100001ffff8c3cb4,0,3,0
0x100001ffff8886a0,0,3,0
0x100001ffff87fa0c,0,3,0
0x100001ffff887f84,0,3,0
0x100001ffff7f1228,0,3,0
0x100001ffff7f1235,0,3,0
0x100001ffff7fb0f8,0,3,0
0x100001ffff7fb040,0,3,0
0x100001555555f8ef,0,3,0
0x100001ffff7fb037,0,3,0
0x100001555555f8f1,0,3,0
0x100001ffff7fb039,0,3,0
0x100001555555f8ee,0,3,0
0x100001555555f8f5,0,3,0
0x100001ffff7fb03a,0,3,0
0x100001ffff7f1771,0,3,0
0x100001555555f8f9,0,3,0
0x100001555555f905,0,3,0
0x100001555555f8fc,0,3,0
0x100001ffff7f1761,0,3,0
0x100001555555f8fb,0,3,0
0x100001555555550e,0,3,0
0x100001ffff8ba1cf,0,3,0
0x100001ffff8ae557,0,3,0
0x100001ffff8a0318,0,3,0
0x100001ffff8880da,0,3,0
0x100001ffff8c4064,0,3,0
0x100001ffff8c4070,0,3,0
0x100001ffff87f90d,0,3,0
0x100001ffff8c3d80,0,3,0
0x100001ffff8c3d8c,0,3,0
0x100001ffff8c3d8b,0,3,0
0x100001ffff8c3d81,0,3,0
0x100001ffff87f799,0,3,0
0x100001ffff87570f,0,3,0
0x100001555555f088,0,3,0
0x100001ffff8c3d94,0,3,0
0x100001ffff8c3da0,0,3,0
0x100001ffff8c3d9f,0,3,0
0x100001ffff8c3d96,0,3,0
0x100001ffff87541a,0,3,0
0x100001ffff8c3d95,0,3,0
0x100001ffff86aa97,0,3,0
0x100001ffff8c3da1,0,3,0
0x100001ffff8c3da3,0,3,0
0x100001555555fe55,0,3,0
0x100001555555fe4e,0,3,0
0x100001ffff875424,0,3,0
0x100001ffff875620,0,3,0
0x100001ffff87545b,0,3,0
0x100001ffff897ce7,0,3,0
0x100001ffff897ce4,0,3,0
0x100001555555fe60,0,3,0
0x100001ffff7f1227,0,3,0
0x100001555555fe60,0,3,0
0x100001555555fe52,0,3,0
0x100001555555fe51,0,3,0
0x100001555555fe52,0,3,0
0x100001555555fe55,0,3,0
0x100001ffff87542b,0,3,0
0x100001ffff87561f,0,3,0
0x100001ffff87561e,0,3,0
0x100001555555fe53,0,3,0
0x100001555555fe54,0,3,0
0x100001ffff87543c,0,3,0
0x100001ffff875453,0,3,0
0x100001ffff897cd6,0,3,0
0x100001ffffdffdc2,0,3,0
0x100001555555fe54,0,3,0
0x100001ffff875449,0,3,0
0x100001ffff875366,0,3,0
0x100001555555fe59,0,3,0
0x100001555555fe4f,0,3,0
0x100001555555fe4f,0,3,0
0x100001ffff875451,0,3,0
0x1ffff89dd4a,0,3,2
0x1ffffffff86,0,3,2
0x1ffffffff85,0,3,2
0x1ffffdfff1d,0,3,2
0x155555628fc,0,3,2
0x1ffffffff8b,0,3,2
0x1555555ee08,0,3,2
0x1555555eaa6,0,3,2
0x1555555eaa5,0,3,2
0x1ffff8b11f1,0,3,2
0x1ffff8b11ec,0,3,2
0x1ffff8b11ec,0,3,2
0x1ffff8b11f1,0,3,2
0x15555562a87,0,3,2
0x15555562a83,0,3,2
0x15555562a82,0,3,2
0x15555562a83,0,3,2
0x1555556288b,0,3,2
0x1555555eaa7,0,3,2
0x1ffffffff8a,0,3,2
0x1555555ee0e,0,3,2
0x15555562a87,0,3,2
0x15555562aab,0,3,2
0x15555562aaa,0,3,2
0x15555562aa9,0,3,2
0x15555562aa8,0,3,2
0x15555562aa7,0,3,2
0x15555562aa6,0,3,2
0x15555562aa5,0,3,2
0x1ffffffff3e,0,3,2
0x155555628ff,0,3,2
0x15555562a82,0,3,2
0x15555562b69,0,3,0
0x15555562b68,0,3,0
0x15555562b67,0,3,0
0x15555562b66,0,3,0
0x15555562b65,0,3,0
0x15555562b62,0,3,0
0x15555562b60,0,3,0
0x15555562b5f,0,3,0
0x15555562b5e,0,3,0
0x15555562b5d,0,3,0
0x15555562b5c,0,3,0
0x15555562b5b,0,3,0
0x15555562b5a,0,3,0
0x15555562b59,0,3,0
0x15555562b58,0,3,0
0x15555562b51,0,3,0
0x15555562b4e,0,3,0
0x15555562b4d,0,3,0
0x15555562b4c,0,3,0
0x15555562b4b,0,3,0
0x15555562b4a,0,3,0
0x15555562b49,0,3,0
0x15555562b48,0,3,0
0x15555562b47,0,3,0
0x15555562b46,0,3,0
0x15555562b45,0,3,0
0x15555562b44,0,3,0
0x15555562b43,0,3,0
0x15555562b42,0,3,0
0x15555562b41,0,3,0
0x15555562b40,0,3,0
0x15555562b3f,0,3,0
0x15555562b3e,0,3,0
0x15555562b3d,0,3,0
0x15555562b3c,0,3,0
0x15555562b3b,0,3,0
0x15555562b3a,0,3,0
0x15555562b39,0,3,0
0x15555562b38,0,3,0
0x15555562b37,0,3,0
0x15555562b36,0,3,0
0x15555562b35,0,3,0
0x15555562b34,0,3,0
0x15555562b33,0,3,0
0x15555562b32,0,3,0
0x15555562b31,0,3,0
0x15555562b30,0,3,0
0x15555562b2f,0,3,0
0x15555562b2e,0,3,0
0x15555562b2d,0,3,0
0x15555562b2c,0,3,0
0x1555555eaa7,0,3,2
0x15555562db2,0,3,2
0x15555562d5d,0,3,2
0x15555562d5c,0,3,2
0x15555562d5b,0,3,2
0x15555562d5a,0,3,2
0x15555562d59,0,3,2
0x15555562d51,0,3,2
0x15555562d50,0,3,2
0x15555562d4f,0,3,2
0x15555562d4e,0,3,2
0x15555562d4d,0,3,2
0x15555562d4c,0,3,2
0x15555562d4b,0,3,2
0x15555562d4a,0,3,2
0x15555562d49,0,3,2
0x15555562d48,0,3,2
0x15555562d47,0,3,2
0x15555562d46,0,3,2
0x15555562d45,0,3,2
0x15555562d44,0,3,2
0x15555562d43,0,3,2
0x15555562d42,0,3,2
0x15555562d41,0,3,2
0x15555562d3f,0,3,2
0x15555562d3c,0,3,2
0x15555562d3b,0,3,2
0x15555562d39,0,3,2
0x15555562d38,0,3,2
0x15555562d37,0,3,2
0x15555562d36,0,3,2
0x15555562d35,0,3,2
0x15555562d34,0,3,2
0x15555562d33,0,3,2
0x15555562d32,0,3,2
0x15555562db1,0,3,2
0x100001ffff875454,0,3,0
0x100001ffff875440,0,3,0
0x100001ffff8c3d98,0,3,0
0x100001ffff87541c,0,3,0
0x100001ffff8c3d9b,0,3,0
0x100001ffff87541d,0,3,0
0x100001ffff8c394e,0,3,0
0x100001ffff8c3da2,0,3,0
0x100001ffffdfff67,0,3,0
0x100001ffffdfff67,0,3,0
0x100001ffff8c394f,0,3,0
0x100001ffff86af9c,0,3,0
0x100001ffff8ba1cc,0,3,0
0x100001ffff8a031c,0,3,0
0x100001ffff8c3cb5,0,3,0
0x100001ffff86af9d,0,3,0
0x100001ffff875454,0,3,0
0x100001ffffffff53,0,3,0
0x100001ffffffff52,0,3,0
0x100001ffff84b069,0,3,0
0x100001ffff84b069,0,3,0
0x100001ffff7fb069,0,3,0
0x100001ffffffff50,0,3,0
0x100001ffffffff51,0,3,0
0x100001ffff84b05d,0,3,0
0x100001ffffffff54,0,3,0
0x100001ffffffff55,0,3,0
0x100001ffffffff55,0,3,0
0x100001ffffffff54,0,3,0
0x100001ffff7fb041,0,3,0
0x100001ffff7fb042,0,3,0
0x100001ffff7fb06a,0,3,0
0x100001ffff7fb043,0,3,0
0x100001ffff7fb0fa,0,3,0
0x100001ffff7fb04c,0,3,0
0x100001ffff87542c,0,3,0
0x100001ffff87561d,0,3,0
0x100001ffff7fb0ff,0,3,0
0x100001ffff87561e,0,3,0
0x100001ffff7fb046,0,3,0
0x100001ffff84b068,0,3,0
0x100001555555f6f4,0,3,0
0x100001ffff87544d,0,3,0
0x100001ffff897bb0,0,3,0
0x100001ffff897b75,0,3,0
0x100001ffff84b05b,0,3,0
0x100001ffff897bb1,0,3,0
0x100001ffff897bb1,0,3,0
0x100001ffff897bb2,0,3,0
0x100001555555fe6c,0,3,0
0x100001ffffffff4f,0,3,0
0x100001ffffffff4d,0,3,0
0x100001ffff897c25,0,3,0
0x100001ffff897bb3,0,3,0
0x100001ffffffff4e,0,3,0
0x100001ffff897b8b,0,3,0
0x100001ffff897bd2,0,3,0
0x100001ffff897bb2,0,3,0
0x100001555555fe6c,0,3,0
0x100001ffff897c24,0,3,0
0x100001555555f6f4,0,3,0
0x100001ffff87544c,0,3,0
0x100001ffff7fb0f6,0,3,0
0x100001555555fe58,0,3,0
0x100001555555fe56,0,3,0
0x100001555555fe56,0,3,0
0x100001ffffffff48,0,3,0
0x100001ffffffff49,0,3,0
0x100001ffff84b05d,0,3,0
0x100001ffffffff47,0,3,0
0x100001ffffffff46,0,3,0
0x100001ffffffff44,0,3,0
0x100001ffffffff45,0,3,0
0x100001ffffffff43,0,3,0
0x100001ffffffff42,0,3,0
0x100001ffffffff41,0,3,0
0x100001ffffffff40,0,3,0
0x100001555555550d,0,3,0
0x100001ffffffff3f,0,3,0
0x100001ffff8ba1ca,0,3,0
0x100001ffff8ae562,0,3,0
0x100001ffff8880e5,0,3,0
0x100001ffff7fb077,0,3,0
0x100001ffff7fb04a,0,3,0
0x100001555555dd41,0,3,0
0x100001ffff7fb09b,0,3,0
0x100001ffff7fb078,0,3,0
0x100001ffff7fb09a,0,3,0
0x100001555555fe0e,0,3,0
0x100001555555fe2a,0,3,0
0x100001ffff897b7f,0,3,0
0x100001ffff897bd3,0,3,0
0x100001ffff7fb07d,0,3,0
0x100001555555dd42,0,3,0
0x100001ffff897bb5,0,3,0
0x100001ffff7fb07d,0,3,0
0x100001ffff7fb05c,0,3,0
0x100001555555fe4d,0,3,0
0x100001555555dd41,0,3,0
0x100001555555dd40,0,3,0
0x100001555555dd40,0,3,0
0x100001555555fe4d,0,3,0
0x100001ffff7fb099,0,3,0
0x100001555555fe6a,0,3,0
0x100001ffff7fb099,0,3,0
0x100001ffffffff4b,0,3,0
0x100001ffffffff4c,0,3,0
0x100001ffff7f17f8,0,3,0
0x100001ffff7f16ee,0,3,0
0x100001ffff7f1773,0,3,0
0x100001ffffffff4a,0,3,0
0x100001ffff7f1765,0,3,0
0x100001ffff7f1766,0,3,0
0x100001555555fe5f,0,3,0
0x100001555555fe5f,0,3,0
0x100001ffffffff5a,0,3,0
0x100001ffff7fb050,0,3,0
0x100001ffff7f1775,0,3,0
0x100001555555f906,0,3,0
0x100001555555550c,0,3,0
0x100001ffff7f176e,0,3,0
0x100001ffff8ba1ce,0,3,0
0x100001ffff8ae54e,0,3,0
0x100001ffff8880d1,0,3,0
0x100001ffff888118,0,3,0
0x100001ffff88818e,0,3,0
0x100001ffff8886d7,0,3,0
0x100001ffff7f176f,0,3,0
0x100001ffff7f1770,0,3,0
0x100001ffff7fb050,0,3,0
0x100001555555fe62,0,3,0
0x100001555555fe57,0,3,0
0x100001555555fe58,0,3,0
0x100001ffff7fb07f,0,3,0
0x100001ffff7f121a,0,3,0
0x100001ffff897b79,0,3,0
0x100001ffff7f121a,0,3,0
0x100001ffff897c24,0,3,0
0x100001ffff897bd2,0,3,0
0x100001555555fe4c,0,3,0
0x100001ffff7fb0f9,0,3,0
0x100001ffff7fb0f9,0,3,0
0x100001ffff7fb081,0,3,0
0x100001ffff7fb081,0,3,0
0x100001ffff7fb05e,0,3,0
0x100001ffff7fb100,0,3,0
0x100001ffff7fb100,0,3,0
0x100001ffff897c23,0,3,0
0x100001ffff86afa2,0,3,0
0x100001ffff8a032f,0,3,0
0x100001ffff888105,0,3,0
0x100001ffff87544c,0,3,0
0x100001ffff7f17e9,0,3,0
0x100001ffff7f16df,0,3,0
0x100001ffff7f1772,0,3,0
0x100001ffff7f1767,0,3,0
0x100001ffff7fb043,0,3,0
0x100001ffff7f1774,0,3,0
0x100001ffff8ae564,0,3,0
0x100001ffff8880e7,0,3,0
0x1ffff4007b8,0,3,1
0x1ffff4007b7,0,3,1
0x1ffff4007b8,0,3,1
0x1ffff4007b9,0,3,1
0x1ffff8a65cc,0,3,1
0x1ffffffff83,0,3,2
0x1ffffffff82,0,3,0,2
0x1ffffffff81,0,3,0,2
0x1ffffffff7e,0,3,0,2
0x1ffffffff7c,0,3,0,2
0x1ffffffff7b,0,3,0,2
0x1ffff89dde2,0,3,1
0x1ffffffff7d,0,3,0,2
0x1ffffffff7f,0,3,2
0x1ffffffff69,0,3,0,2
0x1ffffffff68,0,3,0,2
0x1ffffffff6b,0,3,0,2
0x1ffffffff6a,0,3,0,2
0x1ffffffff66,0,3,0,2
0x1ffff89dc7f,0,3,1
0x1ffffffff65,0,3,0,2
0x1ffffffff67,0,3,0,2
0x1ffff894de8,0,3,1
0x1ffff894de6,0,3,1
0x1ffffffff80,0,3,0,2
0x1ffffffff84,0,3,2
0x1ffff8bbe51,0,3,1
0x15555562875,0,3,1
0x15555562875,0,3,1
0x1ffff8bbe2b,0,3,1
0x1555555d9a5,0,3,1
0x1ffff8bbef2,0,3,1
0x1ffff8bbe56,0,3,1
0x1ffff8bbe4e,0,3,1
0x1ffff4007b6,0,3,1
0x1ffff4007b6,0,3,1
0x1ffff400000,0,3,2
0x1555556191d,0,3,1
0x1ffffffff6c,0,3,0,2
0x1ffff4007b7,0,3,1
0x1ffff4007b9,0,3,1
0x1ffffffff7a,0,3,0,2
0x1ffffffff79,0,3,0,2
0x1ffffffff64,0,3,2
0x1555555db6a,0,3,2
0x1ffff89dd3a,0,3,2
0x1ffff400000,0,3,2
0x1ffff400002,0,3,2
0x1ffff4007c0,0,3,2
0x1ffff4007c1,0,3,2
0x1ffff400002,0,3,2
0x1ffff4007c1,0,3,2
0x1ffffffff8c,0,3,0
0x1ffffffff8d,0,3,0
0x1ffffffff8d,0,3,0
0x1ffffffff8c,0,3,0
0x1ffff8b12b9,0,3,0
0x1555555eda4,0,3,0
0x1555555eda4,0,3,0
0x1ffff8b12b9,0,3,0
0x1ffff8b115c,0,3,0
0xc0001ffffffff5a,0,3,2
0xc0001ffff84b069,0,3,2
0xc0001ffff84b069,0,3,2
0xc0001ffffffff5b,0,3,2
0xc0001ffffffff5c,0,3,2
0xc0001ffff84b05d,0,3,2
0xc0001555555f18e,0,3,2
0xc0001555555f18c,0,3,2
0xc0001555555f18c,0,3,2
0xc0001555555f195,0,3,2
0xc0001ffffffff5e,0,3,2
0xc0001ffffffff5c,0,3,2
0xc0001555555f18f,0,3,2
0xc0001ffffffff5b,0,3,2
0xc0001ffff897c23,0,3,2
0xc0001ffff84b05b,0,3,2
0xc0001555555dd40,0,3,2
0xc0001555555dd46,0,3,2
0xc0001555555dd46,0,3,2
0xc0001555555dd40,0,3,2
0xc0001ffffffff59,0,3,2
0xc0001ffffffff58,0,3,2
0xc0001ffffffff5d,0,3,2
0xc0001ffff87548a,0,3,2
0xc0001ffffffff5d,0,3,2
0xc0001555555dd41,0,3,2
0xc0001555555ff24,0,3,2
0xc0001555555dd41,0,3,2
0xc0001555555ff24,0,3,2
0xc0001555555ff26,0,3,2
0xc0001555555ff25,0,3,2
0xc0001ffffffff65,0,3,2
0xc0001ffff6000bd,0,3,2
0xc0001ffff7f2c2c,0,3,2
0xc0001ffff600000,0,3,2
0xc0001ffff6000bd,0,3,2
0xc0001ffffffff62,0,3,2
0xc0001ffffffff63,0,3,2
0xc0001ffffffff63,0,3,2
0xc0001ffff803242,0,3,2
0xc0001ffffffff62,0,3,2
0xc0001ffff86cb9e,0,3,2
0xc0001ffffffff64,0,3,2
0xc0001ffff80323f,0,3,2
0xc0001ffff803240,0,3,2
0xc0001ffff87f7f4,0,3,2
0xc0001ffff8756d5,0,3,2
0xc0001555555ff0a,0,3,2
0xc0001555555ff0a,0,3,2
0xc0001ffffffff57,0,3,2
0xc0001ffffffff56,0,3,2
0xc0001ffffffff51,0,3,2
0xc0001ffffffff53,0,3,2
0xc0001ffffffff52,0,3,2
0xc0001ffffffff55,0,3,2
0xc0001ffffffff50,0,3,2
0xc0001ffffffff3e,0,3,2
0xc0001ffffffff40,0,3,2
0xc0001ffffffff3b,0,3,2
0xc0001ffffffff3c,0,3,2
0xc0001ffffffff3d,0,3,2
0xc0001ffffffff3f,0,3,2
0xc0001ffffffff41,0,3,2
0xc0001ffffffff5f,0,3,2
0xc0001ffffffff60,0,3,2
0xc0001ffffffff61,0,3,2
0xc0001555555f18e,0,3,2
0xc0001555555f18f,0,3,2
0xc0001555555f190,0,3,2
0xc0001555555f191,0,3,2
0xc0001555555f194,0,3,2
0xc0001555555f192,0,3,2
0xc0001555555f193,0,3,2
0xc0001555555f195,0,3,2
0xc0001ffff897bb1,0,3,2
0xc0001ffff897bb1,0,3,2
0xc0001ffff897bb2,0,3,2
0xc0001555555ff30,0,3,2
0xc0001ffff897bb2,0,3,2
0xc0001555555ff30,0,3,2
0xc0001555555fe52,0,3,2
0xc0001ffff87561e,0,3,2
0xc0001ffff7fb048,0,3,2
0xc0001555555fe55,0,3,2
0xc0001555555fe60,0,3,2
0xc0001555555fe60,0,3,2
0xc0001555555fe52,0,3,2
0xc0001555555fe5f,0,3,2
0xc0001555555fe5f,0,3,2
0xc0001555555fe58,0,3,2
0xc0001555555fe56,0,3,2
0xc0001555555fe56,0,3,2
0xc0001ffff7f1175,0,3,2
0xc0001ffff7f11a8,0,3,2
0xc0001ffff7f11a8,0,3,2
0xc0001ffff7f1176,0,3,2
0xc0001ffff7f1176,0,3,2
0xc0001ffff7f119c,0,3,2
0xc0001555555fe53,0,3,2
0xc0001555555f6f4,0,3,2
0xc0001555555fe58,0,3,2
0xc0001ffff7f1174,0,3,2
0xc0001ffff7f1177,0,3,2
0xc0001555555fe55,0,3,2
0xc0001ffff7f1177,0,3,2
0xc0001ffff875449,0,3,2
0xc0001555555fe54,0,3,2
0xc0001ffff7f1178,0,3,2
0xc0001ffff7f1171,0,3,2
0xc0001ffff7fb06b,0,3,2
0xc0001555555f172,0,3,2
0xc0001555555f173,0,3,2
0xc0001ffff7f1173,0,3,2
0xc0001ffff7f1172,0,3,2
0xc0001ffff7f116f,0,3,2
0xc0001ffff7f116e,0,3,2
0xc0001555555f179,0,3,2
0xc0001555555f92f,0,3,2
0xc0001ffff7fb206,0,3,2
0xc0001ffff7f2d0c,0,3,2
0xc0001ffff7fb10e,0,3,2
0xc0001ffff7f1170,0,3,2
0xc0001ffff7fb10f,0,3,2
0xc0001555555fd7e,0,3,2
0xc0001555555fd7f,0,3,2
0xc0001555555fd83,0,3,2
0xc0001555555fd7b,0,3,2
0xc0001555555fd7c,0,3,2
0xc0001ffff81bb00,0,3,2
0xc0001ffff81bb00,0,3,2
0xc0001555555fdcb,0,3,2
0xc0001555555fd8b,0,3,2
0xc0001ffff81be40,0,3,2
0xc0001ffff7fb044,0,3,2
0xc0001ffff7fb042,0,3,2
0xc0001555555f90a,0,3,2
0xc0001ffff7f116d,0,3,2
0xc0001555555f0d2,0,3,2
0xc0001ffff60007b,0,3,2
0xc0001ffff81be44,0,3,2
0xc0001ffff6000bc,0,3,2
0xc0001ffff7fb110,0,3,2
0xc0001ffff60003b,0,3,2
0xc0001ffff757a80,0,3,2
0xc0001ffff60007c,0,3,2
0xc0001ffff747a80,0,3,2
0xc0001ffff7f2d6c,0,3,2
0xc0001ffff7f2d6d,0,3,2
0xc0001ffff747a81,0,3,2
0xc0001ffff747a82,0,3,2
0xc0001ffff747a83,0,3,2
0xc0001ffff747a84,0,3,2
0xc0001ffff747a85,0,3,2
0xc0001ffff7f116b,0,3,2
0xc0001ffff7f116c,0,3,2
0xc0001555555fe0f,0,3,2
0xc0001555555fe36,0,3,2
0xc0001ffff7f1168,0,3,2
0xc0001ffff7f1169,0,3,2
0xc0001555555fe0d,0,3,2
0xc0001555555fe21,0,3,2
0xc0001ffff7f2ca2,0,3,2
0xc0001555555fe0e,0,3,2
0xc0001ffff600024,0,3,2
0xc0001555555fe6e,0,3,2
0xc0001ffff600024,0,3,2
0xc0001ffff600023,0,3,2
0xc0001ffff600023,0,3,2
0xc0001555555fe6e,0,3,2
0xc0001ffff7f2c45,0,3,2
0xc0001ffff7fb04b,0,3,2
0xc0001ffff600000,0,3,2
0xc0001ffff600002,0,3,2
0xc0001ffff600022,0,3,2
0xc0001ffff600002,0,3,2
0xc0001ffff600029,0,3,2
0xc0001ffff600029,0,3,2
0xc0001ffff7f1179,0,3,2
0xc0001ffff87544c,0,3,2
0xc0001ffff7f117a,0,3,2
0xc0001ffff7f117b,0,3,2
0xc0001ffff7fb0f8,0,3,2
0x80001ffffffff5a,0,3,0
0x80001ffff84b069,0,3,0
0x80001ffff84b069,0,3,0
0x80001ffffffff5b,0,3,0
0x80001ffffffff5c,0,3,0
0x80001ffff84b05d,0,3,0
0x80001555555f18e,0,3,0
0x80001555555f18c,0,3,0
0x80001555555f18c,0,3,0
0x80001555555f195,0,3,0
0x80001ffffffff5c,0,3,0
0x80001555555f18f,0,3,0
0x80001ffffffff5b,0,3,0
0x80001555555dd40,0,3,0
0x80001555555dd46,0,3,0
0x80001555555dd46,0,3,0
0x80001555555dd40,0,3,0
0x80001ffffffff59,0,3,0
0x80001ffffffff58,0,3,0
0x80001ffffffff5d,0,3,0
0x80001ffffffff5d,0,3,0
0x80001555555dd41,0,3,0
0x80001555555dd41,0,3,0
0x80001555555ff58,0,3,0
0x80001ffffffff65,0,3,0
0x80001ffff6000bf,0,3,0
0x80001ffff7fb04f,0,3,0
0x80001ffff6001b7,0,3,0
0x80001ffff6001b8,0,3,0
0x80001ffff6001b9,0,3,0
0x80001ffff6001ba,0,3,0
0x80001ffff6001bb,0,3,0
0x80001ffff6001bc,0,3,0
0x80001ffff6001bd,0,3,0
0x80001ffff6001be,0,3,0
0x80001ffff6001bf,0,3,0
0x80001ffff6001c0,0,3,0
0x80001ffff6001c1,0,3,0
0x80001ffff6001c2,0,3,0
0x80001ffff6001c3,0,3,0
0x80001ffff6001c4,0,3,0
0x80001ffff6001c5,0,3,0
0x80001ffff6001c6,0,3,0
0x80001ffff6001c7,0,3,0
0x80001ffff6001c8,0,3,0
0x80001ffff6001c9,0,3,0
0x80001ffff6001ca,0,3,0
0x80001ffff6001cb,0,3,0
0x80001ffff6001cc,0,3,0
0x80001ffff6001cd,0,3,0
0x80001ffff6001ce,0,3,0
0x80001ffff6001cf,0,3,0
0x80001ffff6001d0,0,3,0
0x80001ffff6001d1,0,3,0
0x80001ffff6001d2,0,3,0
0x80001ffff6001d3,0,3,0
0x80001ffff6001d4,0,3,0
0x80001ffff6001d5,0,3,0
0x80001ffff6001d6,0,3,0
0x80001ffff6001d7,0,3,0
0x80001ffff6001d8,0,3,0
0x80001ffff6001d9,0,3,0
0x80001ffff6001da,0,3,0
0x80001ffff6001db,0,3,0
0x80001ffff6001dc,0,3,0
0x80001ffff6001dd,0,3,0
0x80001ffff6001de,0,3,0
0x80001ffff6001df,0,3,0
0x80001ffff6001e0,0,3,0
0x80001ffff6001e1,0,3,0
0x80001ffff6001e2,0,3,0
0x80001ffff6001e3,0,3,0
0x80001ffff6001e4,0,3,0
0x80001ffff6001e5,0,3,0
0x80001ffff6001e6,0,3,0
0x80001ffff6001e7,0,3,0
0x80001ffff6001e8,0,3,0
0x80001ffff6001e9,0,3,0
0x80001ffff6001ea,0,3,0
0x80001ffff6001eb,0,3,0
0x80001ffff6001ec,0,3,0
0x80001ffff6001ed,0,3,0
0x80001ffff6001ee,0,3,0
0x80001ffff6001ef,0,3,0
0x80001ffff6001f0,0,3,0
0x80001ffff6001f1,0,3,0
0x80001ffff6001f2,0,3,0
0x80001ffff6001f3,0,3,0
0x80001ffff6001f4,0,3,0
0x80001ffff6001f5,0,3,0
0x80001ffff6001f6,0,3,0
0x80001ffff6001f7,0,3,0
0x80001ffff6001f8,0,3,0
0x80001ffff6001f9,0,3,0
0x80001ffff6001fa,0,3,0
0x80001ffff6001fb,0,3,0
0x80001ffff6001fc,0,3,0
0x80001ffff6001fd,0,3,0
0x80001ffff6001fe,0,3,0
0x80001ffff6001ff,0,3,0
0x80001ffff600200,0,3,0
0x80001ffff600201,0,3,0
0x80001ffff600202,0,3,0
0x80001ffff600203,0,3,0
0x80001ffff600204,0,3,0
0x80001ffff600205,0,3,0
0x80001ffff600206,0,3,0
0x80001ffff600207,0,3,0
0x80001ffff600208,0,3,0
0x80001ffff600209,0,3,0
0x80001ffff60020a,0,3,0
0x80001ffff60020b,0,3,0
0x80001ffff60020c,0,3,0
0x80001ffff60020d,0,3,0
0x80001ffff60020e,0,3,0
0x80001ffff60020f,0,3,0
0x80001ffff600210,0,3,0
0x80001ffff600211,0,3,0
0x80001ffff600212,0,3,0
0x80001ffff600213,0,3,0
0x80001ffff600214,0,3,0
0x80001ffff600215,0,3,0
0x80001ffff600216,0,3,0
0x80001ffff600217,0,3,0
0x80001ffff600218,0,3,0
0x80001ffff600219,0,3,0
0x80001ffff60021a,0,3,0
0x80001ffff60021b,0,3,0
0x80001ffff60021c,0,3,0
0x80001ffff60021d,0,3,0
0x80001ffff60021e,0,3,0
0x80001ffff60021f,0,3,0
0x80001ffff600220,0,3,0
0x80001ffff600221,0,3,0
0x80001ffff600222,0,3,0
0x80001ffff600223,0,3,0
0x80001ffff600224,0,3,0
0x80001ffff600225,0,3,0
0x80001ffff600226,0,3,0
0x80001ffff600227,0,3,0
0x80001ffff600228,0,3,0
0x80001ffff600229,0,3,0
0x80001ffff60022a,0,3,0
0x80001ffff60022b,0,3,0
0x80001ffff60022c,0,3,0
0x80001ffff60022d,0,3,0
0x80001ffff60022e,0,3,0
0x80001ffff60022f,0,3,0
0x80001ffff600230,0,3,0
0x80001ffff600231,0,3,0
0x80001ffff600232,0,3,0
0x80001ffff897b78,0,3,0
0x80001ffff897bb1,0,3,0
0x80001ffff897bb1,0,3,0
0x80001ffff897bb2,0,3,0
0x80001555555ff75,0,3,0
0x80001ffff897bb2,0,3,0
0x80001555555ff75,0,3,0
0x80001ffff897b83,0,3,0
0x80001ffff897b8c,0,3,0
0x80001ffff600000,0,3,0
0x80001ffff600000,0,3,0
0x80001ffff600002,0,3,0
0x80001ffff600022,0,3,0
0x80001ffff6000c0,0,3,0
0x80001ffff600002,0,3,0
0x80001ffff6000c0,0,3,0
0xc0001ffff7f117b,0,3,2
0xc0001ffff7f117a,0,3,2
0xc0001555555fe51,0,3,2
0xc0001555555fe54,0,3,2
0xc0001555555fe4f,0,3,2
0xc0001555555fe4f,0,3,2
0x80001ffff6000bf,0,3,0
0x80001555555ff6a,0,3,0
0x80001555555ff62,0,3,0
0x80001555555ff62,0,3,0
0x80001555555dd45,0,3,0
0x80001555555dd45,0,3,0
0x80001ffffffff62,0,3,0
0x80001ffffffff62,0,3,0
0x80001ffffffff60,0,3,0
0x80001ffffffff5f,0,3,0
0x80001ffff88effa,0,3,0
0x80001ffff875441,0,3,0
0x80001ffff803240,0,3,0
0x80001ffffffff66,0,3,0
0x80001ffffffff66,0,3,0
0x80001555555ff25,0,3,0
0x80001555555ff24,0,3,0
0x80001555555ff24,0,3,0
0x80001555555e220,0,3,0
0x80001ffff80323c,0,3,0
0x80001ffff7fb178,0,3,0
0x80001ffff84b05d,0,3,0
0x80001ffffffff56,0,3,0
0x80001ffffffff57,0,3,0
0x80001ffffffff55,0,3,0
0x80001ffffffff54,0,3,0
0x80001ffffffff52,0,3,0
0x80001ffffffff53,0,3,0
0x80001555555550a,0,3,0
0x80001ffff8c4001,0,3,0
0x80001ffff8c4016,0,3,0
0x80001ffff8ae378,0,3,0
0x80001ffff8c403e,0,3,0
0x80001ffffffff51,0,3,0
0x80001ffffdfff1e,0,3,0
0x80001ffff803240,0,3,0
0x80001ffffdfff85,0,3,0
0x80001ffffffff50,0,3,0
0x80001ffffdfff9b,0,3,0
0x80001ffff8c4012,0,3,0
0x80001ffff8a031f,0,3,0
0x80001ffff8a03c7,0,3,0
0x80001ffff8a0519,0,3,0
0x80001ffff8880e1,0,3,0
0x80001ffff88810d,0,3,0
0x80001ffff888176,0,3,0
0x80001ffff888389,0,3,0
0x80001ffff88864d,0,3,0
0x80001ffff8886cb,0,3,0
0x80001ffff897d09,0,3,0
0x80001ffff8ae558,0,3,0
0x80001ffff888110,0,3,0
0x80001ffff88817e,0,3,0
0x80001ffff8883bb,0,3,0
0x80001ffff897b7a,0,3,0
0x80001ffff897c42,0,3,0
0x80001ffffffff81,0,3,0
0x80001ffffffff91,0,3,0
0x80001ffffffff92,0,3,0
0x80001ffffffff82,0,3,0
0x80001ffffffff94,0,3,0
0x80001ffffffff96,0,3,0
0x80001ffffffff97,0,3,0
0x80001ffffffff9c,0,3,0
0x80001ffffffff9d,0,3,0
0x80001ffffffff9f,0,3,0
0x80001ffffffff85,0,3,0
0x80001ffffffffa4,0,3,0
0x80001ffffffff86,0,3,0
0x80001ffffffffb1,0,3,0
0x80001ffffffffb3,0,3,0
0x80001ffffffff88,0,3,0
0x80001ffffffffb5,0,3,0
0x80001ffffffffb6,0,3,0
0x80001555555550c,0,3,0
0x80001555555ff25,0,3,0
0x80001ffff6000be,0,3,0
0x80001ffff6000be,0,3,0
0x80001ffff88eff7,0,3,0
0x80001ffff6000bd,0,3,2
0x80001ffff6000bd,0,3,2
0x80001ffffffff3d,0,3,0
0x80001ffffffff3e,0,3,0
0x80001ffffffff3f,0,3,0
0x80001ffffffff3c,0,3,0
0x80001ffff6000bc,0,3,0,2
0x80001ffff88812a,0,3,2
0x80001ffff84b05a,0,3,0
0x80001ffff8c405c,0,3,0,2
0x80001ffff8a0316,0,3,0
